#
# There is insufficient memory for the Java Runtime Environment to continue.
# Native memory allocation (malloc) failed to allocate 524288 bytes for AllocateHeap
# Possible reasons:
#   The system is out of physical RAM or swap space
#   The process is running with CompressedOops enabled, and the Java Heap may be blocking the growth of the native heap
# Possible solutions:
#   Reduce memory load on the system
#   Increase physical memory or swap space
#   Check if swap backing store is full
#   Decrease Java heap size (-Xmx/-Xms)
#   Decrease number of Java threads
#   Decrease Java thread stack sizes (-Xss)
#   Set larger code cache with -XX:ReservedCodeCacheSize=
#   JVM is running with Unscaled Compressed Oops mode in which the Java heap is
#     placed in the first 4GB address space. The Java Heap base address is the
#     maximum limit for the native heap growth. Please use -XX:HeapBaseMinAddress
#     to set the Java Heap base and to place the Java Heap above 4GB virtual address.
# This output file may be truncated or incomplete.
#
#  Out of Memory Error (./src/hotspot/share/memory/allocation.cpp:46), pid=14256, tid=18048
#
# JRE version:  (11.0.12+7) (build )
# Java VM: OpenJDK 64-Bit Server VM (11.0.12+7-b1504.28-7817840, mixed mode, tiered, compressed oops, g1 gc, windows-amd64)
# No core dump will be written. Minidumps are not enabled by default on client versions of Windows
#

---------------  S U M M A R Y ------------

Command Line: git4idea.http.GitAskPassApp Username for 'https://github.com': 

Host: Intel(R) Core(TM) i7-6700HQ CPU @ 2.60GHz, 8 cores, 7G,  Windows 10 , 64 bit Build 19041 (10.0.19041.1706)
Time: Mon Jun  6 21:07:09 2022 Hora estándar, América Central elapsed time: 0.055206 seconds (0d 0h 0m 0s)

---------------  T H R E A D  ---------------

Current thread (0x0000028a0460a800):  JavaThread "Unknown thread" [_thread_in_vm, id=18048, stack(0x000000c02cf00000,0x000000c02d000000)]

Stack: [0x000000c02cf00000,0x000000c02d000000]
Native frames: (J=compiled Java code, j=interpreted, Vv=VM code, C=native code)
V  [jvm.dll+0x5fbcea]
V  [jvm.dll+0x731905]
V  [jvm.dll+0x732f1d]
V  [jvm.dll+0x7335d3]
V  [jvm.dll+0x247bf8]
V  [jvm.dll+0xb7684]
V  [jvm.dll+0x68c0df]
V  [jvm.dll+0x68c077]
V  [jvm.dll+0x68c1fa]
V  [jvm.dll+0x70f562]
V  [jvm.dll+0x711987]
V  [jvm.dll+0x360da9]
V  [jvm.dll+0x6f390e]
V  [jvm.dll+0x3c9723]
V  [jvm.dll+0x3cb9b1]
C  [jli.dll+0x536b]
C  [ucrtbase.dll+0x21bb2]
C  [KERNEL32.DLL+0x17034]
C  [ntdll.dll+0x52651]


---------------  P R O C E S S  ---------------

Threads class SMR info:
_java_thread_list=0x0000028a02433640, length=0, elements={
}

Java Threads: ( => current thread )

Other Threads:
  0x0000028a0461d000 GCTaskThread "GC Thread#0" [stack: 0x000000c02d000000,0x000000c02d100000] [id=5992]
  0x0000028a04650000 ConcurrentGCThread "G1 Main Marker" [stack: 0x000000c02d100000,0x000000c02d200000] [id=15536]
  0x0000028a04651800 ConcurrentGCThread "G1 Conc#0" [stack: 0x000000c02d200000,0x000000c02d300000] [id=500]
  0x0000028a046dd800 ConcurrentGCThread "G1 Refine#0" [stack: 0x000000c02d300000,0x000000c02d400000] [id=3480]
  0x0000028a1e742800 ConcurrentGCThread "G1 Young RemSet Sampling" [stack: 0x000000c02d400000,0x000000c02d500000] [id=7232]

=>0x0000028a0460a800 (exited) JavaThread "Unknown thread" [_thread_in_vm, id=18048, stack(0x000000c02cf00000,0x000000c02d000000)]

Threads with active compile tasks:

VM state:not at safepoint (not fully initialized)

VM Mutex/Monitor currently owned by a thread: None

Heap address: 0x0000000082c00000, size: 2004 MB, Compressed Oops mode: 32-bit
Narrow klass base: 0x0000000000000000, Narrow klass shift: 3
Compressed class space size: 1073741824 Address: 0x0000000100000000

GC Heap History (0 events):
No events

Deoptimization events (0 events):
No events

Classes redefined (0 events):
No events

Internal exceptions (0 events):
No events

Events (1 events):
Event: 0.009 Loaded shared library C:\Program Files\Android\Android Studio\jre\bin\zip.dll


Dynamic libraries:
0x00007ff616440000 - 0x00007ff61644a000 	C:\Program Files\Android\Android Studio\jre\bin\java.exe
0x00007fff06610000 - 0x00007fff06805000 	C:\WINDOWS\SYSTEM32\ntdll.dll
0x00007fff06070000 - 0x00007fff0612d000 	C:\WINDOWS\System32\KERNEL32.DLL
0x00007fff041d0000 - 0x00007fff0449d000 	C:\WINDOWS\System32\KERNELBASE.dll
0x00007fff03eb0000 - 0x00007fff03fb0000 	C:\WINDOWS\System32\ucrtbase.dll
0x00007ffefa0b0000 - 0x00007ffefa0c9000 	C:\Program Files\Android\Android Studio\jre\bin\jli.dll
0x00007ffef9ea0000 - 0x00007ffef9eb7000 	C:\Program Files\Android\Android Studio\jre\bin\VCRUNTIME140.dll
0x00007fff056a0000 - 0x00007fff05840000 	C:\WINDOWS\System32\USER32.dll
0x00007ffeedae0000 - 0x00007ffeedd7a000 	C:\WINDOWS\WinSxS\amd64_microsoft.windows.common-controls_6595b64144ccf1df_6.0.19041.1110_none_60b5254171f9507e\COMCTL32.dll
0x00007fff03e80000 - 0x00007fff03ea2000 	C:\WINDOWS\System32\win32u.dll
0x00007fff05200000 - 0x00007fff0529e000 	C:\WINDOWS\System32\msvcrt.dll
0x00007fff05030000 - 0x00007fff0505a000 	C:\WINDOWS\System32\GDI32.dll
0x00007fff040c0000 - 0x00007fff041cb000 	C:\WINDOWS\System32\gdi32full.dll
0x00007fff03fb0000 - 0x00007fff0404d000 	C:\WINDOWS\System32\msvcp_win.dll
0x00007fff05060000 - 0x00007fff05090000 	C:\WINDOWS\System32\IMM32.DLL
0x00007ffef9e00000 - 0x00007ffef9e9d000 	C:\Program Files\Android\Android Studio\jre\bin\msvcp140.dll
0x00007ffeca590000 - 0x00007ffecb075000 	C:\Program Files\Android\Android Studio\jre\bin\server\jvm.dll
0x00007fff052a0000 - 0x00007fff0534e000 	C:\WINDOWS\System32\ADVAPI32.dll
0x00007fff05350000 - 0x00007fff053ec000 	C:\WINDOWS\System32\sechost.dll
0x00007fff04d50000 - 0x00007fff04e75000 	C:\WINDOWS\System32\RPCRT4.dll
0x00007fff058b0000 - 0x00007fff058b8000 	C:\WINDOWS\System32\PSAPI.DLL
0x00007ffeff490000 - 0x00007ffeff499000 	C:\WINDOWS\SYSTEM32\WSOCK32.dll
0x00007ffeec9f0000 - 0x00007ffeeca17000 	C:\WINDOWS\SYSTEM32\WINMM.dll
0x00007fff05840000 - 0x00007fff058ab000 	C:\WINDOWS\System32\WS2_32.dll
0x00007ffefde60000 - 0x00007ffefde6a000 	C:\WINDOWS\SYSTEM32\VERSION.dll
0x00007fff01c90000 - 0x00007fff01ca2000 	C:\WINDOWS\SYSTEM32\kernel.appcore.dll
0x00007ffefb650000 - 0x00007ffefb661000 	C:\Program Files\Android\Android Studio\jre\bin\verify.dll
0x00007ffeedde0000 - 0x00007ffeedfc4000 	C:\WINDOWS\SYSTEM32\DBGHELP.DLL
0x00007ffeeddb0000 - 0x00007ffeedddc000 	C:\WINDOWS\SYSTEM32\dbgcore.DLL
0x00007fff045d0000 - 0x00007fff04652000 	C:\WINDOWS\System32\bcryptPrimitives.dll
0x00007ffef3330000 - 0x00007ffef3359000 	C:\Program Files\Android\Android Studio\jre\bin\java.dll
0x00007ffefdb80000 - 0x00007ffefdb8b000 	C:\Program Files\Android\Android Studio\jre\bin\jimage.dll
0x00007ffeebad0000 - 0x00007ffeebae8000 	C:\Program Files\Android\Android Studio\jre\bin\zip.dll

dbghelp: loaded successfully - version: 4.0.5 - missing functions: none
symbol engine: initialized successfully - sym options: 0x614 - pdb path: .;C:\Program Files\Android\Android Studio\jre\bin;C:\WINDOWS\SYSTEM32;C:\WINDOWS\WinSxS\amd64_microsoft.windows.common-controls_6595b64144ccf1df_6.0.19041.1110_none_60b5254171f9507e;C:\Program Files\Android\Android Studio\jre\bin\server

VM Arguments:
java_command: git4idea.http.GitAskPassApp Username for 'https://github.com': 
java_class_path (initial): C:/Program Files/Android/Android Studio/plugins/git4idea/lib/git4idea-rt.jar;C:/Program Files/Android/Android Studio/lib/xmlrpc-2.0.1.jar;C:/Program Files/Android/Android Studio/lib/commons-codec-1.15.jar
Launcher Type: SUN_STANDARD

[Global flags]
     intx CICompilerCount                          = 4                                         {product} {ergonomic}
     uint ConcGCThreads                            = 2                                         {product} {ergonomic}
     uint G1ConcRefinementThreads                  = 8                                         {product} {ergonomic}
   size_t G1HeapRegionSize                         = 1048576                                   {product} {ergonomic}
    uintx GCDrainStackTargetSize                   = 64                                        {product} {ergonomic}
   size_t InitialHeapSize                          = 132120576                                 {product} {ergonomic}
   size_t MarkStackSize                            = 4194304                                   {product} {ergonomic}
   size_t MaxHeapSize                              = 2101346304                                {product} {ergonomic}
   size_t MaxNewSize                               = 1260388352                                {product} {ergonomic}
   size_t MinHeapDeltaBytes                        = 1048576                                   {product} {ergonomic}
    uintx NonNMethodCodeHeapSize                   = 5836300                                {pd product} {ergonomic}
    uintx NonProfiledCodeHeapSize                  = 122910970                              {pd product} {ergonomic}
    uintx ProfiledCodeHeapSize                     = 122910970                              {pd product} {ergonomic}
    uintx ReservedCodeCacheSize                    = 251658240                              {pd product} {ergonomic}
     bool SegmentedCodeCache                       = true                                      {product} {ergonomic}
     bool UseCompressedClassPointers               = true                                 {lp64_product} {ergonomic}
     bool UseCompressedOops                        = true                                 {lp64_product} {ergonomic}
     bool UseG1GC                                  = true                                      {product} {ergonomic}
     bool UseLargePagesIndividualAllocation        = false                                  {pd product} {ergonomic}

Logging:
Log output configuration:
 #0: stdout all=warning uptime,level,tags
 #1: stderr all=off uptime,level,tags

Environment Variables:
JAVA_HOME=C:\Program Files\Java\jdk1.8.0_231
PATH=C:\Program Files\Git\mingw64\libexec\git-core;C:\Program Files\Git\mingw64\libexec\git-core;C:\Program Files\Git\mingw64\bin;C:\Program Files\Git\usr\bin;C:\Users\Lenovo15\bin;C:\Program Files (x86)\Common Files\Oracle\Java\javapath;C:\ProgramData\Oracle\Java\javapath;C:\Program Files (x86)\Intel\iCLS Client;C:\Program Files\Intel\iCLS Client;C:\WINDOWS\system32;C:\WINDOWS;C:\WINDOWS\System32\Wbem;C:\WINDOWS\System32\WindowsPowerShell\v1.0;C:\Program Files (x86)\Intel\Intel(R) Management Engine Components\DAL;C:\Program Files\Intel\Intel(R) Management Engine Components\DAL;C:\Program Files (x86)\Intel\Intel(R) Management Engine Components\IPT;C:\Program Files\Intel\Intel(R) Management Engine Components\IPT;C:\Program Files (x86)\Common Files\Tom Sawyer Software\8.0.0;C:\Program Files (x86)\Common Files\Win Wrap\10.25.004;C:\WINDOWS\System32\OpenSSH;C:\xampp\php;C:\Users\Lenovo15\AppData\Local\Android\Sdk\build-tools;C:\Users\Lenovo15\AppData\Local\Android\Sdk\tools;C:\Gradle\gradle-6.0.1\bin;C:\mongodb-win32-x86_64-windows-4.4.3\bin;C:\Program Files\nodejs;C:\ProgramData\ComposerSetup\bin;C:\Program Files\Git\cmd;C:\Users\Lenovo15\AppData\Local\Microsoft\WindowsApps;C:\Gradle\gradle-6.0.1\bin;C:\Users\Lenovo15\AppData\Local\Programs\Microsoft VS Code\bin;C:\Users\Lenovo15\AppData\Local\Microsoft\WindowsApps;C:\Users\Lenovo15\AppData\Local\GitHubDesktop\bin;C:\Users\Lenovo15\AppData\Roaming\npm;C:\Users\Lenovo15\AppData\Roaming\Composer\vendor\bin;C:\Program Files\JetBrains\IntelliJ IDEA Community Edition 2021.3.2\bin
USERNAME=Lenovo15
DISPLAY=:0.0
LC_ALL=en_US.UTF-8
OS=Windows_NT
PROCESSOR_IDENTIFIER=Intel64 Family 6 Model 94 Stepping 3, GenuineIntel



---------------  S Y S T E M  ---------------

OS: Windows 10 , 64 bit Build 19041 (10.0.19041.1706)
OS uptime: 6 days 11:22 hours

CPU:total 8 (initial active 8) (4 cores per cpu, 2 threads per core) family 6 model 94 stepping 3 microcode 0xec, cmov, cx8, fxsr, mmx, sse, sse2, sse3, ssse3, sse4.1, sse4.2, popcnt, avx, avx2, aes, clmul, erms, rtm, 3dnowpref, lzcnt, ht, tsc, tscinvbit, bmi1, bmi2, adx, fma

Memory: 4k page, system-wide physical 8014M (453M free)
TotalPageFile size 8014M (AvailPageFile size 3M)
current process WorkingSet (physical memory assigned to process): 15M, peak: 15M
current process commit charge ("private bytes"): 192M, peak: 192M

vm_info: OpenJDK 64-Bit Server VM (11.0.12+7-b1504.28-7817840) for windows-amd64 JRE (11.0.12+7-b1504.28-7817840), built on Oct 13 2021 22:12:33 by "builder" with MS VC++ 14.0 (VS2015)

END.
