#
# There is insufficient memory for the Java Runtime Environment to continue.
# Native memory allocation (mmap) failed to map 132120576 bytes for Failed to commit area from 0x0000000082c00000 to 0x000000008aa00000 of length 132120576.
# Possible reasons:
#   The system is out of physical RAM or swap space
#   The process is running with CompressedOops enabled, and the Java Heap may be blocking the growth of the native heap
# Possible solutions:
#   Reduce memory load on the system
#   Increase physical memory or swap space
#   Check if swap backing store is full
#   Decrease Java heap size (-Xmx/-Xms)
#   Decrease number of Java threads
#   Decrease Java thread stack sizes (-Xss)
#   Set larger code cache with -XX:ReservedCodeCacheSize=
# This output file may be truncated or incomplete.
#
#  Out of Memory Error (./src/hotspot/os/windows/os_windows.cpp:3521), pid=3472, tid=7056
#
# JRE version:  (11.0.12+7) (build )
# Java VM: OpenJDK 64-Bit Server VM (11.0.12+7-b1504.28-7817840, mixed mode, sharing, tiered, compressed oops, g1 gc, windows-amd64)
# No core dump will be written. Minidumps are not enabled by default on client versions of Windows
#

---------------  S U M M A R Y ------------

Command Line: git4idea.http.GitAskPassApp Username for 'https://github.com': 

Host: Intel(R) Core(TM) i7-6700HQ CPU @ 2.60GHz, 8 cores, 7G,  Windows 10 , 64 bit Build 19041 (10.0.19041.1706)
Time: Mon May 30 16:46:57 2022 Hora estándar, América Central elapsed time: 0.013291 seconds (0d 0h 0m 0s)

---------------  T H R E A D  ---------------

Current thread (0x000002614239d800):  JavaThread "Unknown thread" [_thread_in_vm, id=7056, stack(0x000000ee45d00000,0x000000ee45e00000)]

Stack: [0x000000ee45d00000,0x000000ee45e00000]
Native frames: (J=compiled Java code, j=interpreted, Vv=VM code, C=native code)
V  [jvm.dll+0x5fbcea]
V  [jvm.dll+0x731905]
V  [jvm.dll+0x732f1d]
V  [jvm.dll+0x7335d3]
V  [jvm.dll+0x247bf8]
V  [jvm.dll+0x5f90b4]
V  [jvm.dll+0x5edc85]
V  [jvm.dll+0x305aeb]
V  [jvm.dll+0x305a5a]
V  [jvm.dll+0x305932]
V  [jvm.dll+0x30a896]
V  [jvm.dll+0x353803]
V  [jvm.dll+0x353f06]
V  [jvm.dll+0x353903]
V  [jvm.dll+0x2e0678]
V  [jvm.dll+0x2e1827]
V  [jvm.dll+0x710037]
V  [jvm.dll+0x71182c]
V  [jvm.dll+0x360da9]
V  [jvm.dll+0x6f390e]
V  [jvm.dll+0x3c9723]
V  [jvm.dll+0x3cb9b1]
C  [jli.dll+0x536b]
C  [ucrtbase.dll+0x21bb2]
C  [KERNEL32.DLL+0x17034]
C  [ntdll.dll+0x52651]


---------------  P R O C E S S  ---------------

Threads class SMR info:
_java_thread_list=0x0000026142195800, length=0, elements={
}

Java Threads: ( => current thread )

Other Threads:
  0x00000261423b5000 GCTaskThread "GC Thread#0" [stack: 0x000000ee45e00000,0x000000ee45f00000] [id=6824]
  0x00000261423e8000 ConcurrentGCThread "G1 Main Marker" [stack: 0x000000ee45f00000,0x000000ee46000000] [id=5872]
  0x00000261423ea000 ConcurrentGCThread "G1 Conc#0" [stack: 0x000000ee46000000,0x000000ee46100000] [id=1292]

[error occurred during error reporting (printing all threads), id 0xc0000005, EXCEPTION_ACCESS_VIOLATION (0xc0000005) at pc=0x00007ffac16b0be7]

VM state:not at safepoint (not fully initialized)

VM Mutex/Monitor currently owned by a thread:  ([mutex/lock_event])
[0x000002614239ade0] Heap_lock - owner thread: 0x000002614239d800

Heap address: 0x0000000082c00000, size: 2004 MB, Compressed Oops mode: Non-zero based: 0x0000000082c00000
Narrow klass base: 0x0000000000000000, Narrow klass shift: 0

GC Heap History (0 events):
No events

Deoptimization events (0 events):
No events

Classes redefined (0 events):
No events

Internal exceptions (0 events):
No events

Events (1 events):
Event: 0.008 Loaded shared library C:\Program Files\Android\Android Studio\jre\bin\zip.dll


Dynamic libraries:
0x00007ff7d15a0000 - 0x00007ff7d15aa000 	C:\Program Files\Android\Android Studio\jre\bin\java.exe
0x00007ffb07a90000 - 0x00007ffb07c85000 	C:\WINDOWS\SYSTEM32\ntdll.dll
0x00007ffb06410000 - 0x00007ffb064cd000 	C:\WINDOWS\System32\KERNEL32.DLL
0x00007ffb053b0000 - 0x00007ffb0567d000 	C:\WINDOWS\System32\KERNELBASE.dll
0x00007ffb051a0000 - 0x00007ffb052a0000 	C:\WINDOWS\System32\ucrtbase.dll
0x00007ffaf83e0000 - 0x00007ffaf83f9000 	C:\Program Files\Android\Android Studio\jre\bin\jli.dll
0x00007ffaf8060000 - 0x00007ffaf8077000 	C:\Program Files\Android\Android Studio\jre\bin\VCRUNTIME140.dll
0x00007ffb064d0000 - 0x00007ffb06670000 	C:\WINDOWS\System32\USER32.dll
0x00007ffaedcf0000 - 0x00007ffaedf8a000 	C:\WINDOWS\WinSxS\amd64_microsoft.windows.common-controls_6595b64144ccf1df_6.0.19041.1110_none_60b5254171f9507e\COMCTL32.dll
0x00007ffb052a0000 - 0x00007ffb052c2000 	C:\WINDOWS\System32\win32u.dll
0x00007ffb068b0000 - 0x00007ffb0694e000 	C:\WINDOWS\System32\msvcrt.dll
0x00007ffb069b0000 - 0x00007ffb069da000 	C:\WINDOWS\System32\GDI32.dll
0x00007ffb05820000 - 0x00007ffb0592b000 	C:\WINDOWS\System32\gdi32full.dll
0x00007ffb056f0000 - 0x00007ffb0578d000 	C:\WINDOWS\System32\msvcp_win.dll
0x00007ffb06ea0000 - 0x00007ffb06ed0000 	C:\WINDOWS\System32\IMM32.DLL
0x00007ffaeac90000 - 0x00007ffaead2d000 	C:\Program Files\Android\Android Studio\jre\bin\msvcp140.dll
0x00007ffac13c0000 - 0x00007ffac1ea5000 	C:\Program Files\Android\Android Studio\jre\bin\server\jvm.dll
0x00007ffb07480000 - 0x00007ffb0752e000 	C:\WINDOWS\System32\ADVAPI32.dll
0x00007ffb06f60000 - 0x00007ffb06ffc000 	C:\WINDOWS\System32\sechost.dll
0x00007ffb07660000 - 0x00007ffb07785000 	C:\WINDOWS\System32\RPCRT4.dll
0x00007ffb07890000 - 0x00007ffb07898000 	C:\WINDOWS\System32\PSAPI.DLL
0x00007ffaeb9c0000 - 0x00007ffaeb9e7000 	C:\WINDOWS\SYSTEM32\WINMM.dll
0x00007ffafef10000 - 0x00007ffafef19000 	C:\WINDOWS\SYSTEM32\WSOCK32.dll
0x00007ffb01a90000 - 0x00007ffb01a9a000 	C:\WINDOWS\SYSTEM32\VERSION.dll
0x00007ffb06dc0000 - 0x00007ffb06e2b000 	C:\WINDOWS\System32\WS2_32.dll
0x00007ffb03a80000 - 0x00007ffb03a92000 	C:\WINDOWS\SYSTEM32\kernel.appcore.dll
0x00007ffaf80a0000 - 0x00007ffaf80b1000 	C:\Program Files\Android\Android Studio\jre\bin\verify.dll
0x00007ffaee100000 - 0x00007ffaee2e4000 	C:\WINDOWS\SYSTEM32\DBGHELP.DLL
0x00007ffaedf90000 - 0x00007ffaedfbc000 	C:\WINDOWS\SYSTEM32\dbgcore.DLL
0x00007ffb05790000 - 0x00007ffb05812000 	C:\WINDOWS\System32\bcryptPrimitives.dll
0x00007ffaf1d30000 - 0x00007ffaf1d59000 	C:\Program Files\Android\Android Studio\jre\bin\java.dll
0x00007ffafeee0000 - 0x00007ffafeeeb000 	C:\Program Files\Android\Android Studio\jre\bin\jimage.dll
0x00007ffaf3ba0000 - 0x00007ffaf3bb8000 	C:\Program Files\Android\Android Studio\jre\bin\zip.dll

dbghelp: loaded successfully - version: 4.0.5 - missing functions: none
symbol engine: initialized successfully - sym options: 0x614 - pdb path: .;C:\Program Files\Android\Android Studio\jre\bin;C:\WINDOWS\SYSTEM32;C:\WINDOWS\WinSxS\amd64_microsoft.windows.common-controls_6595b64144ccf1df_6.0.19041.1110_none_60b5254171f9507e;C:\Program Files\Android\Android Studio\jre\bin\server

VM Arguments:
java_command: git4idea.http.GitAskPassApp Username for 'https://github.com': 
java_class_path (initial): C:/Program Files/Android/Android Studio/plugins/git4idea/lib/git4idea-rt.jar;C:/Program Files/Android/Android Studio/lib/xmlrpc-2.0.1.jar;C:/Program Files/Android/Android Studio/lib/commons-codec-1.15.jar
Launcher Type: SUN_STANDARD

[Global flags]
     intx CICompilerCount                          = 4                                         {product} {ergonomic}
     uint ConcGCThreads                            = 2                                         {product} {ergonomic}
     uint G1ConcRefinementThreads                  = 8                                         {product} {ergonomic}
   size_t G1HeapRegionSize                         = 1048576                                   {product} {ergonomic}
    uintx GCDrainStackTargetSize                   = 64                                        {product} {ergonomic}
   size_t InitialHeapSize                          = 132120576                                 {product} {ergonomic}
   size_t MarkStackSize                            = 4194304                                   {product} {ergonomic}
   size_t MaxHeapSize                              = 2101346304                                {product} {ergonomic}
   size_t MinHeapDeltaBytes                        = 1048576                                   {product} {ergonomic}
    uintx NonNMethodCodeHeapSize                   = 5836300                                {pd product} {ergonomic}
    uintx NonProfiledCodeHeapSize                  = 122910970                              {pd product} {ergonomic}
    uintx ProfiledCodeHeapSize                     = 122910970                              {pd product} {ergonomic}
    uintx ReservedCodeCacheSize                    = 251658240                              {pd product} {ergonomic}
     bool SegmentedCodeCache                       = true                                      {product} {ergonomic}
     bool UseCompressedClassPointers               = true                                 {lp64_product} {ergonomic}
     bool UseCompressedOops                        = true                                 {lp64_product} {ergonomic}
     bool UseG1GC                                  = true                                      {product} {ergonomic}
     bool UseLargePagesIndividualAllocation        = false                                  {pd product} {ergonomic}

Logging:
Log output configuration:
 #0: stdout all=warning uptime,level,tags
 #1: stderr all=off uptime,level,tags

Environment Variables:
JAVA_HOME=C:\Program Files\Java\jdk1.8.0_231
PATH=C:\Program Files\Git\mingw64\libexec\git-core;C:\Program Files\Git\mingw64\libexec\git-core;C:\Program Files\Git\mingw64\bin;C:\Program Files\Git\usr\bin;C:\Users\Lenovo15\bin;C:\Program Files (x86)\Common Files\Oracle\Java\javapath;C:\ProgramData\Oracle\Java\javapath;C:\Program Files (x86)\Intel\iCLS Client;C:\Program Files\Intel\iCLS Client;C:\WINDOWS\system32;C:\WINDOWS;C:\WINDOWS\System32\Wbem;C:\WINDOWS\System32\WindowsPowerShell\v1.0;C:\Program Files (x86)\Intel\Intel(R) Management Engine Components\DAL;C:\Program Files\Intel\Intel(R) Management Engine Components\DAL;C:\Program Files (x86)\Intel\Intel(R) Management Engine Components\IPT;C:\Program Files\Intel\Intel(R) Management Engine Components\IPT;C:\Program Files (x86)\Common Files\Tom Sawyer Software\8.0.0;C:\Program Files (x86)\Common Files\Win Wrap\10.25.004;C:\WINDOWS\System32\OpenSSH;C:\xampp\php;C:\Users\Lenovo15\AppData\Local\Android\Sdk\build-tools;C:\Users\Lenovo15\AppData\Local\Android\Sdk\tools;C:\Gradle\gradle-6.0.1\bin;C:\mongodb-win32-x86_64-windows-4.4.3\bin;C:\Program Files\nodejs;C:\ProgramData\ComposerSetup\bin;C:\Program Files\Git\cmd;C:\Users\Lenovo15\AppData\Local\Microsoft\WindowsApps;C:\Gradle\gradle-6.0.1\bin;C:\Users\Lenovo15\AppData\Local\Programs\Microsoft VS Code\bin;C:\Users\Lenovo15\AppData\Local\Microsoft\WindowsApps;C:\Users\Lenovo15\AppData\Local\GitHubDesktop\bin;C:\Users\Lenovo15\AppData\Roaming\npm;C:\Users\Lenovo15\AppData\Roaming\Composer\vendor\bin;C:\Program Files\JetBrains\IntelliJ IDEA Community Edition 2021.3.2\bin
USERNAME=Lenovo15
DISPLAY=:0.0
LC_ALL=en_US.UTF-8
OS=Windows_NT
PROCESSOR_IDENTIFIER=Intel64 Family 6 Model 94 Stepping 3, GenuineIntel



---------------  S Y S T E M  ---------------

OS: Windows 10 , 64 bit Build 19041 (10.0.19041.1706)
OS uptime: 5 days 1:25 hours

CPU:total 8 (initial active 8) (4 cores per cpu, 2 threads per core) family 6 model 94 stepping 3 microcode 0xec, cmov, cx8, fxsr, mmx, sse, sse2, sse3, ssse3, sse4.1, sse4.2, popcnt, avx, avx2, aes, clmul, erms, rtm, 3dnowpref, lzcnt, ht, tsc, tscinvbit, bmi1, bmi2, adx, fma

Memory: 4k page, system-wide physical 8014M (152M free)
TotalPageFile size 8014M (AvailPageFile size 125M)
current process WorkingSet (physical memory assigned to process): 10M, peak: 10M
current process commit charge ("private bytes"): 59M, peak: 185M

vm_info: OpenJDK 64-Bit Server VM (11.0.12+7-b1504.28-7817840) for windows-amd64 JRE (11.0.12+7-b1504.28-7817840), built on Oct 13 2021 22:12:33 by "builder" with MS VC++ 14.0 (VS2015)

END.
