#
# There is insufficient memory for the Java Runtime Environment to continue.
# Native memory allocation (mmap) failed to map 218103808 bytes for Failed to commit area from 0x0000000091500000 to 0x000000009e500000 of length 218103808.
# Possible reasons:
#   The system is out of physical RAM or swap space
#   The process is running with CompressedOops enabled, and the Java Heap may be blocking the growth of the native heap
# Possible solutions:
#   Reduce memory load on the system
#   Increase physical memory or swap space
#   Check if swap backing store is full
#   Decrease Java heap size (-Xmx/-Xms)
#   Decrease number of Java threads
#   Decrease Java thread stack sizes (-Xss)
#   Set larger code cache with -XX:ReservedCodeCacheSize=
#   JVM is running with Unscaled Compressed Oops mode in which the Java heap is
#     placed in the first 4GB address space. The Java Heap base address is the
#     maximum limit for the native heap growth. Please use -XX:HeapBaseMinAddress
#     to set the Java Heap base and to place the Java Heap above 4GB virtual address.
# This output file may be truncated or incomplete.
#
#  Out of Memory Error (./src/hotspot/os/windows/os_windows.cpp:3521), pid=13552, tid=2308
#
# JRE version: OpenJDK Runtime Environment (11.0.12+7) (build 11.0.12+7-b1504.28-7817840)
# Java VM: OpenJDK 64-Bit Server VM (11.0.12+7-b1504.28-7817840, mixed mode, tiered, compressed oops, g1 gc, windows-amd64)
# No core dump will be written. Minidumps are not enabled by default on client versions of Windows
#

---------------  S U M M A R Y ------------

Command Line: --add-opens=java.base/java.util=ALL-UNNAMED --add-opens=java.base/java.lang=ALL-UNNAMED --add-opens=java.base/java.lang.invoke=ALL-UNNAMED --add-opens=java.base/java.util=ALL-UNNAMED --add-opens=java.prefs/java.util.prefs=ALL-UNNAMED --add-opens=java.prefs/java.util.prefs=ALL-UNNAMED --add-opens=java.base/java.nio.charset=ALL-UNNAMED --add-opens=java.base/java.net=ALL-UNNAMED --add-opens=java.base/java.util.concurrent.atomic=ALL-UNNAMED -Xmx2048m -Dfile.encoding=UTF-8 -Duser.country=SV -Duser.language=es -Duser.variant org.gradle.launcher.daemon.bootstrap.GradleDaemon 7.3.3

Host: Intel(R) Core(TM) i7-6700HQ CPU @ 2.60GHz, 8 cores, 7G,  Windows 10 , 64 bit Build 19041 (10.0.19041.1706)
Time: Mon Jun  6 09:16:33 2022 Hora estándar, América Central elapsed time: 1415.059754 seconds (0d 0h 23m 35s)

---------------  T H R E A D  ---------------

Current thread (0x0000025d66751800):  VMThread "VM Thread" [stack: 0x000000fdaab00000,0x000000fdaac00000] [id=2308]

Stack: [0x000000fdaab00000,0x000000fdaac00000]
[error occurred during error reporting (printing stack bounds), id 0xc0000005, EXCEPTION_ACCESS_VIOLATION (0xc0000005) at pc=0x0000025d4f61112d]

Native frames: (J=compiled Java code, j=interpreted, Vv=VM code, C=native code)
V  [jvm.dll+0x5fbcea]
V  [jvm.dll+0x731905]
V  [jvm.dll+0x732f1d]
V  [jvm.dll+0x733535]
V  [jvm.dll+0x7334eb]
V  [jvm.dll+0x5fb080]
V  [jvm.dll+0x5fb818]
C  [ntdll.dll+0xa209f]
C  [ntdll.dll+0x51454]
C  [ntdll.dll+0xa0bce]
C  0x0000025d4f61112d

VM_Operation (0x000000fdaecf8670): G1CollectForAllocation, mode: safepoint, requested by thread 0x0000025d6a69a000


---------------  P R O C E S S  ---------------

Threads class SMR info:
_java_thread_list=0x0000025d6d2e2390, length=145, elements={
0x0000025d4a321000, 0x0000025d66757000, 0x0000025d66760800, 0x0000025d6676f000,
0x0000025d66770000, 0x0000025d66771800, 0x0000025d66777000, 0x0000025d66778000,
0x0000025d6677e800, 0x0000025d67262800, 0x0000025d69b7e800, 0x0000025d687e7800,
0x0000025d67840800, 0x0000025d69399000, 0x0000025d6939a000, 0x0000025d69396000,
0x0000025d6939b000, 0x0000025d6939c800, 0x0000025d69396800, 0x0000025d69397800,
0x0000025d69eb9000, 0x0000025d69ebd000, 0x0000025d69eb8800, 0x0000025d69ebe000,
0x0000025d69ebf000, 0x0000025d69ebb800, 0x0000025d69eba000, 0x0000025d69ec0800,
0x0000025d6ab0e000, 0x0000025d6ab0f800, 0x0000025d6a69b800, 0x0000025d6e98b000,
0x0000025d6e982000, 0x0000025d6e981800, 0x0000025d6e97e000, 0x0000025d6e983000,
0x0000025d6e97f800, 0x0000025d6e97f000, 0x0000025d6e980800, 0x0000025d6e989800,
0x0000025d6e984000, 0x0000025d6e984800, 0x0000025d6e986000, 0x0000025d6e98a800,
0x0000025d6e985800, 0x0000025d6e98c000, 0x0000025d6e98d000, 0x0000025d6e987000,
0x0000025d6e988800, 0x0000025d6e988000, 0x0000025d6a68e800, 0x0000025d6a692800,
0x0000025d6a694000, 0x0000025d6a693800, 0x0000025d6a691000, 0x0000025d6a695000,
0x0000025d6a68f800, 0x0000025d6a696000, 0x0000025d6a690000, 0x0000025d6a696800,
0x0000025d6a697800, 0x0000025d6a692000, 0x0000025d6a69d000, 0x0000025d6a69a000,
0x0000025d6a698800, 0x0000025d6a699000, 0x0000025d6a69a800, 0x0000025d6a69c800,
0x0000025d6d066800, 0x0000025d6d068800, 0x0000025d6d064800, 0x0000025d6d062800,
0x0000025d6d063800, 0x0000025d6d069000, 0x0000025d6d066000, 0x0000025d6d06a000,
0x0000025d6d06b000, 0x0000025d6d065000, 0x0000025d6d06c800, 0x0000025d6d06d800,
0x0000025d6d06b800, 0x0000025d6d067800, 0x0000025d6d06f000, 0x0000025d6d06e000,
0x0000025d6d06f800, 0x0000025d6d070800, 0x0000025d6ab0f000, 0x0000025d6ab12000,
0x0000025d6ab13000, 0x0000025d6ab0d000, 0x0000025d6ab14000, 0x0000025d6ab1a800,
0x0000025d6ab16000, 0x0000025d6ab17000, 0x0000025d6ab18000, 0x0000025d6ab18800,
0x0000025d6ab19800, 0x0000025d6ab14800, 0x0000025d6ab15800, 0x0000025d6ab1b000,
0x0000025d6ab1c000, 0x0000025d69ebf800, 0x0000025d69eba800, 0x0000025d69ebc800,
0x0000025d69ec1800, 0x0000025d69ec2000, 0x0000025d69ec3000, 0x0000025d69ec3800,
0x0000025d69ec4800, 0x0000025d69398800, 0x0000025d6939b800, 0x0000025d6ee0b000,
0x0000025d6ee08800, 0x0000025d6ee0d800, 0x0000025d6ee0e800, 0x0000025d6ee09800,
0x0000025d6ee0a000, 0x0000025d6ee0c800, 0x0000025d6ee11800, 0x0000025d6ee0f000,
0x0000025d6ee10000, 0x0000025d6ee0c000, 0x0000025d6ee12800, 0x0000025d6ee15000,
0x0000025d6ee15800, 0x0000025d6ee11000, 0x0000025d6ee16800, 0x0000025d6ee17800,
0x0000025d6ee13000, 0x0000025d6ee14000, 0x0000025d6b094800, 0x0000025d6b095000,
0x0000025d6b096000, 0x0000025d6b097800, 0x0000025d6b096800, 0x0000025d6b093800,
0x0000025d6b09f000, 0x0000025d6b09b800, 0x0000025d6b099000, 0x0000025d6b09c800,
0x0000025d6b09d800, 0x0000025d6b09b000, 0x0000025d6b09e000, 0x0000025d6b09a000,
0x0000025d6b098800
}

Java Threads: ( => current thread )
  0x0000025d4a321000 JavaThread "main" [_thread_blocked, id=15368, stack(0x000000fdaa500000,0x000000fdaa600000)]
  0x0000025d66757000 JavaThread "Reference Handler" daemon [_thread_blocked, id=1872, stack(0x000000fdaac00000,0x000000fdaad00000)]
  0x0000025d66760800 JavaThread "Finalizer" daemon [_thread_blocked, id=5076, stack(0x000000fdaad00000,0x000000fdaae00000)]
  0x0000025d6676f000 JavaThread "Signal Dispatcher" daemon [_thread_blocked, id=15804, stack(0x000000fdaae00000,0x000000fdaaf00000)]
  0x0000025d66770000 JavaThread "Attach Listener" daemon [_thread_blocked, id=704, stack(0x000000fdaaf00000,0x000000fdab000000)]
  0x0000025d66771800 JavaThread "Service Thread" daemon [_thread_blocked, id=18480, stack(0x000000fdab000000,0x000000fdab100000)]
  0x0000025d66777000 JavaThread "C2 CompilerThread0" daemon [_thread_blocked, id=9116, stack(0x000000fdab100000,0x000000fdab200000)]
  0x0000025d66778000 JavaThread "C1 CompilerThread0" daemon [_thread_blocked, id=10588, stack(0x000000fdab200000,0x000000fdab300000)]
  0x0000025d6677e800 JavaThread "Sweeper thread" daemon [_thread_blocked, id=13900, stack(0x000000fdab300000,0x000000fdab400000)]
  0x0000025d67262800 JavaThread "Common-Cleaner" daemon [_thread_blocked, id=5024, stack(0x000000fdab400000,0x000000fdab500000)]
  0x0000025d69b7e800 JavaThread "Daemon health stats" [_thread_blocked, id=17020, stack(0x000000fdaba00000,0x000000fdabb00000)]
  0x0000025d687e7800 JavaThread "Incoming local TCP Connector on port 58679" [_thread_in_native, id=12952, stack(0x000000fdab600000,0x000000fdab700000)]
  0x0000025d67840800 JavaThread "Daemon periodic checks" [_thread_blocked, id=18952, stack(0x000000fdab700000,0x000000fdab800000)]
  0x0000025d69399000 JavaThread "Cache worker for journal cache (C:\Users\Lenovo15\.gradle\caches\journal-1)" [_thread_blocked, id=5064, stack(0x000000fdac700000,0x000000fdac800000)]
  0x0000025d6939a000 JavaThread "File lock request listener" [_thread_in_native, id=16192, stack(0x000000fdac800000,0x000000fdac900000)]
  0x0000025d69396000 JavaThread "Cache worker for file hash cache (C:\Users\Lenovo15\.gradle\caches\7.3.3\fileHashes)" [_thread_blocked, id=17476, stack(0x000000fdaca00000,0x000000fdacb00000)]
  0x0000025d6939b000 JavaThread "File watcher server" daemon [_thread_blocked, id=19204, stack(0x000000fdacd00000,0x000000fdace00000)]
  0x0000025d6939c800 JavaThread "File watcher consumer" daemon [_thread_blocked, id=1072, stack(0x000000fdace00000,0x000000fdacf00000)]
  0x0000025d69396800 JavaThread "jar transforms" [_thread_blocked, id=18632, stack(0x000000fdacb00000,0x000000fdacc00000)]
  0x0000025d69397800 JavaThread "jar transforms Thread 2" [_thread_blocked, id=5240, stack(0x000000fdacf00000,0x000000fdad000000)]
  0x0000025d69eb9000 JavaThread "jar transforms Thread 3" [_thread_blocked, id=15776, stack(0x000000fdad000000,0x000000fdad100000)]
  0x0000025d69ebd000 JavaThread "jar transforms Thread 4" [_thread_blocked, id=4988, stack(0x000000fdad100000,0x000000fdad200000)]
  0x0000025d69eb8800 JavaThread "jar transforms Thread 5" [_thread_blocked, id=9264, stack(0x000000fdad200000,0x000000fdad300000)]
  0x0000025d69ebe000 JavaThread "jar transforms Thread 6" [_thread_blocked, id=11256, stack(0x000000fdad300000,0x000000fdad400000)]
  0x0000025d69ebf000 JavaThread "jar transforms Thread 7" [_thread_blocked, id=4644, stack(0x000000fdad400000,0x000000fdad500000)]
  0x0000025d69ebb800 JavaThread "jar transforms Thread 8" [_thread_blocked, id=15196, stack(0x000000fdad500000,0x000000fdad600000)]
  0x0000025d69eba000 JavaThread "Cache worker for execution history cache (C:\Users\Lenovo15\.gradle\caches\7.3.3\executionHistory)" [_thread_blocked, id=17236, stack(0x000000fdad900000,0x000000fdada00000)]
  0x0000025d69ec0800 JavaThread "Cache worker for file content cache (C:\Users\Lenovo15\.gradle\caches\7.3.3\fileContent)" [_thread_blocked, id=9724, stack(0x000000fdadc00000,0x000000fdadd00000)]
  0x0000025d6ab0e000 JavaThread "Memory manager" [_thread_blocked, id=16928, stack(0x000000fdb2e00000,0x000000fdb2f00000)]
  0x0000025d6ab0f800 JavaThread "pool-3-thread-1" [_thread_blocked, id=9496, stack(0x000000fdb3000000,0x000000fdb3100000)]
  0x0000025d6a69b800 JavaThread "pool-6-thread-1" [_thread_blocked, id=17528, stack(0x000000fdb2b00000,0x000000fdb2c00000)]
  0x0000025d6e98b000 JavaThread "pool-9-thread-1" [_thread_blocked, id=9940, stack(0x000000fdb2a00000,0x000000fdb2b00000)]
  0x0000025d6e982000 JavaThread "Daemon Thread 4" [_thread_blocked, id=18076, stack(0x000000fdaa200000,0x000000fdaa300000)]
  0x0000025d6e981800 JavaThread "Handler for socket connection from /127.0.0.1:58679 to /127.0.0.1:58848" [_thread_in_native, id=13976, stack(0x000000fdaa300000,0x000000fdaa400000)]
  0x0000025d6e97e000 JavaThread "Cancel handler" [_thread_blocked, id=3184, stack(0x000000fdaa400000,0x000000fdaa500000)]
  0x0000025d6e983000 JavaThread "Daemon worker Thread 4" [_thread_blocked, id=12004, stack(0x000000fdabb00000,0x000000fdabc00000)]
  0x0000025d6e97f800 JavaThread "Asynchronous log dispatcher for DefaultDaemonConnection: socket connection from /127.0.0.1:58679 to /127.0.0.1:58848" [_thread_blocked, id=1000, stack(0x000000fdabc00000,0x000000fdabd00000)]
  0x0000025d6e97f000 JavaThread "Stdin handler" [_thread_blocked, id=6848, stack(0x000000fdabd00000,0x000000fdabe00000)]
  0x0000025d6e980800 JavaThread "Daemon client event forwarder" [_thread_blocked, id=13596, stack(0x000000fdabe00000,0x000000fdabf00000)]
  0x0000025d6e989800 JavaThread "Cache worker for file hash cache (C:\Users\Lenovo15\ONE-DRIVE\Documentos\KotlinPractical\LoginRetrofit\.gradle\7.3.3\fileHashes)" [_thread_blocked, id=5880, stack(0x000000fdabf00000,0x000000fdac000000)]
  0x0000025d6e984000 JavaThread "Cache worker for checksums cache (C:\Users\Lenovo15\ONE-DRIVE\Documentos\KotlinPractical\LoginRetrofit\.gradle\7.3.3\checksums)" [_thread_blocked, id=2740, stack(0x000000fdac100000,0x000000fdac200000)]
  0x0000025d6e984800 JavaThread "Cache worker for cache directory md-supplier (C:\Users\Lenovo15\.gradle\caches\7.3.3\md-supplier)" [_thread_blocked, id=5504, stack(0x000000fdacc00000,0x000000fdacd00000)]
  0x0000025d6e986000 JavaThread "Cache worker for cache directory md-rule (C:\Users\Lenovo15\.gradle\caches\7.3.3\md-rule)" [_thread_blocked, id=4164, stack(0x000000fdad600000,0x000000fdad700000)]
  0x0000025d6e98a800 JavaThread "Cache worker for dependencies-accessors (C:\Users\Lenovo15\ONE-DRIVE\Documentos\KotlinPractical\LoginRetrofit\.gradle\7.3.3\dependencies-accessors)" [_thread_blocked, id=15392, stack(0x000000fdad700000,0x000000fdad800000)]
  0x0000025d6e985800 JavaThread "Cache worker for Build Output Cleanup Cache (C:\Users\Lenovo15\ONE-DRIVE\Documentos\KotlinPractical\LoginRetrofit\.gradle\buildOutputCleanup)" [_thread_blocked, id=18152, stack(0x000000fdad800000,0x000000fdad900000)]
  0x0000025d6e98c000 JavaThread "Unconstrained build operations" [_thread_blocked, id=12372, stack(0x000000fdac000000,0x000000fdac100000)]
  0x0000025d6e98d000 JavaThread "Unconstrained build operations Thread 2" [_thread_blocked, id=18000, stack(0x000000fdada00000,0x000000fdadb00000)]
  0x0000025d6e987000 JavaThread "Unconstrained build operations Thread 3" [_thread_blocked, id=9708, stack(0x000000fdadb00000,0x000000fdadc00000)]
  0x0000025d6e988800 JavaThread "Unconstrained build operations Thread 4" [_thread_blocked, id=4712, stack(0x000000fdadd00000,0x000000fdade00000)]
  0x0000025d6e988000 JavaThread "Unconstrained build operations Thread 5" [_thread_blocked, id=9856, stack(0x000000fdade00000,0x000000fdadf00000)]
  0x0000025d6a68e800 JavaThread "Unconstrained build operations Thread 6" [_thread_blocked, id=6628, stack(0x000000fdadf00000,0x000000fdae000000)]
  0x0000025d6a692800 JavaThread "Unconstrained build operations Thread 7" [_thread_blocked, id=3212, stack(0x000000fdae000000,0x000000fdae100000)]
  0x0000025d6a694000 JavaThread "Unconstrained build operations Thread 8" [_thread_blocked, id=780, stack(0x000000fdae100000,0x000000fdae200000)]
  0x0000025d6a693800 JavaThread "Unconstrained build operations Thread 9" [_thread_blocked, id=17888, stack(0x000000fdae200000,0x000000fdae300000)]
  0x0000025d6a691000 JavaThread "Unconstrained build operations Thread 10" [_thread_blocked, id=8580, stack(0x000000fdae300000,0x000000fdae400000)]
  0x0000025d6a695000 JavaThread "Unconstrained build operations Thread 11" [_thread_blocked, id=17692, stack(0x000000fdae400000,0x000000fdae500000)]
  0x0000025d6a68f800 JavaThread "Unconstrained build operations Thread 12" [_thread_blocked, id=11344, stack(0x000000fdae500000,0x000000fdae600000)]
  0x0000025d6a696000 JavaThread "Unconstrained build operations Thread 13" [_thread_blocked, id=1304, stack(0x000000fdae600000,0x000000fdae700000)]
  0x0000025d6a690000 JavaThread "Unconstrained build operations Thread 14" [_thread_blocked, id=7020, stack(0x000000fdae700000,0x000000fdae800000)]
  0x0000025d6a696800 JavaThread "Unconstrained build operations Thread 15" [_thread_blocked, id=14428, stack(0x000000fdae800000,0x000000fdae900000)]
  0x0000025d6a697800 JavaThread "Unconstrained build operations Thread 16" [_thread_blocked, id=18800, stack(0x000000fdae900000,0x000000fdaea00000)]
  0x0000025d6a692000 JavaThread "Unconstrained build operations Thread 17" [_thread_blocked, id=18100, stack(0x000000fdaea00000,0x000000fdaeb00000)]
  0x0000025d6a69d000 JavaThread "Unconstrained build operations Thread 18" [_thread_blocked, id=12632, stack(0x000000fdaeb00000,0x000000fdaec00000)]
  0x0000025d6a69a000 JavaThread "Unconstrained build operations Thread 19" [_thread_blocked, id=16072, stack(0x000000fdaec00000,0x000000fdaed00000)]
  0x0000025d6a698800 JavaThread "Unconstrained build operations Thread 20" [_thread_blocked, id=19044, stack(0x000000fdaed00000,0x000000fdaee00000)]
  0x0000025d6a699000 JavaThread "Unconstrained build operations Thread 21" [_thread_blocked, id=1368, stack(0x000000fdaee00000,0x000000fdaef00000)]
  0x0000025d6a69a800 JavaThread "Unconstrained build operations Thread 22" [_thread_blocked, id=7988, stack(0x000000fdaef00000,0x000000fdaf000000)]
  0x0000025d6a69c800 JavaThread "Unconstrained build operations Thread 23" [_thread_blocked, id=7832, stack(0x000000fdaf000000,0x000000fdaf100000)]
  0x0000025d6d066800 JavaThread "Unconstrained build operations Thread 24" [_thread_blocked, id=12400, stack(0x000000fdaf100000,0x000000fdaf200000)]
  0x0000025d6d068800 JavaThread "Unconstrained build operations Thread 25" [_thread_blocked, id=9740, stack(0x000000fdaf200000,0x000000fdaf300000)]
  0x0000025d6d064800 JavaThread "Unconstrained build operations Thread 26" [_thread_blocked, id=14296, stack(0x000000fdaf300000,0x000000fdaf400000)]
  0x0000025d6d062800 JavaThread "Unconstrained build operations Thread 27" [_thread_blocked, id=2900, stack(0x000000fdaf400000,0x000000fdaf500000)]
  0x0000025d6d063800 JavaThread "Unconstrained build operations Thread 28" [_thread_blocked, id=9688, stack(0x000000fdaf500000,0x000000fdaf600000)]
  0x0000025d6d069000 JavaThread "Unconstrained build operations Thread 29" [_thread_blocked, id=7180, stack(0x000000fdaf600000,0x000000fdaf700000)]
  0x0000025d6d066000 JavaThread "Unconstrained build operations Thread 30" [_thread_blocked, id=11784, stack(0x000000fdaf700000,0x000000fdaf800000)]
  0x0000025d6d06a000 JavaThread "Unconstrained build operations Thread 31" [_thread_blocked, id=11388, stack(0x000000fdaf800000,0x000000fdaf900000)]
  0x0000025d6d06b000 JavaThread "Unconstrained build operations Thread 32" [_thread_blocked, id=2932, stack(0x000000fdaf900000,0x000000fdafa00000)]
  0x0000025d6d065000 JavaThread "Unconstrained build operations Thread 33" [_thread_blocked, id=14996, stack(0x000000fdafa00000,0x000000fdafb00000)]
  0x0000025d6d06c800 JavaThread "Unconstrained build operations Thread 34" [_thread_blocked, id=11984, stack(0x000000fdafb00000,0x000000fdafc00000)]
  0x0000025d6d06d800 JavaThread "Unconstrained build operations Thread 35" [_thread_blocked, id=12784, stack(0x000000fdafc00000,0x000000fdafd00000)]
  0x0000025d6d06b800 JavaThread "Unconstrained build operations Thread 36" [_thread_blocked, id=10584, stack(0x000000fdafd00000,0x000000fdafe00000)]
  0x0000025d6d067800 JavaThread "Unconstrained build operations Thread 37" [_thread_blocked, id=2292, stack(0x000000fdafe00000,0x000000fdaff00000)]
  0x0000025d6d06f000 JavaThread "Unconstrained build operations Thread 38" [_thread_blocked, id=7040, stack(0x000000fdaff00000,0x000000fdb0000000)]
  0x0000025d6d06e000 JavaThread "Unconstrained build operations Thread 39" [_thread_blocked, id=18140, stack(0x000000fdb0000000,0x000000fdb0100000)]
  0x0000025d6d06f800 JavaThread "Unconstrained build operations Thread 40" [_thread_blocked, id=13796, stack(0x000000fdb0100000,0x000000fdb0200000)]
  0x0000025d6d070800 JavaThread "Unconstrained build operations Thread 41" [_thread_blocked, id=13716, stack(0x000000fdb0200000,0x000000fdb0300000)]
  0x0000025d6ab0f000 JavaThread "Unconstrained build operations Thread 42" [_thread_blocked, id=6964, stack(0x000000fdb0300000,0x000000fdb0400000)]
  0x0000025d6ab12000 JavaThread "Unconstrained build operations Thread 43" [_thread_blocked, id=15456, stack(0x000000fdb0400000,0x000000fdb0500000)]
  0x0000025d6ab13000 JavaThread "Unconstrained build operations Thread 44" [_thread_blocked, id=16708, stack(0x000000fdb0500000,0x000000fdb0600000)]
  0x0000025d6ab0d000 JavaThread "Unconstrained build operations Thread 45" [_thread_blocked, id=18664, stack(0x000000fdb0600000,0x000000fdb0700000)]
  0x0000025d6ab14000 JavaThread "Unconstrained build operations Thread 46" [_thread_blocked, id=15380, stack(0x000000fdb0700000,0x000000fdb0800000)]
  0x0000025d6ab1a800 JavaThread "Unconstrained build operations Thread 47" [_thread_blocked, id=8784, stack(0x000000fdb0800000,0x000000fdb0900000)]
  0x0000025d6ab16000 JavaThread "Unconstrained build operations Thread 48" [_thread_blocked, id=1420, stack(0x000000fdb0900000,0x000000fdb0a00000)]
  0x0000025d6ab17000 JavaThread "Unconstrained build operations Thread 49" [_thread_blocked, id=17064, stack(0x000000fdb0a00000,0x000000fdb0b00000)]
  0x0000025d6ab18000 JavaThread "Unconstrained build operations Thread 50" [_thread_blocked, id=19156, stack(0x000000fdb0b00000,0x000000fdb0c00000)]
  0x0000025d6ab18800 JavaThread "Unconstrained build operations Thread 51" [_thread_blocked, id=2052, stack(0x000000fdb0c00000,0x000000fdb0d00000)]
  0x0000025d6ab19800 JavaThread "Unconstrained build operations Thread 52" [_thread_blocked, id=10856, stack(0x000000fdb0d00000,0x000000fdb0e00000)]
  0x0000025d6ab14800 JavaThread "Unconstrained build operations Thread 53" [_thread_blocked, id=5244, stack(0x000000fdb0e00000,0x000000fdb0f00000)]
  0x0000025d6ab15800 JavaThread "Unconstrained build operations Thread 54" [_thread_blocked, id=2004, stack(0x000000fdb0f00000,0x000000fdb1000000)]
  0x0000025d6ab1b000 JavaThread "Unconstrained build operations Thread 55" [_thread_blocked, id=16832, stack(0x000000fdb1000000,0x000000fdb1100000)]
  0x0000025d6ab1c000 JavaThread "Unconstrained build operations Thread 56" [_thread_blocked, id=2380, stack(0x000000fdb1100000,0x000000fdb1200000)]
  0x0000025d69ebf800 JavaThread "Unconstrained build operations Thread 57" [_thread_blocked, id=8296, stack(0x000000fdb1200000,0x000000fdb1300000)]
  0x0000025d69eba800 JavaThread "Unconstrained build operations Thread 58" [_thread_blocked, id=4680, stack(0x000000fdb1300000,0x000000fdb1400000)]
  0x0000025d69ebc800 JavaThread "Unconstrained build operations Thread 59" [_thread_blocked, id=3588, stack(0x000000fdb1400000,0x000000fdb1500000)]
  0x0000025d69ec1800 JavaThread "Unconstrained build operations Thread 60" [_thread_blocked, id=16792, stack(0x000000fdb1500000,0x000000fdb1600000)]
  0x0000025d69ec2000 JavaThread "Unconstrained build operations Thread 61" [_thread_blocked, id=3484, stack(0x000000fdb1600000,0x000000fdb1700000)]
  0x0000025d69ec3000 JavaThread "Unconstrained build operations Thread 62" [_thread_blocked, id=8576, stack(0x000000fdb1700000,0x000000fdb1800000)]
  0x0000025d69ec3800 JavaThread "Unconstrained build operations Thread 63" [_thread_blocked, id=2284, stack(0x000000fdb1800000,0x000000fdb1900000)]
  0x0000025d69ec4800 JavaThread "Unconstrained build operations Thread 64" [_thread_blocked, id=13548, stack(0x000000fdb1900000,0x000000fdb1a00000)]
  0x0000025d69398800 JavaThread "Unconstrained build operations Thread 65" [_thread_blocked, id=1988, stack(0x000000fdb1a00000,0x000000fdb1b00000)]
  0x0000025d6939b800 JavaThread "Unconstrained build operations Thread 66" [_thread_blocked, id=15692, stack(0x000000fdb1b00000,0x000000fdb1c00000)]
  0x0000025d6ee0b000 JavaThread "Unconstrained build operations Thread 67" [_thread_blocked, id=7764, stack(0x000000fdb1c00000,0x000000fdb1d00000)]
  0x0000025d6ee08800 JavaThread "Unconstrained build operations Thread 68" [_thread_blocked, id=6792, stack(0x000000fdb1d00000,0x000000fdb1e00000)]
  0x0000025d6ee0d800 JavaThread "Unconstrained build operations Thread 69" [_thread_blocked, id=6776, stack(0x000000fdb1e00000,0x000000fdb1f00000)]
  0x0000025d6ee0e800 JavaThread "Unconstrained build operations Thread 70" [_thread_blocked, id=14992, stack(0x000000fdb1f00000,0x000000fdb2000000)]
  0x0000025d6ee09800 JavaThread "Unconstrained build operations Thread 71" [_thread_blocked, id=16180, stack(0x000000fdb2000000,0x000000fdb2100000)]
  0x0000025d6ee0a000 JavaThread "Unconstrained build operations Thread 72" [_thread_blocked, id=11748, stack(0x000000fdb2100000,0x000000fdb2200000)]
  0x0000025d6ee0c800 JavaThread "Unconstrained build operations Thread 73" [_thread_blocked, id=1208, stack(0x000000fdb2200000,0x000000fdb2300000)]
  0x0000025d6ee11800 JavaThread "Unconstrained build operations Thread 74" [_thread_blocked, id=18572, stack(0x000000fdb2300000,0x000000fdb2400000)]
  0x0000025d6ee0f000 JavaThread "Unconstrained build operations Thread 75" [_thread_blocked, id=7804, stack(0x000000fdb2400000,0x000000fdb2500000)]
  0x0000025d6ee10000 JavaThread "Unconstrained build operations Thread 76" [_thread_blocked, id=19452, stack(0x000000fdb2500000,0x000000fdb2600000)]
  0x0000025d6ee0c000 JavaThread "Unconstrained build operations Thread 77" [_thread_blocked, id=5048, stack(0x000000fdb2600000,0x000000fdb2700000)]
  0x0000025d6ee12800 JavaThread "Unconstrained build operations Thread 78" [_thread_blocked, id=13604, stack(0x000000fdb2700000,0x000000fdb2800000)]
  0x0000025d6ee15000 JavaThread "Unconstrained build operations Thread 79" [_thread_blocked, id=8016, stack(0x000000fdb2800000,0x000000fdb2900000)]
  0x0000025d6ee15800 JavaThread "Unconstrained build operations Thread 80" [_thread_blocked, id=7668, stack(0x000000fdb2900000,0x000000fdb2a00000)]
  0x0000025d6ee11000 JavaThread "build event listener" [_thread_blocked, id=10128, stack(0x000000fdb2d00000,0x000000fdb2e00000)]
  0x0000025d6ee16800 JavaThread "pool-12-thread-1" [_thread_blocked, id=10604, stack(0x000000fdb2f00000,0x000000fdb3000000)]
  0x0000025d6ee17800 JavaThread "build event listener" [_thread_blocked, id=1044, stack(0x000000fdb3200000,0x000000fdb3300000)]
  0x0000025d6ee13000 JavaThread "Execution worker for ':'" [_thread_blocked, id=13032, stack(0x000000fdb3300000,0x000000fdb3400000)]
  0x0000025d6ee14000 JavaThread "Execution worker for ':' Thread 2" [_thread_blocked, id=12380, stack(0x000000fdb3400000,0x000000fdb3500000)]
  0x0000025d6b094800 JavaThread "Execution worker for ':' Thread 3" [_thread_blocked, id=496, stack(0x000000fdb3500000,0x000000fdb3600000)]
  0x0000025d6b095000 JavaThread "Execution worker for ':' Thread 4" [_thread_blocked, id=13636, stack(0x000000fdb3600000,0x000000fdb3700000)]
  0x0000025d6b096000 JavaThread "Execution worker for ':' Thread 5" [_thread_blocked, id=11604, stack(0x000000fdb3700000,0x000000fdb3800000)]
  0x0000025d6b097800 JavaThread "Execution worker for ':' Thread 6" [_thread_blocked, id=3764, stack(0x000000fdb3800000,0x000000fdb3900000)]
  0x0000025d6b096800 JavaThread "Execution worker for ':' Thread 7" [_thread_blocked, id=19196, stack(0x000000fdb3900000,0x000000fdb3a00000)]
  0x0000025d6b093800 JavaThread "Cache worker for execution history cache (C:\Users\Lenovo15\ONE-DRIVE\Documentos\KotlinPractical\LoginRetrofit\.gradle\7.3.3\executionHistory)" [_thread_blocked, id=3856, stack(0x000000fdb3a00000,0x000000fdb3b00000)]
  0x0000025d6b09f000 JavaThread "WorkerExecutor Queue Thread 3" [_thread_blocked, id=18448, stack(0x000000fdb3d00000,0x000000fdb3e00000)]
  0x0000025d6b09b800 JavaThread "WorkerExecutor Queue Thread 9" [_thread_blocked, id=9916, stack(0x000000fdb2c00000,0x000000fdb2d00000)]
  0x0000025d6b099000 JavaThread "WorkerExecutor Queue Thread 10" [_thread_blocked, id=12580, stack(0x000000fdb3b00000,0x000000fdb3c00000)]
  0x0000025d6b09c800 JavaThread "WorkerExecutor Queue Thread 11" [_thread_blocked, id=18584, stack(0x000000fdb3c00000,0x000000fdb3d00000)]
  0x0000025d6b09d800 JavaThread "WorkerExecutor Queue Thread 12" [_thread_blocked, id=19240, stack(0x000000fdb3e00000,0x000000fdb3f00000)]
  0x0000025d6b09b000 JavaThread "WorkerExecutor Queue Thread 13" [_thread_blocked, id=11488, stack(0x000000fdb3f00000,0x000000fdb4000000)]
  0x0000025d6b09e000 JavaThread "pool-13-thread-1" [_thread_blocked, id=9744, stack(0x000000fdb4000000,0x000000fdb4100000)]
  0x0000025d6b09a000 JavaThread "stderr" [_thread_in_native, id=832, stack(0x000000fdb4100000,0x000000fdb4200000)]
  0x0000025d6b098800 JavaThread "stdout" [_thread_in_native, id=19384, stack(0x000000fdb4200000,0x000000fdb4300000)]

Other Threads:
=>0x0000025d66751800 VMThread "VM Thread" [stack: 0x000000fdaab00000,0x000000fdaac00000] [id=2308]
  0x0000025d67273800 WatcherThread [stack: 0x000000fdab500000,0x000000fdab600000] [id=18768]
  0x0000025d4a33a000 GCTaskThread "GC Thread#0" [stack: 0x000000fdaa600000,0x000000fdaa700000] [id=16340]
  0x0000025d68212800 GCTaskThread "GC Thread#1" [stack: 0x000000fdab800000,0x000000fdab900000] [id=4916]
  0x0000025d67e67000 GCTaskThread "GC Thread#2" [stack: 0x000000fdab900000,0x000000fdaba00000] [id=5176]
  0x0000025d68aab000 GCTaskThread "GC Thread#3" [stack: 0x000000fdac200000,0x000000fdac300000] [id=15892]
  0x0000025d68b52800 GCTaskThread "GC Thread#4" [stack: 0x000000fdac300000,0x000000fdac400000] [id=13252]
  0x0000025d6968a000 GCTaskThread "GC Thread#5" [stack: 0x000000fdac400000,0x000000fdac500000] [id=13884]
  0x0000025d6935c000 GCTaskThread "GC Thread#6" [stack: 0x000000fdac500000,0x000000fdac600000] [id=12936]
  0x0000025d68b63000 GCTaskThread "GC Thread#7" [stack: 0x000000fdac600000,0x000000fdac700000] [id=11276]
  0x0000025d4a36a000 ConcurrentGCThread "G1 Main Marker" [stack: 0x000000fdaa700000,0x000000fdaa800000] [id=14148]
  0x0000025d4a36b800 ConcurrentGCThread "G1 Conc#0" [stack: 0x000000fdaa800000,0x000000fdaa900000] [id=19080]
  0x0000025d6997c800 ConcurrentGCThread "G1 Conc#1" [stack: 0x000000fdac900000,0x000000fdaca00000] [id=11268]
  0x0000025d665a0800 ConcurrentGCThread "G1 Refine#0" [stack: 0x000000fdaa900000,0x000000fdaaa00000] [id=18440]
  0x0000025d665a1000 ConcurrentGCThread "G1 Young RemSet Sampling" [stack: 0x000000fdaaa00000,0x000000fdaab00000] [id=18244]

Threads with active compile tasks:
C2 CompilerThread01415388 25786       4       com.android.tools.r8.internal.tJ::a (447 bytes)
C1 CompilerThread01415388 26066       2       com.android.tools.r8.internal.qb::a (707 bytes)

VM state:at safepoint (normal execution)

VM Mutex/Monitor currently owned by a thread:  ([mutex/lock_event])
[0x0000025d4a31bf60] Threads_lock - owner thread: 0x0000025d66751800
[0x0000025d4a31ce90] Heap_lock - owner thread: 0x0000025d6a69a000

Heap address: 0x0000000080000000, size: 2048 MB, Compressed Oops mode: 32-bit
Narrow klass base: 0x0000000000000000, Narrow klass shift: 3
Compressed class space size: 1073741824 Address: 0x0000000100000000

Heap:
 garbage-first heap   total 496640K, used 203417K [0x0000000080000000, 0x0000000100000000)
  region size 1024K, 2 young (2048K), 2 survivors (2048K)
 Metaspace       used 183779K, capacity 188335K, committed 189824K, reserved 1214464K
  class space    used 22815K, capacity 24442K, committed 25036K, reserved 1048576K
Heap Regions: E=young(eden), S=young(survivor), O=old, HS=humongous(starts), HC=humongous(continues), CS=collection set, F=free, A=archive, TAMS=top-at-mark-start (previous, next)
|   0|0x0000000080000000, 0x0000000080100000, 0x0000000080100000|100%| O|  |TAMS 0x0000000080100000, 0x0000000080100000| Untracked 
|   1|0x0000000080100000, 0x0000000080200000, 0x0000000080200000|100%| O|  |TAMS 0x0000000080200000, 0x0000000080200000| Untracked 
|   2|0x0000000080200000, 0x0000000080300000, 0x0000000080300000|100%| O|  |TAMS 0x0000000080300000, 0x0000000080300000| Untracked 
|   3|0x0000000080300000, 0x0000000080400000, 0x0000000080400000|100%|HS|  |TAMS 0x0000000080400000, 0x0000000080400000| Complete 
|   4|0x0000000080400000, 0x0000000080500000, 0x0000000080500000|100%|HC|  |TAMS 0x0000000080500000, 0x0000000080500000| Complete 
|   5|0x0000000080500000, 0x0000000080600000, 0x0000000080600000|100%|HC|  |TAMS 0x0000000080600000, 0x0000000080600000| Complete 
|   6|0x0000000080600000, 0x0000000080700000, 0x0000000080700000|100%| O|  |TAMS 0x0000000080700000, 0x0000000080700000| Untracked 
|   7|0x0000000080700000, 0x0000000080800000, 0x0000000080800000|100%| O|  |TAMS 0x0000000080800000, 0x0000000080800000| Untracked 
|   8|0x0000000080800000, 0x0000000080900000, 0x0000000080900000|100%| O|  |TAMS 0x0000000080900000, 0x0000000080900000| Untracked 
|   9|0x0000000080900000, 0x0000000080a00000, 0x0000000080a00000|100%| O|  |TAMS 0x0000000080a00000, 0x0000000080a00000| Untracked 
|  10|0x0000000080a00000, 0x0000000080b00000, 0x0000000080b00000|100%| O|  |TAMS 0x0000000080b00000, 0x0000000080b00000| Untracked 
|  11|0x0000000080b00000, 0x0000000080c00000, 0x0000000080c00000|100%| O|  |TAMS 0x0000000080c00000, 0x0000000080c00000| Untracked 
|  12|0x0000000080c00000, 0x0000000080d00000, 0x0000000080d00000|100%| O|  |TAMS 0x0000000080d00000, 0x0000000080d00000| Untracked 
|  13|0x0000000080d00000, 0x0000000080e00000, 0x0000000080e00000|100%| O|  |TAMS 0x0000000080e00000, 0x0000000080e00000| Untracked 
|  14|0x0000000080e00000, 0x0000000080f00000, 0x0000000080f00000|100%| O|  |TAMS 0x0000000080f00000, 0x0000000080f00000| Untracked 
|  15|0x0000000080f00000, 0x0000000081000000, 0x0000000081000000|100%| O|  |TAMS 0x0000000081000000, 0x0000000081000000| Untracked 
|  16|0x0000000081000000, 0x0000000081100000, 0x0000000081100000|100%|HS|  |TAMS 0x0000000081100000, 0x0000000081100000| Complete 
|  17|0x0000000081100000, 0x0000000081200000, 0x0000000081200000|100%|HC|  |TAMS 0x0000000081200000, 0x0000000081200000| Complete 
|  18|0x0000000081200000, 0x0000000081300000, 0x0000000081300000|100%|HS|  |TAMS 0x0000000081300000, 0x0000000081300000| Complete 
|  19|0x0000000081300000, 0x0000000081400000, 0x0000000081400000|100%|HC|  |TAMS 0x0000000081400000, 0x0000000081400000| Complete 
|  20|0x0000000081400000, 0x0000000081500000, 0x0000000081500000|100%|HC|  |TAMS 0x0000000081500000, 0x0000000081500000| Complete 
|  21|0x0000000081500000, 0x0000000081600000, 0x0000000081600000|100%|HS|  |TAMS 0x0000000081600000, 0x0000000081600000| Complete 
|  22|0x0000000081600000, 0x0000000081700000, 0x0000000081700000|100%|HS|  |TAMS 0x0000000081700000, 0x0000000081700000| Complete 
|  23|0x0000000081700000, 0x0000000081800000, 0x0000000081800000|100%|HC|  |TAMS 0x0000000081800000, 0x0000000081800000| Complete 
|  24|0x0000000081800000, 0x0000000081900000, 0x0000000081900000|100%|HC|  |TAMS 0x0000000081900000, 0x0000000081900000| Complete 
|  25|0x0000000081900000, 0x0000000081a00000, 0x0000000081a00000|100%|HC|  |TAMS 0x0000000081a00000, 0x0000000081a00000| Complete 
|  26|0x0000000081a00000, 0x0000000081b00000, 0x0000000081b00000|100%| O|  |TAMS 0x0000000081b00000, 0x0000000081b00000| Untracked 
|  27|0x0000000081b00000, 0x0000000081c00000, 0x0000000081c00000|100%| O|  |TAMS 0x0000000081c00000, 0x0000000081c00000| Untracked 
|  28|0x0000000081c00000, 0x0000000081d00000, 0x0000000081d00000|100%| O|  |TAMS 0x0000000081d00000, 0x0000000081d00000| Untracked 
|  29|0x0000000081d00000, 0x0000000081e00000, 0x0000000081e00000|100%| O|  |TAMS 0x0000000081e00000, 0x0000000081e00000| Untracked 
|  30|0x0000000081e00000, 0x0000000081f00000, 0x0000000081f00000|100%|HS|  |TAMS 0x0000000081f00000, 0x0000000081f00000| Complete 
|  31|0x0000000081f00000, 0x0000000082000000, 0x0000000082000000|100%| O|  |TAMS 0x0000000082000000, 0x0000000082000000| Untracked 
|  32|0x0000000082000000, 0x0000000082100000, 0x0000000082100000|100%| O|  |TAMS 0x0000000082100000, 0x0000000082100000| Untracked 
|  33|0x0000000082100000, 0x0000000082200000, 0x0000000082200000|100%| O|  |TAMS 0x0000000082200000, 0x0000000082200000| Untracked 
|  34|0x0000000082200000, 0x0000000082300000, 0x0000000082300000|100%|HS|  |TAMS 0x0000000082300000, 0x0000000082300000| Complete 
|  35|0x0000000082300000, 0x0000000082400000, 0x0000000082400000|100%| O|  |TAMS 0x0000000082400000, 0x0000000082400000| Untracked 
|  36|0x0000000082400000, 0x0000000082500000, 0x0000000082500000|100%| O|  |TAMS 0x0000000082500000, 0x0000000082500000| Untracked 
|  37|0x0000000082500000, 0x0000000082600000, 0x0000000082600000|100%| O|  |TAMS 0x0000000082600000, 0x0000000082600000| Untracked 
|  38|0x0000000082600000, 0x0000000082700000, 0x0000000082700000|100%|HS|  |TAMS 0x0000000082700000, 0x0000000082700000| Complete 
|  39|0x0000000082700000, 0x0000000082800000, 0x0000000082800000|100%|HC|  |TAMS 0x0000000082800000, 0x0000000082800000| Complete 
|  40|0x0000000082800000, 0x0000000082900000, 0x0000000082900000|100%|HC|  |TAMS 0x0000000082900000, 0x0000000082900000| Complete 
|  41|0x0000000082900000, 0x0000000082a00000, 0x0000000082a00000|100%| O|  |TAMS 0x0000000082a00000, 0x0000000082a00000| Untracked 
|  42|0x0000000082a00000, 0x0000000082b00000, 0x0000000082b00000|100%| O|  |TAMS 0x0000000082b00000, 0x0000000082b00000| Untracked 
|  43|0x0000000082b00000, 0x0000000082c00000, 0x0000000082c00000|100%| O|  |TAMS 0x0000000082c00000, 0x0000000082c00000| Untracked 
|  44|0x0000000082c00000, 0x0000000082d00000, 0x0000000082d00000|100%| O|  |TAMS 0x0000000082d00000, 0x0000000082d00000| Untracked 
|  45|0x0000000082d00000, 0x0000000082e00000, 0x0000000082e00000|100%|HS|  |TAMS 0x0000000082e00000, 0x0000000082e00000| Complete 
|  46|0x0000000082e00000, 0x0000000082f00000, 0x0000000082f00000|100%|HC|  |TAMS 0x0000000082f00000, 0x0000000082f00000| Complete 
|  47|0x0000000082f00000, 0x0000000083000000, 0x0000000083000000|100%|HC|  |TAMS 0x0000000083000000, 0x0000000083000000| Complete 
|  48|0x0000000083000000, 0x0000000083100000, 0x0000000083100000|100%|HC|  |TAMS 0x0000000083100000, 0x0000000083100000| Complete 
|  49|0x0000000083100000, 0x0000000083200000, 0x0000000083200000|100%| O|  |TAMS 0x0000000083200000, 0x0000000083200000| Untracked 
|  50|0x0000000083200000, 0x0000000083300000, 0x0000000083300000|100%| O|  |TAMS 0x0000000083300000, 0x0000000083300000| Untracked 
|  51|0x0000000083300000, 0x0000000083400000, 0x0000000083400000|100%| O|  |TAMS 0x0000000083400000, 0x0000000083400000| Untracked 
|  52|0x0000000083400000, 0x0000000083500000, 0x0000000083500000|100%| O|  |TAMS 0x0000000083500000, 0x0000000083500000| Untracked 
|  53|0x0000000083500000, 0x0000000083600000, 0x0000000083600000|100%|HS|  |TAMS 0x0000000083600000, 0x0000000083600000| Complete 
|  54|0x0000000083600000, 0x0000000083700000, 0x0000000083700000|100%|HS|  |TAMS 0x0000000083700000, 0x0000000083700000| Complete 
|  55|0x0000000083700000, 0x0000000083800000, 0x0000000083800000|100%|HS|  |TAMS 0x0000000083800000, 0x0000000083800000| Complete 
|  56|0x0000000083800000, 0x0000000083900000, 0x0000000083900000|100%| O|  |TAMS 0x0000000083900000, 0x0000000083900000| Untracked 
|  57|0x0000000083900000, 0x0000000083a00000, 0x0000000083a00000|100%| O|  |TAMS 0x0000000083a00000, 0x0000000083a00000| Untracked 
|  58|0x0000000083a00000, 0x0000000083b00000, 0x0000000083b00000|100%|HS|  |TAMS 0x0000000083b00000, 0x0000000083b00000| Complete 
|  59|0x0000000083b00000, 0x0000000083c00000, 0x0000000083c00000|100%|HC|  |TAMS 0x0000000083c00000, 0x0000000083c00000| Complete 
|  60|0x0000000083c00000, 0x0000000083d00000, 0x0000000083d00000|100%|HC|  |TAMS 0x0000000083d00000, 0x0000000083d00000| Complete 
|  61|0x0000000083d00000, 0x0000000083e00000, 0x0000000083e00000|100%|HS|  |TAMS 0x0000000083e00000, 0x0000000083e00000| Complete 
|  62|0x0000000083e00000, 0x0000000083f00000, 0x0000000083f00000|100%|HC|  |TAMS 0x0000000083f00000, 0x0000000083f00000| Complete 
|  63|0x0000000083f00000, 0x0000000084000000, 0x0000000084000000|100%| O|  |TAMS 0x0000000084000000, 0x0000000084000000| Untracked 
|  64|0x0000000084000000, 0x0000000084100000, 0x0000000084100000|100%| O|  |TAMS 0x0000000084100000, 0x0000000084100000| Untracked 
|  65|0x0000000084100000, 0x0000000084200000, 0x0000000084200000|100%| O|  |TAMS 0x0000000084200000, 0x0000000084200000| Untracked 
|  66|0x0000000084200000, 0x0000000084300000, 0x0000000084300000|100%| O|  |TAMS 0x0000000084300000, 0x0000000084300000| Untracked 
|  67|0x0000000084300000, 0x0000000084400000, 0x0000000084400000|100%| O|  |TAMS 0x0000000084400000, 0x0000000084400000| Untracked 
|  68|0x0000000084400000, 0x0000000084500000, 0x0000000084500000|100%| O|  |TAMS 0x0000000084500000, 0x0000000084500000| Untracked 
|  69|0x0000000084500000, 0x0000000084600000, 0x0000000084600000|100%| O|  |TAMS 0x0000000084600000, 0x0000000084600000| Untracked 
|  70|0x0000000084600000, 0x0000000084700000, 0x0000000084700000|100%| O|  |TAMS 0x0000000084600000, 0x0000000084700000| Untracked 
|  71|0x0000000084700000, 0x0000000084800000, 0x0000000084800000|100%| O|  |TAMS 0x0000000084800000, 0x0000000084800000| Untracked 
|  72|0x0000000084800000, 0x0000000084900000, 0x0000000084900000|100%| O|  |TAMS 0x0000000084900000, 0x0000000084900000| Untracked 
|  73|0x0000000084900000, 0x0000000084a00000, 0x0000000084a00000|100%| O|  |TAMS 0x0000000084a00000, 0x0000000084a00000| Untracked 
|  74|0x0000000084a00000, 0x0000000084b00000, 0x0000000084b00000|100%| O|  |TAMS 0x0000000084b00000, 0x0000000084b00000| Untracked 
|  75|0x0000000084b00000, 0x0000000084c00000, 0x0000000084c00000|100%| O|  |TAMS 0x0000000084c00000, 0x0000000084c00000| Untracked 
|  76|0x0000000084c00000, 0x0000000084d00000, 0x0000000084d00000|100%| O|  |TAMS 0x0000000084d00000, 0x0000000084d00000| Untracked 
|  77|0x0000000084d00000, 0x0000000084e00000, 0x0000000084e00000|100%| O|  |TAMS 0x0000000084e00000, 0x0000000084e00000| Untracked 
|  78|0x0000000084e00000, 0x0000000084f00000, 0x0000000084f00000|100%| O|  |TAMS 0x0000000084f00000, 0x0000000084f00000| Untracked 
|  79|0x0000000084f00000, 0x0000000085000000, 0x0000000085000000|100%| O|  |TAMS 0x0000000085000000, 0x0000000085000000| Untracked 
|  80|0x0000000085000000, 0x0000000085100000, 0x0000000085100000|100%| O|  |TAMS 0x0000000085100000, 0x0000000085100000| Untracked 
|  81|0x0000000085100000, 0x0000000085200000, 0x0000000085200000|100%| O|  |TAMS 0x0000000085200000, 0x0000000085200000| Untracked 
|  82|0x0000000085200000, 0x0000000085300000, 0x0000000085300000|100%| O|  |TAMS 0x0000000085300000, 0x0000000085300000| Untracked 
|  83|0x0000000085300000, 0x0000000085400000, 0x0000000085400000|100%| O|  |TAMS 0x0000000085400000, 0x0000000085400000| Untracked 
|  84|0x0000000085400000, 0x0000000085500000, 0x0000000085500000|100%| O|  |TAMS 0x0000000085500000, 0x0000000085500000| Untracked 
|  85|0x0000000085500000, 0x0000000085600000, 0x0000000085600000|100%| O|  |TAMS 0x0000000085600000, 0x0000000085600000| Untracked 
|  86|0x0000000085600000, 0x0000000085700000, 0x0000000085700000|100%| O|  |TAMS 0x0000000085700000, 0x0000000085700000| Untracked 
|  87|0x0000000085700000, 0x0000000085800000, 0x0000000085800000|100%| O|  |TAMS 0x0000000085800000, 0x0000000085800000| Untracked 
|  88|0x0000000085800000, 0x0000000085900000, 0x0000000085900000|100%| O|  |TAMS 0x0000000085900000, 0x0000000085900000| Untracked 
|  89|0x0000000085900000, 0x0000000085a00000, 0x0000000085a00000|100%|HS|  |TAMS 0x0000000085a00000, 0x0000000085a00000| Complete 
|  90|0x0000000085a00000, 0x0000000085b00000, 0x0000000085b00000|100%|HC|  |TAMS 0x0000000085b00000, 0x0000000085b00000| Complete 
|  91|0x0000000085b00000, 0x0000000085c00000, 0x0000000085c00000|100%|HS|  |TAMS 0x0000000085c00000, 0x0000000085c00000| Complete 
|  92|0x0000000085c00000, 0x0000000085d00000, 0x0000000085d00000|100%|HC|  |TAMS 0x0000000085d00000, 0x0000000085d00000| Complete 
|  93|0x0000000085d00000, 0x0000000085e00000, 0x0000000085e00000|100%|HC|  |TAMS 0x0000000085e00000, 0x0000000085e00000| Complete 
|  94|0x0000000085e00000, 0x0000000085f00000, 0x0000000085f00000|100%|HS|  |TAMS 0x0000000085f00000, 0x0000000085f00000| Complete 
|  95|0x0000000085f00000, 0x0000000086000000, 0x0000000086000000|100%|HS|  |TAMS 0x0000000086000000, 0x0000000086000000| Complete 
|  96|0x0000000086000000, 0x0000000086100000, 0x0000000086100000|100%|HC|  |TAMS 0x0000000086100000, 0x0000000086100000| Complete 
|  97|0x0000000086100000, 0x0000000086200000, 0x0000000086200000|100%|HC|  |TAMS 0x0000000086200000, 0x0000000086200000| Complete 
|  98|0x0000000086200000, 0x0000000086300000, 0x0000000086300000|100%|HC|  |TAMS 0x0000000086300000, 0x0000000086300000| Complete 
|  99|0x0000000086300000, 0x0000000086400000, 0x0000000086400000|100%| O|  |TAMS 0x0000000086400000, 0x0000000086400000| Untracked 
| 100|0x0000000086400000, 0x0000000086500000, 0x0000000086500000|100%| O|  |TAMS 0x0000000086500000, 0x0000000086500000| Untracked 
| 101|0x0000000086500000, 0x0000000086600000, 0x0000000086600000|100%| O|  |TAMS 0x0000000086600000, 0x0000000086600000| Untracked 
| 102|0x0000000086600000, 0x0000000086700000, 0x0000000086700000|100%| O|  |TAMS 0x0000000086700000, 0x0000000086700000| Untracked 
| 103|0x0000000086700000, 0x0000000086800000, 0x0000000086800000|100%| O|  |TAMS 0x0000000086800000, 0x0000000086800000| Untracked 
| 104|0x0000000086800000, 0x0000000086900000, 0x0000000086900000|100%| O|  |TAMS 0x0000000086900000, 0x0000000086900000| Untracked 
| 105|0x0000000086900000, 0x0000000086a00000, 0x0000000086a00000|100%| O|  |TAMS 0x0000000086a00000, 0x0000000086a00000| Untracked 
| 106|0x0000000086a00000, 0x0000000086b00000, 0x0000000086b00000|100%| O|  |TAMS 0x0000000086b00000, 0x0000000086b00000| Untracked 
| 107|0x0000000086b00000, 0x0000000086c00000, 0x0000000086c00000|100%| O|  |TAMS 0x0000000086c00000, 0x0000000086c00000| Untracked 
| 108|0x0000000086c00000, 0x0000000086d00000, 0x0000000086d00000|100%| O|  |TAMS 0x0000000086d00000, 0x0000000086d00000| Untracked 
| 109|0x0000000086d00000, 0x0000000086e00000, 0x0000000086e00000|100%| O|  |TAMS 0x0000000086e00000, 0x0000000086e00000| Untracked 
| 110|0x0000000086e00000, 0x0000000086f00000, 0x0000000086f00000|100%| O|  |TAMS 0x0000000086f00000, 0x0000000086f00000| Untracked 
| 111|0x0000000086f00000, 0x0000000087000000, 0x0000000087000000|100%| O|  |TAMS 0x0000000087000000, 0x0000000087000000| Untracked 
| 112|0x0000000087000000, 0x0000000087100000, 0x0000000087100000|100%| O|  |TAMS 0x0000000087100000, 0x0000000087100000| Untracked 
| 113|0x0000000087100000, 0x0000000087200000, 0x0000000087200000|100%| O|  |TAMS 0x0000000087200000, 0x0000000087200000| Untracked 
| 114|0x0000000087200000, 0x0000000087300000, 0x0000000087300000|100%| O|  |TAMS 0x0000000087300000, 0x0000000087300000| Untracked 
| 115|0x0000000087300000, 0x0000000087400000, 0x0000000087400000|100%| O|  |TAMS 0x0000000087300000, 0x0000000087400000| Untracked 
| 116|0x0000000087400000, 0x0000000087400000, 0x0000000087500000|  0%| F|  |TAMS 0x0000000087400000, 0x0000000087400000| Untracked 
| 117|0x0000000087500000, 0x0000000087600000, 0x0000000087600000|100%| O|  |TAMS 0x0000000087600000, 0x0000000087600000| Untracked 
| 118|0x0000000087600000, 0x0000000087700000, 0x0000000087700000|100%| O|  |TAMS 0x0000000087700000, 0x0000000087700000| Untracked 
| 119|0x0000000087700000, 0x0000000087800000, 0x0000000087800000|100%| O|  |TAMS 0x0000000087800000, 0x0000000087800000| Untracked 
| 120|0x0000000087800000, 0x0000000087900000, 0x0000000087900000|100%| O|  |TAMS 0x0000000087900000, 0x0000000087900000| Untracked 
| 121|0x0000000087900000, 0x0000000087a00000, 0x0000000087a00000|100%| O|  |TAMS 0x0000000087a00000, 0x0000000087a00000| Untracked 
| 122|0x0000000087a00000, 0x0000000087b00000, 0x0000000087b00000|100%| O|  |TAMS 0x0000000087b00000, 0x0000000087b00000| Untracked 
| 123|0x0000000087b00000, 0x0000000087c00000, 0x0000000087c00000|100%| O|  |TAMS 0x0000000087c00000, 0x0000000087c00000| Untracked 
| 124|0x0000000087c00000, 0x0000000087d00000, 0x0000000087d00000|100%| O|  |TAMS 0x0000000087d00000, 0x0000000087d00000| Untracked 
| 125|0x0000000087d00000, 0x0000000087e00000, 0x0000000087e00000|100%| O|  |TAMS 0x0000000087e00000, 0x0000000087e00000| Untracked 
| 126|0x0000000087e00000, 0x0000000087f00000, 0x0000000087f00000|100%| O|  |TAMS 0x0000000087f00000, 0x0000000087f00000| Untracked 
| 127|0x0000000087f00000, 0x0000000087f00000, 0x0000000088000000|  0%| F|  |TAMS 0x0000000087f00000, 0x0000000087f00000| Untracked 
| 128|0x0000000088000000, 0x0000000088100000, 0x0000000088100000|100%| O|  |TAMS 0x0000000088100000, 0x0000000088100000| Untracked 
| 129|0x0000000088100000, 0x0000000088200000, 0x0000000088200000|100%| O|  |TAMS 0x0000000088200000, 0x0000000088200000| Untracked 
| 130|0x0000000088200000, 0x0000000088300000, 0x0000000088300000|100%| O|  |TAMS 0x0000000088300000, 0x0000000088300000| Untracked 
| 131|0x0000000088300000, 0x0000000088400000, 0x0000000088400000|100%| O|  |TAMS 0x0000000088400000, 0x0000000088400000| Untracked 
| 132|0x0000000088400000, 0x0000000088500000, 0x0000000088500000|100%| O|  |TAMS 0x0000000088500000, 0x0000000088500000| Untracked 
| 133|0x0000000088500000, 0x0000000088600000, 0x0000000088600000|100%| O|  |TAMS 0x0000000088600000, 0x0000000088600000| Untracked 
| 134|0x0000000088600000, 0x0000000088700000, 0x0000000088700000|100%| O|  |TAMS 0x0000000088700000, 0x0000000088700000| Untracked 
| 135|0x0000000088700000, 0x0000000088800000, 0x0000000088800000|100%| O|  |TAMS 0x0000000088800000, 0x0000000088800000| Untracked 
| 136|0x0000000088800000, 0x0000000088900000, 0x0000000088900000|100%| O|  |TAMS 0x0000000088900000, 0x0000000088900000| Untracked 
| 137|0x0000000088900000, 0x0000000088a00000, 0x0000000088a00000|100%| O|  |TAMS 0x0000000088a00000, 0x0000000088a00000| Untracked 
| 138|0x0000000088a00000, 0x0000000088b00000, 0x0000000088b00000|100%| O|  |TAMS 0x0000000088b00000, 0x0000000088b00000| Untracked 
| 139|0x0000000088b00000, 0x0000000088c00000, 0x0000000088c00000|100%| O|  |TAMS 0x0000000088c00000, 0x0000000088c00000| Untracked 
| 140|0x0000000088c00000, 0x0000000088d00000, 0x0000000088d00000|100%| O|  |TAMS 0x0000000088d00000, 0x0000000088d00000| Untracked 
| 141|0x0000000088d00000, 0x0000000088e00000, 0x0000000088e00000|100%| O|  |TAMS 0x0000000088e00000, 0x0000000088e00000| Untracked 
| 142|0x0000000088e00000, 0x0000000088f00000, 0x0000000088f00000|100%| O|  |TAMS 0x0000000088f00000, 0x0000000088f00000| Untracked 
| 143|0x0000000088f00000, 0x0000000089000000, 0x0000000089000000|100%| O|  |TAMS 0x0000000089000000, 0x0000000089000000| Untracked 
| 144|0x0000000089000000, 0x0000000089100000, 0x0000000089100000|100%| O|  |TAMS 0x0000000089100000, 0x0000000089100000| Untracked 
| 145|0x0000000089100000, 0x0000000089200000, 0x0000000089200000|100%| O|  |TAMS 0x0000000089200000, 0x0000000089200000| Untracked 
| 146|0x0000000089200000, 0x0000000089300000, 0x0000000089300000|100%| O|  |TAMS 0x0000000089300000, 0x0000000089300000| Untracked 
| 147|0x0000000089300000, 0x0000000089400000, 0x0000000089400000|100%| O|  |TAMS 0x0000000089400000, 0x0000000089400000| Untracked 
| 148|0x0000000089400000, 0x0000000089500000, 0x0000000089500000|100%| O|  |TAMS 0x0000000089500000, 0x0000000089500000| Untracked 
| 149|0x0000000089500000, 0x0000000089600000, 0x0000000089600000|100%| O|  |TAMS 0x0000000089600000, 0x0000000089600000| Untracked 
| 150|0x0000000089600000, 0x0000000089700000, 0x0000000089700000|100%| O|  |TAMS 0x0000000089700000, 0x0000000089700000| Untracked 
| 151|0x0000000089700000, 0x0000000089800000, 0x0000000089800000|100%| O|  |TAMS 0x0000000089800000, 0x0000000089800000| Untracked 
| 152|0x0000000089800000, 0x0000000089900000, 0x0000000089900000|100%| O|  |TAMS 0x0000000089900000, 0x0000000089900000| Untracked 
| 153|0x0000000089900000, 0x0000000089a00000, 0x0000000089a00000|100%| O|  |TAMS 0x0000000089a00000, 0x0000000089a00000| Untracked 
| 154|0x0000000089a00000, 0x0000000089b00000, 0x0000000089b00000|100%| O|  |TAMS 0x0000000089b00000, 0x0000000089b00000| Untracked 
| 155|0x0000000089b00000, 0x0000000089c00000, 0x0000000089c00000|100%| O|  |TAMS 0x0000000089c00000, 0x0000000089c00000| Untracked 
| 156|0x0000000089c00000, 0x0000000089d00000, 0x0000000089d00000|100%| O|  |TAMS 0x0000000089d00000, 0x0000000089d00000| Untracked 
| 157|0x0000000089d00000, 0x0000000089e00000, 0x0000000089e00000|100%| O|  |TAMS 0x0000000089e00000, 0x0000000089e00000| Untracked 
| 158|0x0000000089e00000, 0x0000000089f00000, 0x0000000089f00000|100%| O|  |TAMS 0x0000000089f00000, 0x0000000089f00000| Untracked 
| 159|0x0000000089f00000, 0x000000008a000000, 0x000000008a000000|100%| O|  |TAMS 0x000000008a000000, 0x000000008a000000| Untracked 
| 160|0x000000008a000000, 0x000000008a100000, 0x000000008a100000|100%| O|  |TAMS 0x000000008a100000, 0x000000008a100000| Untracked 
| 161|0x000000008a100000, 0x000000008a200000, 0x000000008a200000|100%| O|  |TAMS 0x000000008a200000, 0x000000008a200000| Untracked 
| 162|0x000000008a200000, 0x000000008a300000, 0x000000008a300000|100%| O|  |TAMS 0x000000008a300000, 0x000000008a300000| Untracked 
| 163|0x000000008a300000, 0x000000008a400000, 0x000000008a400000|100%| O|  |TAMS 0x000000008a400000, 0x000000008a400000| Untracked 
| 164|0x000000008a400000, 0x000000008a400000, 0x000000008a500000|  0%| F|  |TAMS 0x000000008a400000, 0x000000008a400000| Untracked 
| 165|0x000000008a500000, 0x000000008a500000, 0x000000008a600000|  0%| F|  |TAMS 0x000000008a500000, 0x000000008a500000| Untracked 
| 166|0x000000008a600000, 0x000000008a700000, 0x000000008a700000|100%| O|  |TAMS 0x000000008a700000, 0x000000008a700000| Untracked 
| 167|0x000000008a700000, 0x000000008a800000, 0x000000008a800000|100%| O|  |TAMS 0x000000008a800000, 0x000000008a800000| Untracked 
| 168|0x000000008a800000, 0x000000008a900000, 0x000000008a900000|100%| O|  |TAMS 0x000000008a900000, 0x000000008a900000| Untracked 
| 169|0x000000008a900000, 0x000000008aa00000, 0x000000008aa00000|100%| O|  |TAMS 0x000000008aa00000, 0x000000008aa00000| Untracked 
| 170|0x000000008aa00000, 0x000000008ab00000, 0x000000008ab00000|100%| O|  |TAMS 0x000000008ab00000, 0x000000008ab00000| Untracked 
| 171|0x000000008ab00000, 0x000000008ac00000, 0x000000008ac00000|100%| O|  |TAMS 0x000000008ac00000, 0x000000008ac00000| Untracked 
| 172|0x000000008ac00000, 0x000000008ad00000, 0x000000008ad00000|100%| O|  |TAMS 0x000000008ad00000, 0x000000008ad00000| Untracked 
| 173|0x000000008ad00000, 0x000000008ae00000, 0x000000008ae00000|100%| O|  |TAMS 0x000000008ae00000, 0x000000008ae00000| Untracked 
| 174|0x000000008ae00000, 0x000000008af00000, 0x000000008af00000|100%| O|  |TAMS 0x000000008af00000, 0x000000008af00000| Untracked 
| 175|0x000000008af00000, 0x000000008b000000, 0x000000008b000000|100%| O|  |TAMS 0x000000008b000000, 0x000000008b000000| Untracked 
| 176|0x000000008b000000, 0x000000008b100000, 0x000000008b100000|100%| O|  |TAMS 0x000000008b100000, 0x000000008b100000| Untracked 
| 177|0x000000008b100000, 0x000000008b200000, 0x000000008b200000|100%| O|  |TAMS 0x000000008b200000, 0x000000008b200000| Untracked 
| 178|0x000000008b200000, 0x000000008b300000, 0x000000008b300000|100%| O|  |TAMS 0x000000008b300000, 0x000000008b300000| Untracked 
| 179|0x000000008b300000, 0x000000008b400000, 0x000000008b400000|100%| O|  |TAMS 0x000000008b400000, 0x000000008b400000| Untracked 
| 180|0x000000008b400000, 0x000000008b500000, 0x000000008b500000|100%| O|  |TAMS 0x000000008b500000, 0x000000008b500000| Untracked 
| 181|0x000000008b500000, 0x000000008b600000, 0x000000008b600000|100%| O|  |TAMS 0x000000008b600000, 0x000000008b600000| Untracked 
| 182|0x000000008b600000, 0x000000008b700000, 0x000000008b700000|100%| O|  |TAMS 0x000000008b700000, 0x000000008b700000| Untracked 
| 183|0x000000008b700000, 0x000000008b800000, 0x000000008b800000|100%| O|  |TAMS 0x000000008b800000, 0x000000008b800000| Untracked 
| 184|0x000000008b800000, 0x000000008b900000, 0x000000008b900000|100%| O|  |TAMS 0x000000008b900000, 0x000000008b900000| Untracked 
| 185|0x000000008b900000, 0x000000008ba00000, 0x000000008ba00000|100%| O|  |TAMS 0x000000008ba00000, 0x000000008ba00000| Untracked 
| 186|0x000000008ba00000, 0x000000008bb00000, 0x000000008bb00000|100%| O|  |TAMS 0x000000008ba00000, 0x000000008bb00000| Untracked 
| 187|0x000000008bb00000, 0x000000008bc00000, 0x000000008bc00000|100%| O|  |TAMS 0x000000008bc00000, 0x000000008bc00000| Untracked 
| 188|0x000000008bc00000, 0x000000008bd00000, 0x000000008bd00000|100%| O|  |TAMS 0x000000008bd00000, 0x000000008bd00000| Untracked 
| 189|0x000000008bd00000, 0x000000008be00000, 0x000000008be00000|100%| O|  |TAMS 0x000000008be00000, 0x000000008be00000| Untracked 
| 190|0x000000008be00000, 0x000000008be49000, 0x000000008bf00000| 28%| O|  |TAMS 0x000000008be00000, 0x000000008be49000| Untracked 
| 191|0x000000008bf00000, 0x000000008bf00000, 0x000000008c000000|  0%| F|  |TAMS 0x000000008bf00000, 0x000000008bf00000| Untracked 
| 192|0x000000008c000000, 0x000000008c000000, 0x000000008c100000|  0%| F|  |TAMS 0x000000008c000000, 0x000000008c000000| Untracked 
| 193|0x000000008c100000, 0x000000008c100000, 0x000000008c200000|  0%| F|  |TAMS 0x000000008c100000, 0x000000008c100000| Untracked 
| 194|0x000000008c200000, 0x000000008c300000, 0x000000008c300000|100%| O|  |TAMS 0x000000008c300000, 0x000000008c300000| Untracked 
| 195|0x000000008c300000, 0x000000008c400000, 0x000000008c400000|100%| O|  |TAMS 0x000000008c400000, 0x000000008c400000| Untracked 
| 196|0x000000008c400000, 0x000000008c500000, 0x000000008c500000|100%| O|  |TAMS 0x000000008c500000, 0x000000008c500000| Untracked 
| 197|0x000000008c500000, 0x000000008c600000, 0x000000008c600000|100%| O|  |TAMS 0x000000008c600000, 0x000000008c600000| Untracked 
| 198|0x000000008c600000, 0x000000008c700000, 0x000000008c700000|100%| O|  |TAMS 0x000000008c700000, 0x000000008c700000| Untracked 
| 199|0x000000008c700000, 0x000000008c800000, 0x000000008c800000|100%| O|  |TAMS 0x000000008c800000, 0x000000008c800000| Untracked 
| 200|0x000000008c800000, 0x000000008c900000, 0x000000008c900000|100%| O|  |TAMS 0x000000008c900000, 0x000000008c900000| Untracked 
| 201|0x000000008c900000, 0x000000008ca00000, 0x000000008ca00000|100%| O|  |TAMS 0x000000008ca00000, 0x000000008ca00000| Untracked 
| 202|0x000000008ca00000, 0x000000008cb00000, 0x000000008cb00000|100%| O|  |TAMS 0x000000008ca46c00, 0x000000008cb00000| Untracked 
| 203|0x000000008cb00000, 0x000000008cb00000, 0x000000008cc00000|  0%| F|  |TAMS 0x000000008cb00000, 0x000000008cb00000| Untracked 
| 204|0x000000008cc00000, 0x000000008cc00000, 0x000000008cd00000|  0%| F|  |TAMS 0x000000008cc00000, 0x000000008cc00000| Untracked 
| 205|0x000000008cd00000, 0x000000008ce00000, 0x000000008ce00000|100%| O|  |TAMS 0x000000008ce00000, 0x000000008ce00000| Untracked 
| 206|0x000000008ce00000, 0x000000008cf00000, 0x000000008cf00000|100%| O|  |TAMS 0x000000008cf00000, 0x000000008cf00000| Untracked 
| 207|0x000000008cf00000, 0x000000008cf00000, 0x000000008d000000|  0%| F|  |TAMS 0x000000008cf00000, 0x000000008cf00000| Untracked 
| 208|0x000000008d000000, 0x000000008d000000, 0x000000008d100000|  0%| F|  |TAMS 0x000000008d000000, 0x000000008d000000| Untracked 
| 209|0x000000008d100000, 0x000000008d100000, 0x000000008d200000|  0%| F|  |TAMS 0x000000008d100000, 0x000000008d100000| Untracked 
| 210|0x000000008d200000, 0x000000008d200000, 0x000000008d300000|  0%| F|  |TAMS 0x000000008d200000, 0x000000008d200000| Untracked 
| 211|0x000000008d300000, 0x000000008d300000, 0x000000008d400000|  0%| F|  |TAMS 0x000000008d300000, 0x000000008d300000| Untracked 
| 212|0x000000008d400000, 0x000000008d400000, 0x000000008d500000|  0%| F|  |TAMS 0x000000008d400000, 0x000000008d400000| Untracked 
| 213|0x000000008d500000, 0x000000008d500000, 0x000000008d600000|  0%| F|  |TAMS 0x000000008d500000, 0x000000008d500000| Untracked 
| 214|0x000000008d600000, 0x000000008d600000, 0x000000008d700000|  0%| F|  |TAMS 0x000000008d600000, 0x000000008d600000| Untracked 
| 215|0x000000008d700000, 0x000000008d700000, 0x000000008d800000|  0%| F|  |TAMS 0x000000008d700000, 0x000000008d700000| Untracked 
| 216|0x000000008d800000, 0x000000008d800000, 0x000000008d900000|  0%| F|  |TAMS 0x000000008d800000, 0x000000008d800000| Untracked 
| 217|0x000000008d900000, 0x000000008d900000, 0x000000008da00000|  0%| F|  |TAMS 0x000000008d900000, 0x000000008d900000| Untracked 
| 218|0x000000008da00000, 0x000000008da00000, 0x000000008db00000|  0%| F|  |TAMS 0x000000008da00000, 0x000000008da00000| Untracked 
| 219|0x000000008db00000, 0x000000008db00000, 0x000000008dc00000|  0%| F|  |TAMS 0x000000008db00000, 0x000000008db00000| Untracked 
| 220|0x000000008dc00000, 0x000000008dc00000, 0x000000008dd00000|  0%| F|  |TAMS 0x000000008dc00000, 0x000000008dc00000| Untracked 
| 221|0x000000008dd00000, 0x000000008dd00000, 0x000000008de00000|  0%| F|  |TAMS 0x000000008dd00000, 0x000000008dd00000| Untracked 
| 222|0x000000008de00000, 0x000000008de00000, 0x000000008df00000|  0%| F|  |TAMS 0x000000008de00000, 0x000000008de00000| Untracked 
| 223|0x000000008df00000, 0x000000008df00000, 0x000000008e000000|  0%| F|  |TAMS 0x000000008df00000, 0x000000008df00000| Untracked 
| 224|0x000000008e000000, 0x000000008e000000, 0x000000008e100000|  0%| F|  |TAMS 0x000000008e000000, 0x000000008e000000| Untracked 
| 225|0x000000008e100000, 0x000000008e100000, 0x000000008e200000|  0%| F|  |TAMS 0x000000008e100000, 0x000000008e100000| Untracked 
| 226|0x000000008e200000, 0x000000008e200000, 0x000000008e300000|  0%| F|  |TAMS 0x000000008e200000, 0x000000008e200000| Untracked 
| 227|0x000000008e300000, 0x000000008e300000, 0x000000008e400000|  0%| F|  |TAMS 0x000000008e300000, 0x000000008e300000| Untracked 
| 228|0x000000008e400000, 0x000000008e400000, 0x000000008e500000|  0%| F|  |TAMS 0x000000008e400000, 0x000000008e400000| Untracked 
| 229|0x000000008e500000, 0x000000008e500000, 0x000000008e600000|  0%| F|  |TAMS 0x000000008e500000, 0x000000008e500000| Untracked 
| 230|0x000000008e600000, 0x000000008e65d700, 0x000000008e700000| 36%| S|CS|TAMS 0x000000008e600000, 0x000000008e600000| Complete 
| 231|0x000000008e700000, 0x000000008e800000, 0x000000008e800000|100%| S|CS|TAMS 0x000000008e700000, 0x000000008e700000| Complete 
| 232|0x000000008e800000, 0x000000008e800000, 0x000000008e900000|  0%| F|  |TAMS 0x000000008e800000, 0x000000008e800000| Untracked 
| 233|0x000000008e900000, 0x000000008e900000, 0x000000008ea00000|  0%| F|  |TAMS 0x000000008e900000, 0x000000008e900000| Untracked 
| 234|0x000000008ea00000, 0x000000008ea00000, 0x000000008eb00000|  0%| F|  |TAMS 0x000000008ea00000, 0x000000008ea00000| Untracked 
| 235|0x000000008eb00000, 0x000000008eb00000, 0x000000008ec00000|  0%| F|  |TAMS 0x000000008eb00000, 0x000000008eb00000| Untracked 
| 236|0x000000008ec00000, 0x000000008ec00000, 0x000000008ed00000|  0%| F|  |TAMS 0x000000008ec00000, 0x000000008ec00000| Untracked 
| 237|0x000000008ed00000, 0x000000008ed00000, 0x000000008ee00000|  0%| F|  |TAMS 0x000000008ed00000, 0x000000008ed00000| Untracked 
| 238|0x000000008ee00000, 0x000000008ee00000, 0x000000008ef00000|  0%| F|  |TAMS 0x000000008ee00000, 0x000000008ee00000| Untracked 
| 239|0x000000008ef00000, 0x000000008ef00000, 0x000000008f000000|  0%| F|  |TAMS 0x000000008ef00000, 0x000000008ef00000| Untracked 
| 240|0x000000008f000000, 0x000000008f000000, 0x000000008f100000|  0%| F|  |TAMS 0x000000008f000000, 0x000000008f000000| Untracked 
| 241|0x000000008f100000, 0x000000008f100000, 0x000000008f200000|  0%| F|  |TAMS 0x000000008f100000, 0x000000008f100000| Untracked 
| 242|0x000000008f200000, 0x000000008f200000, 0x000000008f300000|  0%| F|  |TAMS 0x000000008f200000, 0x000000008f200000| Untracked 
| 243|0x000000008f300000, 0x000000008f300000, 0x000000008f400000|  0%| F|  |TAMS 0x000000008f300000, 0x000000008f300000| Untracked 
| 244|0x000000008f400000, 0x000000008f400000, 0x000000008f500000|  0%| F|  |TAMS 0x000000008f400000, 0x000000008f400000| Untracked 
| 245|0x000000008f500000, 0x000000008f500000, 0x000000008f600000|  0%| F|  |TAMS 0x000000008f500000, 0x000000008f500000| Untracked 
| 246|0x000000008f600000, 0x000000008f600000, 0x000000008f700000|  0%| F|  |TAMS 0x000000008f600000, 0x000000008f600000| Untracked 
| 247|0x000000008f700000, 0x000000008f700000, 0x000000008f800000|  0%| F|  |TAMS 0x000000008f700000, 0x000000008f700000| Untracked 
| 248|0x000000008f800000, 0x000000008f800000, 0x000000008f900000|  0%| F|  |TAMS 0x000000008f800000, 0x000000008f800000| Untracked 
| 249|0x000000008f900000, 0x000000008f900000, 0x000000008fa00000|  0%| F|  |TAMS 0x000000008f900000, 0x000000008f900000| Untracked 
| 250|0x000000008fa00000, 0x000000008fa00000, 0x000000008fb00000|  0%| F|  |TAMS 0x000000008fa00000, 0x000000008fa00000| Untracked 
| 251|0x000000008fb00000, 0x000000008fb00000, 0x000000008fc00000|  0%| F|  |TAMS 0x000000008fb00000, 0x000000008fb00000| Untracked 
| 252|0x000000008fc00000, 0x000000008fc00000, 0x000000008fd00000|  0%| F|  |TAMS 0x000000008fc00000, 0x000000008fc00000| Untracked 
| 253|0x000000008fd00000, 0x000000008fd00000, 0x000000008fe00000|  0%| F|  |TAMS 0x000000008fd00000, 0x000000008fd00000| Untracked 
| 254|0x000000008fe00000, 0x000000008fe00000, 0x000000008ff00000|  0%| F|  |TAMS 0x000000008fe00000, 0x000000008fe00000| Untracked 
| 255|0x000000008ff00000, 0x000000008ff00000, 0x0000000090000000|  0%| F|  |TAMS 0x000000008ff00000, 0x000000008ff00000| Untracked 
| 256|0x0000000090000000, 0x0000000090000000, 0x0000000090100000|  0%| F|  |TAMS 0x0000000090000000, 0x0000000090000000| Untracked 
| 257|0x0000000090100000, 0x0000000090100000, 0x0000000090200000|  0%| F|  |TAMS 0x0000000090100000, 0x0000000090100000| Untracked 
| 258|0x0000000090200000, 0x0000000090200000, 0x0000000090300000|  0%| F|  |TAMS 0x0000000090200000, 0x0000000090200000| Untracked 
| 259|0x0000000090300000, 0x0000000090300000, 0x0000000090400000|  0%| F|  |TAMS 0x0000000090300000, 0x0000000090300000| Untracked 
| 260|0x0000000090400000, 0x0000000090400000, 0x0000000090500000|  0%| F|  |TAMS 0x0000000090400000, 0x0000000090400000| Untracked 
| 261|0x0000000090500000, 0x0000000090500000, 0x0000000090600000|  0%| F|  |TAMS 0x0000000090500000, 0x0000000090500000| Untracked 
| 262|0x0000000090600000, 0x0000000090600000, 0x0000000090700000|  0%| F|  |TAMS 0x0000000090600000, 0x0000000090600000| Untracked 
| 263|0x0000000090700000, 0x0000000090700000, 0x0000000090800000|  0%| F|  |TAMS 0x0000000090700000, 0x0000000090700000| Untracked 
| 264|0x0000000090800000, 0x0000000090800000, 0x0000000090900000|  0%| F|  |TAMS 0x0000000090800000, 0x0000000090800000| Untracked 
| 265|0x0000000090900000, 0x0000000090900000, 0x0000000090a00000|  0%| F|  |TAMS 0x0000000090900000, 0x0000000090900000| Untracked 
| 266|0x0000000090a00000, 0x0000000090a00000, 0x0000000090b00000|  0%| F|  |TAMS 0x0000000090a00000, 0x0000000090a00000| Untracked 
| 267|0x0000000090b00000, 0x0000000090b00000, 0x0000000090c00000|  0%| F|  |TAMS 0x0000000090b00000, 0x0000000090b00000| Untracked 
| 268|0x0000000090c00000, 0x0000000090c00000, 0x0000000090d00000|  0%| F|  |TAMS 0x0000000090c00000, 0x0000000090c00000| Untracked 
| 269|0x0000000090d00000, 0x0000000090d00000, 0x0000000090e00000|  0%| F|  |TAMS 0x0000000090d00000, 0x0000000090d00000| Untracked 
| 270|0x0000000090e00000, 0x0000000090e00000, 0x0000000090f00000|  0%| F|  |TAMS 0x0000000090e00000, 0x0000000090e00000| Untracked 
| 271|0x0000000090f00000, 0x0000000090f00000, 0x0000000091000000|  0%| F|  |TAMS 0x0000000090f00000, 0x0000000090f00000| Untracked 
| 272|0x0000000091000000, 0x0000000091000000, 0x0000000091100000|  0%| F|  |TAMS 0x0000000091000000, 0x0000000091000000| Untracked 
| 273|0x0000000091100000, 0x0000000091100000, 0x0000000091200000|  0%| F|  |TAMS 0x0000000091100000, 0x0000000091100000| Untracked 
| 274|0x0000000091200000, 0x0000000091200000, 0x0000000091300000|  0%| F|  |TAMS 0x0000000091200000, 0x0000000091200000| Untracked 
| 275|0x0000000091300000, 0x0000000091300000, 0x0000000091400000|  0%| F|  |TAMS 0x0000000091300000, 0x0000000091300000| Untracked 
| 276|0x0000000091400000, 0x0000000091400000, 0x0000000091500000|  0%| F|  |TAMS 0x0000000091400000, 0x0000000091400000| Untracked 

Card table byte_map: [0x0000025d5f470000,0x0000025d5f870000] _byte_map_base: 0x0000025d5f070000

Marking Bits (Prev, Next): (CMBitMap*) 0x0000025d4a3615c8, (CMBitMap*) 0x0000025d4a361600
 Prev Bits: [0x0000025d5fc70000, 0x0000025d61c70000)
 Next Bits: [0x0000025d61c70000, 0x0000025d63c70000)

Polling page: 0x0000025d4a400000

Metaspace:

Usage:
  Non-class:    160.05 MB capacity,   157.19 MB ( 98%) used,     2.34 MB (  1%) free+waste,   533.69 KB ( <1%) overhead. 
      Class:     23.87 MB capacity,    22.28 MB ( 93%) used,     1.36 MB (  6%) free+waste,   232.31 KB ( <1%) overhead. 
       Both:    183.92 MB capacity,   179.47 MB ( 98%) used,     3.70 MB (  2%) free+waste,   766.00 KB ( <1%) overhead. 

Virtual space:
  Non-class space:      162.00 MB reserved,     160.93 MB (>99%) committed 
      Class space:        1.00 GB reserved,      24.45 MB (  2%) committed 
             Both:        1.16 GB reserved,     185.38 MB ( 16%) committed 

Chunk freelists:
   Non-Class:  831.00 KB
       Class:  518.00 KB
        Both:  1.32 MB

MaxMetaspaceSize: 17179869184.00 GB
CompressedClassSpaceSize: 1.00 GB
Initial GC threshold: 20.80 MB
Current GC threshold: 308.54 MB
CDS: off

CodeHeap 'non-profiled nmethods': size=120000Kb used=15111Kb max_used=15741Kb free=104888Kb
 bounds [0x0000025d570e0000, 0x0000025d58040000, 0x0000025d5e610000]
CodeHeap 'profiled nmethods': size=120000Kb used=54560Kb max_used=54682Kb free=65440Kb
 bounds [0x0000025d4fbb0000, 0x0000025d53240000, 0x0000025d570e0000]
CodeHeap 'non-nmethods': size=5760Kb used=2495Kb max_used=2527Kb free=3264Kb
 bounds [0x0000025d4f610000, 0x0000025d4f8a0000, 0x0000025d4fbb0000]
 total_blobs=24227 nmethods=23194 adapters=943
 compilation: enabled
              stopped_count=0, restarted_count=0
 full_count=0

Compilation events (20 events):
Event: 1414.947 Thread 0x0000025d66778000 nmethod 26054 0x0000025d51875810 code [0x0000025d518759e0, 0x0000025d51875c28]
Event: 1414.947 Thread 0x0000025d66778000 26028       2       com.android.tools.r8.internal.kY::z (30 bytes)
Event: 1414.948 Thread 0x0000025d66778000 nmethod 26028 0x0000025d50a8c710 code [0x0000025d50a8c8c0, 0x0000025d50a8ca88]
Event: 1414.948 Thread 0x0000025d66778000 26029       2       com.android.tools.r8.internal.kY::E (10 bytes)
Event: 1414.948 Thread 0x0000025d66778000 nmethod 26029 0x0000025d51807d10 code [0x0000025d51807ec0, 0x0000025d51807fd8]
Event: 1414.948 Thread 0x0000025d66778000 26047       2       com.android.tools.r8.ir.regalloc.c::a (53 bytes)
Event: 1414.948 Thread 0x0000025d66778000 nmethod 26047 0x0000025d510c1210 code [0x0000025d510c13e0, 0x0000025d510c15e8]
Event: 1414.948 Thread 0x0000025d66778000 26048       2       com.android.tools.r8.internal.GD::Y1 (8 bytes)
Event: 1414.948 Thread 0x0000025d66778000 nmethod 26048 0x0000025d51abdd10 code [0x0000025d51abdee0, 0x0000025d51abe0b8]
Event: 1414.948 Thread 0x0000025d66778000 26055       2       com.android.tools.r8.internal.qb::a (218 bytes)
Event: 1414.950 Thread 0x0000025d66778000 nmethod 26055 0x0000025d50e66e90 code [0x0000025d50e67200, 0x0000025d50e68118]
Event: 1414.950 Thread 0x0000025d66778000 26034       2       com.android.tools.r8.graph.e0::<init> (45 bytes)
Event: 1414.950 Thread 0x0000025d66778000 nmethod 26034 0x0000025d511c3710 code [0x0000025d511c38c0, 0x0000025d511c3aa8]
Event: 1414.950 Thread 0x0000025d66778000 26045       2       com.android.tools.r8.internal.qb::a (81 bytes)
Event: 1414.951 Thread 0x0000025d66778000 nmethod 26045 0x0000025d501a5010 code [0x0000025d501a5260, 0x0000025d501a5648]
Event: 1414.951 Thread 0x0000025d66778000 26050       2       com.android.tools.r8.internal.lm::h2 (16 bytes)
Event: 1414.951 Thread 0x0000025d66778000 nmethod 26050 0x0000025d50680010 code [0x0000025d506801c0, 0x0000025d506802f8]
Event: 1414.951 Thread 0x0000025d66778000 26032   !   2       com.android.tools.r8.internal.G9::a (634 bytes)
Event: 1414.955 Thread 0x0000025d66778000 nmethod 26032 0x0000025d51175190 code [0x0000025d51175800, 0x0000025d51177bc8]
Event: 1414.955 Thread 0x0000025d66778000 26066       2       com.android.tools.r8.internal.qb::a (707 bytes)

GC Heap History (20 events):
Event: 1413.355 GC heap after
{Heap after GC invocations=155 (full 0):
 garbage-first heap   total 283648K, used 205837K [0x0000000080000000, 0x0000000100000000)
  region size 1024K, 2 young (2048K), 2 survivors (2048K)
 Metaspace       used 183220K, capacity 187891K, committed 188928K, reserved 1214464K
  class space    used 22883K, capacity 24558K, committed 24908K, reserved 1048576K
}
Event: 1413.531 GC heap before
{Heap before GC invocations=155 (full 0):
 garbage-first heap   total 283648K, used 244749K [0x0000000080000000, 0x0000000100000000)
  region size 1024K, 41 young (41984K), 2 survivors (2048K)
 Metaspace       used 183375K, capacity 188130K, committed 189312K, reserved 1214464K
  class space    used 22892K, capacity 24595K, committed 25036K, reserved 1048576K
}
Event: 1413.541 GC heap after
{Heap after GC invocations=156 (full 0):
 garbage-first heap   total 283648K, used 206161K [0x0000000080000000, 0x0000000100000000)
  region size 1024K, 2 young (2048K), 2 survivors (2048K)
 Metaspace       used 183375K, capacity 188130K, committed 189312K, reserved 1214464K
  class space    used 22892K, capacity 24595K, committed 25036K, reserved 1048576K
}
Event: 1413.726 GC heap before
{Heap before GC invocations=156 (full 0):
 garbage-first heap   total 283648K, used 246097K [0x0000000080000000, 0x0000000100000000)
  region size 1024K, 42 young (43008K), 2 survivors (2048K)
 Metaspace       used 183436K, capacity 188146K, committed 189312K, reserved 1214464K
  class space    used 22912K, capacity 24601K, committed 25036K, reserved 1048576K
}
Event: 1413.732 GC heap after
{Heap after GC invocations=157 (full 0):
 garbage-first heap   total 283648K, used 206573K [0x0000000080000000, 0x0000000100000000)
  region size 1024K, 2 young (2048K), 2 survivors (2048K)
 Metaspace       used 183436K, capacity 188146K, committed 189312K, reserved 1214464K
  class space    used 22912K, capacity 24601K, committed 25036K, reserved 1048576K
}
Event: 1413.952 GC heap before
{Heap before GC invocations=157 (full 0):
 garbage-first heap   total 283648K, used 246509K [0x0000000080000000, 0x0000000100000000)
  region size 1024K, 42 young (43008K), 2 survivors (2048K)
 Metaspace       used 183137K, capacity 187636K, committed 189312K, reserved 1214464K
  class space    used 22805K, capacity 24407K, committed 25036K, reserved 1048576K
}
Event: 1413.957 GC heap after
{Heap after GC invocations=158 (full 0):
 garbage-first heap   total 283648K, used 206239K [0x0000000080000000, 0x0000000100000000)
  region size 1024K, 2 young (2048K), 2 survivors (2048K)
 Metaspace       used 183137K, capacity 187636K, committed 189312K, reserved 1214464K
  class space    used 22805K, capacity 24407K, committed 25036K, reserved 1048576K
}
Event: 1414.121 GC heap before
{Heap before GC invocations=159 (full 0):
 garbage-first heap   total 283648K, used 247199K [0x0000000080000000, 0x0000000100000000)
  region size 1024K, 43 young (44032K), 2 survivors (2048K)
 Metaspace       used 183220K, capacity 187773K, committed 189312K, reserved 1214464K
  class space    used 22806K, capacity 24407K, committed 25036K, reserved 1048576K
}
Event: 1414.127 GC heap after
{Heap after GC invocations=160 (full 0):
 garbage-first heap   total 283648K, used 206522K [0x0000000080000000, 0x0000000100000000)
  region size 1024K, 2 young (2048K), 2 survivors (2048K)
 Metaspace       used 183220K, capacity 187773K, committed 189312K, reserved 1214464K
  class space    used 22806K, capacity 24407K, committed 25036K, reserved 1048576K
}
Event: 1414.160 GC heap before
{Heap before GC invocations=160 (full 0):
 garbage-first heap   total 283648K, used 217786K [0x0000000080000000, 0x0000000100000000)
  region size 1024K, 13 young (13312K), 2 survivors (2048K)
 Metaspace       used 183249K, capacity 187773K, committed 189312K, reserved 1214464K
  class space    used 22806K, capacity 24407K, committed 25036K, reserved 1048576K
}
Event: 1414.213 GC heap after
{Heap after GC invocations=161 (full 0):
 garbage-first heap   total 283648K, used 205169K [0x0000000080000000, 0x0000000100000000)
  region size 1024K, 2 young (2048K), 2 survivors (2048K)
 Metaspace       used 183249K, capacity 187773K, committed 189312K, reserved 1214464K
  class space    used 22806K, capacity 24407K, committed 25036K, reserved 1048576K
}
Event: 1414.358 GC heap before
{Heap before GC invocations=161 (full 0):
 garbage-first heap   total 283648K, used 246129K [0x0000000080000000, 0x0000000100000000)
  region size 1024K, 43 young (44032K), 2 survivors (2048K)
 Metaspace       used 183334K, capacity 187838K, committed 189312K, reserved 1214464K
  class space    used 22807K, capacity 24407K, committed 25036K, reserved 1048576K
}
Event: 1414.362 GC heap after
{Heap after GC invocations=162 (full 0):
 garbage-first heap   total 283648K, used 204678K [0x0000000080000000, 0x0000000100000000)
  region size 1024K, 1 young (1024K), 1 survivors (1024K)
 Metaspace       used 183334K, capacity 187838K, committed 189312K, reserved 1214464K
  class space    used 22807K, capacity 24407K, committed 25036K, reserved 1048576K
}
Event: 1414.583 GC heap before
{Heap before GC invocations=162 (full 0):
 garbage-first heap   total 283648K, used 247686K [0x0000000080000000, 0x0000000100000000)
  region size 1024K, 43 young (44032K), 1 survivors (1024K)
 Metaspace       used 183583K, capacity 188104K, committed 189568K, reserved 1214464K
  class space    used 22808K, capacity 24409K, committed 25036K, reserved 1048576K
}
Event: 1414.586 GC heap after
{Heap after GC invocations=163 (full 0):
 garbage-first heap   total 283648K, used 204878K [0x0000000080000000, 0x0000000100000000)
  region size 1024K, 1 young (1024K), 1 survivors (1024K)
 Metaspace       used 183583K, capacity 188104K, committed 189568K, reserved 1214464K
  class space    used 22808K, capacity 24409K, committed 25036K, reserved 1048576K
}
Event: 1414.783 GC heap before
{Heap before GC invocations=164 (full 0):
 garbage-first heap   total 283648K, used 248910K [0x0000000080000000, 0x0000000100000000)
  region size 1024K, 44 young (45056K), 1 survivors (1024K)
 Metaspace       used 183724K, capacity 188269K, committed 189824K, reserved 1214464K
  class space    used 22815K, capacity 24442K, committed 25036K, reserved 1048576K
}
Event: 1414.786 GC heap after
{Heap after GC invocations=165 (full 0):
 garbage-first heap   total 283648K, used 205118K [0x0000000080000000, 0x0000000100000000)
  region size 1024K, 2 young (2048K), 2 survivors (2048K)
 Metaspace       used 183724K, capacity 188269K, committed 189824K, reserved 1214464K
  class space    used 22815K, capacity 24442K, committed 25036K, reserved 1048576K
}
Event: 1414.821 GC heap before
{Heap before GC invocations=165 (full 0):
 garbage-first heap   total 283648K, used 216382K [0x0000000080000000, 0x0000000100000000)
  region size 1024K, 13 young (13312K), 2 survivors (2048K)
 Metaspace       used 183725K, capacity 188269K, committed 189824K, reserved 1214464K
  class space    used 22815K, capacity 24442K, committed 25036K, reserved 1048576K
}
Event: 1414.829 GC heap after
{Heap after GC invocations=166 (full 0):
 garbage-first heap   total 283648K, used 203044K [0x0000000080000000, 0x0000000100000000)
  region size 1024K, 1 young (1024K), 1 survivors (1024K)
 Metaspace       used 183725K, capacity 188269K, committed 189824K, reserved 1214464K
  class space    used 22815K, capacity 24442K, committed 25036K, reserved 1048576K
}
Event: 1414.958 GC heap before
{Heap before GC invocations=166 (full 0):
 garbage-first heap   total 283648K, used 248100K [0x0000000080000000, 0x0000000100000000)
  region size 1024K, 45 young (46080K), 1 survivors (1024K)
 Metaspace       used 183779K, capacity 188335K, committed 189824K, reserved 1214464K
  class space    used 22815K, capacity 24442K, committed 25036K, reserved 1048576K
}

Deoptimization events (20 events):
Event: 1414.589 Thread 0x0000025d6a69a000 DEOPT PACKING pc=0x0000025d53058bb6 sp=0x000000fdaecf90d0
Event: 1414.589 Thread 0x0000025d6a69a000 DEOPT UNPACKING pc=0x0000025d4f65a95e sp=0x000000fdaecf8548 mode 0
Event: 1414.593 Thread 0x0000025d6ab17000 DEOPT PACKING pc=0x0000025d5300c59d sp=0x000000fdb0af9420
Event: 1414.593 Thread 0x0000025d6ab17000 DEOPT UNPACKING pc=0x0000025d4f65a95e sp=0x000000fdb0af8a58 mode 0
Event: 1414.757 Thread 0x0000025d6ab17000 DEOPT PACKING pc=0x0000025d53060bfb sp=0x000000fdb0af9be0
Event: 1414.757 Thread 0x0000025d6ab17000 DEOPT UNPACKING pc=0x0000025d4f65a95e sp=0x000000fdb0af91a0 mode 0
Event: 1414.774 Thread 0x0000025d6ab17000 DEOPT PACKING pc=0x0000025d5300c59d sp=0x000000fdb0af92c0
Event: 1414.774 Thread 0x0000025d6ab17000 DEOPT UNPACKING pc=0x0000025d4f65a95e sp=0x000000fdb0af88f8 mode 0
Event: 1414.801 Thread 0x0000025d6a69a000 Uncommon trap: trap_request=0xffffff76 fr.pc=0x0000025d57261158 relative=0x0000000000000238
Event: 1414.801 Thread 0x0000025d6a69a000 Uncommon trap: reason=loop_limit_check action=maybe_recompile pc=0x0000025d57261158 method=com.android.tools.r8.graph.d1.a([C)I @ 8 c2
Event: 1414.801 Thread 0x0000025d6a69a000 DEOPT PACKING pc=0x0000025d57261158 sp=0x000000fdaecf95a0
Event: 1414.801 Thread 0x0000025d6a69a000 DEOPT UNPACKING pc=0x0000025d4f65a1af sp=0x000000fdaecf9538 mode 2
Event: 1414.836 Thread 0x0000025d6a69a000 DEOPT PACKING pc=0x0000025d50399eb6 sp=0x000000fdaecf8f10
Event: 1414.836 Thread 0x0000025d6a69a000 DEOPT UNPACKING pc=0x0000025d4f65a95e sp=0x000000fdaecf8388 mode 0
Event: 1414.879 Thread 0x0000025d6a69a000 DEOPT PACKING pc=0x0000025d50399eb6 sp=0x000000fdaecf8f10
Event: 1414.879 Thread 0x0000025d6a69a000 DEOPT UNPACKING pc=0x0000025d4f65a95e sp=0x000000fdaecf8388 mode 0
Event: 1414.899 Thread 0x0000025d6ab17000 DEOPT PACKING pc=0x0000025d50399eb6 sp=0x000000fdb0afa120
Event: 1414.899 Thread 0x0000025d6ab17000 DEOPT UNPACKING pc=0x0000025d4f65a95e sp=0x000000fdb0af9598 mode 0
Event: 1414.939 Thread 0x0000025d6a69a000 DEOPT PACKING pc=0x0000025d50399eb6 sp=0x000000fdaecf8f10
Event: 1414.939 Thread 0x0000025d6a69a000 DEOPT UNPACKING pc=0x0000025d4f65a95e sp=0x000000fdaecf8388 mode 0

Classes redefined (0 events):
No events

Internal exceptions (20 events):
Event: 1412.466 Thread 0x0000025d6a690000 Exception <a 'sun/nio/fs/WindowsException'{0x0000000090807838}> (0x0000000090807838) thrown at [./src/hotspot/share/prims/jni.cpp, line 615]
Event: 1412.468 Thread 0x0000025d6ab15800 Exception <a 'java/lang/NoSuchMethodError'{0x000000009082af60}: 'java.lang.Object java.lang.invoke.DirectMethodHandle$Holder.newInvokeSpecial(java.lang.Object, int)'> (0x000000009082af60) thrown at [./src/hotspot/share/interpreter/linkResolver.cpp, line 773]
Event: 1412.468 Thread 0x0000025d6ab17000 Exception <a 'java/lang/NoSuchMethodError'{0x000000009097e280}: 'java.lang.Object java.lang.invoke.DirectMethodHandle$Holder.newInvokeSpecial(java.lang.Object, int)'> (0x000000009097e280) thrown at [./src/hotspot/share/interpreter/linkResolver.cpp, line 773]
Event: 1412.468 Thread 0x0000025d6a69a000 Exception <a 'java/lang/NoSuchMethodError'{0x00000000909c2dd8}: 'java.lang.Object java.lang.invoke.DirectMethodHandle$Holder.newInvokeSpecial(java.lang.Object, int)'> (0x00000000909c2dd8) thrown at [./src/hotspot/share/interpreter/linkResolver.cpp, line 773]
Event: 1412.468 Thread 0x0000025d6ee0b000 Exception <a 'java/lang/NoSuchMethodError'{0x00000000909fb0f0}: 'java.lang.Object java.lang.invoke.DirectMethodHandle$Holder.newInvokeSpecial(java.lang.Object, int)'> (0x00000000909fb0f0) thrown at [./src/hotspot/share/interpreter/linkResolver.cpp, line 773]
Event: 1412.468 Thread 0x0000025d6d06b800 Exception <a 'java/lang/NoSuchMethodError'{0x0000000090a393c8}: 'java.lang.Object java.lang.invoke.DirectMethodHandle$Holder.newInvokeSpecial(java.lang.Object, int)'> (0x0000000090a393c8) thrown at [./src/hotspot/share/interpreter/linkResolver.cpp, line 773]
Event: 1412.468 Thread 0x0000025d6e98c000 Exception <a 'java/lang/NoSuchMethodError'{0x0000000090a4a928}: 'java.lang.Object java.lang.invoke.DirectMethodHandle$Holder.newInvokeSpecial(java.lang.Object, int)'> (0x0000000090a4a928) thrown at [./src/hotspot/share/interpreter/linkResolver.cpp, line 773]
Event: 1412.778 Thread 0x0000025d6ab15800 Exception <a 'sun/nio/fs/WindowsException'{0x0000000090238628}> (0x0000000090238628) thrown at [./src/hotspot/share/prims/jni.cpp, line 615]
Event: 1412.879 Thread 0x0000025d6ee0b000 Exception <a 'sun/nio/fs/WindowsException'{0x000000008f3a9200}> (0x000000008f3a9200) thrown at [./src/hotspot/share/prims/jni.cpp, line 615]
Event: 1412.882 Thread 0x0000025d6a690000 Exception <a 'sun/nio/fs/WindowsException'{0x000000008f21bc80}> (0x000000008f21bc80) thrown at [./src/hotspot/share/prims/jni.cpp, line 615]
Event: 1413.205 Thread 0x0000025d6e98c000 Exception <a 'sun/nio/fs/WindowsException'{0x0000000090818f80}> (0x0000000090818f80) thrown at [./src/hotspot/share/prims/jni.cpp, line 615]
Event: 1413.333 Thread 0x0000025d6ab17000 Exception <a 'java/lang/NoSuchMethodError'{0x0000000090c9d058}: 'int java.lang.invoke.DirectMethodHandle$Holder.invokeInterface(java.lang.Object, java.lang.Object, int)'> (0x0000000090c9d058) thrown at [./src/hotspot/share/interpreter/linkResolver.cpp, line 773]
Event: 1413.360 Thread 0x0000025d6d06b800 Exception <a 'sun/nio/fs/WindowsException'{0x00000000914743d8}> (0x00000000914743d8) thrown at [./src/hotspot/share/prims/jni.cpp, line 615]
Event: 1413.473 Thread 0x0000025d6ab1b000 Exception <a 'sun/nio/fs/WindowsException'{0x000000008fc9d268}> (0x000000008fc9d268) thrown at [./src/hotspot/share/prims/jni.cpp, line 615]
Event: 1413.745 Thread 0x0000025d6a69a000 Implicit null exception at 0x0000025d57c48f6d to 0x0000025d57c48f98
Event: 1413.984 Thread 0x0000025d6ab1b000 Exception <a 'sun/nio/fs/WindowsException'{0x00000000911ce850}> (0x00000000911ce850) thrown at [./src/hotspot/share/prims/jni.cpp, line 615]
Event: 1413.997 Thread 0x0000025d6a69d000 Exception <a 'sun/nio/fs/WindowsException'{0x0000000090d117c0}> (0x0000000090d117c0) thrown at [./src/hotspot/share/prims/jni.cpp, line 615]
Event: 1414.134 Thread 0x0000025d6a69d000 Exception <a 'sun/nio/fs/WindowsException'{0x00000000912fa970}> (0x00000000912fa970) thrown at [./src/hotspot/share/prims/jni.cpp, line 615]
Event: 1414.218 Thread 0x0000025d6ee0a000 Exception <a 'sun/nio/fs/WindowsException'{0x000000009135d3e0}> (0x000000009135d3e0) thrown at [./src/hotspot/share/prims/jni.cpp, line 615]
Event: 1414.276 Thread 0x0000025d6ee0a000 Exception <a 'sun/nio/fs/WindowsException'{0x000000008fea0b78}> (0x000000008fea0b78) thrown at [./src/hotspot/share/prims/jni.cpp, line 615]

Events (20 events):
Event: 1414.771 loading class com/android/tools/r8/internal/t done
Event: 1414.772 loading class com/android/tools/r8/internal/dp
Event: 1414.772 loading class com/android/tools/r8/internal/dp done
Event: 1414.773 loading class com/android/tools/r8/internal/kp
Event: 1414.773 loading class com/android/tools/r8/internal/kp done
Event: 1414.774 loading class com/android/tools/r8/internal/gp
Event: 1414.774 loading class com/android/tools/r8/internal/gp done
Event: 1414.775 loading class com/android/tools/r8/internal/lp
Event: 1414.775 loading class com/android/tools/r8/internal/lp done
Event: 1414.775 loading class com/android/tools/r8/internal/jp
Event: 1414.775 loading class com/android/tools/r8/internal/jp done
Event: 1414.776 loading class com/android/tools/r8/internal/cp
Event: 1414.776 loading class com/android/tools/r8/internal/cp done
Event: 1414.779 Executing VM operation: CGC_Operation
Event: 1414.779 Executing VM operation: CGC_Operation done
Event: 1414.783 Executing VM operation: G1CollectForAllocation
Event: 1414.786 Executing VM operation: G1CollectForAllocation done
Event: 1414.820 Executing VM operation: G1CollectForAllocation
Event: 1414.829 Executing VM operation: G1CollectForAllocation done
Event: 1414.958 Executing VM operation: G1CollectForAllocation


Dynamic libraries:
0x00007ff6b8d10000 - 0x00007ff6b8d1a000 	C:\Program Files\Android\Android Studio\jre\bin\java.exe
0x00007fff06610000 - 0x00007fff06805000 	C:\WINDOWS\SYSTEM32\ntdll.dll
0x00007fff06070000 - 0x00007fff0612d000 	C:\WINDOWS\System32\KERNEL32.DLL
0x00007fff041d0000 - 0x00007fff0449d000 	C:\WINDOWS\System32\KERNELBASE.dll
0x00007fff03eb0000 - 0x00007fff03fb0000 	C:\WINDOWS\System32\ucrtbase.dll
0x00007ffeef100000 - 0x00007ffeef119000 	C:\Program Files\Android\Android Studio\jre\bin\jli.dll
0x00007ffeeea20000 - 0x00007ffeeea37000 	C:\Program Files\Android\Android Studio\jre\bin\VCRUNTIME140.dll
0x00007fff056a0000 - 0x00007fff05840000 	C:\WINDOWS\System32\USER32.dll
0x00007fff03e80000 - 0x00007fff03ea2000 	C:\WINDOWS\System32\win32u.dll
0x00007ffeedae0000 - 0x00007ffeedd7a000 	C:\WINDOWS\WinSxS\amd64_microsoft.windows.common-controls_6595b64144ccf1df_6.0.19041.1110_none_60b5254171f9507e\COMCTL32.dll
0x00007fff05030000 - 0x00007fff0505a000 	C:\WINDOWS\System32\GDI32.dll
0x00007fff05200000 - 0x00007fff0529e000 	C:\WINDOWS\System32\msvcrt.dll
0x00007fff040c0000 - 0x00007fff041cb000 	C:\WINDOWS\System32\gdi32full.dll
0x00007fff03fb0000 - 0x00007fff0404d000 	C:\WINDOWS\System32\msvcp_win.dll
0x00007fff05060000 - 0x00007fff05090000 	C:\WINDOWS\System32\IMM32.DLL
0x00007ffed8380000 - 0x00007ffed841d000 	C:\Program Files\Android\Android Studio\jre\bin\msvcp140.dll
0x00007ffec8420000 - 0x00007ffec8f05000 	C:\Program Files\Android\Android Studio\jre\bin\server\jvm.dll
0x00007fff052a0000 - 0x00007fff0534e000 	C:\WINDOWS\System32\ADVAPI32.dll
0x00007fff05350000 - 0x00007fff053ec000 	C:\WINDOWS\System32\sechost.dll
0x00007fff04d50000 - 0x00007fff04e75000 	C:\WINDOWS\System32\RPCRT4.dll
0x00007fff058b0000 - 0x00007fff058b8000 	C:\WINDOWS\System32\PSAPI.DLL
0x00007ffeff490000 - 0x00007ffeff499000 	C:\WINDOWS\SYSTEM32\WSOCK32.dll
0x00007ffefde60000 - 0x00007ffefde6a000 	C:\WINDOWS\SYSTEM32\VERSION.dll
0x00007ffeec9f0000 - 0x00007ffeeca17000 	C:\WINDOWS\SYSTEM32\WINMM.dll
0x00007fff05840000 - 0x00007fff058ab000 	C:\WINDOWS\System32\WS2_32.dll
0x00007fff01c90000 - 0x00007fff01ca2000 	C:\WINDOWS\SYSTEM32\kernel.appcore.dll
0x00007ffef9070000 - 0x00007ffef9081000 	C:\Program Files\Android\Android Studio\jre\bin\verify.dll
0x00007ffeedde0000 - 0x00007ffeedfc4000 	C:\WINDOWS\SYSTEM32\DBGHELP.DLL
0x00007ffeeddb0000 - 0x00007ffeedddc000 	C:\WINDOWS\SYSTEM32\dbgcore.DLL
0x00007fff045d0000 - 0x00007fff04652000 	C:\WINDOWS\System32\bcryptPrimitives.dll
0x00007ffef7ad0000 - 0x00007ffef7af9000 	C:\Program Files\Android\Android Studio\jre\bin\java.dll
0x00007fff00b70000 - 0x00007fff00b7b000 	C:\Program Files\Android\Android Studio\jre\bin\jimage.dll
0x00007ffef7c10000 - 0x00007ffef7c28000 	C:\Program Files\Android\Android Studio\jre\bin\zip.dll
0x00007fff058c0000 - 0x00007fff06004000 	C:\WINDOWS\System32\SHELL32.dll
0x00007fff01e20000 - 0x00007fff025b4000 	C:\WINDOWS\SYSTEM32\windows.storage.dll
0x00007fff06270000 - 0x00007fff065c4000 	C:\WINDOWS\System32\combase.dll
0x00007fff03780000 - 0x00007fff037ac000 	C:\WINDOWS\SYSTEM32\Wldp.dll
0x00007fff05150000 - 0x00007fff051fd000 	C:\WINDOWS\System32\SHCORE.dll
0x00007fff06010000 - 0x00007fff06065000 	C:\WINDOWS\System32\shlwapi.dll
0x00007fff03c60000 - 0x00007fff03c7f000 	C:\WINDOWS\SYSTEM32\profapi.dll
0x00007ffef7ab0000 - 0x00007ffef7aca000 	C:\Program Files\Android\Android Studio\jre\bin\net.dll
0x00007ffef4630000 - 0x00007ffef473a000 	C:\WINDOWS\SYSTEM32\WINHTTP.dll
0x00007fff034e0000 - 0x00007fff0354a000 	C:\WINDOWS\system32\mswsock.dll
0x00007ffef7a90000 - 0x00007ffef7aa4000 	C:\Program Files\Android\Android Studio\jre\bin\nio.dll
0x00007ffee2590000 - 0x00007ffee25b7000 	C:\Users\Lenovo15\.gradle\native\e1d6ef7f7dcc3fd88c89a11ec53ec762bb8ba0a96d01ffa2cd45eb1d1d8dd5c5\windows-amd64\native-platform.dll
0x00007ffed3890000 - 0x00007ffed39d4000 	C:\Users\Lenovo15\.gradle\native\5664cfc778a61ccfe75a443a1ab52a65af34e5dc3c78e0209fed803814484fcb\windows-amd64\native-platform-file-events.dll
0x00007ffefdb80000 - 0x00007ffefdb8a000 	C:\Program Files\Android\Android Studio\jre\bin\management.dll
0x00007ffefb850000 - 0x00007ffefb85d000 	C:\Program Files\Android\Android Studio\jre\bin\management_ext.dll
0x00007fff036d0000 - 0x00007fff036e8000 	C:\WINDOWS\SYSTEM32\CRYPTSP.dll
0x00007fff02df0000 - 0x00007fff02e24000 	C:\WINDOWS\system32\rsaenh.dll
0x00007fff044a0000 - 0x00007fff044c7000 	C:\WINDOWS\System32\bcrypt.dll
0x00007fff03c20000 - 0x00007fff03c4e000 	C:\WINDOWS\SYSTEM32\USERENV.dll
0x00007fff036f0000 - 0x00007fff036fc000 	C:\WINDOWS\SYSTEM32\CRYPTBASE.dll
0x00007fff03180000 - 0x00007fff031bb000 	C:\WINDOWS\SYSTEM32\IPHLPAPI.DLL
0x00007fff06130000 - 0x00007fff06138000 	C:\WINDOWS\System32\NSI.dll
0x00007ffef6660000 - 0x00007ffef6677000 	C:\WINDOWS\SYSTEM32\dhcpcsvc6.DLL
0x00007ffef6960000 - 0x00007ffef697d000 	C:\WINDOWS\SYSTEM32\dhcpcsvc.DLL
0x00007fff031d0000 - 0x00007fff0329b000 	C:\WINDOWS\SYSTEM32\DNSAPI.dll
0x00007fff02a20000 - 0x00007fff02a53000 	C:\WINDOWS\SYSTEM32\ntmarta.dll

dbghelp: loaded successfully - version: 4.0.5 - missing functions: none
symbol engine: initialized successfully - sym options: 0x614 - pdb path: .;C:\Program Files\Android\Android Studio\jre\bin;C:\WINDOWS\SYSTEM32;C:\WINDOWS\WinSxS\amd64_microsoft.windows.common-controls_6595b64144ccf1df_6.0.19041.1110_none_60b5254171f9507e;C:\Program Files\Android\Android Studio\jre\bin\server;C:\Users\Lenovo15\.gradle\native\e1d6ef7f7dcc3fd88c89a11ec53ec762bb8ba0a96d01ffa2cd45eb1d1d8dd5c5\windows-amd64;C:\Users\Lenovo15\.gradle\native\5664cfc778a61ccfe75a443a1ab52a65af34e5dc3c78e0209fed803814484fcb\windows-amd64

VM Arguments:
jvm_args: --add-opens=java.base/java.util=ALL-UNNAMED --add-opens=java.base/java.lang=ALL-UNNAMED --add-opens=java.base/java.lang.invoke=ALL-UNNAMED --add-opens=java.base/java.util=ALL-UNNAMED --add-opens=java.prefs/java.util.prefs=ALL-UNNAMED --add-opens=java.prefs/java.util.prefs=ALL-UNNAMED --add-opens=java.base/java.nio.charset=ALL-UNNAMED --add-opens=java.base/java.net=ALL-UNNAMED --add-opens=java.base/java.util.concurrent.atomic=ALL-UNNAMED -Xmx2048m -Dfile.encoding=UTF-8 -Duser.country=SV -Duser.language=es -Duser.variant 
java_command: org.gradle.launcher.daemon.bootstrap.GradleDaemon 7.3.3
java_class_path (initial): C:\Users\Lenovo15\.gradle\wrapper\dists\gradle-7.3.3-bin\6a41zxkdtcxs8rphpq6y0069z\gradle-7.3.3\lib\gradle-launcher-7.3.3.jar
Launcher Type: SUN_STANDARD

[Global flags]
     intx CICompilerCount                          = 4                                         {product} {ergonomic}
     uint ConcGCThreads                            = 2                                         {product} {ergonomic}
     uint G1ConcRefinementThreads                  = 8                                         {product} {ergonomic}
   size_t G1HeapRegionSize                         = 1048576                                   {product} {ergonomic}
    uintx GCDrainStackTargetSize                   = 64                                        {product} {ergonomic}
   size_t InitialHeapSize                          = 132120576                                 {product} {ergonomic}
   size_t MarkStackSize                            = 4194304                                   {product} {ergonomic}
   size_t MaxHeapSize                              = 2147483648                                {product} {command line}
   size_t MaxNewSize                               = 1287651328                                {product} {ergonomic}
   size_t MinHeapDeltaBytes                        = 1048576                                   {product} {ergonomic}
    uintx NonNMethodCodeHeapSize                   = 5836300                                {pd product} {ergonomic}
    uintx NonProfiledCodeHeapSize                  = 122910970                              {pd product} {ergonomic}
    uintx ProfiledCodeHeapSize                     = 122910970                              {pd product} {ergonomic}
    uintx ReservedCodeCacheSize                    = 251658240                              {pd product} {ergonomic}
     bool SegmentedCodeCache                       = true                                      {product} {ergonomic}
     bool UseCompressedClassPointers               = true                                 {lp64_product} {ergonomic}
     bool UseCompressedOops                        = true                                 {lp64_product} {ergonomic}
     bool UseG1GC                                  = true                                      {product} {ergonomic}
     bool UseLargePagesIndividualAllocation        = false                                  {pd product} {ergonomic}

Logging:
Log output configuration:
 #0: stdout all=warning uptime,level,tags
 #1: stderr all=off uptime,level,tags

Environment Variables:
JAVA_HOME=C:\Program Files\Java\jdk1.8.0_231
PATH=C:\Program Files (x86)\Common Files\Oracle\Java\javapath;C:\ProgramData\Oracle\Java\javapath;C:\Program Files (x86)\Intel\iCLS Client\;C:\Program Files\Intel\iCLS Client\;C:\WINDOWS\system32;C:\WINDOWS;C:\WINDOWS\System32\Wbem;C:\WINDOWS\System32\WindowsPowerShell\v1.0\;C:\Program Files (x86)\Intel\Intel(R) Management Engine Components\DAL;C:\Program Files\Intel\Intel(R) Management Engine Components\DAL;C:\Program Files (x86)\Intel\Intel(R) Management Engine Components\IPT;C:\Program Files\Intel\Intel(R) Management Engine Components\IPT;C:\Program Files (x86)\Common Files\Tom Sawyer Software\8.0.0;C:\Program Files (x86)\Common Files\Win Wrap\10.25.004;C:\WINDOWS\System32\OpenSSH\;C:\xampp\php;C:\Users\Lenovo15\AppData\Local\Android\Sdk\build-tools;C:\Users\Lenovo15\AppData\Local\Android\Sdk\tools;C:\Gradle\gradle-6.0.1\bin;C:\mongodb-win32-x86_64-windows-4.4.3\bin;C:\Program Files\nodejs\;C:\ProgramData\ComposerSetup\bin;C:\Program Files\Git\cmd;C:\Users\Lenovo15\AppData\Local\Microsoft\WindowsApps;C:\Gradle\gradle-6.0.1\bin;C:\Users\Lenovo15\AppData\Local\Programs\Microsoft VS Code\bin;C:\Users\Lenovo15\AppData\Local\Microsoft\WindowsApps;C:\Users\Lenovo15\AppData\Local\GitHubDesktop\bin;C:\Users\Lenovo15\AppData\Roaming\npm;C:\Users\Lenovo15\AppData\Roaming\Composer\vendor\bin;C:\Program Files\JetBrains\IntelliJ IDEA Community Edition 2021.3.2\bin;
USERNAME=Lenovo15
OS=Windows_NT
PROCESSOR_IDENTIFIER=Intel64 Family 6 Model 94 Stepping 3, GenuineIntel



---------------  S Y S T E M  ---------------

OS: Windows 10 , 64 bit Build 19041 (10.0.19041.1706)
OS uptime: 5 days 23:32 hours

CPU:total 8 (initial active 8) (4 cores per cpu, 2 threads per core) family 6 model 94 stepping 3 microcode 0xec, cmov, cx8, fxsr, mmx, sse, sse2, sse3, ssse3, sse4.1, sse4.2, popcnt, avx, avx2, aes, clmul, erms, rtm, 3dnowpref, lzcnt, ht, tsc, tscinvbit, bmi1, bmi2, adx, fma

Memory: 4k page, system-wide physical 8014M (322M free)
TotalPageFile size 8014M (AvailPageFile size 153M)
current process WorkingSet (physical memory assigned to process): 542M, peak: 652M
current process commit charge ("private bytes"): 781M, peak: 989M

vm_info: OpenJDK 64-Bit Server VM (11.0.12+7-b1504.28-7817840) for windows-amd64 JRE (11.0.12+7-b1504.28-7817840), built on Oct 13 2021 22:12:33 by "builder" with MS VC++ 14.0 (VS2015)

END.
