#
# There is insufficient memory for the Java Runtime Environment to continue.
# Native memory allocation (malloc) failed to allocate 942496 bytes for Chunk::new
# Possible reasons:
#   The system is out of physical RAM or swap space
#   The process is running with CompressedOops enabled, and the Java Heap may be blocking the growth of the native heap
# Possible solutions:
#   Reduce memory load on the system
#   Increase physical memory or swap space
#   Check if swap backing store is full
#   Decrease Java heap size (-Xmx/-Xms)
#   Decrease number of Java threads
#   Decrease Java thread stack sizes (-Xss)
#   Set larger code cache with -XX:ReservedCodeCacheSize=
#   JVM is running with Unscaled Compressed Oops mode in which the Java heap is
#     placed in the first 4GB address space. The Java Heap base address is the
#     maximum limit for the native heap growth. Please use -XX:HeapBaseMinAddress
#     to set the Java Heap base and to place the Java Heap above 4GB virtual address.
# This output file may be truncated or incomplete.
#
#  Out of Memory Error (./src/hotspot/share/memory/arena.cpp:197), pid=12104, tid=9816
#
# JRE version: OpenJDK Runtime Environment (11.0.12+7) (build 11.0.12+7-b1504.28-7817840)
# Java VM: OpenJDK 64-Bit Server VM (11.0.12+7-b1504.28-7817840, mixed mode, tiered, compressed oops, g1 gc, windows-amd64)
# No core dump will be written. Minidumps are not enabled by default on client versions of Windows
#

---------------  S U M M A R Y ------------

Command Line: --add-opens=java.base/java.util=ALL-UNNAMED --add-opens=java.base/java.lang=ALL-UNNAMED --add-opens=java.base/java.lang.invoke=ALL-UNNAMED --add-opens=java.base/java.util=ALL-UNNAMED --add-opens=java.prefs/java.util.prefs=ALL-UNNAMED --add-opens=java.prefs/java.util.prefs=ALL-UNNAMED --add-opens=java.base/java.nio.charset=ALL-UNNAMED --add-opens=java.base/java.net=ALL-UNNAMED --add-opens=java.base/java.util.concurrent.atomic=ALL-UNNAMED -Xmx2048m -Dfile.encoding=UTF-8 -Duser.country=SV -Duser.language=es -Duser.variant org.gradle.launcher.daemon.bootstrap.GradleDaemon 7.3.3

Host: Intel(R) Core(TM) i7-6700HQ CPU @ 2.60GHz, 8 cores, 7G,  Windows 10 , 64 bit Build 19041 (10.0.19041.1706)
Time: Tue May 31 22:02:02 2022 Hora estándar, América Central elapsed time: 15.843322 seconds (0d 0h 0m 15s)

---------------  T H R E A D  ---------------

Current thread (0x000001dc66c44000):  JavaThread "C2 CompilerThread0" daemon [_thread_in_native, id=9816, stack(0x0000001c3b000000,0x0000001c3b100000)]


Current CompileTask:
C2:  15843 6789       4       java.lang.Class::getAnnotation (22 bytes)

Stack: [0x0000001c3b000000,0x0000001c3b100000]
Native frames: (J=compiled Java code, j=interpreted, Vv=VM code, C=native code)
V  [jvm.dll+0x5fbcea]
V  [jvm.dll+0x731905]
V  [jvm.dll+0x732f1d]
V  [jvm.dll+0x7335d3]
V  [jvm.dll+0x247bf8]
V  [jvm.dll+0xc018c]
V  [jvm.dll+0xc06cc]
V  [jvm.dll+0x2bcc04]
V  [jvm.dll+0x5113a8]
V  [jvm.dll+0x208303]
V  [jvm.dll+0x201fe0]
V  [jvm.dll+0x1ff71f]
V  [jvm.dll+0x18868c]
V  [jvm.dll+0x20e0d7]
V  [jvm.dll+0x20c901]
V  [jvm.dll+0x6f9b7f]
V  [jvm.dll+0x6f26a5]
V  [jvm.dll+0x5fabf6]
C  [ucrtbase.dll+0x21bb2]
C  [KERNEL32.DLL+0x17034]
C  [ntdll.dll+0x52651]


---------------  P R O C E S S  ---------------

Threads class SMR info:
_java_thread_list=0x000001dc6e5edea0, length=124, elements={
0x000001dc4c790000, 0x000001dc66c24000, 0x000001dc66c25000, 0x000001dc66c3c800,
0x000001dc66c3d000, 0x000001dc66c3f000, 0x000001dc66c44000, 0x000001dc66c51000,
0x000001dc675f4000, 0x000001dc67742800, 0x000001dc697eb800, 0x000001dc682d8800,
0x000001dc69000800, 0x000001dc69986800, 0x000001dc69b0e800, 0x000001dc6a637800,
0x000001dc6a64a800, 0x000001dc4a671000, 0x000001dc68eb8000, 0x000001dc69c06800,
0x000001dc69c05800, 0x000001dc69c05000, 0x000001dc69c02800, 0x000001dc69c07000,
0x000001dc69c04000, 0x000001dc69c01800, 0x000001dc69c08000, 0x000001dc69c03000,
0x000001dc6a0f0800, 0x000001dc6a0ef000, 0x000001dc6a0f0000, 0x000001dc6a0ee800,
0x000001dc6a0f1800, 0x000001dc6a0ec000, 0x000001dc6a0f5000, 0x000001dc6a0f4000,
0x000001dc6a0f3000, 0x000001dc6a0f8000, 0x000001dc6a0f2800, 0x000001dc6a0f7000,
0x000001dc6a0f5800, 0x000001dc6a0f6800, 0x000001dc6a0f9000, 0x000001dc6a0f9800,
0x000001dc6a0fa800, 0x000001dc6c580000, 0x000001dc6c582000, 0x000001dc6c57d000,
0x000001dc6c57c000, 0x000001dc6c581000, 0x000001dc6c57d800, 0x000001dc6c582800,
0x000001dc6c57f800, 0x000001dc6c583800, 0x000001dc6c584000, 0x000001dc6c57e800,
0x000001dc6c585000, 0x000001dc6c586000, 0x000001dc6c58a800, 0x000001dc6c589000,
0x000001dc6c586800, 0x000001dc6c588800, 0x000001dc6c587800, 0x000001dc6c58a000,
0x000001dc68fec000, 0x000001dc68fe9800, 0x000001dc68feb000, 0x000001dc68fec800,
0x000001dc68fe7000, 0x000001dc68fed800, 0x000001dc68fea800, 0x000001dc68fe8000,
0x000001dc68fee800, 0x000001dc68fe8800, 0x000001dc68ff1000, 0x000001dc68ff4000,
0x000001dc68ff1800, 0x000001dc68fef000, 0x000001dc68ff5000, 0x000001dc68ff2800,
0x000001dc68ff0000, 0x000001dc68ff3000, 0x000001dc68ff5800, 0x000001dc682df000,
0x000001dc682dc800, 0x000001dc682df800, 0x000001dc682dd800, 0x000001dc682db000,
0x000001dc682da000, 0x000001dc682e0800, 0x000001dc682e1800, 0x000001dc682de000,
0x000001dc682db800, 0x000001dc682e5800, 0x000001dc682e7000, 0x000001dc682e4800,
0x000001dc682e6800, 0x000001dc682e8000, 0x000001dc682e2000, 0x000001dc682e8800,
0x000001dc682e4000, 0x000001dc682e3000, 0x000001dc6a089800, 0x000001dc6a08a800,
0x000001dc6a08b800, 0x000001dc6a08d000, 0x000001dc6a08e800, 0x000001dc6a092000,
0x000001dc6a08c000, 0x000001dc6a090800, 0x000001dc6a08f800, 0x000001dc6a091000,
0x000001dc6a092800, 0x000001dc6a093800, 0x000001dc6a08e000, 0x000001dc6a097000,
0x000001dc6a096000, 0x000001dc6a094800, 0x000001dc6a097800, 0x000001dc6a098800,
0x000001dc6a095000, 0x000001dc6b148000, 0x000001dc6ce98800, 0x000001dc6b146800
}

Java Threads: ( => current thread )
  0x000001dc4c790000 JavaThread "main" [_thread_blocked, id=10572, stack(0x0000001c3a400000,0x0000001c3a500000)]
  0x000001dc66c24000 JavaThread "Reference Handler" daemon [_thread_blocked, id=8616, stack(0x0000001c3ab00000,0x0000001c3ac00000)]
  0x000001dc66c25000 JavaThread "Finalizer" daemon [_thread_blocked, id=13856, stack(0x0000001c3ac00000,0x0000001c3ad00000)]
  0x000001dc66c3c800 JavaThread "Signal Dispatcher" daemon [_thread_blocked, id=9536, stack(0x0000001c3ad00000,0x0000001c3ae00000)]
  0x000001dc66c3d000 JavaThread "Attach Listener" daemon [_thread_blocked, id=9568, stack(0x0000001c3ae00000,0x0000001c3af00000)]
  0x000001dc66c3f000 JavaThread "Service Thread" daemon [_thread_blocked, id=9460, stack(0x0000001c3af00000,0x0000001c3b000000)]
=>0x000001dc66c44000 JavaThread "C2 CompilerThread0" daemon [_thread_in_native, id=9816, stack(0x0000001c3b000000,0x0000001c3b100000)]
  0x000001dc66c51000 JavaThread "C1 CompilerThread0" daemon [_thread_blocked, id=6588, stack(0x0000001c3b100000,0x0000001c3b200000)]
  0x000001dc675f4000 JavaThread "Sweeper thread" daemon [_thread_blocked, id=7208, stack(0x0000001c3b200000,0x0000001c3b300000)]
  0x000001dc67742800 JavaThread "Common-Cleaner" daemon [_thread_blocked, id=5156, stack(0x0000001c3b300000,0x0000001c3b400000)]
  0x000001dc697eb800 JavaThread "Daemon health stats" [_thread_blocked, id=7616, stack(0x0000001c3b900000,0x0000001c3ba00000)]
  0x000001dc682d8800 JavaThread "Incoming local TCP Connector on port 59226" [_thread_in_native, id=5324, stack(0x0000001c3b500000,0x0000001c3b600000)]
  0x000001dc69000800 JavaThread "Daemon periodic checks" [_thread_blocked, id=6192, stack(0x0000001c3b600000,0x0000001c3b700000)]
  0x000001dc69986800 JavaThread "Daemon" [_thread_blocked, id=13756, stack(0x0000001c3ba00000,0x0000001c3bb00000)]
  0x000001dc69b0e800 JavaThread "Handler for socket connection from /127.0.0.1:59226 to /127.0.0.1:59227" [_thread_in_native, id=5228, stack(0x0000001c3bb00000,0x0000001c3bc00000)]
  0x000001dc6a637800 JavaThread "Cancel handler" [_thread_blocked, id=2276, stack(0x0000001c3bc00000,0x0000001c3bd00000)]
  0x000001dc6a64a800 JavaThread "Daemon worker" [_thread_in_vm, id=8840, stack(0x0000001c3bd00000,0x0000001c3be00000)]
  0x000001dc4a671000 JavaThread "Asynchronous log dispatcher for DefaultDaemonConnection: socket connection from /127.0.0.1:59226 to /127.0.0.1:59227" [_thread_blocked, id=7748, stack(0x0000001c3be00000,0x0000001c3bf00000)]
  0x000001dc68eb8000 JavaThread "Stdin handler" [_thread_blocked, id=2064, stack(0x0000001c3bf00000,0x0000001c3c000000)]
  0x000001dc69c06800 JavaThread "Daemon client event forwarder" [_thread_blocked, id=10048, stack(0x0000001c3c000000,0x0000001c3c100000)]
  0x000001dc69c05800 JavaThread "Cache worker for journal cache (C:\Users\Lenovo15\.gradle\caches\journal-1)" [_thread_blocked, id=11236, stack(0x0000001c3c600000,0x0000001c3c700000)]
  0x000001dc69c05000 JavaThread "File lock request listener" [_thread_in_native, id=13556, stack(0x0000001c3c700000,0x0000001c3c800000)]
  0x000001dc69c02800 JavaThread "Cache worker for file hash cache (C:\Users\Lenovo15\.gradle\caches\7.3.3\fileHashes)" [_thread_blocked, id=8276, stack(0x0000001c3c800000,0x0000001c3c900000)]
  0x000001dc69c07000 JavaThread "Cache worker for file hash cache (C:\Users\Lenovo15\ONE-DRIVE\Documentos\KotlinPractical\Coupons\.gradle\7.3.3\fileHashes)" [_thread_blocked, id=7140, stack(0x0000001c3cb00000,0x0000001c3cc00000)]
  0x000001dc69c04000 JavaThread "File lock release action executor" [_thread_blocked, id=12788, stack(0x0000001c3cc00000,0x0000001c3cd00000)]
  0x000001dc69c01800 JavaThread "File watcher server" daemon [_thread_in_native, id=10884, stack(0x0000001c3ce00000,0x0000001c3cf00000)]
  0x000001dc69c08000 JavaThread "File watcher consumer" daemon [_thread_blocked, id=1908, stack(0x0000001c3cf00000,0x0000001c3d000000)]
  0x000001dc69c03000 JavaThread "Cache worker for checksums cache (C:\Users\Lenovo15\ONE-DRIVE\Documentos\KotlinPractical\Coupons\.gradle\7.3.3\checksums)" [_thread_blocked, id=9760, stack(0x0000001c3d000000,0x0000001c3d100000)]
  0x000001dc6a0f0800 JavaThread "Cache worker for cache directory md-supplier (C:\Users\Lenovo15\.gradle\caches\7.3.3\md-supplier)" [_thread_blocked, id=6908, stack(0x0000001c3d100000,0x0000001c3d200000)]
  0x000001dc6a0ef000 JavaThread "Cache worker for cache directory md-rule (C:\Users\Lenovo15\.gradle\caches\7.3.3\md-rule)" [_thread_blocked, id=8620, stack(0x0000001c3d200000,0x0000001c3d300000)]
  0x000001dc6a0f0000 JavaThread "Cache worker for execution history cache (C:\Users\Lenovo15\.gradle\caches\7.3.3\executionHistory)" [_thread_blocked, id=11940, stack(0x0000001c3ca00000,0x0000001c3cb00000)]
  0x000001dc6a0ee800 JavaThread "jar transforms" [_thread_blocked, id=12888, stack(0x0000001c3cd00000,0x0000001c3ce00000)]
  0x000001dc6a0f1800 JavaThread "jar transforms Thread 2" [_thread_blocked, id=688, stack(0x0000001c3d400000,0x0000001c3d500000)]
  0x000001dc6a0ec000 JavaThread "Cache worker for file content cache (C:\Users\Lenovo15\.gradle\caches\7.3.3\fileContent)" [_thread_blocked, id=7448, stack(0x0000001c3d600000,0x0000001c3d700000)]
  0x000001dc6a0f5000 JavaThread "jar transforms Thread 3" [_thread_blocked, id=10052, stack(0x0000001c3d700000,0x0000001c3d800000)]
  0x000001dc6a0f4000 JavaThread "jar transforms Thread 4" [_thread_blocked, id=1776, stack(0x0000001c3d800000,0x0000001c3d900000)]
  0x000001dc6a0f3000 JavaThread "jar transforms Thread 5" [_thread_blocked, id=9408, stack(0x0000001c3d900000,0x0000001c3da00000)]
  0x000001dc6a0f8000 JavaThread "jar transforms Thread 6" [_thread_blocked, id=9844, stack(0x0000001c3da00000,0x0000001c3db00000)]
  0x000001dc6a0f2800 JavaThread "Cache worker for dependencies-accessors (C:\Users\Lenovo15\ONE-DRIVE\Documentos\KotlinPractical\Coupons\.gradle\7.3.3\dependencies-accessors)" [_thread_blocked, id=8124, stack(0x0000001c3db00000,0x0000001c3dc00000)]
  0x000001dc6a0f7000 JavaThread "jar transforms Thread 7" [_thread_blocked, id=9996, stack(0x0000001c3d500000,0x0000001c3d600000)]
  0x000001dc6a0f5800 JavaThread "Cache worker for Build Output Cleanup Cache (C:\Users\Lenovo15\ONE-DRIVE\Documentos\KotlinPractical\Coupons\.gradle\buildOutputCleanup)" [_thread_blocked, id=2508, stack(0x0000001c3dc00000,0x0000001c3dd00000)]
  0x000001dc6a0f6800 JavaThread "Unconstrained build operations" [_thread_blocked, id=9516, stack(0x0000001c3dd00000,0x0000001c3de00000)]
  0x000001dc6a0f9000 JavaThread "Unconstrained build operations Thread 2" [_thread_blocked, id=7952, stack(0x0000001c3de00000,0x0000001c3df00000)]
  0x000001dc6a0f9800 JavaThread "Unconstrained build operations Thread 3" [_thread_blocked, id=7464, stack(0x0000001c3df00000,0x0000001c3e000000)]
  0x000001dc6a0fa800 JavaThread "Unconstrained build operations Thread 4" [_thread_blocked, id=8864, stack(0x0000001c3e000000,0x0000001c3e100000)]
  0x000001dc6c580000 JavaThread "Unconstrained build operations Thread 5" [_thread_blocked, id=10120, stack(0x0000001c3e100000,0x0000001c3e200000)]
  0x000001dc6c582000 JavaThread "Unconstrained build operations Thread 6" [_thread_blocked, id=6196, stack(0x0000001c3e200000,0x0000001c3e300000)]
  0x000001dc6c57d000 JavaThread "Unconstrained build operations Thread 7" [_thread_blocked, id=5940, stack(0x0000001c3e300000,0x0000001c3e400000)]
  0x000001dc6c57c000 JavaThread "Unconstrained build operations Thread 8" [_thread_blocked, id=8544, stack(0x0000001c3e400000,0x0000001c3e500000)]
  0x000001dc6c581000 JavaThread "Unconstrained build operations Thread 9" [_thread_blocked, id=11700, stack(0x0000001c3e500000,0x0000001c3e600000)]
  0x000001dc6c57d800 JavaThread "Unconstrained build operations Thread 10" [_thread_blocked, id=9572, stack(0x0000001c3e600000,0x0000001c3e700000)]
  0x000001dc6c582800 JavaThread "Unconstrained build operations Thread 11" [_thread_blocked, id=5284, stack(0x0000001c3e700000,0x0000001c3e800000)]
  0x000001dc6c57f800 JavaThread "Unconstrained build operations Thread 12" [_thread_blocked, id=1444, stack(0x0000001c3e800000,0x0000001c3e900000)]
  0x000001dc6c583800 JavaThread "Unconstrained build operations Thread 13" [_thread_blocked, id=1100, stack(0x0000001c3e900000,0x0000001c3ea00000)]
  0x000001dc6c584000 JavaThread "Unconstrained build operations Thread 14" [_thread_blocked, id=2644, stack(0x0000001c3ea00000,0x0000001c3eb00000)]
  0x000001dc6c57e800 JavaThread "Unconstrained build operations Thread 15" [_thread_blocked, id=9848, stack(0x0000001c3eb00000,0x0000001c3ec00000)]
  0x000001dc6c585000 JavaThread "Unconstrained build operations Thread 16" [_thread_blocked, id=8924, stack(0x0000001c3ec00000,0x0000001c3ed00000)]
  0x000001dc6c586000 JavaThread "Unconstrained build operations Thread 17" [_thread_blocked, id=3832, stack(0x0000001c3ed00000,0x0000001c3ee00000)]
  0x000001dc6c58a800 JavaThread "Unconstrained build operations Thread 18" [_thread_blocked, id=3700, stack(0x0000001c3ee00000,0x0000001c3ef00000)]
  0x000001dc6c589000 JavaThread "Unconstrained build operations Thread 19" [_thread_blocked, id=12980, stack(0x0000001c3ef00000,0x0000001c3f000000)]
  0x000001dc6c586800 JavaThread "Unconstrained build operations Thread 20" [_thread_blocked, id=7940, stack(0x0000001c3f000000,0x0000001c3f100000)]
  0x000001dc6c588800 JavaThread "Unconstrained build operations Thread 21" [_thread_blocked, id=11824, stack(0x0000001c3f100000,0x0000001c3f200000)]
  0x000001dc6c587800 JavaThread "Unconstrained build operations Thread 22" [_thread_blocked, id=5620, stack(0x0000001c3f200000,0x0000001c3f300000)]
  0x000001dc6c58a000 JavaThread "Unconstrained build operations Thread 23" [_thread_blocked, id=5268, stack(0x0000001c3f300000,0x0000001c3f400000)]
  0x000001dc68fec000 JavaThread "Unconstrained build operations Thread 24" [_thread_blocked, id=11536, stack(0x0000001c3f400000,0x0000001c3f500000)]
  0x000001dc68fe9800 JavaThread "Unconstrained build operations Thread 25" [_thread_blocked, id=11896, stack(0x0000001c3f500000,0x0000001c3f600000)]
  0x000001dc68feb000 JavaThread "Unconstrained build operations Thread 26" [_thread_blocked, id=9388, stack(0x0000001c3f600000,0x0000001c3f700000)]
  0x000001dc68fec800 JavaThread "Unconstrained build operations Thread 27" [_thread_blocked, id=8504, stack(0x0000001c3f700000,0x0000001c3f800000)]
  0x000001dc68fe7000 JavaThread "Unconstrained build operations Thread 28" [_thread_blocked, id=8928, stack(0x0000001c3f800000,0x0000001c3f900000)]
  0x000001dc68fed800 JavaThread "Unconstrained build operations Thread 29" [_thread_blocked, id=7896, stack(0x0000001c3f900000,0x0000001c3fa00000)]
  0x000001dc68fea800 JavaThread "Unconstrained build operations Thread 30" [_thread_blocked, id=9060, stack(0x0000001c3fa00000,0x0000001c3fb00000)]
  0x000001dc68fe8000 JavaThread "Unconstrained build operations Thread 31" [_thread_blocked, id=1480, stack(0x0000001c3fb00000,0x0000001c3fc00000)]
  0x000001dc68fee800 JavaThread "Unconstrained build operations Thread 32" [_thread_blocked, id=10540, stack(0x0000001c3fc00000,0x0000001c3fd00000)]
  0x000001dc68fe8800 JavaThread "Unconstrained build operations Thread 33" [_thread_blocked, id=9808, stack(0x0000001c3fd00000,0x0000001c3fe00000)]
  0x000001dc68ff1000 JavaThread "Unconstrained build operations Thread 34" [_thread_blocked, id=8572, stack(0x0000001c3fe00000,0x0000001c3ff00000)]
  0x000001dc68ff4000 JavaThread "Unconstrained build operations Thread 35" [_thread_blocked, id=13644, stack(0x0000001c3ff00000,0x0000001c40000000)]
  0x000001dc68ff1800 JavaThread "Unconstrained build operations Thread 36" [_thread_blocked, id=13640, stack(0x0000001c40000000,0x0000001c40100000)]
  0x000001dc68fef000 JavaThread "Unconstrained build operations Thread 37" [_thread_blocked, id=4908, stack(0x0000001c40100000,0x0000001c40200000)]
  0x000001dc68ff5000 JavaThread "Unconstrained build operations Thread 38" [_thread_blocked, id=1912, stack(0x0000001c40200000,0x0000001c40300000)]
  0x000001dc68ff2800 JavaThread "Unconstrained build operations Thread 39" [_thread_blocked, id=1128, stack(0x0000001c40300000,0x0000001c40400000)]
  0x000001dc68ff0000 JavaThread "Unconstrained build operations Thread 40" [_thread_blocked, id=14192, stack(0x0000001c40400000,0x0000001c40500000)]
  0x000001dc68ff3000 JavaThread "Unconstrained build operations Thread 41" [_thread_blocked, id=9080, stack(0x0000001c40500000,0x0000001c40600000)]
  0x000001dc68ff5800 JavaThread "Unconstrained build operations Thread 42" [_thread_blocked, id=11044, stack(0x0000001c40600000,0x0000001c40700000)]
  0x000001dc682df000 JavaThread "Unconstrained build operations Thread 43" [_thread_blocked, id=12252, stack(0x0000001c40700000,0x0000001c40800000)]
  0x000001dc682dc800 JavaThread "Unconstrained build operations Thread 44" [_thread_blocked, id=9712, stack(0x0000001c40800000,0x0000001c40900000)]
  0x000001dc682df800 JavaThread "Unconstrained build operations Thread 45" [_thread_blocked, id=11376, stack(0x0000001c40900000,0x0000001c40a00000)]
  0x000001dc682dd800 JavaThread "Unconstrained build operations Thread 46" [_thread_blocked, id=12536, stack(0x0000001c40a00000,0x0000001c40b00000)]
  0x000001dc682db000 JavaThread "Unconstrained build operations Thread 47" [_thread_blocked, id=11956, stack(0x0000001c40b00000,0x0000001c40c00000)]
  0x000001dc682da000 JavaThread "Unconstrained build operations Thread 48" [_thread_blocked, id=6284, stack(0x0000001c40c00000,0x0000001c40d00000)]
  0x000001dc682e0800 JavaThread "Unconstrained build operations Thread 49" [_thread_blocked, id=4552, stack(0x0000001c40d00000,0x0000001c40e00000)]
  0x000001dc682e1800 JavaThread "Unconstrained build operations Thread 50" [_thread_blocked, id=4464, stack(0x0000001c40e00000,0x0000001c40f00000)]
  0x000001dc682de000 JavaThread "Unconstrained build operations Thread 51" [_thread_blocked, id=13564, stack(0x0000001c40f00000,0x0000001c41000000)]
  0x000001dc682db800 JavaThread "Unconstrained build operations Thread 52" [_thread_blocked, id=1900, stack(0x0000001c41000000,0x0000001c41100000)]
  0x000001dc682e5800 JavaThread "Unconstrained build operations Thread 53" [_thread_blocked, id=8832, stack(0x0000001c41100000,0x0000001c41200000)]
  0x000001dc682e7000 JavaThread "Unconstrained build operations Thread 54" [_thread_blocked, id=1400, stack(0x0000001c41200000,0x0000001c41300000)]
  0x000001dc682e4800 JavaThread "Unconstrained build operations Thread 55" [_thread_blocked, id=8964, stack(0x0000001c41300000,0x0000001c41400000)]
  0x000001dc682e6800 JavaThread "Unconstrained build operations Thread 56" [_thread_blocked, id=11372, stack(0x0000001c41400000,0x0000001c41500000)]
  0x000001dc682e8000 JavaThread "Unconstrained build operations Thread 57" [_thread_blocked, id=12424, stack(0x0000001c41500000,0x0000001c41600000)]
  0x000001dc682e2000 JavaThread "Unconstrained build operations Thread 58" [_thread_blocked, id=14280, stack(0x0000001c41600000,0x0000001c41700000)]
  0x000001dc682e8800 JavaThread "Unconstrained build operations Thread 59" [_thread_blocked, id=11220, stack(0x0000001c41700000,0x0000001c41800000)]
  0x000001dc682e4000 JavaThread "Unconstrained build operations Thread 60" [_thread_blocked, id=6256, stack(0x0000001c41800000,0x0000001c41900000)]
  0x000001dc682e3000 JavaThread "Unconstrained build operations Thread 61" [_thread_blocked, id=9452, stack(0x0000001c41900000,0x0000001c41a00000)]
  0x000001dc6a089800 JavaThread "Unconstrained build operations Thread 62" [_thread_blocked, id=10300, stack(0x0000001c41a00000,0x0000001c41b00000)]
  0x000001dc6a08a800 JavaThread "Unconstrained build operations Thread 63" [_thread_blocked, id=13148, stack(0x0000001c41b00000,0x0000001c41c00000)]
  0x000001dc6a08b800 JavaThread "Unconstrained build operations Thread 64" [_thread_blocked, id=11164, stack(0x0000001c41c00000,0x0000001c41d00000)]
  0x000001dc6a08d000 JavaThread "Unconstrained build operations Thread 65" [_thread_blocked, id=12280, stack(0x0000001c41d00000,0x0000001c41e00000)]
  0x000001dc6a08e800 JavaThread "Unconstrained build operations Thread 66" [_thread_blocked, id=11496, stack(0x0000001c41e00000,0x0000001c41f00000)]
  0x000001dc6a092000 JavaThread "Unconstrained build operations Thread 67" [_thread_blocked, id=4356, stack(0x0000001c41f00000,0x0000001c42000000)]
  0x000001dc6a08c000 JavaThread "Unconstrained build operations Thread 68" [_thread_blocked, id=9048, stack(0x0000001c42000000,0x0000001c42100000)]
  0x000001dc6a090800 JavaThread "Unconstrained build operations Thread 69" [_thread_blocked, id=4836, stack(0x0000001c42100000,0x0000001c42200000)]
  0x000001dc6a08f800 JavaThread "Unconstrained build operations Thread 70" [_thread_blocked, id=13628, stack(0x0000001c42200000,0x0000001c42300000)]
  0x000001dc6a091000 JavaThread "Unconstrained build operations Thread 71" [_thread_blocked, id=6676, stack(0x0000001c42300000,0x0000001c42400000)]
  0x000001dc6a092800 JavaThread "Unconstrained build operations Thread 72" [_thread_blocked, id=13944, stack(0x0000001c42400000,0x0000001c42500000)]
  0x000001dc6a093800 JavaThread "Unconstrained build operations Thread 73" [_thread_blocked, id=13408, stack(0x0000001c42500000,0x0000001c42600000)]
  0x000001dc6a08e000 JavaThread "Unconstrained build operations Thread 74" [_thread_blocked, id=9592, stack(0x0000001c42600000,0x0000001c42700000)]
  0x000001dc6a097000 JavaThread "Unconstrained build operations Thread 75" [_thread_blocked, id=13836, stack(0x0000001c42700000,0x0000001c42800000)]
  0x000001dc6a096000 JavaThread "Unconstrained build operations Thread 76" [_thread_blocked, id=11644, stack(0x0000001c42800000,0x0000001c42900000)]
  0x000001dc6a094800 JavaThread "Unconstrained build operations Thread 77" [_thread_blocked, id=13460, stack(0x0000001c42900000,0x0000001c42a00000)]
  0x000001dc6a097800 JavaThread "Unconstrained build operations Thread 78" [_thread_blocked, id=8540, stack(0x0000001c42a00000,0x0000001c42b00000)]
  0x000001dc6a098800 JavaThread "Unconstrained build operations Thread 79" [_thread_blocked, id=12492, stack(0x0000001c42b00000,0x0000001c42c00000)]
  0x000001dc6a095000 JavaThread "Unconstrained build operations Thread 80" [_thread_blocked, id=4064, stack(0x0000001c42c00000,0x0000001c42d00000)]
  0x000001dc6b148000 JavaThread "jar transforms Thread 8" [_thread_blocked, id=7592, stack(0x0000001c42e00000,0x0000001c42f00000)]
  0x000001dc6ce98800 JavaThread "C2 CompilerThread1" daemon [_thread_in_native, id=7328, stack(0x0000001c3d300000,0x0000001c3d400000)]
  0x000001dc6b146800 JavaThread "Memory manager" [_thread_blocked, id=11584, stack(0x0000001c42d00000,0x0000001c42e00000)]

Other Threads:
  0x000001dc66c1f800 VMThread "VM Thread" [stack: 0x0000001c3aa00000,0x0000001c3ab00000] [id=9836]
  0x000001dc677a0000 WatcherThread [stack: 0x0000001c3b400000,0x0000001c3b500000] [id=7056]
  0x000001dc4c7a7800 GCTaskThread "GC Thread#0" [stack: 0x0000001c3a500000,0x0000001c3a600000] [id=14164]
  0x000001dc67b30800 GCTaskThread "GC Thread#1" [stack: 0x0000001c3b700000,0x0000001c3b800000] [id=596]
  0x000001dc681ee800 GCTaskThread "GC Thread#2" [stack: 0x0000001c3b800000,0x0000001c3b900000] [id=13224]
  0x000001dc69b43000 GCTaskThread "GC Thread#3" [stack: 0x0000001c3c100000,0x0000001c3c200000] [id=7116]
  0x000001dc69128800 GCTaskThread "GC Thread#4" [stack: 0x0000001c3c200000,0x0000001c3c300000] [id=3648]
  0x000001dc68818800 GCTaskThread "GC Thread#5" [stack: 0x0000001c3c300000,0x0000001c3c400000] [id=728]
  0x000001dc6849f000 GCTaskThread "GC Thread#6" [stack: 0x0000001c3c400000,0x0000001c3c500000] [id=2456]
  0x000001dc6a2bf800 GCTaskThread "GC Thread#7" [stack: 0x0000001c3c500000,0x0000001c3c600000] [id=10944]
  0x000001dc4c7da000 ConcurrentGCThread "G1 Main Marker" [stack: 0x0000001c3a600000,0x0000001c3a700000] [id=996]
  0x000001dc4c7db800 ConcurrentGCThread "G1 Conc#0" [stack: 0x0000001c3a700000,0x0000001c3a800000] [id=11368]
  0x000001dc6a8f3000 ConcurrentGCThread "G1 Conc#1" [stack: 0x0000001c3c900000,0x0000001c3ca00000] [id=3052]
  0x000001dc66a70800 ConcurrentGCThread "G1 Refine#0" [stack: 0x0000001c3a800000,0x0000001c3a900000] [id=1376]
  0x000001dc66a71800 ConcurrentGCThread "G1 Young RemSet Sampling" [stack: 0x0000001c3a900000,0x0000001c3aa00000] [id=8292]

Threads with active compile tasks:
C2 CompilerThread0  16015 6789       4       java.lang.Class::getAnnotation (22 bytes)
C2 CompilerThread1  16015 6880       4       java.lang.reflect.Method::getGenericReturnType (20 bytes)

VM state:not at safepoint (normal execution)

VM Mutex/Monitor currently owned by a thread: None

Heap address: 0x0000000080000000, size: 2048 MB, Compressed Oops mode: 32-bit
Narrow klass base: 0x0000000000000000, Narrow klass shift: 3
Compressed class space size: 1073741824 Address: 0x0000000100000000

Heap:
 garbage-first heap   total 155648K, used 114846K [0x0000000080000000, 0x0000000100000000)
  region size 1024K, 57 young (58368K), 3 survivors (3072K)
 Metaspace       used 69443K, capacity 70913K, committed 71296K, reserved 1112064K
  class space    used 8778K, capacity 9392K, committed 9472K, reserved 1048576K
Heap Regions: E=young(eden), S=young(survivor), O=old, HS=humongous(starts), HC=humongous(continues), CS=collection set, F=free, A=archive, TAMS=top-at-mark-start (previous, next)
|   0|0x0000000080000000, 0x0000000080100000, 0x0000000080100000|100%| O|  |TAMS 0x0000000080100000, 0x0000000080000000| Untracked 
|   1|0x0000000080100000, 0x0000000080200000, 0x0000000080200000|100%| O|  |TAMS 0x0000000080200000, 0x0000000080100000| Untracked 
|   2|0x0000000080200000, 0x0000000080300000, 0x0000000080300000|100%| O|  |TAMS 0x0000000080300000, 0x0000000080200000| Untracked 
|   3|0x0000000080300000, 0x0000000080400000, 0x0000000080400000|100%|HS|  |TAMS 0x0000000080400000, 0x0000000080300000| Complete 
|   4|0x0000000080400000, 0x0000000080500000, 0x0000000080500000|100%|HC|  |TAMS 0x0000000080500000, 0x0000000080400000| Complete 
|   5|0x0000000080500000, 0x0000000080600000, 0x0000000080600000|100%|HC|  |TAMS 0x0000000080600000, 0x0000000080500000| Complete 
|   6|0x0000000080600000, 0x0000000080700000, 0x0000000080700000|100%| O|  |TAMS 0x0000000080700000, 0x0000000080600000| Untracked 
|   7|0x0000000080700000, 0x0000000080800000, 0x0000000080800000|100%| O|  |TAMS 0x0000000080800000, 0x0000000080700000| Untracked 
|   8|0x0000000080800000, 0x0000000080900000, 0x0000000080900000|100%| O|  |TAMS 0x0000000080900000, 0x0000000080800000| Untracked 
|   9|0x0000000080900000, 0x0000000080a00000, 0x0000000080a00000|100%| O|  |TAMS 0x0000000080a00000, 0x0000000080900000| Untracked 
|  10|0x0000000080a00000, 0x0000000080b00000, 0x0000000080b00000|100%| O|  |TAMS 0x0000000080b00000, 0x0000000080a00000| Untracked 
|  11|0x0000000080b00000, 0x0000000080c00000, 0x0000000080c00000|100%| O|  |TAMS 0x0000000080c00000, 0x0000000080b00000| Untracked 
|  12|0x0000000080c00000, 0x0000000080d00000, 0x0000000080d00000|100%| O|  |TAMS 0x0000000080d00000, 0x0000000080c00000| Untracked 
|  13|0x0000000080d00000, 0x0000000080e00000, 0x0000000080e00000|100%| O|  |TAMS 0x0000000080e00000, 0x0000000080d00000| Untracked 
|  14|0x0000000080e00000, 0x0000000080f00000, 0x0000000080f00000|100%| O|  |TAMS 0x0000000080f00000, 0x0000000080e00000| Untracked 
|  15|0x0000000080f00000, 0x0000000081000000, 0x0000000081000000|100%| O|  |TAMS 0x0000000081000000, 0x0000000080f00000| Untracked 
|  16|0x0000000081000000, 0x0000000081100000, 0x0000000081100000|100%| O|  |TAMS 0x0000000081100000, 0x0000000081000000| Untracked 
|  17|0x0000000081100000, 0x0000000081200000, 0x0000000081200000|100%|HS|  |TAMS 0x0000000081200000, 0x0000000081100000| Complete 
|  18|0x0000000081200000, 0x0000000081300000, 0x0000000081300000|100%| O|  |TAMS 0x0000000081300000, 0x0000000081200000| Untracked 
|  19|0x0000000081300000, 0x0000000081400000, 0x0000000081400000|100%| O|  |TAMS 0x0000000081400000, 0x0000000081300000| Untracked 
|  20|0x0000000081400000, 0x0000000081500000, 0x0000000081500000|100%| O|  |TAMS 0x0000000081500000, 0x0000000081400000| Untracked 
|  21|0x0000000081500000, 0x0000000081600000, 0x0000000081600000|100%| O|  |TAMS 0x0000000081600000, 0x0000000081500000| Untracked 
|  22|0x0000000081600000, 0x0000000081700000, 0x0000000081700000|100%| O|  |TAMS 0x0000000081700000, 0x0000000081600000| Untracked 
|  23|0x0000000081700000, 0x0000000081800000, 0x0000000081800000|100%| O|  |TAMS 0x0000000081800000, 0x0000000081700000| Untracked 
|  24|0x0000000081800000, 0x0000000081900000, 0x0000000081900000|100%| O|  |TAMS 0x0000000081900000, 0x0000000081800000| Untracked 
|  25|0x0000000081900000, 0x0000000081a00000, 0x0000000081a00000|100%| O|  |TAMS 0x0000000081a00000, 0x0000000081900000| Untracked 
|  26|0x0000000081a00000, 0x0000000081b00000, 0x0000000081b00000|100%| O|  |TAMS 0x0000000081b00000, 0x0000000081a00000| Untracked 
|  27|0x0000000081b00000, 0x0000000081c00000, 0x0000000081c00000|100%| O|  |TAMS 0x0000000081c00000, 0x0000000081b00000| Untracked 
|  28|0x0000000081c00000, 0x0000000081d00000, 0x0000000081d00000|100%| O|  |TAMS 0x0000000081d00000, 0x0000000081c00000| Untracked 
|  29|0x0000000081d00000, 0x0000000081e00000, 0x0000000081e00000|100%|HS|  |TAMS 0x0000000081e00000, 0x0000000081d00000| Complete 
|  30|0x0000000081e00000, 0x0000000081f00000, 0x0000000081f00000|100%|HS|  |TAMS 0x0000000081f00000, 0x0000000081e00000| Complete 
|  31|0x0000000081f00000, 0x0000000082000000, 0x0000000082000000|100%|HS|  |TAMS 0x0000000082000000, 0x0000000081f00000| Complete 
|  32|0x0000000082000000, 0x0000000082100000, 0x0000000082100000|100%|HC|  |TAMS 0x0000000082100000, 0x0000000082000000| Complete 
|  33|0x0000000082100000, 0x0000000082200000, 0x0000000082200000|100%|HC|  |TAMS 0x0000000082200000, 0x0000000082100000| Complete 
|  34|0x0000000082200000, 0x0000000082300000, 0x0000000082300000|100%|HS|  |TAMS 0x0000000082300000, 0x0000000082200000| Complete 
|  35|0x0000000082300000, 0x0000000082400000, 0x0000000082400000|100%|HC|  |TAMS 0x0000000082400000, 0x0000000082300000| Complete 
|  36|0x0000000082400000, 0x0000000082500000, 0x0000000082500000|100%| O|  |TAMS 0x0000000082500000, 0x0000000082400000| Untracked 
|  37|0x0000000082500000, 0x0000000082600000, 0x0000000082600000|100%| O|  |TAMS 0x0000000082600000, 0x0000000082500000| Untracked 
|  38|0x0000000082600000, 0x0000000082700000, 0x0000000082700000|100%| O|  |TAMS 0x0000000082700000, 0x0000000082600000| Untracked 
|  39|0x0000000082700000, 0x0000000082800000, 0x0000000082800000|100%| O|  |TAMS 0x0000000082800000, 0x0000000082700000| Untracked 
|  40|0x0000000082800000, 0x0000000082900000, 0x0000000082900000|100%| O|  |TAMS 0x0000000082900000, 0x0000000082800000| Untracked 
|  41|0x0000000082900000, 0x0000000082a00000, 0x0000000082a00000|100%| O|  |TAMS 0x0000000082a00000, 0x0000000082900000| Untracked 
|  42|0x0000000082a00000, 0x0000000082b00000, 0x0000000082b00000|100%| O|  |TAMS 0x0000000082b00000, 0x0000000082a00000| Untracked 
|  43|0x0000000082b00000, 0x0000000082c00000, 0x0000000082c00000|100%| O|  |TAMS 0x0000000082c00000, 0x0000000082b00000| Untracked 
|  44|0x0000000082c00000, 0x0000000082d00000, 0x0000000082d00000|100%| O|  |TAMS 0x0000000082d00000, 0x0000000082c00000| Untracked 
|  45|0x0000000082d00000, 0x0000000082e00000, 0x0000000082e00000|100%| O|  |TAMS 0x0000000082e00000, 0x0000000082d00000| Untracked 
|  46|0x0000000082e00000, 0x0000000082f00000, 0x0000000082f00000|100%| O|  |TAMS 0x0000000082f00000, 0x0000000082e00000| Untracked 
|  47|0x0000000082f00000, 0x0000000083000000, 0x0000000083000000|100%| O|  |TAMS 0x0000000083000000, 0x0000000082f00000| Untracked 
|  48|0x0000000083000000, 0x0000000083100000, 0x0000000083100000|100%| O|  |TAMS 0x0000000083100000, 0x0000000083000000| Untracked 
|  49|0x0000000083100000, 0x0000000083100000, 0x0000000083200000|  0%| F|  |TAMS 0x0000000083100000, 0x0000000083100000| Untracked 
|  50|0x0000000083200000, 0x0000000083300000, 0x0000000083300000|100%| O|  |TAMS 0x0000000083300000, 0x0000000083200000| Untracked 
|  51|0x0000000083300000, 0x0000000083400000, 0x0000000083400000|100%| O|  |TAMS 0x0000000083400000, 0x0000000083300000| Untracked 
|  52|0x0000000083400000, 0x0000000083500000, 0x0000000083500000|100%| O|  |TAMS 0x0000000083500000, 0x0000000083400000| Untracked 
|  53|0x0000000083500000, 0x0000000083600000, 0x0000000083600000|100%| O|  |TAMS 0x0000000083600000, 0x0000000083500000| Untracked 
|  54|0x0000000083600000, 0x0000000083700000, 0x0000000083700000|100%| O|  |TAMS 0x0000000083700000, 0x0000000083600000| Untracked 
|  55|0x0000000083700000, 0x0000000083800000, 0x0000000083800000|100%| O|  |TAMS 0x0000000083800000, 0x0000000083700000| Untracked 
|  56|0x0000000083800000, 0x0000000083900000, 0x0000000083900000|100%| O|  |TAMS 0x0000000083900000, 0x0000000083800000| Untracked 
|  57|0x0000000083900000, 0x0000000083989400, 0x0000000083a00000| 53%| O|  |TAMS 0x0000000083989400, 0x0000000083900000| Untracked 
|  58|0x0000000083a00000, 0x0000000083a00000, 0x0000000083b00000|  0%| F|  |TAMS 0x0000000083a00000, 0x0000000083a00000| Untracked 
|  59|0x0000000083b00000, 0x0000000083b00000, 0x0000000083c00000|  0%| F|  |TAMS 0x0000000083b00000, 0x0000000083b00000| Untracked 
|  60|0x0000000083c00000, 0x0000000083c00000, 0x0000000083d00000|  0%| F|  |TAMS 0x0000000083c00000, 0x0000000083c00000| Untracked 
|  61|0x0000000083d00000, 0x0000000083d00000, 0x0000000083e00000|  0%| F|  |TAMS 0x0000000083d00000, 0x0000000083d00000| Untracked 
|  62|0x0000000083e00000, 0x0000000083e00000, 0x0000000083f00000|  0%| F|  |TAMS 0x0000000083e00000, 0x0000000083e00000| Untracked 
|  63|0x0000000083f00000, 0x0000000083f00000, 0x0000000084000000|  0%| F|  |TAMS 0x0000000083f00000, 0x0000000083f00000| Untracked 
|  64|0x0000000084000000, 0x0000000084000000, 0x0000000084100000|  0%| F|  |TAMS 0x0000000084000000, 0x0000000084000000| Untracked 
|  65|0x0000000084100000, 0x0000000084100000, 0x0000000084200000|  0%| F|  |TAMS 0x0000000084100000, 0x0000000084100000| Untracked 
|  66|0x0000000084200000, 0x0000000084200000, 0x0000000084300000|  0%| F|  |TAMS 0x0000000084200000, 0x0000000084200000| Untracked 
|  67|0x0000000084300000, 0x0000000084300000, 0x0000000084400000|  0%| F|  |TAMS 0x0000000084300000, 0x0000000084300000| Untracked 
|  68|0x0000000084400000, 0x0000000084400000, 0x0000000084500000|  0%| F|  |TAMS 0x0000000084400000, 0x0000000084400000| Untracked 
|  69|0x0000000084500000, 0x0000000084500000, 0x0000000084600000|  0%| F|  |TAMS 0x0000000084500000, 0x0000000084500000| Untracked 
|  70|0x0000000084600000, 0x0000000084600000, 0x0000000084700000|  0%| F|  |TAMS 0x0000000084600000, 0x0000000084600000| Untracked 
|  71|0x0000000084700000, 0x0000000084700000, 0x0000000084800000|  0%| F|  |TAMS 0x0000000084700000, 0x0000000084700000| Untracked 
|  72|0x0000000084800000, 0x0000000084800000, 0x0000000084900000|  0%| F|  |TAMS 0x0000000084800000, 0x0000000084800000| Untracked 
|  73|0x0000000084900000, 0x0000000084900000, 0x0000000084a00000|  0%| F|  |TAMS 0x0000000084900000, 0x0000000084900000| Untracked 
|  74|0x0000000084a00000, 0x0000000084a00000, 0x0000000084b00000|  0%| F|  |TAMS 0x0000000084a00000, 0x0000000084a00000| Untracked 
|  75|0x0000000084b00000, 0x0000000084b00000, 0x0000000084c00000|  0%| F|  |TAMS 0x0000000084b00000, 0x0000000084b00000| Untracked 
|  76|0x0000000084c00000, 0x0000000084c00000, 0x0000000084d00000|  0%| F|  |TAMS 0x0000000084c00000, 0x0000000084c00000| Untracked 
|  77|0x0000000084d00000, 0x0000000084d00000, 0x0000000084e00000|  0%| F|  |TAMS 0x0000000084d00000, 0x0000000084d00000| Untracked 
|  78|0x0000000084e00000, 0x0000000084e00000, 0x0000000084f00000|  0%| F|  |TAMS 0x0000000084e00000, 0x0000000084e00000| Untracked 
|  79|0x0000000084f00000, 0x0000000084f00000, 0x0000000085000000|  0%| F|  |TAMS 0x0000000084f00000, 0x0000000084f00000| Untracked 
|  80|0x0000000085000000, 0x0000000085000000, 0x0000000085100000|  0%| F|  |TAMS 0x0000000085000000, 0x0000000085000000| Untracked 
|  81|0x0000000085100000, 0x0000000085100000, 0x0000000085200000|  0%| F|  |TAMS 0x0000000085100000, 0x0000000085100000| Untracked 
|  82|0x0000000085200000, 0x0000000085200000, 0x0000000085300000|  0%| F|  |TAMS 0x0000000085200000, 0x0000000085200000| Untracked 
|  83|0x0000000085300000, 0x0000000085300000, 0x0000000085400000|  0%| F|  |TAMS 0x0000000085300000, 0x0000000085300000| Untracked 
|  84|0x0000000085400000, 0x0000000085400000, 0x0000000085500000|  0%| F|  |TAMS 0x0000000085400000, 0x0000000085400000| Untracked 
|  85|0x0000000085500000, 0x0000000085500000, 0x0000000085600000|  0%| F|  |TAMS 0x0000000085500000, 0x0000000085500000| Untracked 
|  86|0x0000000085600000, 0x0000000085600000, 0x0000000085700000|  0%| F|  |TAMS 0x0000000085600000, 0x0000000085600000| Untracked 
|  87|0x0000000085700000, 0x0000000085700000, 0x0000000085800000|  0%| F|  |TAMS 0x0000000085700000, 0x0000000085700000| Untracked 
|  88|0x0000000085800000, 0x0000000085800000, 0x0000000085900000|  0%| F|  |TAMS 0x0000000085800000, 0x0000000085800000| Untracked 
|  89|0x0000000085900000, 0x0000000085900000, 0x0000000085a00000|  0%| F|  |TAMS 0x0000000085900000, 0x0000000085900000| Untracked 
|  90|0x0000000085a00000, 0x0000000085a00000, 0x0000000085b00000|  0%| F|  |TAMS 0x0000000085a00000, 0x0000000085a00000| Untracked 
|  91|0x0000000085b00000, 0x0000000085b00000, 0x0000000085c00000|  0%| F|  |TAMS 0x0000000085b00000, 0x0000000085b00000| Untracked 
|  92|0x0000000085c00000, 0x0000000085c00000, 0x0000000085d00000|  0%| F|  |TAMS 0x0000000085c00000, 0x0000000085c00000| Untracked 
|  93|0x0000000085d00000, 0x0000000085d00000, 0x0000000085e00000|  0%| F|  |TAMS 0x0000000085d00000, 0x0000000085d00000| Untracked 
|  94|0x0000000085e00000, 0x0000000085e00000, 0x0000000085f00000|  0%| F|  |TAMS 0x0000000085e00000, 0x0000000085e00000| Untracked 
|  95|0x0000000085f00000, 0x0000000086000000, 0x0000000086000000|100%| E|  |TAMS 0x0000000085f00000, 0x0000000085f00000| Complete 
|  96|0x0000000086000000, 0x0000000086100000, 0x0000000086100000|100%| E|CS|TAMS 0x0000000086000000, 0x0000000086000000| Complete 
|  97|0x0000000086100000, 0x0000000086200000, 0x0000000086200000|100%| E|CS|TAMS 0x0000000086100000, 0x0000000086100000| Complete 
|  98|0x0000000086200000, 0x0000000086300000, 0x0000000086300000|100%| E|CS|TAMS 0x0000000086200000, 0x0000000086200000| Complete 
|  99|0x0000000086300000, 0x0000000086400000, 0x0000000086400000|100%| E|CS|TAMS 0x0000000086300000, 0x0000000086300000| Complete 
| 100|0x0000000086400000, 0x0000000086500000, 0x0000000086500000|100%| E|CS|TAMS 0x0000000086400000, 0x0000000086400000| Complete 
| 101|0x0000000086500000, 0x0000000086600000, 0x0000000086600000|100%| E|CS|TAMS 0x0000000086500000, 0x0000000086500000| Complete 
| 102|0x0000000086600000, 0x0000000086700000, 0x0000000086700000|100%| E|CS|TAMS 0x0000000086600000, 0x0000000086600000| Complete 
| 103|0x0000000086700000, 0x0000000086800000, 0x0000000086800000|100%| E|CS|TAMS 0x0000000086700000, 0x0000000086700000| Complete 
| 104|0x0000000086800000, 0x0000000086900000, 0x0000000086900000|100%| E|CS|TAMS 0x0000000086800000, 0x0000000086800000| Complete 
| 105|0x0000000086900000, 0x0000000086a00000, 0x0000000086a00000|100%| E|CS|TAMS 0x0000000086900000, 0x0000000086900000| Complete 
| 106|0x0000000086a00000, 0x0000000086b00000, 0x0000000086b00000|100%| E|CS|TAMS 0x0000000086a00000, 0x0000000086a00000| Complete 
| 107|0x0000000086b00000, 0x0000000086c00000, 0x0000000086c00000|100%| E|CS|TAMS 0x0000000086b00000, 0x0000000086b00000| Complete 
| 108|0x0000000086c00000, 0x0000000086d00000, 0x0000000086d00000|100%| E|CS|TAMS 0x0000000086c00000, 0x0000000086c00000| Complete 
| 109|0x0000000086d00000, 0x0000000086d9e600, 0x0000000086e00000| 61%| S|CS|TAMS 0x0000000086d00000, 0x0000000086d00000| Complete 
| 110|0x0000000086e00000, 0x0000000086f00000, 0x0000000086f00000|100%| S|CS|TAMS 0x0000000086e00000, 0x0000000086e00000| Complete 
| 111|0x0000000086f00000, 0x0000000087000000, 0x0000000087000000|100%| S|CS|TAMS 0x0000000086f00000, 0x0000000086f00000| Complete 
| 112|0x0000000087000000, 0x0000000087100000, 0x0000000087100000|100%| E|CS|TAMS 0x0000000087000000, 0x0000000087000000| Complete 
| 113|0x0000000087100000, 0x0000000087200000, 0x0000000087200000|100%| E|CS|TAMS 0x0000000087100000, 0x0000000087100000| Complete 
| 114|0x0000000087200000, 0x0000000087300000, 0x0000000087300000|100%| E|CS|TAMS 0x0000000087200000, 0x0000000087200000| Complete 
| 115|0x0000000087300000, 0x0000000087400000, 0x0000000087400000|100%| E|CS|TAMS 0x0000000087300000, 0x0000000087300000| Complete 
| 116|0x0000000087400000, 0x0000000087500000, 0x0000000087500000|100%| E|CS|TAMS 0x0000000087400000, 0x0000000087400000| Complete 
| 117|0x0000000087500000, 0x0000000087600000, 0x0000000087600000|100%| E|CS|TAMS 0x0000000087500000, 0x0000000087500000| Complete 
| 118|0x0000000087600000, 0x0000000087700000, 0x0000000087700000|100%| E|CS|TAMS 0x0000000087600000, 0x0000000087600000| Complete 
| 119|0x0000000087700000, 0x0000000087800000, 0x0000000087800000|100%| E|CS|TAMS 0x0000000087700000, 0x0000000087700000| Complete 
| 120|0x0000000087800000, 0x0000000087900000, 0x0000000087900000|100%| E|CS|TAMS 0x0000000087800000, 0x0000000087800000| Complete 
| 121|0x0000000087900000, 0x0000000087a00000, 0x0000000087a00000|100%| E|CS|TAMS 0x0000000087900000, 0x0000000087900000| Complete 
| 122|0x0000000087a00000, 0x0000000087b00000, 0x0000000087b00000|100%| E|CS|TAMS 0x0000000087a00000, 0x0000000087a00000| Complete 
| 123|0x0000000087b00000, 0x0000000087c00000, 0x0000000087c00000|100%| E|CS|TAMS 0x0000000087b00000, 0x0000000087b00000| Complete 
| 124|0x0000000087c00000, 0x0000000087d00000, 0x0000000087d00000|100%| E|CS|TAMS 0x0000000087c00000, 0x0000000087c00000| Complete 
| 125|0x0000000087d00000, 0x0000000087e00000, 0x0000000087e00000|100%| E|CS|TAMS 0x0000000087d00000, 0x0000000087d00000| Complete 
| 126|0x0000000087e00000, 0x0000000087f00000, 0x0000000087f00000|100%| E|CS|TAMS 0x0000000087e00000, 0x0000000087e00000| Complete 
| 127|0x0000000087f00000, 0x0000000088000000, 0x0000000088000000|100%| E|CS|TAMS 0x0000000087f00000, 0x0000000087f00000| Complete 
| 128|0x0000000088000000, 0x0000000088100000, 0x0000000088100000|100%| E|CS|TAMS 0x0000000088000000, 0x0000000088000000| Complete 
| 129|0x0000000088100000, 0x0000000088200000, 0x0000000088200000|100%| E|CS|TAMS 0x0000000088100000, 0x0000000088100000| Complete 
| 130|0x0000000088200000, 0x0000000088300000, 0x0000000088300000|100%| E|CS|TAMS 0x0000000088200000, 0x0000000088200000| Complete 
| 131|0x0000000088300000, 0x0000000088400000, 0x0000000088400000|100%| E|CS|TAMS 0x0000000088300000, 0x0000000088300000| Complete 
| 132|0x0000000088400000, 0x0000000088500000, 0x0000000088500000|100%| E|CS|TAMS 0x0000000088400000, 0x0000000088400000| Complete 
| 133|0x0000000088500000, 0x0000000088600000, 0x0000000088600000|100%| E|CS|TAMS 0x0000000088500000, 0x0000000088500000| Complete 
| 134|0x0000000088600000, 0x0000000088700000, 0x0000000088700000|100%| E|CS|TAMS 0x0000000088600000, 0x0000000088600000| Complete 
| 135|0x0000000088700000, 0x0000000088800000, 0x0000000088800000|100%| E|CS|TAMS 0x0000000088700000, 0x0000000088700000| Complete 
| 136|0x0000000088800000, 0x0000000088900000, 0x0000000088900000|100%| E|CS|TAMS 0x0000000088800000, 0x0000000088800000| Complete 
| 137|0x0000000088900000, 0x0000000088a00000, 0x0000000088a00000|100%| E|CS|TAMS 0x0000000088900000, 0x0000000088900000| Complete 
| 138|0x0000000088a00000, 0x0000000088b00000, 0x0000000088b00000|100%| E|CS|TAMS 0x0000000088a00000, 0x0000000088a00000| Complete 
| 139|0x0000000088b00000, 0x0000000088c00000, 0x0000000088c00000|100%| E|CS|TAMS 0x0000000088b00000, 0x0000000088b00000| Complete 
| 140|0x0000000088c00000, 0x0000000088d00000, 0x0000000088d00000|100%| E|CS|TAMS 0x0000000088c00000, 0x0000000088c00000| Complete 
| 141|0x0000000088d00000, 0x0000000088e00000, 0x0000000088e00000|100%| E|CS|TAMS 0x0000000088d00000, 0x0000000088d00000| Complete 
| 142|0x0000000088e00000, 0x0000000088f00000, 0x0000000088f00000|100%| E|CS|TAMS 0x0000000088e00000, 0x0000000088e00000| Complete 
| 143|0x0000000088f00000, 0x0000000089000000, 0x0000000089000000|100%| E|CS|TAMS 0x0000000088f00000, 0x0000000088f00000| Complete 
| 144|0x0000000089000000, 0x0000000089100000, 0x0000000089100000|100%| E|CS|TAMS 0x0000000089000000, 0x0000000089000000| Complete 
| 145|0x0000000089100000, 0x0000000089200000, 0x0000000089200000|100%| E|CS|TAMS 0x0000000089100000, 0x0000000089100000| Complete 
| 146|0x0000000089200000, 0x0000000089300000, 0x0000000089300000|100%| E|CS|TAMS 0x0000000089200000, 0x0000000089200000| Complete 
| 147|0x0000000089300000, 0x0000000089400000, 0x0000000089400000|100%| E|CS|TAMS 0x0000000089300000, 0x0000000089300000| Complete 
| 148|0x0000000089400000, 0x0000000089500000, 0x0000000089500000|100%| E|CS|TAMS 0x0000000089400000, 0x0000000089400000| Complete 
| 149|0x0000000089500000, 0x0000000089600000, 0x0000000089600000|100%| E|CS|TAMS 0x0000000089500000, 0x0000000089500000| Complete 
| 150|0x0000000089600000, 0x0000000089700000, 0x0000000089700000|100%| E|CS|TAMS 0x0000000089600000, 0x0000000089600000| Complete 
| 151|0x0000000089700000, 0x0000000089800000, 0x0000000089800000|100%| E|CS|TAMS 0x0000000089700000, 0x0000000089700000| Complete 

Card table byte_map: [0x000001dc5f9d0000,0x000001dc5fdd0000] _byte_map_base: 0x000001dc5f5d0000

Marking Bits (Prev, Next): (CMBitMap*) 0x000001dc4c7d15d8, (CMBitMap*) 0x000001dc4c7d1610
 Prev Bits: [0x000001dc601d0000, 0x000001dc621d0000)
 Next Bits: [0x000001dc621d0000, 0x000001dc641d0000)

Polling page: 0x000001dc4a620000

Metaspace:

Usage:
  Non-class:     60.14 MB capacity,    59.27 MB ( 99%) used,   717.93 KB (  1%) free+waste,   170.31 KB ( <1%) overhead. 
      Class:      9.17 MB capacity,     8.58 MB ( 94%) used,   530.10 KB (  6%) free+waste,    79.13 KB ( <1%) overhead. 
       Both:     69.31 MB capacity,    67.85 MB ( 98%) used,     1.22 MB (  2%) free+waste,   249.44 KB ( <1%) overhead. 

Virtual space:
  Non-class space:       62.00 MB reserved,      60.38 MB ( 97%) committed 
      Class space:        1.00 GB reserved,       9.25 MB ( <1%) committed 
             Both:        1.06 GB reserved,      69.63 MB (  6%) committed 

Chunk freelists:
   Non-Class:  111.00 KB
       Class:  16.00 KB
        Both:  127.00 KB

MaxMetaspaceSize: 17179869184.00 GB
CompressedClassSpaceSize: 1.00 GB
Initial GC threshold: 20.80 MB
Current GC threshold: 113.54 MB
CDS: off

CodeHeap 'non-profiled nmethods': size=120000Kb used=3927Kb max_used=3927Kb free=116072Kb
 bounds [0x000001dc57d70000, 0x000001dc58150000, 0x000001dc5f2a0000]
CodeHeap 'profiled nmethods': size=120000Kb used=14693Kb max_used=14693Kb free=105306Kb
 bounds [0x000001dc50840000, 0x000001dc516a0000, 0x000001dc57d70000]
CodeHeap 'non-nmethods': size=5760Kb used=2352Kb max_used=2385Kb free=3407Kb
 bounds [0x000001dc502a0000, 0x000001dc50510000, 0x000001dc50840000]
 total_blobs=7746 nmethods=6886 adapters=772
 compilation: enabled
              stopped_count=0, restarted_count=0
 full_count=0

Compilation events (20 events):
Event: 15.765 Thread 0x000001dc66c51000 nmethod 6843 0x000001dc5165cd10 code [0x000001dc5165cec0, 0x000001dc5165cfd8]
Event: 15.765 Thread 0x000001dc66c51000 6844       3       java.util.stream.Nodes$SpinedNodeBuilder::asArray (29 bytes)
Event: 15.765 Thread 0x000001dc66c51000 nmethod 6844 0x000001dc5165d090 code [0x000001dc5165d240, 0x000001dc5165d388]
Event: 15.765 Thread 0x000001dc66c51000 6845       3       java.util.stream.SpinedBuffer::asArray (46 bytes)
Event: 15.765 Thread 0x000001dc66c51000 nmethod 6845 0x000001dc5165d410 code [0x000001dc5165d620, 0x000001dc5165dc28]
Event: 15.772 Thread 0x000001dc6ce98800 nmethod 6790 0x000001dc58133190 code [0x000001dc58133440, 0x000001dc58135e30]
Event: 15.772 Thread 0x000001dc6ce98800 6839       4       java.lang.Class::getMethodsRecursive (99 bytes)
Event: 15.774 Thread 0x000001dc66c51000 6846       3       java.lang.AbstractStringBuilder::append (55 bytes)
Event: 15.774 Thread 0x000001dc66c51000 nmethod 6846 0x000001dc5165de10 code [0x000001dc5165e000, 0x000001dc5165e338]
Event: 15.777 Thread 0x000001dc66c51000 6847       3       java.util.StringJoiner::add (104 bytes)
Event: 15.778 Thread 0x000001dc66c51000 nmethod 6847 0x000001dc5165e490 code [0x000001dc5165e6e0, 0x000001dc5165f0b8]
Event: 15.779 Thread 0x000001dc66c51000 6850       3       java.beans.Introspector::isAssignable (27 bytes)
Event: 15.779 Thread 0x000001dc66c51000 nmethod 6850 0x000001dc5165f410 code [0x000001dc5165f5e0, 0x000001dc5165f7e8]
Event: 15.785 Thread 0x000001dc66c51000 6851       3       java.beans.FeatureDescriptor::<init> (69 bytes)
Event: 15.786 Thread 0x000001dc66c51000 nmethod 6851 0x000001dc5165f890 code [0x000001dc5165fae0, 0x000001dc51660268]
Event: 15.786 Thread 0x000001dc66c51000 6852   !   3       java.beans.PropertyDescriptor::<init> (347 bytes)
Event: 15.794 Thread 0x000001dc66c51000 nmethod 6852 0x000001dc51660490 code [0x000001dc51660dc0, 0x000001dc51667328]
Event: 15.794 Thread 0x000001dc66c51000 6858       3       java.lang.String::<init> (10 bytes)
Event: 15.794 Thread 0x000001dc66c51000 nmethod 6858 0x000001dc51669190 code [0x000001dc51669340, 0x000001dc51669488]
Event: 15.794 Thread 0x000001dc66c51000 6853       3       java.beans.PropertyDescriptor::isAssignable (148 bytes)

GC Heap History (20 events):
Event: 4.625 GC heap before
{Heap before GC invocations=2 (full 0):
 garbage-first heap   total 129024K, used 64574K [0x0000000080000000, 0x0000000100000000)
  region size 1024K, 54 young (55296K), 1 survivors (1024K)
 Metaspace       used 17679K, capacity 18101K, committed 18432K, reserved 1064960K
  class space    used 2102K, capacity 2211K, committed 2304K, reserved 1048576K
}
Event: 4.673 GC heap after
{Heap after GC invocations=3 (full 0):
 garbage-first heap   total 129024K, used 16477K [0x0000000080000000, 0x0000000100000000)
  region size 1024K, 7 young (7168K), 7 survivors (7168K)
 Metaspace       used 17679K, capacity 18101K, committed 18432K, reserved 1064960K
  class space    used 2102K, capacity 2211K, committed 2304K, reserved 1048576K
}
Event: 5.851 GC heap before
{Heap before GC invocations=3 (full 0):
 garbage-first heap   total 129024K, used 43101K [0x0000000080000000, 0x0000000100000000)
  region size 1024K, 34 young (34816K), 7 survivors (7168K)
 Metaspace       used 20685K, capacity 21137K, committed 21248K, reserved 1067008K
  class space    used 2548K, capacity 2712K, committed 2816K, reserved 1048576K
}
Event: 5.861 GC heap after
{Heap after GC invocations=4 (full 0):
 garbage-first heap   total 129024K, used 17752K [0x0000000080000000, 0x0000000100000000)
  region size 1024K, 2 young (2048K), 2 survivors (2048K)
 Metaspace       used 20685K, capacity 21137K, committed 21248K, reserved 1067008K
  class space    used 2548K, capacity 2712K, committed 2816K, reserved 1048576K
}
Event: 6.952 GC heap before
{Heap before GC invocations=5 (full 0):
 garbage-first heap   total 129024K, used 73048K [0x0000000080000000, 0x0000000100000000)
  region size 1024K, 56 young (57344K), 2 survivors (2048K)
 Metaspace       used 26555K, capacity 27171K, committed 27264K, reserved 1073152K
  class space    used 3465K, capacity 3670K, committed 3712K, reserved 1048576K
}
Event: 6.956 GC heap after
{Heap after GC invocations=6 (full 0):
 garbage-first heap   total 129024K, used 19706K [0x0000000080000000, 0x0000000100000000)
  region size 1024K, 3 young (3072K), 3 survivors (3072K)
 Metaspace       used 26555K, capacity 27171K, committed 27264K, reserved 1073152K
  class space    used 3465K, capacity 3670K, committed 3712K, reserved 1048576K
}
Event: 8.980 GC heap before
{Heap before GC invocations=6 (full 0):
 garbage-first heap   total 129024K, used 82170K [0x0000000080000000, 0x0000000100000000)
  region size 1024K, 65 young (66560K), 3 survivors (3072K)
 Metaspace       used 34757K, capacity 35570K, committed 35840K, reserved 1081344K
  class space    used 4520K, capacity 4834K, committed 4864K, reserved 1048576K
}
Event: 8.993 GC heap after
{Heap after GC invocations=7 (full 0):
 garbage-first heap   total 129024K, used 22804K [0x0000000080000000, 0x0000000100000000)
  region size 1024K, 6 young (6144K), 6 survivors (6144K)
 Metaspace       used 34757K, capacity 35570K, committed 35840K, reserved 1081344K
  class space    used 4520K, capacity 4834K, committed 4864K, reserved 1048576K
}
Event: 9.863 GC heap before
{Heap before GC invocations=8 (full 0):
 garbage-first heap   total 129024K, used 90388K [0x0000000080000000, 0x0000000100000000)
  region size 1024K, 69 young (70656K), 6 survivors (6144K)
 Metaspace       used 40399K, capacity 41302K, committed 41548K, reserved 1085440K
  class space    used 5159K, capacity 5477K, committed 5504K, reserved 1048576K
}
Event: 9.884 GC heap after
{Heap after GC invocations=9 (full 0):
 garbage-first heap   total 129024K, used 29196K [0x0000000080000000, 0x0000000100000000)
  region size 1024K, 9 young (9216K), 9 survivors (9216K)
 Metaspace       used 40399K, capacity 41302K, committed 41548K, reserved 1085440K
  class space    used 5159K, capacity 5477K, committed 5504K, reserved 1048576K
}
Event: 10.958 GC heap before
{Heap before GC invocations=10 (full 0):
 garbage-first heap   total 129024K, used 92684K [0x0000000080000000, 0x0000000100000000)
  region size 1024K, 70 young (71680K), 9 survivors (9216K)
 Metaspace       used 45575K, capacity 46612K, committed 46668K, reserved 1089536K
  class space    used 5874K, capacity 6246K, committed 6272K, reserved 1048576K
}
Event: 10.969 GC heap after
{Heap after GC invocations=11 (full 0):
 garbage-first heap   total 155648K, used 31705K [0x0000000080000000, 0x0000000100000000)
  region size 1024K, 3 young (3072K), 3 survivors (3072K)
 Metaspace       used 45575K, capacity 46612K, committed 46668K, reserved 1089536K
  class space    used 5874K, capacity 6246K, committed 6272K, reserved 1048576K
}
Event: 12.407 GC heap before
{Heap before GC invocations=11 (full 0):
 garbage-first heap   total 155648K, used 109529K [0x0000000080000000, 0x0000000100000000)
  region size 1024K, 72 young (73728K), 3 survivors (3072K)
 Metaspace       used 48421K, capacity 49588K, committed 49740K, reserved 1091584K
  class space    used 6204K, capacity 6657K, committed 6784K, reserved 1048576K
}
Event: 12.434 GC heap after
{Heap after GC invocations=12 (full 0):
 garbage-first heap   total 155648K, used 50176K [0x0000000080000000, 0x0000000100000000)
  region size 1024K, 9 young (9216K), 9 survivors (9216K)
 Metaspace       used 48421K, capacity 49588K, committed 49740K, reserved 1091584K
  class space    used 6204K, capacity 6657K, committed 6784K, reserved 1048576K
}
Event: 13.876 GC heap before
{Heap before GC invocations=12 (full 0):
 garbage-first heap   total 155648K, used 113664K [0x0000000080000000, 0x0000000100000000)
  region size 1024K, 71 young (72704K), 9 survivors (9216K)
 Metaspace       used 56584K, capacity 57858K, committed 58188K, reserved 1099776K
  class space    used 7193K, capacity 7682K, committed 7808K, reserved 1048576K
}
Event: 13.885 GC heap after
{Heap after GC invocations=13 (full 0):
 garbage-first heap   total 155648K, used 53561K [0x0000000080000000, 0x0000000100000000)
  region size 1024K, 4 young (4096K), 4 survivors (4096K)
 Metaspace       used 56584K, capacity 57858K, committed 58188K, reserved 1099776K
  class space    used 7193K, capacity 7682K, committed 7808K, reserved 1048576K
}
Event: 15.055 GC heap before
{Heap before GC invocations=13 (full 0):
 garbage-first heap   total 155648K, used 116025K [0x0000000080000000, 0x0000000100000000)
  region size 1024K, 66 young (67584K), 4 survivors (4096K)
 Metaspace       used 64121K, capacity 65475K, committed 65740K, reserved 1105920K
  class space    used 8103K, capacity 8635K, committed 8704K, reserved 1048576K
}
Event: 15.063 GC heap after
{Heap after GC invocations=14 (full 0):
 garbage-first heap   total 155648K, used 58198K [0x0000000080000000, 0x0000000100000000)
  region size 1024K, 8 young (8192K), 8 survivors (8192K)
 Metaspace       used 64121K, capacity 65475K, committed 65740K, reserved 1105920K
  class space    used 8103K, capacity 8635K, committed 8704K, reserved 1048576K
}
Event: 15.533 GC heap before
{Heap before GC invocations=14 (full 0):
 garbage-first heap   total 155648K, used 99158K [0x0000000080000000, 0x0000000100000000)
  region size 1024K, 48 young (49152K), 8 survivors (8192K)
 Metaspace       used 67682K, capacity 69117K, committed 69248K, reserved 1110016K
  class space    used 8565K, capacity 9160K, committed 9216K, reserved 1048576K
}
Event: 15.542 GC heap after
{Heap after GC invocations=15 (full 0):
 garbage-first heap   total 155648K, used 60574K [0x0000000080000000, 0x0000000100000000)
  region size 1024K, 3 young (3072K), 3 survivors (3072K)
 Metaspace       used 67682K, capacity 69117K, committed 69248K, reserved 1110016K
  class space    used 8565K, capacity 9160K, committed 9216K, reserved 1048576K
}

Deoptimization events (20 events):
Event: 15.454 Thread 0x000001dc6a64a800 Uncommon trap: trap_request=0xffffffde fr.pc=0x000001dc580f0150 relative=0x0000000000002c30
Event: 15.454 Thread 0x000001dc6a64a800 Uncommon trap: reason=class_check action=maybe_recompile pc=0x000001dc580f0150 method=java.util.TreeMap.put(Ljava/lang/Object;Ljava/lang/Object;)Ljava/lang/Object; @ 127 c2
Event: 15.454 Thread 0x000001dc6a64a800 DEOPT PACKING pc=0x000001dc580f0150 sp=0x0000001c3bdf8400
Event: 15.454 Thread 0x000001dc6a64a800 DEOPT UNPACKING pc=0x000001dc502ea1af sp=0x0000001c3bdf83c8 mode 2
Event: 15.487 Thread 0x000001dc6a64a800 Uncommon trap: trap_request=0xffffff4d fr.pc=0x000001dc57e5b330 relative=0x00000000000008d0
Event: 15.487 Thread 0x000001dc6a64a800 Uncommon trap: reason=unstable_if action=reinterpret pc=0x000001dc57e5b330 method=java.lang.Integer.stringSize(I)I @ 19 c2
Event: 15.487 Thread 0x000001dc6a64a800 DEOPT PACKING pc=0x000001dc57e5b330 sp=0x0000001c3bdf9640
Event: 15.487 Thread 0x000001dc6a64a800 DEOPT UNPACKING pc=0x000001dc502ea1af sp=0x0000001c3bdf9598 mode 2
Event: 15.561 Thread 0x000001dc6a64a800 Uncommon trap: trap_request=0xffffff4d fr.pc=0x000001dc57ebc674 relative=0x0000000000005194
Event: 15.561 Thread 0x000001dc6a64a800 Uncommon trap: reason=unstable_if action=reinterpret pc=0x000001dc57ebc674 method=sun.net.www.protocol.jar.Handler.parseURL(Ljava/net/URL;Ljava/lang/String;II)V @ 116 c2
Event: 15.561 Thread 0x000001dc6a64a800 DEOPT PACKING pc=0x000001dc57ebc674 sp=0x0000001c3bdf8390
Event: 15.561 Thread 0x000001dc6a64a800 DEOPT UNPACKING pc=0x000001dc502ea1af sp=0x0000001c3bdf8288 mode 2
Event: 15.730 Thread 0x000001dc6a64a800 Uncommon trap: trap_request=0xffffff4d fr.pc=0x000001dc57ece0b8 relative=0x00000000000012f8
Event: 15.730 Thread 0x000001dc6a64a800 Uncommon trap: reason=unstable_if action=reinterpret pc=0x000001dc57ece0b8 method=java.util.concurrent.ConcurrentHashMap.putVal(Ljava/lang/Object;Ljava/lang/Object;Z)Ljava/lang/Object; @ 245 c2
Event: 15.730 Thread 0x000001dc6a64a800 DEOPT PACKING pc=0x000001dc57ece0b8 sp=0x0000001c3bdf8860
Event: 15.730 Thread 0x000001dc6a64a800 DEOPT UNPACKING pc=0x000001dc502ea1af sp=0x0000001c3bdf87e8 mode 2
Event: 15.777 Thread 0x000001dc6a64a800 Uncommon trap: trap_request=0xffffff4d fr.pc=0x000001dc57f1ac00 relative=0x0000000000000340
Event: 15.777 Thread 0x000001dc6a64a800 Uncommon trap: reason=unstable_if action=reinterpret pc=0x000001dc57f1ac00 method=java.util.StringJoiner.add(Ljava/lang/CharSequence;)Ljava/util/StringJoiner; @ 33 c2
Event: 15.777 Thread 0x000001dc6a64a800 DEOPT PACKING pc=0x000001dc57f1ac00 sp=0x0000001c3bdf5cf0
Event: 15.777 Thread 0x000001dc6a64a800 DEOPT UNPACKING pc=0x000001dc502ea1af sp=0x0000001c3bdf5ca0 mode 2

Classes redefined (0 events):
No events

Internal exceptions (20 events):
Event: 15.704 Thread 0x000001dc6a64a800 Exception <a 'java/lang/ClassNotFoundException'{0x0000000088ed4820}: org/jetbrains/kotlin/gradle/targets/js/npm/DefaultDevNpmDependencyExtensionBeanInfo> (0x0000000088ed4820) thrown at [./src/hotspot/share/classfile/systemDictionary.cpp, line 231]
Event: 15.705 Thread 0x000001dc6a64a800 Exception <a 'java/lang/ClassNotFoundException'{0x0000000088ef39b0}: org/jetbrains/kotlin/gradle/targets/js/npm/DefaultDevNpmDependencyExtensionCustomizer> (0x0000000088ef39b0) thrown at [./src/hotspot/share/classfile/systemDictionary.cpp, line 231]
Event: 15.709 Thread 0x000001dc6a64a800 Exception <a 'java/lang/ClassNotFoundException'{0x0000000088d4aea8}: org/jetbrains/kotlin/gradle/targets/js/npm/DefaultPeerNpmDependencyExtensionBeanInfo> (0x0000000088d4aea8) thrown at [./src/hotspot/share/classfile/systemDictionary.cpp, line 231]
Event: 15.709 Thread 0x000001dc6a64a800 Exception <a 'java/lang/ClassNotFoundException'{0x0000000088d6a1d8}: org/jetbrains/kotlin/gradle/targets/js/npm/DefaultPeerNpmDependencyExtensionCustomizer> (0x0000000088d6a1d8) thrown at [./src/hotspot/share/classfile/systemDictionary.cpp, line 231]
Event: 15.713 Thread 0x000001dc6a64a800 Exception <a 'java/lang/ClassNotFoundException'{0x0000000088dca0b8}: org/jetbrains/kotlin/gradle/targets/js/npm/DefaultPeerNpmDependencyExtension$delegate$1BeanInfo> (0x0000000088dca0b8) thrown at [./src/hotspot/share/classfile/systemDictionary.cpp, line 231]
Event: 15.714 Thread 0x000001dc6a64a800 Exception <a 'java/lang/ClassNotFoundException'{0x0000000088deac00}: org/jetbrains/kotlin/gradle/targets/js/npm/DefaultPeerNpmDependencyExtension$delegate$1Customizer> (0x0000000088deac00) thrown at [./src/hotspot/share/classfile/systemDictionary.cpp, line 231]
Event: 15.748 Thread 0x000001dc6a64a800 Exception <a 'java/lang/ClassNotFoundException'{0x0000000088bf7698}: build_eoettk9vd3eqsd88nppaa83zkBeanInfo> (0x0000000088bf7698) thrown at [./src/hotspot/share/classfile/systemDictionary.cpp, line 231]
Event: 15.749 Thread 0x000001dc6a64a800 Exception <a 'java/lang/ClassNotFoundException'{0x0000000088a03000}: build_eoettk9vd3eqsd88nppaa83zkCustomizer> (0x0000000088a03000) thrown at [./src/hotspot/share/classfile/systemDictionary.cpp, line 231]
Event: 15.774 Thread 0x000001dc6a64a800 Exception <a 'java/lang/ClassNotFoundException'{0x000000008871fd40}: com/android/build/gradle/internal/dsl/BaseAppModuleExtension_DecoratedBeanInfo> (0x000000008871fd40) thrown at [./src/hotspot/share/classfile/systemDictionary.cpp, line 231]
Event: 15.775 Thread 0x000001dc6a64a800 Exception <a 'java/lang/ClassNotFoundException'{0x000000008873bfc8}: com/android/build/gradle/internal/dsl/BaseAppModuleExtensionBeanInfo> (0x000000008873bfc8) thrown at [./src/hotspot/share/classfile/systemDictionary.cpp, line 231]
Event: 15.775 Thread 0x000001dc6a64a800 Exception <a 'java/lang/ClassNotFoundException'{0x00000000887544b0}: com/android/build/gradle/AppExtensionBeanInfo> (0x00000000887544b0) thrown at [./src/hotspot/share/classfile/systemDictionary.cpp, line 231]
Event: 15.775 Thread 0x000001dc6a64a800 Exception <a 'java/lang/ClassNotFoundException'{0x000000008876e888}: com/android/build/gradle/AbstractAppExtensionBeanInfo> (0x000000008876e888) thrown at [./src/hotspot/share/classfile/systemDictionary.cpp, line 231]
Event: 15.776 Thread 0x000001dc6a64a800 Exception <a 'java/lang/ClassNotFoundException'{0x0000000088787a10}: com/android/build/gradle/TestedExtensionBeanInfo> (0x0000000088787a10) thrown at [./src/hotspot/share/classfile/systemDictionary.cpp, line 231]
Event: 15.776 Thread 0x000001dc6a64a800 Exception <a 'java/lang/ClassNotFoundException'{0x00000000887a0b28}: com/android/build/gradle/BaseExtensionBeanInfo> (0x00000000887a0b28) thrown at [./src/hotspot/share/classfile/systemDictionary.cpp, line 231]
Event: 15.776 Thread 0x000001dc6a64a800 Exception <a 'java/lang/ClassNotFoundException'{0x00000000887b9cb8}: com/android/build/gradle/BaseExtensionCustomizer> (0x00000000887b9cb8) thrown at [./src/hotspot/share/classfile/systemDictionary.cpp, line 231]
Event: 15.779 Thread 0x000001dc6a64a800 Exception <a 'java/lang/ClassNotFoundException'{0x000000008862c638}: com/android/build/gradle/TestedExtensionCustomizer> (0x000000008862c638) thrown at [./src/hotspot/share/classfile/systemDictionary.cpp, line 231]
Event: 15.779 Thread 0x000001dc6a64a800 Exception <a 'java/lang/ClassNotFoundException'{0x0000000088660c88}: com/android/build/gradle/AbstractAppExtensionCustomizer> (0x0000000088660c88) thrown at [./src/hotspot/share/classfile/systemDictionary.cpp, line 231]
Event: 15.780 Thread 0x000001dc6a64a800 Exception <a 'java/lang/ClassNotFoundException'{0x000000008868f4f0}: com/android/build/gradle/AppExtensionCustomizer> (0x000000008868f4f0) thrown at [./src/hotspot/share/classfile/systemDictionary.cpp, line 231]
Event: 15.781 Thread 0x000001dc6a64a800 Exception <a 'java/lang/ClassNotFoundException'{0x00000000886c05a8}: com/android/build/gradle/internal/dsl/BaseAppModuleExtensionCustomizer> (0x00000000886c05a8) thrown at [./src/hotspot/share/classfile/systemDictionary.cpp, line 231]
Event: 15.784 Thread 0x000001dc6a64a800 Exception <a 'java/lang/ClassNotFoundException'{0x00000000885ac1b8}: com/android/build/gradle/internal/dsl/BaseAppModuleExtension_DecoratedCustomizer> (0x00000000885ac1b8) thrown at [./src/hotspot/share/classfile/systemDictionary.cpp, line 231]

Events (20 events):
Event: 15.780 loading class com/android/build/gradle/AppExtensionCustomizer
Event: 15.780 loading class com/android/build/gradle/AppExtensionCustomizer done
Event: 15.780 loading class com/android/build/gradle/AppExtensionCustomizer
Event: 15.780 loading class com/android/build/gradle/AppExtensionCustomizer done
Event: 15.781 loading class com/android/build/gradle/internal/dsl/BaseAppModuleExtensionCustomizer
Event: 15.781 loading class com/android/build/gradle/internal/dsl/BaseAppModuleExtensionCustomizer done
Event: 15.781 loading class com/android/build/gradle/internal/dsl/BaseAppModuleExtensionCustomizer
Event: 15.781 loading class com/android/build/gradle/internal/dsl/BaseAppModuleExtensionCustomizer done
Event: 15.784 loading class com/android/build/gradle/internal/dsl/BaseAppModuleExtension_DecoratedCustomizer
Event: 15.784 loading class com/android/build/gradle/internal/dsl/BaseAppModuleExtension_DecoratedCustomizer done
Event: 15.784 loading class com/android/build/gradle/internal/dsl/BaseAppModuleExtension_DecoratedCustomizer
Event: 15.784 loading class com/android/build/gradle/internal/dsl/BaseAppModuleExtension_DecoratedCustomizer done
Event: 15.787 Executing VM operation: ICBufferFull
Event: 15.787 Executing VM operation: ICBufferFull done
Event: 15.790 loading class groovy/runtime/metaclass/build_eoettk9vd3eqsd88nppaa83zk$_run_closure1$_closure3MetaClass
Event: 15.790 loading class groovy/runtime/metaclass/build_eoettk9vd3eqsd88nppaa83zk$_run_closure1$_closure3MetaClass done
Event: 15.791 loading class org/gradle/util/internal/ConfigureUtil
Event: 15.791 loading class org/gradle/util/internal/ConfigureUtil done
Event: 15.791 loading class groovy/runtime/metaclass/com/android/build/gradle/internal/dsl/DefaultConfig$AgpDecorated_DecoratedMetaClass
Event: 15.791 loading class groovy/runtime/metaclass/com/android/build/gradle/internal/dsl/DefaultConfig$AgpDecorated_DecoratedMetaClass done


Dynamic libraries:
0x00007ff7848d0000 - 0x00007ff7848da000 	C:\Program Files\Android\Android Studio\jre\bin\java.exe
0x00007fff06610000 - 0x00007fff06805000 	C:\WINDOWS\SYSTEM32\ntdll.dll
0x00007fff06070000 - 0x00007fff0612d000 	C:\WINDOWS\System32\KERNEL32.DLL
0x00007fff041d0000 - 0x00007fff0449d000 	C:\WINDOWS\System32\KERNELBASE.dll
0x00007fff03eb0000 - 0x00007fff03fb0000 	C:\WINDOWS\System32\ucrtbase.dll
0x00007ffefd6a0000 - 0x00007ffefd6b9000 	C:\Program Files\Android\Android Studio\jre\bin\jli.dll
0x00007ffefd360000 - 0x00007ffefd377000 	C:\Program Files\Android\Android Studio\jre\bin\VCRUNTIME140.dll
0x00007fff056a0000 - 0x00007fff05840000 	C:\WINDOWS\System32\USER32.dll
0x00007fff03e80000 - 0x00007fff03ea2000 	C:\WINDOWS\System32\win32u.dll
0x00007ffeedae0000 - 0x00007ffeedd7a000 	C:\WINDOWS\WinSxS\amd64_microsoft.windows.common-controls_6595b64144ccf1df_6.0.19041.1110_none_60b5254171f9507e\COMCTL32.dll
0x00007fff05030000 - 0x00007fff0505a000 	C:\WINDOWS\System32\GDI32.dll
0x00007fff05200000 - 0x00007fff0529e000 	C:\WINDOWS\System32\msvcrt.dll
0x00007fff040c0000 - 0x00007fff041cb000 	C:\WINDOWS\System32\gdi32full.dll
0x00007fff03fb0000 - 0x00007fff0404d000 	C:\WINDOWS\System32\msvcp_win.dll
0x00007fff05060000 - 0x00007fff05090000 	C:\WINDOWS\System32\IMM32.DLL
0x00007ffee1460000 - 0x00007ffee14fd000 	C:\Program Files\Android\Android Studio\jre\bin\msvcp140.dll
0x00007ffec8420000 - 0x00007ffec8f05000 	C:\Program Files\Android\Android Studio\jre\bin\server\jvm.dll
0x00007fff052a0000 - 0x00007fff0534e000 	C:\WINDOWS\System32\ADVAPI32.dll
0x00007fff05350000 - 0x00007fff053ec000 	C:\WINDOWS\System32\sechost.dll
0x00007fff04d50000 - 0x00007fff04e75000 	C:\WINDOWS\System32\RPCRT4.dll
0x00007fff058b0000 - 0x00007fff058b8000 	C:\WINDOWS\System32\PSAPI.DLL
0x00007ffefb5c0000 - 0x00007ffefb5c9000 	C:\WINDOWS\SYSTEM32\WSOCK32.dll
0x00007ffefde60000 - 0x00007ffefde6a000 	C:\WINDOWS\SYSTEM32\VERSION.dll
0x00007fff05840000 - 0x00007fff058ab000 	C:\WINDOWS\System32\WS2_32.dll
0x00007ffeec9f0000 - 0x00007ffeeca17000 	C:\WINDOWS\SYSTEM32\WINMM.dll
0x00007fff01c90000 - 0x00007fff01ca2000 	C:\WINDOWS\SYSTEM32\kernel.appcore.dll
0x00007ffee96a0000 - 0x00007ffee96b1000 	C:\Program Files\Android\Android Studio\jre\bin\verify.dll
0x00007ffeedde0000 - 0x00007ffeedfc4000 	C:\WINDOWS\SYSTEM32\DBGHELP.DLL
0x00007ffeeddb0000 - 0x00007ffeedddc000 	C:\WINDOWS\SYSTEM32\dbgcore.DLL
0x00007fff045d0000 - 0x00007fff04652000 	C:\WINDOWS\System32\bcryptPrimitives.dll
0x00007ffee87b0000 - 0x00007ffee87d9000 	C:\Program Files\Android\Android Studio\jre\bin\java.dll
0x00007ffefb5b0000 - 0x00007ffefb5bb000 	C:\Program Files\Android\Android Studio\jre\bin\jimage.dll
0x00007ffee5850000 - 0x00007ffee5868000 	C:\Program Files\Android\Android Studio\jre\bin\zip.dll
0x00007fff058c0000 - 0x00007fff06004000 	C:\WINDOWS\System32\SHELL32.dll
0x00007fff01e20000 - 0x00007fff025b4000 	C:\WINDOWS\SYSTEM32\windows.storage.dll
0x00007fff06270000 - 0x00007fff065c4000 	C:\WINDOWS\System32\combase.dll
0x00007fff03780000 - 0x00007fff037ac000 	C:\WINDOWS\SYSTEM32\Wldp.dll
0x00007fff05150000 - 0x00007fff051fd000 	C:\WINDOWS\System32\SHCORE.dll
0x00007fff06010000 - 0x00007fff06065000 	C:\WINDOWS\System32\shlwapi.dll
0x00007fff03c60000 - 0x00007fff03c7f000 	C:\WINDOWS\SYSTEM32\profapi.dll
0x00007ffee1410000 - 0x00007ffee142a000 	C:\Program Files\Android\Android Studio\jre\bin\net.dll
0x00007ffef4630000 - 0x00007ffef473a000 	C:\WINDOWS\SYSTEM32\WINHTTP.dll
0x00007fff034e0000 - 0x00007fff0354a000 	C:\WINDOWS\system32\mswsock.dll
0x00007ffee1390000 - 0x00007ffee13a4000 	C:\Program Files\Android\Android Studio\jre\bin\nio.dll
0x00007ffefd380000 - 0x00007ffefd3a7000 	C:\Users\Lenovo15\.gradle\native\e1d6ef7f7dcc3fd88c89a11ec53ec762bb8ba0a96d01ffa2cd45eb1d1d8dd5c5\windows-amd64\native-platform.dll
0x00007ffed8d30000 - 0x00007ffed8e74000 	C:\Users\Lenovo15\.gradle\native\5664cfc778a61ccfe75a443a1ab52a65af34e5dc3c78e0209fed803814484fcb\windows-amd64\native-platform-file-events.dll
0x00007ffeedfe0000 - 0x00007ffeedfea000 	C:\Program Files\Android\Android Studio\jre\bin\management.dll
0x00007ffeeaa70000 - 0x00007ffeeaa7d000 	C:\Program Files\Android\Android Studio\jre\bin\management_ext.dll
0x00007fff036d0000 - 0x00007fff036e8000 	C:\WINDOWS\SYSTEM32\CRYPTSP.dll
0x00007fff02df0000 - 0x00007fff02e24000 	C:\WINDOWS\system32\rsaenh.dll
0x00007fff044a0000 - 0x00007fff044c7000 	C:\WINDOWS\System32\bcrypt.dll
0x00007fff03c20000 - 0x00007fff03c4e000 	C:\WINDOWS\SYSTEM32\USERENV.dll
0x00007fff036f0000 - 0x00007fff036fc000 	C:\WINDOWS\SYSTEM32\CRYPTBASE.dll
0x00007fff03180000 - 0x00007fff031bb000 	C:\WINDOWS\SYSTEM32\IPHLPAPI.DLL
0x00007fff06130000 - 0x00007fff06138000 	C:\WINDOWS\System32\NSI.dll
0x00007ffef6660000 - 0x00007ffef6677000 	C:\WINDOWS\SYSTEM32\dhcpcsvc6.DLL
0x00007ffef6960000 - 0x00007ffef697d000 	C:\WINDOWS\SYSTEM32\dhcpcsvc.DLL
0x00007fff031d0000 - 0x00007fff0329b000 	C:\WINDOWS\SYSTEM32\DNSAPI.dll

dbghelp: loaded successfully - version: 4.0.5 - missing functions: none
symbol engine: initialized successfully - sym options: 0x614 - pdb path: .;C:\Program Files\Android\Android Studio\jre\bin;C:\WINDOWS\SYSTEM32;C:\WINDOWS\WinSxS\amd64_microsoft.windows.common-controls_6595b64144ccf1df_6.0.19041.1110_none_60b5254171f9507e;C:\Program Files\Android\Android Studio\jre\bin\server;C:\Users\Lenovo15\.gradle\native\e1d6ef7f7dcc3fd88c89a11ec53ec762bb8ba0a96d01ffa2cd45eb1d1d8dd5c5\windows-amd64;C:\Users\Lenovo15\.gradle\native\5664cfc778a61ccfe75a443a1ab52a65af34e5dc3c78e0209fed803814484fcb\windows-amd64

VM Arguments:
jvm_args: --add-opens=java.base/java.util=ALL-UNNAMED --add-opens=java.base/java.lang=ALL-UNNAMED --add-opens=java.base/java.lang.invoke=ALL-UNNAMED --add-opens=java.base/java.util=ALL-UNNAMED --add-opens=java.prefs/java.util.prefs=ALL-UNNAMED --add-opens=java.prefs/java.util.prefs=ALL-UNNAMED --add-opens=java.base/java.nio.charset=ALL-UNNAMED --add-opens=java.base/java.net=ALL-UNNAMED --add-opens=java.base/java.util.concurrent.atomic=ALL-UNNAMED -Xmx2048m -Dfile.encoding=UTF-8 -Duser.country=SV -Duser.language=es -Duser.variant 
java_command: org.gradle.launcher.daemon.bootstrap.GradleDaemon 7.3.3
java_class_path (initial): C:\Users\Lenovo15\.gradle\wrapper\dists\gradle-7.3.3-bin\6a41zxkdtcxs8rphpq6y0069z\gradle-7.3.3\lib\gradle-launcher-7.3.3.jar
Launcher Type: SUN_STANDARD

[Global flags]
     intx CICompilerCount                          = 4                                         {product} {ergonomic}
     uint ConcGCThreads                            = 2                                         {product} {ergonomic}
     uint G1ConcRefinementThreads                  = 8                                         {product} {ergonomic}
   size_t G1HeapRegionSize                         = 1048576                                   {product} {ergonomic}
    uintx GCDrainStackTargetSize                   = 64                                        {product} {ergonomic}
   size_t InitialHeapSize                          = 132120576                                 {product} {ergonomic}
   size_t MarkStackSize                            = 4194304                                   {product} {ergonomic}
   size_t MaxHeapSize                              = 2147483648                                {product} {command line}
   size_t MaxNewSize                               = 1287651328                                {product} {ergonomic}
   size_t MinHeapDeltaBytes                        = 1048576                                   {product} {ergonomic}
    uintx NonNMethodCodeHeapSize                   = 5836300                                {pd product} {ergonomic}
    uintx NonProfiledCodeHeapSize                  = 122910970                              {pd product} {ergonomic}
    uintx ProfiledCodeHeapSize                     = 122910970                              {pd product} {ergonomic}
    uintx ReservedCodeCacheSize                    = 251658240                              {pd product} {ergonomic}
     bool SegmentedCodeCache                       = true                                      {product} {ergonomic}
     bool UseCompressedClassPointers               = true                                 {lp64_product} {ergonomic}
     bool UseCompressedOops                        = true                                 {lp64_product} {ergonomic}
     bool UseG1GC                                  = true                                      {product} {ergonomic}
     bool UseLargePagesIndividualAllocation        = false                                  {pd product} {ergonomic}

Logging:
Log output configuration:
 #0: stdout all=warning uptime,level,tags
 #1: stderr all=off uptime,level,tags

Environment Variables:
JAVA_HOME=C:\Program Files\Java\jdk1.8.0_231
PATH=C:\Program Files (x86)\Common Files\Oracle\Java\javapath;C:\ProgramData\Oracle\Java\javapath;C:\Program Files (x86)\Intel\iCLS Client\;C:\Program Files\Intel\iCLS Client\;C:\WINDOWS\system32;C:\WINDOWS;C:\WINDOWS\System32\Wbem;C:\WINDOWS\System32\WindowsPowerShell\v1.0\;C:\Program Files (x86)\Intel\Intel(R) Management Engine Components\DAL;C:\Program Files\Intel\Intel(R) Management Engine Components\DAL;C:\Program Files (x86)\Intel\Intel(R) Management Engine Components\IPT;C:\Program Files\Intel\Intel(R) Management Engine Components\IPT;C:\Program Files (x86)\Common Files\Tom Sawyer Software\8.0.0;C:\Program Files (x86)\Common Files\Win Wrap\10.25.004;C:\WINDOWS\System32\OpenSSH\;C:\xampp\php;C:\Users\Lenovo15\AppData\Local\Android\Sdk\build-tools;C:\Users\Lenovo15\AppData\Local\Android\Sdk\tools;C:\Gradle\gradle-6.0.1\bin;C:\mongodb-win32-x86_64-windows-4.4.3\bin;C:\Program Files\nodejs\;C:\ProgramData\ComposerSetup\bin;C:\Program Files\Git\cmd;C:\Users\Lenovo15\AppData\Local\Microsoft\WindowsApps;C:\Gradle\gradle-6.0.1\bin;C:\Users\Lenovo15\AppData\Local\Programs\Microsoft VS Code\bin;C:\Users\Lenovo15\AppData\Local\Microsoft\WindowsApps;C:\Users\Lenovo15\AppData\Local\GitHubDesktop\bin;C:\Users\Lenovo15\AppData\Roaming\npm;C:\Users\Lenovo15\AppData\Roaming\Composer\vendor\bin;C:\Program Files\JetBrains\IntelliJ IDEA Community Edition 2021.3.2\bin;
USERNAME=Lenovo15
OS=Windows_NT
PROCESSOR_IDENTIFIER=Intel64 Family 6 Model 94 Stepping 3, GenuineIntel



---------------  S Y S T E M  ---------------

OS: Windows 10 , 64 bit Build 19041 (10.0.19041.1706)
OS uptime: 0 days 12:17 hours

CPU:total 8 (initial active 8) (4 cores per cpu, 2 threads per core) family 6 model 94 stepping 3 microcode 0xec, cmov, cx8, fxsr, mmx, sse, sse2, sse3, ssse3, sse4.1, sse4.2, popcnt, avx, avx2, aes, clmul, erms, rtm, 3dnowpref, lzcnt, ht, tsc, tscinvbit, bmi1, bmi2, adx, fma

Memory: 4k page, system-wide physical 8014M (499M free)
TotalPageFile size 8014M (AvailPageFile size 25M)
current process WorkingSet (physical memory assigned to process): 361M, peak: 361M
current process commit charge ("private bytes"): 402M, peak: 402M

vm_info: OpenJDK 64-Bit Server VM (11.0.12+7-b1504.28-7817840) for windows-amd64 JRE (11.0.12+7-b1504.28-7817840), built on Oct 13 2021 22:12:33 by "builder" with MS VC++ 14.0 (VS2015)

END.
