#
# There is insufficient memory for the Java Runtime Environment to continue.
# Native memory allocation (malloc) failed to allocate 32744 bytes for ChunkPool::allocate
# Possible reasons:
#   The system is out of physical RAM or swap space
#   The process is running with CompressedOops enabled, and the Java Heap may be blocking the growth of the native heap
# Possible solutions:
#   Reduce memory load on the system
#   Increase physical memory or swap space
#   Check if swap backing store is full
#   Decrease Java heap size (-Xmx/-Xms)
#   Decrease number of Java threads
#   Decrease Java thread stack sizes (-Xss)
#   Set larger code cache with -XX:ReservedCodeCacheSize=
#   JVM is running with Unscaled Compressed Oops mode in which the Java heap is
#     placed in the first 4GB address space. The Java Heap base address is the
#     maximum limit for the native heap growth. Please use -XX:HeapBaseMinAddress
#     to set the Java Heap base and to place the Java Heap above 4GB virtual address.
# This output file may be truncated or incomplete.
#
#  Out of Memory Error (./src/hotspot/share/memory/arena.cpp:81), pid=11864, tid=5608
#
# JRE version: OpenJDK Runtime Environment (11.0.12+7) (build 11.0.12+7-b1504.28-7817840)
# Java VM: OpenJDK 64-Bit Server VM (11.0.12+7-b1504.28-7817840, mixed mode, tiered, compressed oops, g1 gc, windows-amd64)
# No core dump will be written. Minidumps are not enabled by default on client versions of Windows
#

---------------  S U M M A R Y ------------

Command Line: --add-opens=java.base/java.util=ALL-UNNAMED --add-opens=java.base/java.lang=ALL-UNNAMED --add-opens=java.base/java.lang.invoke=ALL-UNNAMED --add-opens=java.base/java.util=ALL-UNNAMED --add-opens=java.prefs/java.util.prefs=ALL-UNNAMED --add-opens=java.prefs/java.util.prefs=ALL-UNNAMED --add-opens=java.base/java.nio.charset=ALL-UNNAMED --add-opens=java.base/java.net=ALL-UNNAMED --add-opens=java.base/java.util.concurrent.atomic=ALL-UNNAMED -Xmx2048m -Dfile.encoding=UTF-8 -Duser.country=SV -Duser.language=es -Duser.variant org.gradle.launcher.daemon.bootstrap.GradleDaemon 7.3.3

Host: Intel(R) Core(TM) i7-6700HQ CPU @ 2.60GHz, 8 cores, 7G,  Windows 10 , 64 bit Build 19041 (10.0.19041.1706)
Time: Tue May 31 22:07:28 2022 Hora estándar, América Central elapsed time: 354.075120 seconds (0d 0h 5m 54s)

---------------  T H R E A D  ---------------

Current thread (0x000001861f60e800):  JavaThread "C2 CompilerThread1" daemon [_thread_in_native, id=5608, stack(0x000000453c700000,0x000000453c800000)]


Current CompileTask:
C2: 354075 18582   !   4       com.sun.crypto.provider.PKCS12PBECipherCore::derive (501 bytes)

Stack: [0x000000453c700000,0x000000453c800000]
Native frames: (J=compiled Java code, j=interpreted, Vv=VM code, C=native code)
V  [jvm.dll+0x5fbcea]
V  [jvm.dll+0x731905]
V  [jvm.dll+0x732f1d]
V  [jvm.dll+0x7335d3]
V  [jvm.dll+0x247bf8]
V  [jvm.dll+0xc041b]
V  [jvm.dll+0xc06cc]
V  [jvm.dll+0x5002e4]
V  [jvm.dll+0x50297e]
V  [jvm.dll+0x500d1e]
V  [jvm.dll+0x50152f]
V  [jvm.dll+0x500b1f]
V  [jvm.dll+0x500b33]
V  [jvm.dll+0x500ae6]
V  [jvm.dll+0x500b33]
V  [jvm.dll+0x500b33]
V  [jvm.dll+0x500ae6]
V  [jvm.dll+0x500b33]
V  [jvm.dll+0x500b33]
V  [jvm.dll+0x500b33]
V  [jvm.dll+0x500b33]
V  [jvm.dll+0x500b33]
V  [jvm.dll+0x500b33]
V  [jvm.dll+0x500b33]
V  [jvm.dll+0x500b33]
V  [jvm.dll+0x500b33]
V  [jvm.dll+0x511906]
V  [jvm.dll+0x208303]
V  [jvm.dll+0x201fe0]
V  [jvm.dll+0x1ff71f]
V  [jvm.dll+0x18868c]
V  [jvm.dll+0x20e0d7]
V  [jvm.dll+0x20c901]
V  [jvm.dll+0x6f9b7f]
V  [jvm.dll+0x6f26a5]
V  [jvm.dll+0x5fabf6]
C  [ucrtbase.dll+0x21bb2]
C  [KERNEL32.DLL+0x17034]
C  [ntdll.dll+0x52651]


---------------  P R O C E S S  ---------------

Threads class SMR info:
_java_thread_list=0x000001861cfcfe90, length=164, elements={
0x0000018677f8e000, 0x000001867f421800, 0x000001867f425000, 0x0000018613045800,
0x0000018613047800, 0x0000018613048800, 0x000001867f43d000, 0x000001867f441000,
0x000001867f447000, 0x00000186131b0800, 0x00000186156bb000, 0x0000018616518000,
0x0000018614f66000, 0x0000018614b27000, 0x0000018614b27800, 0x0000018614b29800,
0x0000018614b2a000, 0x0000018614b2b000, 0x0000018616dfe800, 0x0000018616df9800,
0x0000018616dfc800, 0x0000018616dfc000, 0x0000018616dfb000, 0x0000018616db3800,
0x0000018616daf800, 0x0000018616db2800, 0x0000018616dae000, 0x000001861896f800,
0x000001861896e800, 0x000001861896d000, 0x0000018619b16000, 0x0000018619b1a800,
0x0000018619b15000, 0x0000018619b1c800, 0x0000018619b1d000, 0x0000018618962800,
0x0000018618964000, 0x000001861f611000, 0x000001861c3c7800, 0x000001861c3cb800,
0x000001861c3ca800, 0x000001861c3c6800, 0x00000186196e7000, 0x00000186196e5000,
0x00000186196e2000, 0x00000186196e9800, 0x000001861c3c8800, 0x000001861f60b800,
0x000001861f60c000, 0x000001861f60e000, 0x000001861f609000, 0x000001861f60a000,
0x000001861f60d000, 0x000001861f608000, 0x000001861f610800, 0x000001861f60a800,
0x000001861f612000, 0x000001861f612800, 0x000001861f614800, 0x000001861f615000,
0x000001861f60f800, 0x000001861f616000, 0x000001861f617000, 0x0000018616db4800,
0x0000018616dae800, 0x0000018616db5000, 0x0000018616db0800, 0x0000018616db7000,
0x0000018616db6000, 0x0000018616db1000, 0x0000018616db7800, 0x0000018616db2000,
0x0000018616dbb800, 0x0000018616db9800, 0x0000018616dbc800, 0x0000018616dba000,
0x0000018616db8800, 0x0000018616dbb000, 0x000001861c3c6000, 0x000001861c3c4000,
0x000001861c3c2000, 0x000001861c3c2800, 0x000001861c3c3800, 0x000001861c3c5000,
0x000001861c3c0000, 0x000001861c3c1000, 0x000001861c3c9000, 0x000001861c3ca000,
0x000001861c3cc800, 0x000001861c3cd000, 0x000001861c3ce000, 0x000001861c3cf000,
0x00000186196df800, 0x00000186196de800, 0x00000186196de000, 0x00000186196db800,
0x00000186196dc800, 0x00000186196e0800, 0x00000186196e1000, 0x00000186196dd000,
0x00000186196e3800, 0x00000186196e8800, 0x00000186196e6000, 0x00000186196e7800,
0x00000186196ea000, 0x00000186196e4800, 0x0000018618967800, 0x0000018618965000,
0x0000018618965800, 0x0000018618961800, 0x0000018618966800, 0x0000018618963800,
0x000001861896b800, 0x000001861896e000, 0x0000018618968000, 0x0000018618969000,
0x000001861896a000, 0x000001861896c000, 0x0000018618970800, 0x0000018619b16800,
0x0000018619b1b800, 0x0000018619b1a000, 0x0000018619b17800, 0x0000018619b1e000,
0x0000018619b18800, 0x0000018619b19000, 0x0000018619b21800, 0x0000018619b1f800,
0x0000018619b23000, 0x0000018619b23800, 0x0000018619b20800, 0x0000018619b22000,
0x0000018614b28800, 0x0000018614b25000, 0x0000018614b2c000, 0x0000018614b26000,
0x0000018616dfd800, 0x0000018616489800, 0x000001861648b800, 0x0000018616488000,
0x0000018616489000, 0x000001861648a800, 0x0000018616492000, 0x000001861648c000,
0x0000018616492800, 0x0000018616491000, 0x000001861648e800, 0x000001861648d800,
0x000001861648d000, 0x0000018616490000, 0x0000018616493800, 0x0000018616494800,
0x000001861648f800, 0x0000018616496000, 0x0000018616496800, 0x000001861f613800,
0x000001861f60e800, 0x0000018616495000, 0x00000186196e3000, 0x000001861c876000,
0x000001861c878000, 0x000001861c87a000, 0x000001861c876800, 0x000001861c877800
}

Java Threads: ( => current thread )
  0x0000018677f8e000 JavaThread "main" [_thread_blocked, id=2348, stack(0x0000004538c00000,0x0000004538d00000)]
  0x000001867f421800 JavaThread "Reference Handler" daemon [_thread_blocked, id=1048, stack(0x0000004539300000,0x0000004539400000)]
  0x000001867f425000 JavaThread "Finalizer" daemon [_thread_blocked, id=10660, stack(0x0000004539400000,0x0000004539500000)]
  0x0000018613045800 JavaThread "Signal Dispatcher" daemon [_thread_blocked, id=4148, stack(0x0000004539500000,0x0000004539600000)]
  0x0000018613047800 JavaThread "Attach Listener" daemon [_thread_blocked, id=7880, stack(0x0000004539600000,0x0000004539700000)]
  0x0000018613048800 JavaThread "Service Thread" daemon [_thread_blocked, id=10280, stack(0x0000004539700000,0x0000004539800000)]
  0x000001867f43d000 JavaThread "C2 CompilerThread0" daemon [_thread_blocked, id=8224, stack(0x0000004539800000,0x0000004539900000)]
  0x000001867f441000 JavaThread "C1 CompilerThread0" daemon [_thread_blocked, id=7368, stack(0x0000004539900000,0x0000004539a00000)]
  0x000001867f447000 JavaThread "Sweeper thread" daemon [_thread_blocked, id=3576, stack(0x0000004539a00000,0x0000004539b00000)]
  0x00000186131b0800 JavaThread "Common-Cleaner" daemon [_thread_blocked, id=9604, stack(0x0000004539b00000,0x0000004539c00000)]
  0x00000186156bb000 JavaThread "Daemon health stats" [_thread_blocked, id=1124, stack(0x000000453a100000,0x000000453a200000)]
  0x0000018616518000 JavaThread "Incoming local TCP Connector on port 59215" [_thread_in_native, id=2692, stack(0x0000004539d00000,0x0000004539e00000)]
  0x0000018614f66000 JavaThread "Daemon periodic checks" [_thread_blocked, id=4440, stack(0x000000453a000000,0x000000453a100000)]
  0x0000018614b27000 JavaThread "Cache worker for journal cache (C:\Users\Lenovo15\.gradle\caches\journal-1)" [_thread_blocked, id=12800, stack(0x000000453ae00000,0x000000453af00000)]
  0x0000018614b27800 JavaThread "File lock request listener" [_thread_in_native, id=6472, stack(0x000000453af00000,0x000000453b000000)]
  0x0000018614b29800 JavaThread "Cache worker for file hash cache (C:\Users\Lenovo15\.gradle\caches\7.3.3\fileHashes)" [_thread_blocked, id=13168, stack(0x000000453b000000,0x000000453b100000)]
  0x0000018614b2a000 JavaThread "File watcher server" daemon [_thread_in_native, id=10880, stack(0x000000453b500000,0x000000453b600000)]
  0x0000018614b2b000 JavaThread "File watcher consumer" daemon [_thread_blocked, id=12648, stack(0x000000453b600000,0x000000453b700000)]
  0x0000018616dfe800 JavaThread "Cache worker for execution history cache (C:\Users\Lenovo15\.gradle\caches\7.3.3\executionHistory)" [_thread_blocked, id=12132, stack(0x000000453ba00000,0x000000453bb00000)]
  0x0000018616df9800 JavaThread "jar transforms" [_thread_blocked, id=10152, stack(0x000000453bb00000,0x000000453bc00000)]
  0x0000018616dfc800 JavaThread "jar transforms Thread 2" [_thread_blocked, id=9308, stack(0x000000453bc00000,0x000000453bd00000)]
  0x0000018616dfc000 JavaThread "Cache worker for file content cache (C:\Users\Lenovo15\.gradle\caches\7.3.3\fileContent)" [_thread_blocked, id=4236, stack(0x000000453bd00000,0x000000453be00000)]
  0x0000018616dfb000 JavaThread "jar transforms Thread 3" [_thread_blocked, id=12272, stack(0x000000453be00000,0x000000453bf00000)]
  0x0000018616db3800 JavaThread "jar transforms Thread 4" [_thread_blocked, id=2280, stack(0x000000453bf00000,0x000000453c000000)]
  0x0000018616daf800 JavaThread "jar transforms Thread 5" [_thread_blocked, id=2512, stack(0x000000453c000000,0x000000453c100000)]
  0x0000018616db2800 JavaThread "jar transforms Thread 6" [_thread_blocked, id=14260, stack(0x000000453c100000,0x000000453c200000)]
  0x0000018616dae000 JavaThread "jar transforms Thread 7" [_thread_blocked, id=7232, stack(0x000000453c300000,0x000000453c400000)]
  0x000001861896f800 JavaThread "jar transforms Thread 8" [_thread_blocked, id=7428, stack(0x0000004541500000,0x0000004541600000)]
  0x000001861896e800 JavaThread "Memory manager" [_thread_blocked, id=14236, stack(0x0000004541600000,0x0000004541700000)]
  0x000001861896d000 JavaThread "pool-3-thread-1" [_thread_blocked, id=12368, stack(0x0000004541700000,0x0000004541800000)]
  0x0000018619b16000 JavaThread "Monitor" [_thread_in_native, id=4808, stack(0x0000004542200000,0x0000004542300000)]
  0x0000018619b1a800 JavaThread "JdwpProxyConnection" [_thread_in_native, id=13160, stack(0x000000453b200000,0x000000453b300000)]
  0x0000018619b15000 JavaThread "Device List Monitor" [_thread_in_native, id=6924, stack(0x000000453b400000,0x000000453b500000)]
  0x0000018619b1c800 JavaThread "grpc-nio-boss-ELG-1-1" daemon [_thread_in_native, id=7540, stack(0x0000004542400000,0x0000004542500000)]
  0x0000018619b1d000 JavaThread "grpc-shared-destroyer-0" daemon [_thread_blocked, id=12600, stack(0x0000004542800000,0x0000004542900000)]
  0x0000018618962800 JavaThread "Daemon Thread 2" [_thread_blocked, id=148, stack(0x0000004538900000,0x0000004538a00000)]
  0x0000018618964000 JavaThread "Daemon worker Thread 2" [_thread_blocked, id=4448, stack(0x000000453a200000,0x000000453a300000)]
  0x000001861f611000 JavaThread "pool-8-thread-1" [_thread_blocked, id=5936, stack(0x0000004541900000,0x0000004541a00000)]
  0x000001861c3c7800 JavaThread "RMI Scheduler(0)" daemon [_thread_blocked, id=3356, stack(0x000000453a800000,0x000000453a900000)]
  0x000001861c3cb800 JavaThread "RMI GC Daemon" daemon [_thread_blocked, id=11544, stack(0x0000004542600000,0x0000004542700000)]
  0x000001861c3ca800 JavaThread "RMI TCP Accept-0" daemon [_thread_in_native, id=12676, stack(0x0000004542900000,0x0000004542a00000)]
  0x000001861c3c6800 JavaThread "RMI Reaper" [_thread_blocked, id=10812, stack(0x0000004542a00000,0x0000004542b00000)]
  0x00000186196e7000 JavaThread "ForkJoinPool.commonPool-worker-9" daemon [_thread_blocked, id=7812, stack(0x0000004543700000,0x0000004543800000)]
  0x00000186196e5000 JavaThread "ForkJoinPool.commonPool-worker-11" daemon [_thread_blocked, id=12380, stack(0x0000004543800000,0x0000004543900000)]
  0x00000186196e2000 JavaThread "ForkJoinPool.commonPool-worker-13" daemon [_thread_blocked, id=13732, stack(0x0000004543900000,0x0000004543a00000)]
  0x00000186196e9800 JavaThread "ForkJoinPool.commonPool-worker-15" daemon [_thread_blocked, id=12500, stack(0x0000004543a00000,0x0000004543b00000)]
  0x000001861c3c8800 JavaThread "grpc-nio-worker-ELG-3-1" daemon [_thread_in_native, id=1356, stack(0x0000004542500000,0x0000004542600000)]
  0x000001861f60b800 JavaThread "File lock release action executor Thread 3" [_thread_blocked, id=1524, stack(0x0000004538a00000,0x0000004538b00000)]
  0x000001861f60c000 JavaThread "Handler for socket connection from /127.0.0.1:59215 to /127.0.0.1:59553" [_thread_in_native, id=10748, stack(0x0000004538b00000,0x0000004538c00000)]
  0x000001861f60e000 JavaThread "Cancel handler" [_thread_blocked, id=9376, stack(0x000000453a500000,0x000000453a600000)]
  0x000001861f609000 JavaThread "Asynchronous log dispatcher for DefaultDaemonConnection: socket connection from /127.0.0.1:59215 to /127.0.0.1:59553" [_thread_blocked, id=5968, stack(0x000000453a600000,0x000000453a700000)]
  0x000001861f60a000 JavaThread "Stdin handler" [_thread_blocked, id=6188, stack(0x000000453a700000,0x000000453a800000)]
  0x000001861f60d000 JavaThread "Daemon client event forwarder" [_thread_blocked, id=4296, stack(0x000000453b300000,0x000000453b400000)]
  0x000001861f608000 JavaThread "Cache worker for file hash cache (C:\Users\Lenovo15\ONE-DRIVE\Documentos\KotlinPractical\Coupons\.gradle\7.3.3\fileHashes)" [_thread_blocked, id=512, stack(0x000000453b700000,0x000000453b800000)]
  0x000001861f610800 JavaThread "Cache worker for checksums cache (C:\Users\Lenovo15\ONE-DRIVE\Documentos\KotlinPractical\Coupons\.gradle\7.3.3\checksums)" [_thread_blocked, id=9892, stack(0x000000453c200000,0x000000453c300000)]
  0x000001861f60a800 JavaThread "Cache worker for cache directory md-supplier (C:\Users\Lenovo15\.gradle\caches\7.3.3\md-supplier)" [_thread_blocked, id=9404, stack(0x000000453c400000,0x000000453c500000)]
  0x000001861f612000 JavaThread "Cache worker for cache directory md-rule (C:\Users\Lenovo15\.gradle\caches\7.3.3\md-rule)" [_thread_blocked, id=9152, stack(0x000000453c500000,0x000000453c600000)]
  0x000001861f612800 JavaThread "Cache worker for dependencies-accessors (C:\Users\Lenovo15\ONE-DRIVE\Documentos\KotlinPractical\Coupons\.gradle\7.3.3\dependencies-accessors)" [_thread_blocked, id=12628, stack(0x000000453b900000,0x000000453ba00000)]
  0x000001861f614800 JavaThread "Cache worker for Build Output Cleanup Cache (C:\Users\Lenovo15\ONE-DRIVE\Documentos\KotlinPractical\Coupons\.gradle\buildOutputCleanup)" [_thread_blocked, id=14248, stack(0x000000453b800000,0x000000453b900000)]
  0x000001861f615000 JavaThread "Unconstrained build operations" [_thread_blocked, id=12372, stack(0x000000453c800000,0x000000453c900000)]
  0x000001861f60f800 JavaThread "Unconstrained build operations Thread 2" [_thread_blocked, id=3372, stack(0x000000453c900000,0x000000453ca00000)]
  0x000001861f616000 JavaThread "Unconstrained build operations Thread 3" [_thread_blocked, id=6252, stack(0x000000453ca00000,0x000000453cb00000)]
  0x000001861f617000 JavaThread "Unconstrained build operations Thread 4" [_thread_blocked, id=12860, stack(0x000000453cb00000,0x000000453cc00000)]
  0x0000018616db4800 JavaThread "Unconstrained build operations Thread 5" [_thread_blocked, id=6244, stack(0x000000453cc00000,0x000000453cd00000)]
  0x0000018616dae800 JavaThread "Unconstrained build operations Thread 6" [_thread_blocked, id=12216, stack(0x000000453cd00000,0x000000453ce00000)]
  0x0000018616db5000 JavaThread "Unconstrained build operations Thread 7" [_thread_blocked, id=10664, stack(0x000000453ce00000,0x000000453cf00000)]
  0x0000018616db0800 JavaThread "Unconstrained build operations Thread 8" [_thread_blocked, id=2324, stack(0x000000453cf00000,0x000000453d000000)]
  0x0000018616db7000 JavaThread "Unconstrained build operations Thread 9" [_thread_blocked, id=440, stack(0x000000453d000000,0x000000453d100000)]
  0x0000018616db6000 JavaThread "Unconstrained build operations Thread 10" [_thread_blocked, id=11036, stack(0x000000453d100000,0x000000453d200000)]
  0x0000018616db1000 JavaThread "Unconstrained build operations Thread 11" [_thread_blocked, id=13560, stack(0x000000453d200000,0x000000453d300000)]
  0x0000018616db7800 JavaThread "Unconstrained build operations Thread 12" [_thread_blocked, id=13368, stack(0x000000453d300000,0x000000453d400000)]
  0x0000018616db2000 JavaThread "Unconstrained build operations Thread 13" [_thread_blocked, id=1616, stack(0x000000453d400000,0x000000453d500000)]
  0x0000018616dbb800 JavaThread "Unconstrained build operations Thread 14" [_thread_blocked, id=10428, stack(0x000000453d500000,0x000000453d600000)]
  0x0000018616db9800 JavaThread "Unconstrained build operations Thread 15" [_thread_blocked, id=1388, stack(0x000000453d600000,0x000000453d700000)]
  0x0000018616dbc800 JavaThread "Unconstrained build operations Thread 16" [_thread_blocked, id=12828, stack(0x000000453d700000,0x000000453d800000)]
  0x0000018616dba000 JavaThread "Unconstrained build operations Thread 17" [_thread_blocked, id=9660, stack(0x000000453d800000,0x000000453d900000)]
  0x0000018616db8800 JavaThread "Unconstrained build operations Thread 18" [_thread_blocked, id=3608, stack(0x000000453d900000,0x000000453da00000)]
  0x0000018616dbb000 JavaThread "Unconstrained build operations Thread 19" [_thread_blocked, id=6684, stack(0x000000453da00000,0x000000453db00000)]
  0x000001861c3c6000 JavaThread "Unconstrained build operations Thread 20" [_thread_blocked, id=2300, stack(0x000000453db00000,0x000000453dc00000)]
  0x000001861c3c4000 JavaThread "Unconstrained build operations Thread 21" [_thread_blocked, id=12220, stack(0x000000453dc00000,0x000000453dd00000)]
  0x000001861c3c2000 JavaThread "Unconstrained build operations Thread 22" [_thread_blocked, id=13092, stack(0x000000453dd00000,0x000000453de00000)]
  0x000001861c3c2800 JavaThread "Unconstrained build operations Thread 23" [_thread_blocked, id=9044, stack(0x000000453de00000,0x000000453df00000)]
  0x000001861c3c3800 JavaThread "Unconstrained build operations Thread 24" [_thread_blocked, id=7928, stack(0x000000453df00000,0x000000453e000000)]
  0x000001861c3c5000 JavaThread "Unconstrained build operations Thread 25" [_thread_blocked, id=12884, stack(0x000000453e000000,0x000000453e100000)]
  0x000001861c3c0000 JavaThread "Unconstrained build operations Thread 26" [_thread_blocked, id=11408, stack(0x000000453e100000,0x000000453e200000)]
  0x000001861c3c1000 JavaThread "Unconstrained build operations Thread 27" [_thread_blocked, id=2140, stack(0x000000453e200000,0x000000453e300000)]
  0x000001861c3c9000 JavaThread "Unconstrained build operations Thread 28" [_thread_blocked, id=13288, stack(0x000000453e300000,0x000000453e400000)]
  0x000001861c3ca000 JavaThread "Unconstrained build operations Thread 29" [_thread_blocked, id=1460, stack(0x000000453e400000,0x000000453e500000)]
  0x000001861c3cc800 JavaThread "Unconstrained build operations Thread 30" [_thread_blocked, id=11112, stack(0x000000453e500000,0x000000453e600000)]
  0x000001861c3cd000 JavaThread "Unconstrained build operations Thread 31" [_thread_blocked, id=10896, stack(0x000000453e600000,0x000000453e700000)]
  0x000001861c3ce000 JavaThread "Unconstrained build operations Thread 32" [_thread_blocked, id=5372, stack(0x000000453e700000,0x000000453e800000)]
  0x000001861c3cf000 JavaThread "Unconstrained build operations Thread 33" [_thread_blocked, id=6956, stack(0x000000453e800000,0x000000453e900000)]
  0x00000186196df800 JavaThread "Unconstrained build operations Thread 34" [_thread_blocked, id=13268, stack(0x000000453e900000,0x000000453ea00000)]
  0x00000186196de800 JavaThread "Unconstrained build operations Thread 35" [_thread_blocked, id=12924, stack(0x000000453ea00000,0x000000453eb00000)]
  0x00000186196de000 JavaThread "Unconstrained build operations Thread 36" [_thread_blocked, id=10544, stack(0x000000453eb00000,0x000000453ec00000)]
  0x00000186196db800 JavaThread "Unconstrained build operations Thread 37" [_thread_blocked, id=6176, stack(0x000000453ec00000,0x000000453ed00000)]
  0x00000186196dc800 JavaThread "Unconstrained build operations Thread 38" [_thread_blocked, id=9664, stack(0x000000453ed00000,0x000000453ee00000)]
  0x00000186196e0800 JavaThread "Unconstrained build operations Thread 39" [_thread_blocked, id=6820, stack(0x000000453ee00000,0x000000453ef00000)]
  0x00000186196e1000 JavaThread "Unconstrained build operations Thread 40" [_thread_blocked, id=10032, stack(0x000000453ef00000,0x000000453f000000)]
  0x00000186196dd000 JavaThread "Unconstrained build operations Thread 41" [_thread_blocked, id=3064, stack(0x000000453f000000,0x000000453f100000)]
  0x00000186196e3800 JavaThread "Unconstrained build operations Thread 42" [_thread_blocked, id=2624, stack(0x000000453f100000,0x000000453f200000)]
  0x00000186196e8800 JavaThread "Unconstrained build operations Thread 43" [_thread_blocked, id=5900, stack(0x000000453f200000,0x000000453f300000)]
  0x00000186196e6000 JavaThread "Unconstrained build operations Thread 44" [_thread_blocked, id=14292, stack(0x000000453f300000,0x000000453f400000)]
  0x00000186196e7800 JavaThread "Unconstrained build operations Thread 45" [_thread_blocked, id=1316, stack(0x000000453f400000,0x000000453f500000)]
  0x00000186196ea000 JavaThread "Unconstrained build operations Thread 46" [_thread_blocked, id=11664, stack(0x000000453f500000,0x000000453f600000)]
  0x00000186196e4800 JavaThread "Unconstrained build operations Thread 47" [_thread_blocked, id=9416, stack(0x000000453f600000,0x000000453f700000)]
  0x0000018618967800 JavaThread "Unconstrained build operations Thread 48" [_thread_blocked, id=3032, stack(0x000000453f700000,0x000000453f800000)]
  0x0000018618965000 JavaThread "Unconstrained build operations Thread 49" [_thread_blocked, id=1304, stack(0x000000453f800000,0x000000453f900000)]
  0x0000018618965800 JavaThread "Unconstrained build operations Thread 50" [_thread_blocked, id=10652, stack(0x000000453f900000,0x000000453fa00000)]
  0x0000018618961800 JavaThread "Unconstrained build operations Thread 51" [_thread_blocked, id=8500, stack(0x000000453fa00000,0x000000453fb00000)]
  0x0000018618966800 JavaThread "Unconstrained build operations Thread 52" [_thread_blocked, id=2216, stack(0x000000453fb00000,0x000000453fc00000)]
  0x0000018618963800 JavaThread "Unconstrained build operations Thread 53" [_thread_blocked, id=5976, stack(0x000000453fc00000,0x000000453fd00000)]
  0x000001861896b800 JavaThread "Unconstrained build operations Thread 54" [_thread_blocked, id=2212, stack(0x000000453fd00000,0x000000453fe00000)]
  0x000001861896e000 JavaThread "Unconstrained build operations Thread 55" [_thread_blocked, id=12824, stack(0x000000453fe00000,0x000000453ff00000)]
  0x0000018618968000 JavaThread "Unconstrained build operations Thread 56" [_thread_blocked, id=11680, stack(0x000000453ff00000,0x0000004540000000)]
  0x0000018618969000 JavaThread "Unconstrained build operations Thread 57" [_thread_blocked, id=5160, stack(0x0000004540000000,0x0000004540100000)]
  0x000001861896a000 JavaThread "Unconstrained build operations Thread 58" [_thread_blocked, id=2612, stack(0x0000004540100000,0x0000004540200000)]
  0x000001861896c000 JavaThread "Unconstrained build operations Thread 59" [_thread_blocked, id=2096, stack(0x0000004540200000,0x0000004540300000)]
  0x0000018618970800 JavaThread "Unconstrained build operations Thread 60" [_thread_blocked, id=4472, stack(0x0000004540300000,0x0000004540400000)]
  0x0000018619b16800 JavaThread "Unconstrained build operations Thread 61" [_thread_blocked, id=1724, stack(0x0000004540400000,0x0000004540500000)]
  0x0000018619b1b800 JavaThread "Unconstrained build operations Thread 62" [_thread_blocked, id=13712, stack(0x0000004540500000,0x0000004540600000)]
  0x0000018619b1a000 JavaThread "Unconstrained build operations Thread 63" [_thread_blocked, id=6288, stack(0x0000004540600000,0x0000004540700000)]
  0x0000018619b17800 JavaThread "Unconstrained build operations Thread 64" [_thread_blocked, id=12552, stack(0x0000004540700000,0x0000004540800000)]
  0x0000018619b1e000 JavaThread "Unconstrained build operations Thread 65" [_thread_blocked, id=6992, stack(0x0000004540800000,0x0000004540900000)]
  0x0000018619b18800 JavaThread "Unconstrained build operations Thread 66" [_thread_blocked, id=8392, stack(0x0000004540900000,0x0000004540a00000)]
  0x0000018619b19000 JavaThread "Unconstrained build operations Thread 67" [_thread_blocked, id=4528, stack(0x0000004540a00000,0x0000004540b00000)]
  0x0000018619b21800 JavaThread "Unconstrained build operations Thread 68" [_thread_blocked, id=8808, stack(0x0000004540b00000,0x0000004540c00000)]
  0x0000018619b1f800 JavaThread "Unconstrained build operations Thread 69" [_thread_blocked, id=2368, stack(0x0000004540c00000,0x0000004540d00000)]
  0x0000018619b23000 JavaThread "Unconstrained build operations Thread 70" [_thread_blocked, id=8484, stack(0x0000004540d00000,0x0000004540e00000)]
  0x0000018619b23800 JavaThread "Unconstrained build operations Thread 71" [_thread_blocked, id=11892, stack(0x0000004540e00000,0x0000004540f00000)]
  0x0000018619b20800 JavaThread "Unconstrained build operations Thread 72" [_thread_blocked, id=5024, stack(0x0000004540f00000,0x0000004541000000)]
  0x0000018619b22000 JavaThread "Unconstrained build operations Thread 73" [_thread_blocked, id=7408, stack(0x0000004541000000,0x0000004541100000)]
  0x0000018614b28800 JavaThread "Unconstrained build operations Thread 74" [_thread_blocked, id=13696, stack(0x0000004541100000,0x0000004541200000)]
  0x0000018614b25000 JavaThread "Unconstrained build operations Thread 75" [_thread_blocked, id=11484, stack(0x0000004541200000,0x0000004541300000)]
  0x0000018614b2c000 JavaThread "Unconstrained build operations Thread 76" [_thread_blocked, id=9948, stack(0x0000004541300000,0x0000004541400000)]
  0x0000018614b26000 JavaThread "Unconstrained build operations Thread 77" [_thread_blocked, id=13024, stack(0x0000004541400000,0x0000004541500000)]
  0x0000018616dfd800 JavaThread "Unconstrained build operations Thread 78" [_thread_blocked, id=12720, stack(0x0000004541800000,0x0000004541900000)]
  0x0000018616489800 JavaThread "Unconstrained build operations Thread 79" [_thread_blocked, id=5144, stack(0x0000004541a00000,0x0000004541b00000)]
  0x000001861648b800 JavaThread "Unconstrained build operations Thread 80" [_thread_blocked, id=8384, stack(0x0000004541b00000,0x0000004541c00000)]
  0x0000018616488000 JavaThread "pool-13-thread-1" [_thread_blocked, id=9124, stack(0x0000004541c00000,0x0000004541d00000)]
  0x0000018616489000 JavaThread "build event listener" [_thread_blocked, id=12716, stack(0x0000004541d00000,0x0000004541e00000)]
  0x000001861648a800 JavaThread "Execution worker for ':'" [_thread_blocked, id=1628, stack(0x0000004541e00000,0x0000004541f00000)]
  0x0000018616492000 JavaThread "Execution worker for ':' Thread 2" [_thread_blocked, id=10716, stack(0x0000004541f00000,0x0000004542000000)]
  0x000001861648c000 JavaThread "Execution worker for ':' Thread 3" [_thread_blocked, id=6264, stack(0x0000004542000000,0x0000004542100000)]
  0x0000018616492800 JavaThread "Execution worker for ':' Thread 4" [_thread_blocked, id=11908, stack(0x0000004542100000,0x0000004542200000)]
  0x0000018616491000 JavaThread "Execution worker for ':' Thread 5" [_thread_blocked, id=1800, stack(0x0000004542300000,0x0000004542400000)]
  0x000001861648e800 JavaThread "Execution worker for ':' Thread 6" [_thread_blocked, id=1472, stack(0x0000004542700000,0x0000004542800000)]
  0x000001861648d800 JavaThread "Execution worker for ':' Thread 7" [_thread_blocked, id=10456, stack(0x0000004542b00000,0x0000004542c00000)]
  0x000001861648d000 JavaThread "Cache worker for execution history cache (C:\Users\Lenovo15\ONE-DRIVE\Documentos\KotlinPractical\Coupons\.gradle\7.3.3\executionHistory)" [_thread_blocked, id=7612, stack(0x0000004542c00000,0x0000004542d00000)]
  0x0000018616490000 JavaThread "WorkerExecutor Queue" [_thread_blocked, id=7236, stack(0x000000453c600000,0x000000453c700000)]
  0x0000018616493800 JavaThread "RMI RenewClean-[127.0.0.1:17222,org.jetbrains.kotlin.daemon.common.LoopbackNetworkInterface$ClientLoopbackSocketFactory@55ae1870]" daemon [_thread_blocked, id=12392, stack(0x0000004542d00000,0x0000004542e00000)]
  0x0000018616494800 JavaThread "RMI TCP Connection(idle)" daemon [_thread_blocked, id=11776, stack(0x0000004542f00000,0x0000004543000000)]
  0x000001861648f800 JavaThread "WorkerExecutor Queue Thread 2" [_thread_blocked, id=9688, stack(0x0000004543000000,0x0000004543100000)]
  0x0000018616496000 JavaThread "RMI RenewClean-[127.0.0.1:17222,org.jetbrains.kotlin.daemon.common.LoopbackNetworkInterface$ClientLoopbackSocketFactory@70d2abfd]" daemon [_thread_blocked, id=3868, stack(0x0000004543100000,0x0000004543200000)]
  0x0000018616496800 JavaThread "RMI TCP Connection(5)-127.0.0.1" daemon [_thread_in_native, id=10228, stack(0x0000004543200000,0x0000004543300000)]
  0x000001861f613800 JavaThread "RMI TCP Connection(6)-127.0.0.1" daemon [_thread_in_native, id=4112, stack(0x0000004543300000,0x0000004543400000)]
=>0x000001861f60e800 JavaThread "C2 CompilerThread1" daemon [_thread_in_native, id=5608, stack(0x000000453c700000,0x000000453c800000)]
  0x0000018616495000 JavaThread "WorkerExecutor Queue Thread 3" [_thread_blocked, id=9476, stack(0x0000004542e00000,0x0000004542f00000)]
  0x00000186196e3000 JavaThread "WorkerExecutor Queue Thread 4" [_thread_in_Java, id=10040, stack(0x0000004543400000,0x0000004543500000)]
  0x000001861c876000 JavaThread "WorkerExecutor Queue Thread 5" [_thread_blocked, id=10900, stack(0x0000004543500000,0x0000004543600000)]
  0x000001861c878000 JavaThread "WorkerExecutor Queue Thread 6" [_thread_blocked, id=12876, stack(0x0000004543600000,0x0000004543700000)]
  0x000001861c87a000 JavaThread "WorkerExecutor Queue Thread 7" [_thread_blocked, id=10720, stack(0x0000004543b00000,0x0000004543c00000)]
  0x000001861c876800 JavaThread "WorkerExecutor Queue Thread 8" [_thread_blocked, id=4904, stack(0x0000004543c00000,0x0000004543d00000)]
  0x000001861c877800 JavaThread "WorkerExecutor Queue Thread 9" [_thread_blocked, id=10296, stack(0x0000004543d00000,0x0000004543e00000)]

Other Threads:
  0x000001867f41e000 VMThread "VM Thread" [stack: 0x0000004539200000,0x0000004539300000] [id=12964]
  0x00000186131d6800 WatcherThread [stack: 0x0000004539c00000,0x0000004539d00000] [id=8508]
  0x0000018677fa7000 GCTaskThread "GC Thread#0" [stack: 0x0000004538d00000,0x0000004538e00000] [id=5116]
  0x0000018613e8f000 GCTaskThread "GC Thread#1" [stack: 0x0000004539e00000,0x0000004539f00000] [id=11104]
  0x0000018613985000 GCTaskThread "GC Thread#2" [stack: 0x0000004539f00000,0x000000453a000000] [id=9288]
  0x0000018614766000 GCTaskThread "GC Thread#3" [stack: 0x000000453a900000,0x000000453aa00000] [id=13880]
  0x0000018614b6a000 GCTaskThread "GC Thread#4" [stack: 0x000000453aa00000,0x000000453ab00000] [id=11284]
  0x0000018675db2000 GCTaskThread "GC Thread#5" [stack: 0x000000453ab00000,0x000000453ac00000] [id=3464]
  0x00000186147cc800 GCTaskThread "GC Thread#6" [stack: 0x000000453ac00000,0x000000453ad00000] [id=8160]
  0x0000018614f1f000 GCTaskThread "GC Thread#7" [stack: 0x000000453ad00000,0x000000453ae00000] [id=9368]
  0x0000018677fd8800 ConcurrentGCThread "G1 Main Marker" [stack: 0x0000004538e00000,0x0000004538f00000] [id=12116]
  0x0000018677fd9800 ConcurrentGCThread "G1 Conc#0" [stack: 0x0000004538f00000,0x0000004539000000] [id=5492]
  0x000001861471f000 ConcurrentGCThread "G1 Conc#1" [stack: 0x000000453b100000,0x000000453b200000] [id=11364]
  0x000001867f270800 ConcurrentGCThread "G1 Refine#0" [stack: 0x0000004539000000,0x0000004539100000] [id=9920]
  0x000001867f271800 ConcurrentGCThread "G1 Young RemSet Sampling" [stack: 0x0000004539100000,0x0000004539200000] [id=4320]

Threads with active compile tasks:
C2 CompilerThread1 354156 18582   !   4       com.sun.crypto.provider.PKCS12PBECipherCore::derive (501 bytes)

VM state:not at safepoint (normal execution)

VM Mutex/Monitor currently owned by a thread: None

Heap address: 0x0000000080000000, size: 2048 MB, Compressed Oops mode: 32-bit
Narrow klass base: 0x0000000000000000, Narrow klass shift: 3
Compressed class space size: 1073741824 Address: 0x0000000100000000

Heap:
 garbage-first heap   total 225280K, used 176146K [0x0000000080000000, 0x0000000100000000)
  region size 1024K, 41 young (41984K), 5 survivors (5120K)
 Metaspace       used 137237K, capacity 140810K, committed 140972K, reserved 1171456K
  class space    used 17587K, capacity 18902K, committed 18944K, reserved 1048576K
Heap Regions: E=young(eden), S=young(survivor), O=old, HS=humongous(starts), HC=humongous(continues), CS=collection set, F=free, A=archive, TAMS=top-at-mark-start (previous, next)
|   0|0x0000000080000000, 0x0000000080100000, 0x0000000080100000|100%| O|  |TAMS 0x0000000080100000, 0x0000000080000000| Untracked 
|   1|0x0000000080100000, 0x0000000080200000, 0x0000000080200000|100%| O|  |TAMS 0x0000000080200000, 0x0000000080100000| Untracked 
|   2|0x0000000080200000, 0x0000000080300000, 0x0000000080300000|100%| O|  |TAMS 0x0000000080300000, 0x0000000080200000| Untracked 
|   3|0x0000000080300000, 0x0000000080400000, 0x0000000080400000|100%|HS|  |TAMS 0x0000000080400000, 0x0000000080300000| Complete 
|   4|0x0000000080400000, 0x0000000080500000, 0x0000000080500000|100%|HC|  |TAMS 0x0000000080500000, 0x0000000080400000| Complete 
|   5|0x0000000080500000, 0x0000000080600000, 0x0000000080600000|100%|HC|  |TAMS 0x0000000080600000, 0x0000000080500000| Complete 
|   6|0x0000000080600000, 0x0000000080700000, 0x0000000080700000|100%| O|  |TAMS 0x0000000080700000, 0x0000000080600000| Untracked 
|   7|0x0000000080700000, 0x0000000080800000, 0x0000000080800000|100%| O|  |TAMS 0x0000000080800000, 0x0000000080700000| Untracked 
|   8|0x0000000080800000, 0x0000000080900000, 0x0000000080900000|100%| O|  |TAMS 0x0000000080900000, 0x0000000080800000| Untracked 
|   9|0x0000000080900000, 0x0000000080a00000, 0x0000000080a00000|100%| O|  |TAMS 0x0000000080a00000, 0x0000000080900000| Untracked 
|  10|0x0000000080a00000, 0x0000000080b00000, 0x0000000080b00000|100%| O|  |TAMS 0x0000000080b00000, 0x0000000080a00000| Untracked 
|  11|0x0000000080b00000, 0x0000000080c00000, 0x0000000080c00000|100%| O|  |TAMS 0x0000000080c00000, 0x0000000080b00000| Untracked 
|  12|0x0000000080c00000, 0x0000000080d00000, 0x0000000080d00000|100%| O|  |TAMS 0x0000000080d00000, 0x0000000080c00000| Untracked 
|  13|0x0000000080d00000, 0x0000000080e00000, 0x0000000080e00000|100%| O|  |TAMS 0x0000000080e00000, 0x0000000080d00000| Untracked 
|  14|0x0000000080e00000, 0x0000000080f00000, 0x0000000080f00000|100%| O|  |TAMS 0x0000000080f00000, 0x0000000080e00000| Untracked 
|  15|0x0000000080f00000, 0x0000000081000000, 0x0000000081000000|100%| O|  |TAMS 0x0000000081000000, 0x0000000080f00000| Untracked 
|  16|0x0000000081000000, 0x0000000081100000, 0x0000000081100000|100%|HS|  |TAMS 0x0000000081100000, 0x0000000081000000| Complete 
|  17|0x0000000081100000, 0x0000000081200000, 0x0000000081200000|100%| O|  |TAMS 0x0000000081200000, 0x0000000081100000| Untracked 
|  18|0x0000000081200000, 0x0000000081300000, 0x0000000081300000|100%| O|  |TAMS 0x0000000081300000, 0x0000000081200000| Untracked 
|  19|0x0000000081300000, 0x0000000081400000, 0x0000000081400000|100%| O|  |TAMS 0x0000000081400000, 0x0000000081300000| Untracked 
|  20|0x0000000081400000, 0x0000000081500000, 0x0000000081500000|100%| O|  |TAMS 0x0000000081500000, 0x0000000081400000| Untracked 
|  21|0x0000000081500000, 0x0000000081600000, 0x0000000081600000|100%| O|  |TAMS 0x0000000081600000, 0x0000000081500000| Untracked 
|  22|0x0000000081600000, 0x0000000081700000, 0x0000000081700000|100%| O|  |TAMS 0x0000000081700000, 0x0000000081600000| Untracked 
|  23|0x0000000081700000, 0x0000000081800000, 0x0000000081800000|100%| O|  |TAMS 0x0000000081800000, 0x0000000081700000| Untracked 
|  24|0x0000000081800000, 0x0000000081900000, 0x0000000081900000|100%| O|  |TAMS 0x0000000081900000, 0x0000000081800000| Untracked 
|  25|0x0000000081900000, 0x0000000081a00000, 0x0000000081a00000|100%| O|  |TAMS 0x0000000081a00000, 0x0000000081900000| Untracked 
|  26|0x0000000081a00000, 0x0000000081b00000, 0x0000000081b00000|100%| O|  |TAMS 0x0000000081b00000, 0x0000000081a00000| Untracked 
|  27|0x0000000081b00000, 0x0000000081c00000, 0x0000000081c00000|100%| O|  |TAMS 0x0000000081c00000, 0x0000000081b00000| Untracked 
|  28|0x0000000081c00000, 0x0000000081d00000, 0x0000000081d00000|100%|HS|  |TAMS 0x0000000081d00000, 0x0000000081c00000| Complete 
|  29|0x0000000081d00000, 0x0000000081e00000, 0x0000000081e00000|100%|HS|  |TAMS 0x0000000081e00000, 0x0000000081d00000| Complete 
|  30|0x0000000081e00000, 0x0000000081f00000, 0x0000000081f00000|100%|HS|  |TAMS 0x0000000081f00000, 0x0000000081e00000| Complete 
|  31|0x0000000081f00000, 0x0000000082000000, 0x0000000082000000|100%|HC|  |TAMS 0x0000000082000000, 0x0000000081f00000| Complete 
|  32|0x0000000082000000, 0x0000000082100000, 0x0000000082100000|100%|HC|  |TAMS 0x0000000082100000, 0x0000000082000000| Complete 
|  33|0x0000000082100000, 0x0000000082200000, 0x0000000082200000|100%|HS|  |TAMS 0x0000000082200000, 0x0000000082100000| Complete 
|  34|0x0000000082200000, 0x0000000082300000, 0x0000000082300000|100%|HC|  |TAMS 0x0000000082300000, 0x0000000082200000| Complete 
|  35|0x0000000082300000, 0x0000000082400000, 0x0000000082400000|100%| O|  |TAMS 0x0000000082400000, 0x0000000082300000| Untracked 
|  36|0x0000000082400000, 0x0000000082500000, 0x0000000082500000|100%| O|  |TAMS 0x0000000082500000, 0x0000000082400000| Untracked 
|  37|0x0000000082500000, 0x0000000082500000, 0x0000000082600000|  0%| F|  |TAMS 0x0000000082500000, 0x0000000082500000| Untracked 
|  38|0x0000000082600000, 0x0000000082700000, 0x0000000082700000|100%| O|  |TAMS 0x0000000082700000, 0x0000000082600000| Untracked 
|  39|0x0000000082700000, 0x0000000082800000, 0x0000000082800000|100%| O|  |TAMS 0x0000000082800000, 0x0000000082700000| Untracked 
|  40|0x0000000082800000, 0x0000000082900000, 0x0000000082900000|100%| O|  |TAMS 0x0000000082900000, 0x0000000082800000| Untracked 
|  41|0x0000000082900000, 0x0000000082a00000, 0x0000000082a00000|100%| O|  |TAMS 0x0000000082a00000, 0x0000000082900000| Untracked 
|  42|0x0000000082a00000, 0x0000000082b00000, 0x0000000082b00000|100%| O|  |TAMS 0x0000000082b00000, 0x0000000082a00000| Untracked 
|  43|0x0000000082b00000, 0x0000000082c00000, 0x0000000082c00000|100%| O|  |TAMS 0x0000000082c00000, 0x0000000082b00000| Untracked 
|  44|0x0000000082c00000, 0x0000000082d00000, 0x0000000082d00000|100%| O|  |TAMS 0x0000000082d00000, 0x0000000082c00000| Untracked 
|  45|0x0000000082d00000, 0x0000000082e00000, 0x0000000082e00000|100%| O|  |TAMS 0x0000000082e00000, 0x0000000082d00000| Untracked 
|  46|0x0000000082e00000, 0x0000000082f00000, 0x0000000082f00000|100%| O|  |TAMS 0x0000000082f00000, 0x0000000082e00000| Untracked 
|  47|0x0000000082f00000, 0x0000000083000000, 0x0000000083000000|100%| O|  |TAMS 0x0000000083000000, 0x0000000082f00000| Untracked 
|  48|0x0000000083000000, 0x0000000083100000, 0x0000000083100000|100%| O|  |TAMS 0x0000000083100000, 0x0000000083000000| Untracked 
|  49|0x0000000083100000, 0x0000000083200000, 0x0000000083200000|100%| O|  |TAMS 0x0000000083200000, 0x0000000083100000| Untracked 
|  50|0x0000000083200000, 0x0000000083300000, 0x0000000083300000|100%| O|  |TAMS 0x0000000083300000, 0x0000000083200000| Untracked 
|  51|0x0000000083300000, 0x0000000083400000, 0x0000000083400000|100%| O|  |TAMS 0x0000000083400000, 0x0000000083300000| Untracked 
|  52|0x0000000083400000, 0x0000000083500000, 0x0000000083500000|100%| O|  |TAMS 0x0000000083500000, 0x0000000083400000| Untracked 
|  53|0x0000000083500000, 0x0000000083600000, 0x0000000083600000|100%| O|  |TAMS 0x0000000083600000, 0x0000000083500000| Untracked 
|  54|0x0000000083600000, 0x0000000083700000, 0x0000000083700000|100%| O|  |TAMS 0x0000000083700000, 0x0000000083600000| Untracked 
|  55|0x0000000083700000, 0x0000000083800000, 0x0000000083800000|100%| O|  |TAMS 0x0000000083800000, 0x0000000083700000| Untracked 
|  56|0x0000000083800000, 0x0000000083900000, 0x0000000083900000|100%| O|  |TAMS 0x0000000083900000, 0x0000000083800000| Untracked 
|  57|0x0000000083900000, 0x0000000083a00000, 0x0000000083a00000|100%| O|  |TAMS 0x0000000083a00000, 0x0000000083900000| Untracked 
|  58|0x0000000083a00000, 0x0000000083b00000, 0x0000000083b00000|100%| O|  |TAMS 0x0000000083b00000, 0x0000000083a00000| Untracked 
|  59|0x0000000083b00000, 0x0000000083c00000, 0x0000000083c00000|100%| O|  |TAMS 0x0000000083c00000, 0x0000000083b00000| Untracked 
|  60|0x0000000083c00000, 0x0000000083d00000, 0x0000000083d00000|100%| O|  |TAMS 0x0000000083d00000, 0x0000000083c00000| Untracked 
|  61|0x0000000083d00000, 0x0000000083e00000, 0x0000000083e00000|100%| O|  |TAMS 0x0000000083e00000, 0x0000000083d00000| Untracked 
|  62|0x0000000083e00000, 0x0000000083f00000, 0x0000000083f00000|100%| O|  |TAMS 0x0000000083f00000, 0x0000000083e00000| Untracked 
|  63|0x0000000083f00000, 0x0000000084000000, 0x0000000084000000|100%| O|  |TAMS 0x0000000084000000, 0x0000000083f00000| Untracked 
|  64|0x0000000084000000, 0x0000000084100000, 0x0000000084100000|100%| O|  |TAMS 0x0000000084100000, 0x0000000084000000| Untracked 
|  65|0x0000000084100000, 0x0000000084200000, 0x0000000084200000|100%| O|  |TAMS 0x0000000084200000, 0x0000000084100000| Untracked 
|  66|0x0000000084200000, 0x0000000084300000, 0x0000000084300000|100%| O|  |TAMS 0x0000000084300000, 0x0000000084200000| Untracked 
|  67|0x0000000084300000, 0x0000000084400000, 0x0000000084400000|100%| O|  |TAMS 0x0000000084400000, 0x0000000084300000| Untracked 
|  68|0x0000000084400000, 0x0000000084500000, 0x0000000084500000|100%| O|  |TAMS 0x0000000084500000, 0x0000000084400000| Untracked 
|  69|0x0000000084500000, 0x0000000084600000, 0x0000000084600000|100%| O|  |TAMS 0x000000008457da00, 0x0000000084500000| Untracked 
|  70|0x0000000084600000, 0x0000000084700000, 0x0000000084700000|100%| O|  |TAMS 0x0000000084600000, 0x0000000084600000| Untracked 
|  71|0x0000000084700000, 0x0000000084800000, 0x0000000084800000|100%| O|  |TAMS 0x0000000084700000, 0x0000000084700000| Untracked 
|  72|0x0000000084800000, 0x0000000084900000, 0x0000000084900000|100%| O|  |TAMS 0x0000000084800000, 0x0000000084800000| Untracked 
|  73|0x0000000084900000, 0x0000000084a00000, 0x0000000084a00000|100%| O|  |TAMS 0x0000000084900000, 0x0000000084900000| Untracked 
|  74|0x0000000084a00000, 0x0000000084b00000, 0x0000000084b00000|100%| O|  |TAMS 0x0000000084b00000, 0x0000000084a00000| Untracked 
|  75|0x0000000084b00000, 0x0000000084c00000, 0x0000000084c00000|100%| O|  |TAMS 0x0000000084c00000, 0x0000000084b00000| Untracked 
|  76|0x0000000084c00000, 0x0000000084d00000, 0x0000000084d00000|100%| O|  |TAMS 0x0000000084d00000, 0x0000000084c00000| Untracked 
|  77|0x0000000084d00000, 0x0000000084e00000, 0x0000000084e00000|100%| O|  |TAMS 0x0000000084e00000, 0x0000000084d00000| Untracked 
|  78|0x0000000084e00000, 0x0000000084f00000, 0x0000000084f00000|100%| O|  |TAMS 0x0000000084f00000, 0x0000000084e00000| Untracked 
|  79|0x0000000084f00000, 0x0000000085000000, 0x0000000085000000|100%| O|  |TAMS 0x0000000085000000, 0x0000000084f00000| Untracked 
|  80|0x0000000085000000, 0x0000000085100000, 0x0000000085100000|100%| O|  |TAMS 0x0000000085000000, 0x0000000085000000| Untracked 
|  81|0x0000000085100000, 0x0000000085200000, 0x0000000085200000|100%| O|  |TAMS 0x0000000085100000, 0x0000000085100000| Untracked 
|  82|0x0000000085200000, 0x0000000085300000, 0x0000000085300000|100%| O|  |TAMS 0x0000000085300000, 0x0000000085200000| Untracked 
|  83|0x0000000085300000, 0x0000000085400000, 0x0000000085400000|100%| O|  |TAMS 0x0000000085400000, 0x0000000085300000| Untracked 
|  84|0x0000000085400000, 0x0000000085500000, 0x0000000085500000|100%| O|  |TAMS 0x0000000085500000, 0x0000000085400000| Untracked 
|  85|0x0000000085500000, 0x0000000085600000, 0x0000000085600000|100%| O|  |TAMS 0x0000000085600000, 0x0000000085500000| Untracked 
|  86|0x0000000085600000, 0x0000000085700000, 0x0000000085700000|100%| O|  |TAMS 0x0000000085700000, 0x0000000085600000| Untracked 
|  87|0x0000000085700000, 0x0000000085800000, 0x0000000085800000|100%| O|  |TAMS 0x0000000085800000, 0x0000000085700000| Untracked 
|  88|0x0000000085800000, 0x0000000085900000, 0x0000000085900000|100%| O|  |TAMS 0x0000000085800000, 0x0000000085800000| Untracked 
|  89|0x0000000085900000, 0x0000000085900000, 0x0000000085a00000|  0%| F|  |TAMS 0x0000000085900000, 0x0000000085900000| Untracked 
|  90|0x0000000085a00000, 0x0000000085b00000, 0x0000000085b00000|100%| O|  |TAMS 0x0000000085b00000, 0x0000000085a00000| Untracked 
|  91|0x0000000085b00000, 0x0000000085c00000, 0x0000000085c00000|100%| O|  |TAMS 0x0000000085c00000, 0x0000000085b00000| Untracked 
|  92|0x0000000085c00000, 0x0000000085d00000, 0x0000000085d00000|100%| O|  |TAMS 0x0000000085c00000, 0x0000000085c00000| Untracked 
|  93|0x0000000085d00000, 0x0000000085e00000, 0x0000000085e00000|100%| O|  |TAMS 0x0000000085d00000, 0x0000000085d00000| Untracked 
|  94|0x0000000085e00000, 0x0000000085e00000, 0x0000000085f00000|  0%| F|  |TAMS 0x0000000085e00000, 0x0000000085e00000| Untracked 
|  95|0x0000000085f00000, 0x0000000086000000, 0x0000000086000000|100%| O|  |TAMS 0x0000000085f00000, 0x0000000085f00000| Untracked 
|  96|0x0000000086000000, 0x0000000086100000, 0x0000000086100000|100%| O|  |TAMS 0x0000000086000000, 0x0000000086000000| Untracked 
|  97|0x0000000086100000, 0x0000000086200000, 0x0000000086200000|100%| O|  |TAMS 0x0000000086200000, 0x0000000086100000| Untracked 
|  98|0x0000000086200000, 0x0000000086300000, 0x0000000086300000|100%| O|  |TAMS 0x0000000086200000, 0x0000000086200000| Untracked 
|  99|0x0000000086300000, 0x0000000086400000, 0x0000000086400000|100%| O|  |TAMS 0x0000000086300000, 0x0000000086300000| Untracked 
| 100|0x0000000086400000, 0x0000000086500000, 0x0000000086500000|100%| O|  |TAMS 0x0000000086500000, 0x0000000086400000| Untracked 
| 101|0x0000000086500000, 0x0000000086600000, 0x0000000086600000|100%| O|  |TAMS 0x0000000086600000, 0x0000000086500000| Untracked 
| 102|0x0000000086600000, 0x0000000086700000, 0x0000000086700000|100%| O|  |TAMS 0x0000000086700000, 0x0000000086600000| Untracked 
| 103|0x0000000086700000, 0x0000000086800000, 0x0000000086800000|100%| O|  |TAMS 0x0000000086800000, 0x0000000086700000| Untracked 
| 104|0x0000000086800000, 0x0000000086900000, 0x0000000086900000|100%| O|  |TAMS 0x0000000086900000, 0x0000000086800000| Untracked 
| 105|0x0000000086900000, 0x0000000086a00000, 0x0000000086a00000|100%| O|  |TAMS 0x0000000086a00000, 0x0000000086900000| Untracked 
| 106|0x0000000086a00000, 0x0000000086b00000, 0x0000000086b00000|100%| O|  |TAMS 0x0000000086b00000, 0x0000000086a00000| Untracked 
| 107|0x0000000086b00000, 0x0000000086c00000, 0x0000000086c00000|100%| O|  |TAMS 0x0000000086b00000, 0x0000000086b00000| Untracked 
| 108|0x0000000086c00000, 0x0000000086d00000, 0x0000000086d00000|100%| O|  |TAMS 0x0000000086c00000, 0x0000000086c00000| Untracked 
| 109|0x0000000086d00000, 0x0000000086e00000, 0x0000000086e00000|100%| O|  |TAMS 0x0000000086d00000, 0x0000000086d00000| Untracked 
| 110|0x0000000086e00000, 0x0000000086e34a00, 0x0000000086f00000| 20%| O|  |TAMS 0x0000000086e00000, 0x0000000086e00000| Untracked 
| 111|0x0000000086f00000, 0x0000000087000000, 0x0000000087000000|100%| O|  |TAMS 0x0000000087000000, 0x0000000086f00000| Untracked 
| 112|0x0000000087000000, 0x0000000087000000, 0x0000000087100000|  0%| F|  |TAMS 0x0000000087000000, 0x0000000087000000| Untracked 
| 113|0x0000000087100000, 0x0000000087100000, 0x0000000087200000|  0%| F|  |TAMS 0x0000000087100000, 0x0000000087100000| Untracked 
| 114|0x0000000087200000, 0x0000000087200000, 0x0000000087300000|  0%| F|  |TAMS 0x0000000087200000, 0x0000000087200000| Untracked 
| 115|0x0000000087300000, 0x0000000087300000, 0x0000000087400000|  0%| F|  |TAMS 0x0000000087300000, 0x0000000087300000| Untracked 
| 116|0x0000000087400000, 0x0000000087400000, 0x0000000087500000|  0%| F|  |TAMS 0x0000000087400000, 0x0000000087400000| Untracked 
| 117|0x0000000087500000, 0x0000000087500000, 0x0000000087600000|  0%| F|  |TAMS 0x0000000087500000, 0x0000000087500000| Untracked 
| 118|0x0000000087600000, 0x0000000087700000, 0x0000000087700000|100%| O|  |TAMS 0x0000000087700000, 0x0000000087600000| Untracked 
| 119|0x0000000087700000, 0x0000000087800000, 0x0000000087800000|100%| O|  |TAMS 0x0000000087800000, 0x0000000087700000| Untracked 
| 120|0x0000000087800000, 0x0000000087900000, 0x0000000087900000|100%| O|  |TAMS 0x0000000087900000, 0x0000000087800000| Untracked 
| 121|0x0000000087900000, 0x0000000087900000, 0x0000000087a00000|  0%| F|  |TAMS 0x0000000087900000, 0x0000000087900000| Untracked 
| 122|0x0000000087a00000, 0x0000000087a00000, 0x0000000087b00000|  0%| F|  |TAMS 0x0000000087a00000, 0x0000000087a00000| Untracked 
| 123|0x0000000087b00000, 0x0000000087c00000, 0x0000000087c00000|100%| O|  |TAMS 0x0000000087c00000, 0x0000000087b00000| Untracked 
| 124|0x0000000087c00000, 0x0000000087d00000, 0x0000000087d00000|100%| O|  |TAMS 0x0000000087d00000, 0x0000000087c00000| Untracked 
| 125|0x0000000087d00000, 0x0000000087e00000, 0x0000000087e00000|100%| O|  |TAMS 0x0000000087e00000, 0x0000000087d00000| Untracked 
| 126|0x0000000087e00000, 0x0000000087f00000, 0x0000000087f00000|100%| O|  |TAMS 0x0000000087f00000, 0x0000000087e00000| Untracked 
| 127|0x0000000087f00000, 0x0000000087f00000, 0x0000000088000000|  0%| F|  |TAMS 0x0000000087f00000, 0x0000000087f00000| Untracked 
| 128|0x0000000088000000, 0x0000000088000000, 0x0000000088100000|  0%| F|  |TAMS 0x0000000088000000, 0x0000000088000000| Untracked 
| 129|0x0000000088100000, 0x0000000088200000, 0x0000000088200000|100%| O|  |TAMS 0x0000000088200000, 0x0000000088100000| Untracked 
| 130|0x0000000088200000, 0x0000000088300000, 0x0000000088300000|100%| O|  |TAMS 0x0000000088300000, 0x0000000088200000| Untracked 
| 131|0x0000000088300000, 0x0000000088300000, 0x0000000088400000|  0%| F|  |TAMS 0x0000000088300000, 0x0000000088300000| Untracked 
| 132|0x0000000088400000, 0x0000000088500000, 0x0000000088500000|100%| O|  |TAMS 0x0000000088500000, 0x0000000088400000| Untracked 
| 133|0x0000000088500000, 0x0000000088500000, 0x0000000088600000|  0%| F|  |TAMS 0x0000000088500000, 0x0000000088500000| Untracked 
| 134|0x0000000088600000, 0x0000000088700000, 0x0000000088700000|100%| O|  |TAMS 0x0000000088700000, 0x0000000088600000| Untracked 
| 135|0x0000000088700000, 0x0000000088800000, 0x0000000088800000|100%| O|  |TAMS 0x0000000088800000, 0x0000000088700000| Untracked 
| 136|0x0000000088800000, 0x0000000088800000, 0x0000000088900000|  0%| F|  |TAMS 0x0000000088800000, 0x0000000088800000| Untracked 
| 137|0x0000000088900000, 0x0000000088a00000, 0x0000000088a00000|100%| O|  |TAMS 0x0000000088a00000, 0x0000000088900000| Untracked 
| 138|0x0000000088a00000, 0x0000000088b00000, 0x0000000088b00000|100%| O|  |TAMS 0x0000000088b00000, 0x0000000088a00000| Untracked 
| 139|0x0000000088b00000, 0x0000000088c00000, 0x0000000088c00000|100%| O|  |TAMS 0x0000000088c00000, 0x0000000088b00000| Untracked 
| 140|0x0000000088c00000, 0x0000000088d00000, 0x0000000088d00000|100%| O|  |TAMS 0x0000000088d00000, 0x0000000088c00000| Untracked 
| 141|0x0000000088d00000, 0x0000000088e00000, 0x0000000088e00000|100%| O|  |TAMS 0x0000000088e00000, 0x0000000088d00000| Untracked 
| 142|0x0000000088e00000, 0x0000000088f00000, 0x0000000088f00000|100%| O|  |TAMS 0x0000000088f00000, 0x0000000088e00000| Untracked 
| 143|0x0000000088f00000, 0x0000000089000000, 0x0000000089000000|100%| O|  |TAMS 0x0000000089000000, 0x0000000088f00000| Untracked 
| 144|0x0000000089000000, 0x0000000089100000, 0x0000000089100000|100%| O|  |TAMS 0x0000000089100000, 0x0000000089000000| Untracked 
| 145|0x0000000089100000, 0x0000000089200000, 0x0000000089200000|100%| O|  |TAMS 0x0000000089200000, 0x0000000089100000| Untracked 
| 146|0x0000000089200000, 0x0000000089300000, 0x0000000089300000|100%| O|  |TAMS 0x0000000089300000, 0x0000000089200000| Untracked 
| 147|0x0000000089300000, 0x0000000089400000, 0x0000000089400000|100%| O|  |TAMS 0x0000000089400000, 0x0000000089300000| Untracked 
| 148|0x0000000089400000, 0x0000000089500000, 0x0000000089500000|100%| O|  |TAMS 0x0000000089500000, 0x0000000089400000| Untracked 
| 149|0x0000000089500000, 0x0000000089600000, 0x0000000089600000|100%| O|  |TAMS 0x0000000089600000, 0x0000000089500000| Untracked 
| 150|0x0000000089600000, 0x0000000089600000, 0x0000000089700000|  0%| F|  |TAMS 0x0000000089600000, 0x0000000089600000| Untracked 
| 151|0x0000000089700000, 0x0000000089700000, 0x0000000089800000|  0%| F|  |TAMS 0x0000000089700000, 0x0000000089700000| Untracked 
| 152|0x0000000089800000, 0x0000000089800000, 0x0000000089900000|  0%| F|  |TAMS 0x0000000089800000, 0x0000000089800000| Untracked 
| 153|0x0000000089900000, 0x0000000089900000, 0x0000000089a00000|  0%| F|  |TAMS 0x0000000089900000, 0x0000000089900000| Untracked 
| 154|0x0000000089a00000, 0x0000000089a00000, 0x0000000089b00000|  0%| F|  |TAMS 0x0000000089a00000, 0x0000000089a00000| Untracked 
| 155|0x0000000089b00000, 0x0000000089b00000, 0x0000000089c00000|  0%| F|  |TAMS 0x0000000089b00000, 0x0000000089b00000| Untracked 
| 156|0x0000000089c00000, 0x0000000089c00000, 0x0000000089d00000|  0%| F|  |TAMS 0x0000000089c00000, 0x0000000089c00000| Untracked 
| 157|0x0000000089d00000, 0x0000000089d00000, 0x0000000089e00000|  0%| F|  |TAMS 0x0000000089d00000, 0x0000000089d00000| Untracked 
| 158|0x0000000089e00000, 0x0000000089e00000, 0x0000000089f00000|  0%| F|  |TAMS 0x0000000089e00000, 0x0000000089e00000| Untracked 
| 159|0x0000000089f00000, 0x0000000089f00000, 0x000000008a000000|  0%| F|  |TAMS 0x0000000089f00000, 0x0000000089f00000| Untracked 
| 160|0x000000008a000000, 0x000000008a000000, 0x000000008a100000|  0%| F|  |TAMS 0x000000008a000000, 0x000000008a000000| Untracked 
| 161|0x000000008a100000, 0x000000008a100000, 0x000000008a200000|  0%| F|  |TAMS 0x000000008a100000, 0x000000008a100000| Untracked 
| 162|0x000000008a200000, 0x000000008a200000, 0x000000008a300000|  0%| F|  |TAMS 0x000000008a200000, 0x000000008a200000| Untracked 
| 163|0x000000008a300000, 0x000000008a300000, 0x000000008a400000|  0%| F|  |TAMS 0x000000008a300000, 0x000000008a300000| Untracked 
| 164|0x000000008a400000, 0x000000008a4d00d0, 0x000000008a500000| 81%| S|CS|TAMS 0x000000008a400000, 0x000000008a400000| Complete 
| 165|0x000000008a500000, 0x000000008a600000, 0x000000008a600000|100%| S|CS|TAMS 0x000000008a500000, 0x000000008a500000| Complete 
| 166|0x000000008a600000, 0x000000008a700000, 0x000000008a700000|100%| S|CS|TAMS 0x000000008a600000, 0x000000008a600000| Complete 
| 167|0x000000008a700000, 0x000000008a800000, 0x000000008a800000|100%| S|CS|TAMS 0x000000008a700000, 0x000000008a700000| Complete 
| 168|0x000000008a800000, 0x000000008a900000, 0x000000008a900000|100%| S|CS|TAMS 0x000000008a800000, 0x000000008a800000| Complete 
| 169|0x000000008a900000, 0x000000008a900000, 0x000000008aa00000|  0%| F|  |TAMS 0x000000008a900000, 0x000000008a900000| Untracked 
| 170|0x000000008aa00000, 0x000000008aa00000, 0x000000008ab00000|  0%| F|  |TAMS 0x000000008aa00000, 0x000000008aa00000| Untracked 
| 171|0x000000008ab00000, 0x000000008ab00000, 0x000000008ac00000|  0%| F|  |TAMS 0x000000008ab00000, 0x000000008ab00000| Untracked 
| 172|0x000000008ac00000, 0x000000008ac00000, 0x000000008ad00000|  0%| F|  |TAMS 0x000000008ac00000, 0x000000008ac00000| Untracked 
| 173|0x000000008ad00000, 0x000000008ad00000, 0x000000008ae00000|  0%| F|  |TAMS 0x000000008ad00000, 0x000000008ad00000| Untracked 
| 174|0x000000008ae00000, 0x000000008ae00000, 0x000000008af00000|  0%| F|  |TAMS 0x000000008ae00000, 0x000000008ae00000| Untracked 
| 175|0x000000008af00000, 0x000000008af00000, 0x000000008b000000|  0%| F|  |TAMS 0x000000008af00000, 0x000000008af00000| Untracked 
| 176|0x000000008b000000, 0x000000008b000000, 0x000000008b100000|  0%| F|  |TAMS 0x000000008b000000, 0x000000008b000000| Untracked 
| 177|0x000000008b100000, 0x000000008b100000, 0x000000008b200000|  0%| F|  |TAMS 0x000000008b100000, 0x000000008b100000| Untracked 
| 178|0x000000008b200000, 0x000000008b200000, 0x000000008b300000|  0%| F|  |TAMS 0x000000008b200000, 0x000000008b200000| Untracked 
| 179|0x000000008b300000, 0x000000008b300000, 0x000000008b400000|  0%| F|  |TAMS 0x000000008b300000, 0x000000008b300000| Untracked 
| 180|0x000000008b400000, 0x000000008b400000, 0x000000008b500000|  0%| F|  |TAMS 0x000000008b400000, 0x000000008b400000| Untracked 
| 181|0x000000008b500000, 0x000000008b500000, 0x000000008b600000|  0%| F|  |TAMS 0x000000008b500000, 0x000000008b500000| Untracked 
| 182|0x000000008b600000, 0x000000008b600000, 0x000000008b700000|  0%| F|  |TAMS 0x000000008b600000, 0x000000008b600000| Untracked 
| 183|0x000000008b700000, 0x000000008b730230, 0x000000008b800000| 18%| E|  |TAMS 0x000000008b700000, 0x000000008b700000| Complete 
| 184|0x000000008b800000, 0x000000008b900000, 0x000000008b900000|100%| E|CS|TAMS 0x000000008b800000, 0x000000008b800000| Complete 
| 185|0x000000008b900000, 0x000000008ba00000, 0x000000008ba00000|100%| E|CS|TAMS 0x000000008b900000, 0x000000008b900000| Complete 
| 186|0x000000008ba00000, 0x000000008bb00000, 0x000000008bb00000|100%| E|CS|TAMS 0x000000008ba00000, 0x000000008ba00000| Complete 
| 187|0x000000008bb00000, 0x000000008bc00000, 0x000000008bc00000|100%| E|CS|TAMS 0x000000008bb00000, 0x000000008bb00000| Complete 
| 188|0x000000008bc00000, 0x000000008bd00000, 0x000000008bd00000|100%| E|CS|TAMS 0x000000008bc00000, 0x000000008bc00000| Complete 
| 189|0x000000008bd00000, 0x000000008be00000, 0x000000008be00000|100%| E|CS|TAMS 0x000000008bd00000, 0x000000008bd00000| Complete 
| 190|0x000000008be00000, 0x000000008bf00000, 0x000000008bf00000|100%| E|CS|TAMS 0x000000008be00000, 0x000000008be00000| Complete 
| 191|0x000000008bf00000, 0x000000008c000000, 0x000000008c000000|100%| E|CS|TAMS 0x000000008bf00000, 0x000000008bf00000| Complete 
| 192|0x000000008c000000, 0x000000008c100000, 0x000000008c100000|100%| E|CS|TAMS 0x000000008c000000, 0x000000008c000000| Complete 
| 193|0x000000008c100000, 0x000000008c200000, 0x000000008c200000|100%| E|CS|TAMS 0x000000008c100000, 0x000000008c100000| Complete 
| 194|0x000000008c200000, 0x000000008c300000, 0x000000008c300000|100%| E|CS|TAMS 0x000000008c200000, 0x000000008c200000| Complete 
| 195|0x000000008c300000, 0x000000008c400000, 0x000000008c400000|100%| E|CS|TAMS 0x000000008c300000, 0x000000008c300000| Complete 
| 196|0x000000008c400000, 0x000000008c500000, 0x000000008c500000|100%| E|CS|TAMS 0x000000008c400000, 0x000000008c400000| Complete 
| 197|0x000000008c500000, 0x000000008c600000, 0x000000008c600000|100%| E|CS|TAMS 0x000000008c500000, 0x000000008c500000| Complete 
| 198|0x000000008c600000, 0x000000008c700000, 0x000000008c700000|100%| E|CS|TAMS 0x000000008c600000, 0x000000008c600000| Complete 
| 199|0x000000008c700000, 0x000000008c800000, 0x000000008c800000|100%| E|CS|TAMS 0x000000008c700000, 0x000000008c700000| Complete 
| 200|0x000000008c800000, 0x000000008c900000, 0x000000008c900000|100%| E|CS|TAMS 0x000000008c800000, 0x000000008c800000| Complete 
| 201|0x000000008c900000, 0x000000008ca00000, 0x000000008ca00000|100%| E|CS|TAMS 0x000000008c900000, 0x000000008c900000| Complete 
| 202|0x000000008ca00000, 0x000000008cb00000, 0x000000008cb00000|100%| E|CS|TAMS 0x000000008ca00000, 0x000000008ca00000| Complete 
| 203|0x000000008cb00000, 0x000000008cc00000, 0x000000008cc00000|100%| E|CS|TAMS 0x000000008cb00000, 0x000000008cb00000| Complete 
| 204|0x000000008cc00000, 0x000000008cd00000, 0x000000008cd00000|100%| E|CS|TAMS 0x000000008cc00000, 0x000000008cc00000| Complete 
| 205|0x000000008cd00000, 0x000000008ce00000, 0x000000008ce00000|100%| E|CS|TAMS 0x000000008cd00000, 0x000000008cd00000| Complete 
| 206|0x000000008ce00000, 0x000000008cf00000, 0x000000008cf00000|100%| E|CS|TAMS 0x000000008ce00000, 0x000000008ce00000| Complete 
| 207|0x000000008cf00000, 0x000000008d000000, 0x000000008d000000|100%| E|CS|TAMS 0x000000008cf00000, 0x000000008cf00000| Complete 
| 208|0x000000008d000000, 0x000000008d100000, 0x000000008d100000|100%| E|CS|TAMS 0x000000008d000000, 0x000000008d000000| Complete 
| 209|0x000000008d100000, 0x000000008d200000, 0x000000008d200000|100%| E|CS|TAMS 0x000000008d100000, 0x000000008d100000| Complete 
| 210|0x000000008d200000, 0x000000008d300000, 0x000000008d300000|100%| E|CS|TAMS 0x000000008d200000, 0x000000008d200000| Complete 
| 211|0x000000008d300000, 0x000000008d400000, 0x000000008d400000|100%| E|CS|TAMS 0x000000008d300000, 0x000000008d300000| Complete 
| 212|0x000000008d400000, 0x000000008d500000, 0x000000008d500000|100%| E|CS|TAMS 0x000000008d400000, 0x000000008d400000| Complete 
| 213|0x000000008d500000, 0x000000008d600000, 0x000000008d600000|100%| E|CS|TAMS 0x000000008d500000, 0x000000008d500000| Complete 
| 214|0x000000008d600000, 0x000000008d700000, 0x000000008d700000|100%| E|CS|TAMS 0x000000008d600000, 0x000000008d600000| Complete 
| 215|0x000000008d700000, 0x000000008d800000, 0x000000008d800000|100%| E|CS|TAMS 0x000000008d700000, 0x000000008d700000| Complete 
| 216|0x000000008d800000, 0x000000008d900000, 0x000000008d900000|100%| E|CS|TAMS 0x000000008d800000, 0x000000008d800000| Complete 
| 217|0x000000008d900000, 0x000000008da00000, 0x000000008da00000|100%| E|CS|TAMS 0x000000008d900000, 0x000000008d900000| Complete 
| 218|0x000000008da00000, 0x000000008db00000, 0x000000008db00000|100%| E|  |TAMS 0x000000008da00000, 0x000000008da00000| Complete 
| 219|0x000000008db00000, 0x000000008dc00000, 0x000000008dc00000|100%| E|CS|TAMS 0x000000008db00000, 0x000000008db00000| Complete 

Card table byte_map: [0x000001867c1d0000,0x000001867c5d0000] _byte_map_base: 0x000001867bdd0000

Marking Bits (Prev, Next): (CMBitMap*) 0x0000018677fcfd10, (CMBitMap*) 0x0000018677fcfcd8
 Prev Bits: [0x000001860f000000, 0x0000018611000000)
 Next Bits: [0x000001867c9d0000, 0x000001867e9d0000)

Polling page: 0x0000018675f70000

Metaspace:

Usage:
  Non-class:    119.05 MB capacity,   116.85 MB ( 98%) used,     1.78 MB (  1%) free+waste,   437.06 KB ( <1%) overhead. 
      Class:     18.46 MB capacity,    17.18 MB ( 93%) used,     1.09 MB (  6%) free+waste,   196.38 KB (  1%) overhead. 
       Both:    137.51 MB capacity,   134.02 MB ( 97%) used,     2.87 MB (  2%) free+waste,   633.44 KB ( <1%) overhead. 

Virtual space:
  Non-class space:      120.00 MB reserved,     119.17 MB (>99%) committed 
      Class space:        1.00 GB reserved,      18.50 MB (  2%) committed 
             Both:        1.12 GB reserved,     137.67 MB ( 12%) committed 

Chunk freelists:
   Non-Class:  56.00 KB
       Class:  0 bytes
        Both:  56.00 KB

MaxMetaspaceSize: 17179869184.00 GB
CompressedClassSpaceSize: 1.00 GB
Initial GC threshold: 20.80 MB
Current GC threshold: 227.16 MB
CDS: off

CodeHeap 'non-profiled nmethods': size=120000Kb used=13227Kb max_used=13227Kb free=106772Kb
 bounds [0x0000018607ad0000, 0x00000186087c0000, 0x000001860f000000]
CodeHeap 'profiled nmethods': size=120000Kb used=38583Kb max_used=38583Kb free=81416Kb
 bounds [0x00000186005a0000, 0x0000018602b60000, 0x0000018607ad0000]
CodeHeap 'non-nmethods': size=5760Kb used=2542Kb max_used=2598Kb free=3217Kb
 bounds [0x0000018600000000, 0x00000186002a0000, 0x00000186005a0000]
 total_blobs=18647 nmethods=17555 adapters=1003
 compilation: enabled
              stopped_count=0, restarted_count=0
 full_count=0

Compilation events (20 events):
Event: 353.994 Thread 0x000001867f441000 18581       3       sun.security.provider.SHA::implDigest (96 bytes)
Event: 353.995 Thread 0x000001867f441000 nmethod 18581 0x0000018602b3c410 code [0x0000018602b3c640, 0x0000018602b3cbc8]
Event: 353.995 Thread 0x000001867f441000 18579       3       com.sun.org.apache.xerces.internal.util.XMLAttributesImpl::addAttributeNS (169 bytes)
Event: 353.995 Thread 0x000001861f60e800 nmethod 18531 0x00000186087b3890 code [0x00000186087b3b00, 0x00000186087b5230]
Event: 353.996 Thread 0x000001861f60e800 18546       4       com.android.tools.r8.graph.d1::a (258 bytes)
Event: 353.997 Thread 0x000001867f441000 nmethod 18579 0x0000018602b3ce10 code [0x0000018602b3d0e0, 0x0000018602b3e4b8]
Event: 353.997 Thread 0x000001867f441000 18576       3       com.sun.org.apache.xerces.internal.impl.XMLNSDocumentScannerImpl::scanAttribute (824 bytes)
Event: 354.002 Thread 0x000001861f60e800 nmethod 18546 0x00000186087b5e90 code [0x00000186087b6020, 0x00000186087b6278]
Event: 354.002 Thread 0x000001861f60e800 18583       4       sun.security.provider.SHA::implDigest (96 bytes)
Event: 354.004 Thread 0x000001867f441000 nmethod 18576 0x0000018602b3ea90 code [0x0000018602b3f1a0, 0x0000018602b44398]
Event: 354.004 Thread 0x000001867f441000 18577       3       com.sun.org.apache.xerces.internal.impl.XMLDocumentFragmentScannerImpl::getString (76 bytes)
Event: 354.005 Thread 0x000001867f441000 nmethod 18577 0x0000018602b45d10 code [0x0000018602b45f80, 0x0000018602b46ca8]
Event: 354.005 Thread 0x000001867f441000 18578       3       com.sun.org.apache.xerces.internal.impl.XMLScanner::scanAttributeValue (991 bytes)
Event: 354.012 Thread 0x000001867f441000 nmethod 18578 0x0000018602b47190 code [0x0000018602b479e0, 0x0000018602b4d478]
Event: 354.012 Thread 0x000001867f441000 18580       3       com.sun.org.apache.xerces.internal.util.XMLAttributesImpl::setValue (27 bytes)
Event: 354.012 Thread 0x000001867f441000 nmethod 18580 0x0000018602b4f090 code [0x0000018602b4f260, 0x0000018602b4f4b8]
Event: 354.014 Thread 0x000001861f60e800 nmethod 18583 0x00000186087b6410 code [0x00000186087b65e0, 0x00000186087b69e8]
Event: 354.014 Thread 0x000001861f60e800 18582   !   4       com.sun.crypto.provider.PKCS12PBECipherCore::derive (501 bytes)
Event: 354.056 Thread 0x000001867f441000 18584       3       com.sun.crypto.provider.RC2Crypt::decryptBlock (926 bytes)
Event: 354.057 Thread 0x000001867f441000 nmethod 18584 0x0000018602b4f610 code [0x0000018602b4f840, 0x0000018602b50418]

GC Heap History (20 events):
Event: 172.704 GC heap before
{Heap before GC invocations=43 (full 0):
 garbage-first heap   total 225280K, used 190431K [0x0000000080000000, 0x0000000100000000)
  region size 1024K, 53 young (54272K), 3 survivors (3072K)
 Metaspace       used 129522K, capacity 132718K, committed 132780K, reserved 1165312K
  class space    used 16657K, capacity 17876K, committed 17920K, reserved 1048576K
}
Event: 172.711 GC heap after
{Heap after GC invocations=44 (full 0):
 garbage-first heap   total 225280K, used 141453K [0x0000000080000000, 0x0000000100000000)
  region size 1024K, 5 young (5120K), 5 survivors (5120K)
 Metaspace       used 129522K, capacity 132718K, committed 132780K, reserved 1165312K
  class space    used 16657K, capacity 17876K, committed 17920K, reserved 1048576K
}
Event: 172.858 GC heap before
{Heap before GC invocations=44 (full 0):
 garbage-first heap   total 225280K, used 148621K [0x0000000080000000, 0x0000000100000000)
  region size 1024K, 11 young (11264K), 5 survivors (5120K)
 Metaspace       used 130259K, capacity 133559K, committed 133676K, reserved 1165312K
  class space    used 16768K, capacity 18030K, committed 18048K, reserved 1048576K
}
Event: 172.877 GC heap after
{Heap after GC invocations=45 (full 0):
 garbage-first heap   total 225280K, used 130148K [0x0000000080000000, 0x0000000100000000)
  region size 1024K, 1 young (1024K), 1 survivors (1024K)
 Metaspace       used 130259K, capacity 133559K, committed 133676K, reserved 1165312K
  class space    used 16768K, capacity 18030K, committed 18048K, reserved 1048576K
}
Event: 173.017 GC heap before
{Heap before GC invocations=45 (full 0):
 garbage-first heap   total 225280K, used 139364K [0x0000000080000000, 0x0000000100000000)
  region size 1024K, 11 young (11264K), 1 survivors (1024K)
 Metaspace       used 130328K, capacity 133574K, committed 133676K, reserved 1165312K
  class space    used 16775K, capacity 18035K, committed 18048K, reserved 1048576K
}
Event: 173.028 GC heap after
{Heap after GC invocations=46 (full 0):
 garbage-first heap   total 225280K, used 129956K [0x0000000080000000, 0x0000000100000000)
  region size 1024K, 2 young (2048K), 2 survivors (2048K)
 Metaspace       used 130328K, capacity 133574K, committed 133676K, reserved 1165312K
  class space    used 16775K, capacity 18035K, committed 18048K, reserved 1048576K
}
Event: 175.959 GC heap before
{Heap before GC invocations=46 (full 0):
 garbage-first heap   total 225280K, used 185252K [0x0000000080000000, 0x0000000100000000)
  region size 1024K, 56 young (57344K), 2 survivors (2048K)
 Metaspace       used 130345K, capacity 133638K, committed 133676K, reserved 1165312K
  class space    used 16775K, capacity 18035K, committed 18048K, reserved 1048576K
}
Event: 175.963 GC heap after
{Heap after GC invocations=47 (full 0):
 garbage-first heap   total 225280K, used 129938K [0x0000000080000000, 0x0000000100000000)
  region size 1024K, 2 young (2048K), 2 survivors (2048K)
 Metaspace       used 130345K, capacity 133638K, committed 133676K, reserved 1165312K
  class space    used 16775K, capacity 18035K, committed 18048K, reserved 1048576K
}
Event: 179.226 GC heap before
{Heap before GC invocations=48 (full 0):
 garbage-first heap   total 225280K, used 185234K [0x0000000080000000, 0x0000000100000000)
  region size 1024K, 57 young (58368K), 2 survivors (2048K)
 Metaspace       used 131538K, capacity 134851K, committed 135212K, reserved 1167360K
  class space    used 16917K, capacity 18182K, committed 18304K, reserved 1048576K
}
Event: 179.229 GC heap after
{Heap after GC invocations=49 (full 0):
 garbage-first heap   total 225280K, used 130220K [0x0000000080000000, 0x0000000100000000)
  region size 1024K, 2 young (2048K), 2 survivors (2048K)
 Metaspace       used 131538K, capacity 134851K, committed 135212K, reserved 1167360K
  class space    used 16917K, capacity 18182K, committed 18304K, reserved 1048576K
}
Event: 179.681 GC heap before
{Heap before GC invocations=49 (full 0):
 garbage-first heap   total 225280K, used 138412K [0x0000000080000000, 0x0000000100000000)
  region size 1024K, 11 young (11264K), 2 survivors (2048K)
 Metaspace       used 133748K, capacity 137021K, committed 137260K, reserved 1167360K
  class space    used 17231K, capacity 18479K, committed 18560K, reserved 1048576K
}
Event: 179.684 GC heap after
{Heap after GC invocations=50 (full 0):
 garbage-first heap   total 225280K, used 130506K [0x0000000080000000, 0x0000000100000000)
  region size 1024K, 1 young (1024K), 1 survivors (1024K)
 Metaspace       used 133748K, capacity 137021K, committed 137260K, reserved 1167360K
  class space    used 17231K, capacity 18479K, committed 18560K, reserved 1048576K
}
Event: 343.371 GC heap before
{Heap before GC invocations=50 (full 0):
 garbage-first heap   total 225280K, used 187850K [0x0000000080000000, 0x0000000100000000)
  region size 1024K, 58 young (59392K), 1 survivors (1024K)
 Metaspace       used 136020K, capacity 139303K, committed 139564K, reserved 1169408K
  class space    used 17487K, capacity 18720K, committed 18816K, reserved 1048576K
}
Event: 343.389 GC heap after
{Heap after GC invocations=51 (full 0):
 garbage-first heap   total 225280K, used 134413K [0x0000000080000000, 0x0000000100000000)
  region size 1024K, 5 young (5120K), 5 survivors (5120K)
 Metaspace       used 136020K, capacity 139303K, committed 139564K, reserved 1169408K
  class space    used 17487K, capacity 18720K, committed 18816K, reserved 1048576K
}
Event: 345.573 GC heap before
{Heap before GC invocations=52 (full 0):
 garbage-first heap   total 225280K, used 188685K [0x0000000080000000, 0x0000000100000000)
  region size 1024K, 59 young (60416K), 5 survivors (5120K)
 Metaspace       used 136413K, capacity 139778K, committed 140076K, reserved 1171456K
  class space    used 17506K, capacity 18754K, committed 18816K, reserved 1048576K
}
Event: 345.587 GC heap after
{Heap after GC invocations=53 (full 0):
 garbage-first heap   total 225280K, used 140526K [0x0000000080000000, 0x0000000100000000)
  region size 1024K, 8 young (8192K), 8 survivors (8192K)
 Metaspace       used 136413K, capacity 139778K, committed 140076K, reserved 1171456K
  class space    used 17506K, capacity 18754K, committed 18816K, reserved 1048576K
}
Event: 345.641 GC heap before
{Heap before GC invocations=53 (full 0):
 garbage-first heap   total 225280K, used 143598K [0x0000000080000000, 0x0000000100000000)
  region size 1024K, 11 young (11264K), 8 survivors (8192K)
 Metaspace       used 136426K, capacity 139778K, committed 140076K, reserved 1171456K
  class space    used 17506K, capacity 18754K, committed 18816K, reserved 1048576K
}
Event: 345.660 GC heap after
{Heap after GC invocations=54 (full 0):
 garbage-first heap   total 225280K, used 137777K [0x0000000080000000, 0x0000000100000000)
  region size 1024K, 2 young (2048K), 2 survivors (2048K)
 Metaspace       used 136426K, capacity 139778K, committed 140076K, reserved 1171456K
  class space    used 17506K, capacity 18754K, committed 18816K, reserved 1048576K
}
Event: 348.410 GC heap before
{Heap before GC invocations=54 (full 0):
 garbage-first heap   total 225280K, used 186929K [0x0000000080000000, 0x0000000100000000)
  region size 1024K, 51 young (52224K), 2 survivors (2048K)
 Metaspace       used 136952K, capacity 140501K, committed 140716K, reserved 1171456K
  class space    used 17581K, capacity 18891K, committed 18944K, reserved 1048576K
}
Event: 348.420 GC heap after
{Heap after GC invocations=55 (full 0):
 garbage-first heap   total 225280K, used 141330K [0x0000000080000000, 0x0000000100000000)
  region size 1024K, 5 young (5120K), 5 survivors (5120K)
 Metaspace       used 136952K, capacity 140501K, committed 140716K, reserved 1171456K
  class space    used 17581K, capacity 18891K, committed 18944K, reserved 1048576K
}

Deoptimization events (20 events):
Event: 353.575 Thread 0x000001861648c000 DEOPT PACKING pc=0x000001860879fd2c sp=0x00000045420fc350
Event: 353.575 Thread 0x000001861648c000 DEOPT UNPACKING pc=0x000001860004a1af sp=0x00000045420fc280 mode 2
Event: 353.655 Thread 0x000001861648c000 Uncommon trap: trap_request=0xffffffd6 fr.pc=0x000001860879fd2c relative=0x000000000000054c
Event: 353.655 Thread 0x000001861648c000 Uncommon trap: reason=array_check action=maybe_recompile pc=0x000001860879fd2c method=com.google.common.collect.ImmutableList.copyIntoArray([Ljava/lang/Object;I)I @ 25 c2
Event: 353.655 Thread 0x000001861648c000 DEOPT PACKING pc=0x000001860879fd2c sp=0x00000045420fa360
Event: 353.655 Thread 0x000001861648c000 DEOPT UNPACKING pc=0x000001860004a1af sp=0x00000045420fa290 mode 2
Event: 353.874 Thread 0x0000018616495000 Uncommon trap: trap_request=0xffffff4d fr.pc=0x0000018608616594 relative=0x0000000000000334
Event: 353.874 Thread 0x0000018616495000 Uncommon trap: reason=unstable_if action=reinterpret pc=0x0000018608616594 method=sun.security.provider.SHA.implDigest([BI)V @ 21 c2
Event: 353.874 Thread 0x0000018616495000 DEOPT PACKING pc=0x0000018608616594 sp=0x0000004542efd3a0
Event: 353.874 Thread 0x0000018616495000 DEOPT UNPACKING pc=0x000001860004a1af sp=0x0000004542efd320 mode 2
Event: 353.919 Thread 0x000001861c876800 Uncommon trap: trap_request=0xffffff6e fr.pc=0x0000018607bbd770 relative=0x0000000000001050
Event: 353.919 Thread 0x000001861c876800 Uncommon trap: reason=speculate_class_check action=maybe_recompile pc=0x0000018607bbd770 method=java.util.zip.InflaterInputStream.read([BII)I @ 100 c2
Event: 353.919 Thread 0x000001861c876800 DEOPT PACKING pc=0x0000018607bbd770 sp=0x0000004543cfdc20
Event: 353.919 Thread 0x000001861c876800 DEOPT UNPACKING pc=0x000001860004a1af sp=0x0000004543cfdc80 mode 2
Event: 353.998 Thread 0x00000186196e3000 DEOPT PACKING pc=0x000001860287b8b6 sp=0x00000045434fd660
Event: 353.998 Thread 0x00000186196e3000 DEOPT UNPACKING pc=0x000001860004a95e sp=0x00000045434fcbe0 mode 0
Event: 354.031 Thread 0x00000186196e3000 DEOPT PACKING pc=0x000001860287b8b6 sp=0x00000045434fd660
Event: 354.031 Thread 0x00000186196e3000 DEOPT UNPACKING pc=0x000001860004a95e sp=0x00000045434fcbe0 mode 0
Event: 354.061 Thread 0x00000186196e3000 DEOPT PACKING pc=0x000001860287b8b6 sp=0x00000045434fd9d0
Event: 354.061 Thread 0x00000186196e3000 DEOPT UNPACKING pc=0x000001860004a95e sp=0x00000045434fcf50 mode 0

Classes redefined (0 events):
No events

Internal exceptions (20 events):
Event: 227.311 Thread 0x0000018618964000 Exception <a 'java/lang/reflect/InvocationTargetException'{0x000000008c7fdc40}> (0x000000008c7fdc40) thrown at [./src/hotspot/share/runtime/reflection.cpp, line 1247]
Event: 228.320 Thread 0x0000018619b15000 Exception <a 'java/net/ConnectException'{0x000000008d957738}: Connection refused: connect> (0x000000008d957738) thrown at [./src/hotspot/share/prims/jni.cpp, line 636]
Event: 230.363 Thread 0x0000018619b15000 Exception <a 'java/net/ConnectException'{0x000000008d957db8}: Connection refused: connect> (0x000000008d957db8) thrown at [./src/hotspot/share/prims/jni.cpp, line 636]
Event: 233.409 Thread 0x0000018619b15000 Exception <a 'java/net/ConnectException'{0x000000008c697970}: Connection refused: connect> (0x000000008c697970) thrown at [./src/hotspot/share/prims/jni.cpp, line 636]
Event: 235.471 Thread 0x0000018619b15000 Exception <a 'java/net/ConnectException'{0x000000008c697ee0}: Connection refused: connect> (0x000000008c697ee0) thrown at [./src/hotspot/share/prims/jni.cpp, line 636]
Event: 332.109 Thread 0x00000186196de800 Exception <a 'sun/nio/fs/WindowsException'{0x000000008bf2a460}> (0x000000008bf2a460) thrown at [./src/hotspot/share/prims/jni.cpp, line 615]
Event: 343.904 Thread 0x0000018618964000 Exception <a 'sun/nio/fs/WindowsException'{0x000000008d49c160}> (0x000000008d49c160) thrown at [./src/hotspot/share/prims/jni.cpp, line 615]
Event: 343.936 Thread 0x0000018618964000 Implicit null exception at 0x00000186084cbb7e to 0x00000186084cbc90
Event: 344.290 Thread 0x0000018618964000 Exception <a 'sun/nio/fs/WindowsException'{0x000000008c67e2f8}> (0x000000008c67e2f8) thrown at [./src/hotspot/share/prims/jni.cpp, line 615]
Event: 344.304 Thread 0x0000018618964000 Exception <a 'sun/nio/fs/WindowsException'{0x000000008c51f0f8}> (0x000000008c51f0f8) thrown at [./src/hotspot/share/prims/jni.cpp, line 615]
Event: 344.305 Thread 0x0000018618964000 Exception <a 'sun/nio/fs/WindowsException'{0x000000008c520480}> (0x000000008c520480) thrown at [./src/hotspot/share/prims/jni.cpp, line 615]
Event: 344.305 Thread 0x0000018618964000 Exception <a 'sun/nio/fs/WindowsException'{0x000000008c521858}> (0x000000008c521858) thrown at [./src/hotspot/share/prims/jni.cpp, line 615]
Event: 344.305 Thread 0x0000018618964000 Exception <a 'sun/nio/fs/WindowsException'{0x000000008c522c30}> (0x000000008c522c30) thrown at [./src/hotspot/share/prims/jni.cpp, line 615]
Event: 344.506 Thread 0x0000018618964000 Exception <a 'sun/nio/fs/WindowsException'{0x000000008bd7ec60}> (0x000000008bd7ec60) thrown at [./src/hotspot/share/prims/jni.cpp, line 615]
Event: 348.346 Thread 0x0000018616493800 Exception <a 'java/lang/InterruptedException'{0x000000008acec3e8}> (0x000000008acec3e8) thrown at [./src/hotspot/share/runtime/objectMonitor.cpp, line 1635]
Event: 349.723 Thread 0x0000018616496000 Exception <a 'java/lang/InterruptedException'{0x000000008caa5cd8}> (0x000000008caa5cd8) thrown at [./src/hotspot/share/runtime/objectMonitor.cpp, line 1635]
Event: 353.695 Thread 0x0000018616495000 Exception <a 'sun/nio/fs/WindowsException'{0x000000008c22b210}> (0x000000008c22b210) thrown at [./src/hotspot/share/prims/jni.cpp, line 615]
Event: 353.875 Thread 0x0000018616495000 Exception <a 'sun/nio/fs/WindowsException'{0x000000008c197268}> (0x000000008c197268) thrown at [./src/hotspot/share/prims/jni.cpp, line 615]
Event: 353.923 Thread 0x000001861c876000 Exception <a 'sun/nio/fs/WindowsException'{0x000000008c026f88}> (0x000000008c026f88) thrown at [./src/hotspot/share/prims/jni.cpp, line 615]
Event: 353.937 Thread 0x000001861c876000 Exception <a 'sun/nio/fs/WindowsException'{0x000000008c0c2388}> (0x000000008c0c2388) thrown at [./src/hotspot/share/prims/jni.cpp, line 615]

Events (20 events):
Event: 353.384 Thread 0x000001861f60e800 Thread added: 0x000001861f60e800
Event: 353.655 Executing VM operation: RevokeBias
Event: 353.655 Executing VM operation: RevokeBias done
Event: 353.656 Thread 0x0000018616495000 Thread added: 0x0000018616495000
Event: 353.657 Executing VM operation: RevokeBias
Event: 353.675 Executing VM operation: RevokeBias done
Event: 353.675 Executing VM operation: RevokeBias
Event: 353.676 Executing VM operation: RevokeBias done
Event: 353.676 Thread 0x00000186196e3000 Thread added: 0x00000186196e3000
Event: 353.678 Thread 0x000001861c876000 Thread added: 0x000001861c876000
Event: 353.679 Thread 0x000001861c878000 Thread added: 0x000001861c878000
Event: 353.680 Thread 0x000001861c87a000 Thread added: 0x000001861c87a000
Event: 353.682 Thread 0x000001861c876800 Thread added: 0x000001861c876800
Event: 353.685 Thread 0x000001861c877800 Thread added: 0x000001861c877800
Event: 353.702 Executing VM operation: RevokeBias
Event: 353.831 Executing VM operation: RevokeBias done
Event: 353.914 Executing VM operation: RevokeBias
Event: 353.915 Executing VM operation: RevokeBias done
Event: 353.967 Executing VM operation: RevokeBias
Event: 353.974 Executing VM operation: RevokeBias done


Dynamic libraries:
0x00007ff7848d0000 - 0x00007ff7848da000 	C:\Program Files\Android\Android Studio\jre\bin\java.exe
0x00007fff06610000 - 0x00007fff06805000 	C:\WINDOWS\SYSTEM32\ntdll.dll
0x00007fff06070000 - 0x00007fff0612d000 	C:\WINDOWS\System32\KERNEL32.DLL
0x00007fff041d0000 - 0x00007fff0449d000 	C:\WINDOWS\System32\KERNELBASE.dll
0x00007fff03eb0000 - 0x00007fff03fb0000 	C:\WINDOWS\System32\ucrtbase.dll
0x00007ffefd6a0000 - 0x00007ffefd6b9000 	C:\Program Files\Android\Android Studio\jre\bin\jli.dll
0x00007ffefd360000 - 0x00007ffefd377000 	C:\Program Files\Android\Android Studio\jre\bin\VCRUNTIME140.dll
0x00007fff056a0000 - 0x00007fff05840000 	C:\WINDOWS\System32\USER32.dll
0x00007fff03e80000 - 0x00007fff03ea2000 	C:\WINDOWS\System32\win32u.dll
0x00007ffeedae0000 - 0x00007ffeedd7a000 	C:\WINDOWS\WinSxS\amd64_microsoft.windows.common-controls_6595b64144ccf1df_6.0.19041.1110_none_60b5254171f9507e\COMCTL32.dll
0x00007fff05030000 - 0x00007fff0505a000 	C:\WINDOWS\System32\GDI32.dll
0x00007fff05200000 - 0x00007fff0529e000 	C:\WINDOWS\System32\msvcrt.dll
0x00007fff040c0000 - 0x00007fff041cb000 	C:\WINDOWS\System32\gdi32full.dll
0x00007fff03fb0000 - 0x00007fff0404d000 	C:\WINDOWS\System32\msvcp_win.dll
0x00007fff05060000 - 0x00007fff05090000 	C:\WINDOWS\System32\IMM32.DLL
0x00007ffee1460000 - 0x00007ffee14fd000 	C:\Program Files\Android\Android Studio\jre\bin\msvcp140.dll
0x00007ffec8420000 - 0x00007ffec8f05000 	C:\Program Files\Android\Android Studio\jre\bin\server\jvm.dll
0x00007fff052a0000 - 0x00007fff0534e000 	C:\WINDOWS\System32\ADVAPI32.dll
0x00007fff05350000 - 0x00007fff053ec000 	C:\WINDOWS\System32\sechost.dll
0x00007fff04d50000 - 0x00007fff04e75000 	C:\WINDOWS\System32\RPCRT4.dll
0x00007fff058b0000 - 0x00007fff058b8000 	C:\WINDOWS\System32\PSAPI.DLL
0x00007ffeec9f0000 - 0x00007ffeeca17000 	C:\WINDOWS\SYSTEM32\WINMM.dll
0x00007ffefb5c0000 - 0x00007ffefb5c9000 	C:\WINDOWS\SYSTEM32\WSOCK32.dll
0x00007ffefde60000 - 0x00007ffefde6a000 	C:\WINDOWS\SYSTEM32\VERSION.dll
0x00007fff05840000 - 0x00007fff058ab000 	C:\WINDOWS\System32\WS2_32.dll
0x00007fff01c90000 - 0x00007fff01ca2000 	C:\WINDOWS\SYSTEM32\kernel.appcore.dll
0x00007ffee96a0000 - 0x00007ffee96b1000 	C:\Program Files\Android\Android Studio\jre\bin\verify.dll
0x00007ffeedde0000 - 0x00007ffeedfc4000 	C:\WINDOWS\SYSTEM32\DBGHELP.DLL
0x00007ffeeddb0000 - 0x00007ffeedddc000 	C:\WINDOWS\SYSTEM32\dbgcore.DLL
0x00007fff045d0000 - 0x00007fff04652000 	C:\WINDOWS\System32\bcryptPrimitives.dll
0x00007ffee87b0000 - 0x00007ffee87d9000 	C:\Program Files\Android\Android Studio\jre\bin\java.dll
0x00007ffefb5b0000 - 0x00007ffefb5bb000 	C:\Program Files\Android\Android Studio\jre\bin\jimage.dll
0x00007ffee5850000 - 0x00007ffee5868000 	C:\Program Files\Android\Android Studio\jre\bin\zip.dll
0x00007fff058c0000 - 0x00007fff06004000 	C:\WINDOWS\System32\SHELL32.dll
0x00007fff01e20000 - 0x00007fff025b4000 	C:\WINDOWS\SYSTEM32\windows.storage.dll
0x00007fff06270000 - 0x00007fff065c4000 	C:\WINDOWS\System32\combase.dll
0x00007fff03780000 - 0x00007fff037ac000 	C:\WINDOWS\SYSTEM32\Wldp.dll
0x00007fff05150000 - 0x00007fff051fd000 	C:\WINDOWS\System32\SHCORE.dll
0x00007fff06010000 - 0x00007fff06065000 	C:\WINDOWS\System32\shlwapi.dll
0x00007fff03c60000 - 0x00007fff03c7f000 	C:\WINDOWS\SYSTEM32\profapi.dll
0x00007ffee1410000 - 0x00007ffee142a000 	C:\Program Files\Android\Android Studio\jre\bin\net.dll
0x00007ffef4630000 - 0x00007ffef473a000 	C:\WINDOWS\SYSTEM32\WINHTTP.dll
0x00007fff034e0000 - 0x00007fff0354a000 	C:\WINDOWS\system32\mswsock.dll
0x00007ffee1390000 - 0x00007ffee13a4000 	C:\Program Files\Android\Android Studio\jre\bin\nio.dll
0x00007ffefd380000 - 0x00007ffefd3a7000 	C:\Users\Lenovo15\.gradle\native\e1d6ef7f7dcc3fd88c89a11ec53ec762bb8ba0a96d01ffa2cd45eb1d1d8dd5c5\windows-amd64\native-platform.dll
0x00007ffed8d30000 - 0x00007ffed8e74000 	C:\Users\Lenovo15\.gradle\native\5664cfc778a61ccfe75a443a1ab52a65af34e5dc3c78e0209fed803814484fcb\windows-amd64\native-platform-file-events.dll
0x00007ffeedfe0000 - 0x00007ffeedfea000 	C:\Program Files\Android\Android Studio\jre\bin\management.dll
0x00007ffeeaa70000 - 0x00007ffeeaa7d000 	C:\Program Files\Android\Android Studio\jre\bin\management_ext.dll
0x00007fff036d0000 - 0x00007fff036e8000 	C:\WINDOWS\SYSTEM32\CRYPTSP.dll
0x00007fff02df0000 - 0x00007fff02e24000 	C:\WINDOWS\system32\rsaenh.dll
0x00007fff044a0000 - 0x00007fff044c7000 	C:\WINDOWS\System32\bcrypt.dll
0x00007fff03c20000 - 0x00007fff03c4e000 	C:\WINDOWS\SYSTEM32\USERENV.dll
0x00007fff036f0000 - 0x00007fff036fc000 	C:\WINDOWS\SYSTEM32\CRYPTBASE.dll
0x00007fff03180000 - 0x00007fff031bb000 	C:\WINDOWS\SYSTEM32\IPHLPAPI.DLL
0x00007fff06130000 - 0x00007fff06138000 	C:\WINDOWS\System32\NSI.dll
0x00007ffef6660000 - 0x00007ffef6677000 	C:\WINDOWS\SYSTEM32\dhcpcsvc6.DLL
0x00007ffef6960000 - 0x00007ffef697d000 	C:\WINDOWS\SYSTEM32\dhcpcsvc.DLL
0x00007fff031d0000 - 0x00007fff0329b000 	C:\WINDOWS\SYSTEM32\DNSAPI.dll
0x00007ffef7250000 - 0x00007ffef725a000 	C:\Windows\System32\rasadhlp.dll
0x00007ffef45b0000 - 0x00007ffef4630000 	C:\WINDOWS\System32\fwpuclnt.dll
0x00007ffee8a30000 - 0x00007ffee8a57000 	C:\Program Files\Android\Android Studio\jre\bin\sunec.dll
0x00007ffefbc10000 - 0x00007ffefbc2e000 	C:\Users\Lenovo15\AppData\Local\Temp\native-platform895518954047125956dir\native-platform.dll
0x00007ffeff480000 - 0x00007ffeff488000 	C:\Program Files\Android\Android Studio\jre\bin\rmi.dll

dbghelp: loaded successfully - version: 4.0.5 - missing functions: none
symbol engine: initialized successfully - sym options: 0x614 - pdb path: .;C:\Program Files\Android\Android Studio\jre\bin;C:\WINDOWS\SYSTEM32;C:\WINDOWS\WinSxS\amd64_microsoft.windows.common-controls_6595b64144ccf1df_6.0.19041.1110_none_60b5254171f9507e;C:\Program Files\Android\Android Studio\jre\bin\server;C:\Users\Lenovo15\.gradle\native\e1d6ef7f7dcc3fd88c89a11ec53ec762bb8ba0a96d01ffa2cd45eb1d1d8dd5c5\windows-amd64;C:\Users\Lenovo15\.gradle\native\5664cfc778a61ccfe75a443a1ab52a65af34e5dc3c78e0209fed803814484fcb\windows-amd64;C:\Users\Lenovo15\AppData\Local\Temp\native-platform895518954047125956dir

VM Arguments:
jvm_args: --add-opens=java.base/java.util=ALL-UNNAMED --add-opens=java.base/java.lang=ALL-UNNAMED --add-opens=java.base/java.lang.invoke=ALL-UNNAMED --add-opens=java.base/java.util=ALL-UNNAMED --add-opens=java.prefs/java.util.prefs=ALL-UNNAMED --add-opens=java.prefs/java.util.prefs=ALL-UNNAMED --add-opens=java.base/java.nio.charset=ALL-UNNAMED --add-opens=java.base/java.net=ALL-UNNAMED --add-opens=java.base/java.util.concurrent.atomic=ALL-UNNAMED -Xmx2048m -Dfile.encoding=UTF-8 -Duser.country=SV -Duser.language=es -Duser.variant 
java_command: org.gradle.launcher.daemon.bootstrap.GradleDaemon 7.3.3
java_class_path (initial): C:\Users\Lenovo15\.gradle\wrapper\dists\gradle-7.3.3-bin\6a41zxkdtcxs8rphpq6y0069z\gradle-7.3.3\lib\gradle-launcher-7.3.3.jar
Launcher Type: SUN_STANDARD

[Global flags]
     intx CICompilerCount                          = 4                                         {product} {ergonomic}
     uint ConcGCThreads                            = 2                                         {product} {ergonomic}
     uint G1ConcRefinementThreads                  = 8                                         {product} {ergonomic}
   size_t G1HeapRegionSize                         = 1048576                                   {product} {ergonomic}
    uintx GCDrainStackTargetSize                   = 64                                        {product} {ergonomic}
   size_t InitialHeapSize                          = 132120576                                 {product} {ergonomic}
   size_t MarkStackSize                            = 4194304                                   {product} {ergonomic}
   size_t MaxHeapSize                              = 2147483648                                {product} {command line}
   size_t MaxNewSize                               = 1287651328                                {product} {ergonomic}
   size_t MinHeapDeltaBytes                        = 1048576                                   {product} {ergonomic}
    uintx NonNMethodCodeHeapSize                   = 5836300                                {pd product} {ergonomic}
    uintx NonProfiledCodeHeapSize                  = 122910970                              {pd product} {ergonomic}
    uintx ProfiledCodeHeapSize                     = 122910970                              {pd product} {ergonomic}
    uintx ReservedCodeCacheSize                    = 251658240                              {pd product} {ergonomic}
     bool SegmentedCodeCache                       = true                                      {product} {ergonomic}
     bool UseCompressedClassPointers               = true                                 {lp64_product} {ergonomic}
     bool UseCompressedOops                        = true                                 {lp64_product} {ergonomic}
     bool UseG1GC                                  = true                                      {product} {ergonomic}
     bool UseLargePagesIndividualAllocation        = false                                  {pd product} {ergonomic}

Logging:
Log output configuration:
 #0: stdout all=warning uptime,level,tags
 #1: stderr all=off uptime,level,tags

Environment Variables:
JAVA_HOME=C:\Program Files\Java\jdk1.8.0_231
PATH=C:\Program Files (x86)\Common Files\Oracle\Java\javapath;C:\ProgramData\Oracle\Java\javapath;C:\Program Files (x86)\Intel\iCLS Client\;C:\Program Files\Intel\iCLS Client\;C:\WINDOWS\system32;C:\WINDOWS;C:\WINDOWS\System32\Wbem;C:\WINDOWS\System32\WindowsPowerShell\v1.0\;C:\Program Files (x86)\Intel\Intel(R) Management Engine Components\DAL;C:\Program Files\Intel\Intel(R) Management Engine Components\DAL;C:\Program Files (x86)\Intel\Intel(R) Management Engine Components\IPT;C:\Program Files\Intel\Intel(R) Management Engine Components\IPT;C:\Program Files (x86)\Common Files\Tom Sawyer Software\8.0.0;C:\Program Files (x86)\Common Files\Win Wrap\10.25.004;C:\WINDOWS\System32\OpenSSH\;C:\xampp\php;C:\Users\Lenovo15\AppData\Local\Android\Sdk\build-tools;C:\Users\Lenovo15\AppData\Local\Android\Sdk\tools;C:\Gradle\gradle-6.0.1\bin;C:\mongodb-win32-x86_64-windows-4.4.3\bin;C:\Program Files\nodejs\;C:\ProgramData\ComposerSetup\bin;C:\Program Files\Git\cmd;C:\Users\Lenovo15\AppData\Local\Microsoft\WindowsApps;C:\Gradle\gradle-6.0.1\bin;C:\Users\Lenovo15\AppData\Local\Programs\Microsoft VS Code\bin;C:\Users\Lenovo15\AppData\Local\Microsoft\WindowsApps;C:\Users\Lenovo15\AppData\Local\GitHubDesktop\bin;C:\Users\Lenovo15\AppData\Roaming\npm;C:\Users\Lenovo15\AppData\Roaming\Composer\vendor\bin;C:\Program Files\JetBrains\IntelliJ IDEA Community Edition 2021.3.2\bin;
USERNAME=Lenovo15
OS=Windows_NT
PROCESSOR_IDENTIFIER=Intel64 Family 6 Model 94 Stepping 3, GenuineIntel



---------------  S Y S T E M  ---------------

OS: Windows 10 , 64 bit Build 19041 (10.0.19041.1706)
OS uptime: 0 days 12:23 hours

CPU:total 8 (initial active 8) (4 cores per cpu, 2 threads per core) family 6 model 94 stepping 3 microcode 0xec, cmov, cx8, fxsr, mmx, sse, sse2, sse3, ssse3, sse4.1, sse4.2, popcnt, avx, avx2, aes, clmul, erms, rtm, 3dnowpref, lzcnt, ht, tsc, tscinvbit, bmi1, bmi2, adx, fma

Memory: 4k page, system-wide physical 8014M (769M free)
TotalPageFile size 8014M (AvailPageFile size 406M)
current process WorkingSet (physical memory assigned to process): 592M, peak: 614M
current process commit charge ("private bytes"): 632M, peak: 650M

vm_info: OpenJDK 64-Bit Server VM (11.0.12+7-b1504.28-7817840) for windows-amd64 JRE (11.0.12+7-b1504.28-7817840), built on Oct 13 2021 22:12:33 by "builder" with MS VC++ 14.0 (VS2015)

END.
