#
# There is insufficient memory for the Java Runtime Environment to continue.
# Native memory allocation (mmap) failed to map 144703488 bytes for Failed to commit area from 0x0000000090800000 to 0x0000000099200000 of length 144703488.
# Possible reasons:
#   The system is out of physical RAM or swap space
#   The process is running with CompressedOops enabled, and the Java Heap may be blocking the growth of the native heap
# Possible solutions:
#   Reduce memory load on the system
#   Increase physical memory or swap space
#   Check if swap backing store is full
#   Decrease Java heap size (-Xmx/-Xms)
#   Decrease number of Java threads
#   Decrease Java thread stack sizes (-Xss)
#   Set larger code cache with -XX:ReservedCodeCacheSize=
#   JVM is running with Unscaled Compressed Oops mode in which the Java heap is
#     placed in the first 4GB address space. The Java Heap base address is the
#     maximum limit for the native heap growth. Please use -XX:HeapBaseMinAddress
#     to set the Java Heap base and to place the Java Heap above 4GB virtual address.
# This output file may be truncated or incomplete.
#
#  Out of Memory Error (./src/hotspot/os/windows/os_windows.cpp:3521), pid=5376, tid=10824
#
# JRE version: OpenJDK Runtime Environment (11.0.12+7) (build 11.0.12+7-b1504.28-7817840)
# Java VM: OpenJDK 64-Bit Server VM (11.0.12+7-b1504.28-7817840, mixed mode, tiered, compressed oops, g1 gc, windows-amd64)
# No core dump will be written. Minidumps are not enabled by default on client versions of Windows
#

---------------  S U M M A R Y ------------

Command Line: --add-opens=java.base/java.util=ALL-UNNAMED --add-opens=java.base/java.lang=ALL-UNNAMED --add-opens=java.base/java.lang.invoke=ALL-UNNAMED --add-opens=java.base/java.util=ALL-UNNAMED --add-opens=java.prefs/java.util.prefs=ALL-UNNAMED --add-opens=java.prefs/java.util.prefs=ALL-UNNAMED --add-opens=java.base/java.nio.charset=ALL-UNNAMED --add-opens=java.base/java.net=ALL-UNNAMED --add-opens=java.base/java.util.concurrent.atomic=ALL-UNNAMED -Xmx2048m -Dfile.encoding=UTF-8 -Duser.country=SV -Duser.language=es -Duser.variant org.gradle.launcher.daemon.bootstrap.GradleDaemon 7.3.3

Host: Intel(R) Core(TM) i7-6700HQ CPU @ 2.60GHz, 8 cores, 7G,  Windows 10 , 64 bit Build 19041 (10.0.19041.1706)
Time: Mon May 30 21:02:59 2022 Hora estándar, América Central elapsed time: 2174.874396 seconds (0d 0h 36m 14s)

---------------  T H R E A D  ---------------

Current thread (0x00000148f06cf000):  VMThread "VM Thread" [stack: 0x00000002c5c00000,0x00000002c5d00000] [id=10824]

Stack: [0x00000002c5c00000,0x00000002c5d00000]
[error occurred during error reporting (printing stack bounds), id 0xc0000005, EXCEPTION_ACCESS_VIOLATION (0xc0000005) at pc=0x00000148d957112d]

Native frames: (J=compiled Java code, j=interpreted, Vv=VM code, C=native code)
V  [jvm.dll+0x5fbcea]
V  [jvm.dll+0x731905]
V  [jvm.dll+0x732f1d]
V  [jvm.dll+0x733535]
V  [jvm.dll+0x7334eb]
V  [jvm.dll+0x5fb080]
V  [jvm.dll+0x5fb818]
C  [ntdll.dll+0xa209f]
C  [ntdll.dll+0x51454]
C  [ntdll.dll+0xa0bce]
C  0x00000148d957112d

VM_Operation (0x00000002d02fea70): G1CollectForAllocation, mode: safepoint, requested by thread 0x00000148fe998800


---------------  P R O C E S S  ---------------

Threads class SMR info:
_java_thread_list=0x00000148f7476630, length=162, elements={
0x00000148d4255000, 0x00000148f06d3000, 0x00000148f06d6800, 0x00000148f1075800,
0x00000148f1076800, 0x00000148f1078800, 0x00000148f107b800, 0x00000148f107d000,
0x00000148f06f4800, 0x00000148f11c1000, 0x00000148f3067800, 0x00000148f2222000,
0x00000148f307b800, 0x00000148f368e000, 0x00000148f36e0000, 0x00000148f36e0800,
0x00000148f36e4000, 0x00000148f36e4800, 0x00000148f36e3000, 0x00000148f50d8000,
0x00000148f50d4800, 0x00000148f50d2800, 0x00000148f50d3000, 0x00000148f3c9f000,
0x00000148f3ca1800, 0x00000148f3ca2000, 0x00000148f3c9d800, 0x00000148f3ca3000,
0x00000148f3c9e000, 0x00000148f584c800, 0x00000148f9ade800, 0x00000148f9adf800,
0x00000148f9ae1000, 0x00000148f9ae2000, 0x00000148f8afd800, 0x00000148fc6f6800,
0x00000148f362b000, 0x00000148f584e800, 0x00000148f3625000, 0x00000148f3628800,
0x00000148f3629000, 0x00000148f362a000, 0x00000148f3626800, 0x00000148f3624000,
0x00000148f362b800, 0x00000148f3626000, 0x00000148f362c800, 0x00000148f3627800,
0x00000148f3632000, 0x00000148f362f800, 0x00000148f3633000, 0x00000148f362e000,
0x00000148f362f000, 0x00000148f3631800, 0x00000148f362d000, 0x00000148f3630800,
0x00000148fc6f5800, 0x00000148fc6f8000, 0x00000148fc6f7000, 0x00000148fc6fb800,
0x00000148fc6fc000, 0x00000148fc6fd000, 0x00000148fc6fe000, 0x00000148fc6fa800,
0x00000148fc6f9000, 0x00000148fc6fe800, 0x00000148fc6ff800, 0x00000148fc6f9800,
0x00000148fc700000, 0x00000148fc704800, 0x00000148fc703800, 0x00000148fc701000,
0x00000148fc702000, 0x00000148fc702800, 0x00000148f8aff000, 0x00000148f8aff800,
0x00000148f8b02000, 0x00000148f8b00800, 0x00000148f8b01800, 0x00000148f8b04000,
0x00000148f8b03000, 0x00000148f8afe000, 0x00000148f8b05800, 0x00000148f8b06800,
0x00000148f8b08000, 0x00000148f8b04800, 0x00000148f8b08800, 0x00000148f8b0c000,
0x00000148f8b07000, 0x00000148f8b09800, 0x00000148f8b0a800, 0x00000148f50d5800,
0x00000148f50d9000, 0x00000148f50d9800, 0x00000148f50d4000, 0x00000148f50db800,
0x00000148f50da800, 0x00000148f50df800, 0x00000148f50dc000, 0x00000148f50dd000,
0x00000148f50de800, 0x00000148f50dd800, 0x00000148f50e0000, 0x00000148f50e1000,
0x00000148f9ad7800, 0x00000148f9ad6800, 0x00000148f9ad9000, 0x00000148f9ad3000,
0x00000148f9ad9800, 0x00000148f9ad5000, 0x00000148f9ad4000, 0x00000148f9ada800,
0x00000148f9ad5800, 0x00000148f9ae0800, 0x00000148f9adc000, 0x00000148f9adb800,
0x00000148f9add000, 0x00000148f3c94800, 0x00000148f3c97800, 0x00000148f3c98800,
0x00000148f3c99800, 0x00000148f3c9a000, 0x00000148f3c9b000, 0x00000148f3c96000,
0x00000148f3c95000, 0x00000148f3c9b800, 0x00000148f3c9c800, 0x00000148f3c97000,
0x00000148f3ca0000, 0x00000148f584f000, 0x00000148f584d800, 0x00000148f5849800,
0x00000148f5850000, 0x00000148f584a000, 0x00000148f584b000, 0x00000148f584c000,
0x00000148f36e1800, 0x00000148f36df000, 0x00000148f36e2000, 0x00000148f36e5800,
0x00000148f8a6c000, 0x00000148f8a66000, 0x00000148f8a67800, 0x00000148f8a6a000,
0x00000148f8a69800, 0x00000148f8a6c800, 0x00000148f8a67000, 0x00000148f8a6b000,
0x00000148f8a6d800, 0x00000148f8a6e000, 0x00000148f8a70000, 0x00000148f8a75000,
0x00000148f8a70800, 0x00000148f8a71800, 0x00000148f8a68800, 0x00000148f8a73000,
0x00000148f8a74000, 0x00000148f8a72800, 0x00000148f8a6f000, 0x00000148fe999000,
0x00000148fe996800, 0x00000148fe998800
}

Java Threads: ( => current thread )
  0x00000148d4255000 JavaThread "main" [_thread_blocked, id=5844, stack(0x00000002c5600000,0x00000002c5700000)]
  0x00000148f06d3000 JavaThread "Reference Handler" daemon [_thread_blocked, id=8292, stack(0x00000002c5d00000,0x00000002c5e00000)]
  0x00000148f06d6800 JavaThread "Finalizer" daemon [_thread_blocked, id=7428, stack(0x00000002c5e00000,0x00000002c5f00000)]
  0x00000148f1075800 JavaThread "Signal Dispatcher" daemon [_thread_blocked, id=2220, stack(0x00000002c5f00000,0x00000002c6000000)]
  0x00000148f1076800 JavaThread "Attach Listener" daemon [_thread_blocked, id=1400, stack(0x00000002c6000000,0x00000002c6100000)]
  0x00000148f1078800 JavaThread "Service Thread" daemon [_thread_blocked, id=7360, stack(0x00000002c6100000,0x00000002c6200000)]
  0x00000148f107b800 JavaThread "C2 CompilerThread0" daemon [_thread_blocked, id=8760, stack(0x00000002c6200000,0x00000002c6300000)]
  0x00000148f107d000 JavaThread "C1 CompilerThread0" daemon [_thread_blocked, id=6488, stack(0x00000002c6300000,0x00000002c6400000)]
  0x00000148f06f4800 JavaThread "Sweeper thread" daemon [_thread_blocked, id=3708, stack(0x00000002c6400000,0x00000002c6500000)]
  0x00000148f11c1000 JavaThread "Common-Cleaner" daemon [_thread_blocked, id=4168, stack(0x00000002c6500000,0x00000002c6600000)]
  0x00000148f3067800 JavaThread "Daemon health stats" [_thread_blocked, id=4412, stack(0x00000002c6a00000,0x00000002c6b00000)]
  0x00000148f2222000 JavaThread "Incoming local TCP Connector on port 60759" [_thread_in_native, id=1824, stack(0x00000002c6700000,0x00000002c6800000)]
  0x00000148f307b800 JavaThread "Daemon periodic checks" [_thread_blocked, id=8024, stack(0x00000002c6b00000,0x00000002c6c00000)]
  0x00000148f368e000 JavaThread "Cache worker for journal cache (C:\Users\Lenovo15\.gradle\caches\journal-1)" [_thread_blocked, id=3648, stack(0x00000002c7800000,0x00000002c7900000)]
  0x00000148f36e0000 JavaThread "File lock request listener" [_thread_in_native, id=3336, stack(0x00000002c7900000,0x00000002c7a00000)]
  0x00000148f36e0800 JavaThread "Cache worker for file hash cache (C:\Users\Lenovo15\.gradle\caches\7.3.3\fileHashes)" [_thread_blocked, id=7788, stack(0x00000002c7a00000,0x00000002c7b00000)]
  0x00000148f36e4000 JavaThread "File watcher server" daemon [_thread_blocked, id=1668, stack(0x00000002c7e00000,0x00000002c7f00000)]
  0x00000148f36e4800 JavaThread "File watcher consumer" daemon [_thread_blocked, id=8716, stack(0x00000002c7f00000,0x00000002c8000000)]
  0x00000148f36e3000 JavaThread "Cache worker for execution history cache (C:\Users\Lenovo15\.gradle\caches\7.3.3\executionHistory)" [_thread_blocked, id=7608, stack(0x00000002c8300000,0x00000002c8400000)]
  0x00000148f50d8000 JavaThread "jar transforms" [_thread_blocked, id=2912, stack(0x00000002c8500000,0x00000002c8600000)]
  0x00000148f50d4800 JavaThread "Cache worker for file content cache (C:\Users\Lenovo15\.gradle\caches\7.3.3\fileContent)" [_thread_blocked, id=7880, stack(0x00000002c8600000,0x00000002c8700000)]
  0x00000148f50d2800 JavaThread "jar transforms Thread 2" [_thread_blocked, id=7812, stack(0x00000002c8700000,0x00000002c8800000)]
  0x00000148f50d3000 JavaThread "jar transforms Thread 3" [_thread_blocked, id=5452, stack(0x00000002c8900000,0x00000002c8a00000)]
  0x00000148f3c9f000 JavaThread "jar transforms Thread 4" [_thread_blocked, id=9456, stack(0x00000002cdb00000,0x00000002cdc00000)]
  0x00000148f3ca1800 JavaThread "jar transforms Thread 5" [_thread_blocked, id=9740, stack(0x00000002cdc00000,0x00000002cdd00000)]
  0x00000148f3ca2000 JavaThread "jar transforms Thread 6" [_thread_blocked, id=10072, stack(0x00000002cdd00000,0x00000002cde00000)]
  0x00000148f3c9d800 JavaThread "jar transforms Thread 7" [_thread_blocked, id=6928, stack(0x00000002cde00000,0x00000002cdf00000)]
  0x00000148f3ca3000 JavaThread "jar transforms Thread 8" [_thread_blocked, id=10016, stack(0x00000002cdf00000,0x00000002ce000000)]
  0x00000148f3c9e000 JavaThread "Memory manager" [_thread_blocked, id=6860, stack(0x00000002ce000000,0x00000002ce100000)]
  0x00000148f584c800 JavaThread "pool-3-thread-1" [_thread_blocked, id=8308, stack(0x00000002ce200000,0x00000002ce300000)]
  0x00000148f9ade800 JavaThread "RMI Scheduler(0)" daemon [_thread_blocked, id=9620, stack(0x00000002cec00000,0x00000002ced00000)]
  0x00000148f9adf800 JavaThread "RMI GC Daemon" daemon [_thread_blocked, id=10256, stack(0x00000002cf600000,0x00000002cf700000)]
  0x00000148f9ae1000 JavaThread "RMI TCP Accept-0" daemon [_thread_in_native, id=9592, stack(0x00000002cf900000,0x00000002cfa00000)]
  0x00000148f9ae2000 JavaThread "RMI Reaper" [_thread_blocked, id=10780, stack(0x00000002cfa00000,0x00000002cfb00000)]
  0x00000148f8afd800 JavaThread "Cache worker for Java compile cache (C:\Users\Lenovo15\.gradle\caches\7.3.3\javaCompile)" [_thread_blocked, id=9520, stack(0x00000002cf500000,0x00000002cf600000)]
  0x00000148fc6f6800 JavaThread "ForkJoinPool.commonPool-worker-15" daemon [_thread_blocked, id=1168, stack(0x00000002d0a00000,0x00000002d0b00000)]
  0x00000148f362b000 JavaThread "pool-8-thread-1" [_thread_blocked, id=5116, stack(0x00000002cd900000,0x00000002cda00000)]
  0x00000148f584e800 JavaThread "pool-11-thread-1" [_thread_blocked, id=6264, stack(0x00000002cd700000,0x00000002cd800000)]
  0x00000148f3625000 JavaThread "RMI TCP Connection(16)-127.0.0.1" daemon [_thread_in_native, id=1784, stack(0x00000002c5300000,0x00000002c5400000)]
  0x00000148f3628800 JavaThread "Daemon Thread 4" [_thread_blocked, id=11220, stack(0x00000002c5400000,0x00000002c5500000)]
  0x00000148f3629000 JavaThread "Handler for socket connection from /127.0.0.1:60759 to /127.0.0.1:60842" [_thread_in_native, id=11756, stack(0x00000002c5500000,0x00000002c5600000)]
  0x00000148f362a000 JavaThread "Cancel handler" [_thread_blocked, id=3880, stack(0x00000002c6c00000,0x00000002c6d00000)]
  0x00000148f3626800 JavaThread "Daemon worker Thread 4" [_thread_blocked, id=2272, stack(0x00000002c6d00000,0x00000002c6e00000)]
  0x00000148f3624000 JavaThread "Asynchronous log dispatcher for DefaultDaemonConnection: socket connection from /127.0.0.1:60759 to /127.0.0.1:60842" [_thread_blocked, id=2940, stack(0x00000002c6e00000,0x00000002c6f00000)]
  0x00000148f362b800 JavaThread "Stdin handler" [_thread_blocked, id=10372, stack(0x00000002c6f00000,0x00000002c7000000)]
  0x00000148f3626000 JavaThread "Daemon client event forwarder" [_thread_blocked, id=10672, stack(0x00000002c7000000,0x00000002c7100000)]
  0x00000148f362c800 JavaThread "Cache worker for file hash cache (C:\Users\Lenovo15\ONE-DRIVE\Documentos\KotlinPractical\Coupons\.gradle\7.3.3\fileHashes)" [_thread_blocked, id=12160, stack(0x00000002c7100000,0x00000002c7200000)]
  0x00000148f3627800 JavaThread "Cache worker for checksums cache (C:\Users\Lenovo15\ONE-DRIVE\Documentos\KotlinPractical\Coupons\.gradle\7.3.3\checksums)" [_thread_blocked, id=6524, stack(0x00000002c7200000,0x00000002c7300000)]
  0x00000148f3632000 JavaThread "Cache worker for cache directory md-supplier (C:\Users\Lenovo15\.gradle\caches\7.3.3\md-supplier)" [_thread_blocked, id=8656, stack(0x00000002c7c00000,0x00000002c7d00000)]
  0x00000148f362f800 JavaThread "Cache worker for cache directory md-rule (C:\Users\Lenovo15\.gradle\caches\7.3.3\md-rule)" [_thread_blocked, id=10524, stack(0x00000002c7d00000,0x00000002c7e00000)]
  0x00000148f3633000 JavaThread "Cache worker for dependencies-accessors (C:\Users\Lenovo15\ONE-DRIVE\Documentos\KotlinPractical\Coupons\.gradle\7.3.3\dependencies-accessors)" [_thread_blocked, id=9988, stack(0x00000002c8000000,0x00000002c8100000)]
  0x00000148f362e000 JavaThread "Cache worker for Build Output Cleanup Cache (C:\Users\Lenovo15\ONE-DRIVE\Documentos\KotlinPractical\Coupons\.gradle\buildOutputCleanup)" [_thread_blocked, id=9024, stack(0x00000002c8100000,0x00000002c8200000)]
  0x00000148f362f000 JavaThread "Unconstrained build operations" [_thread_blocked, id=4416, stack(0x00000002c8200000,0x00000002c8300000)]
  0x00000148f3631800 JavaThread "Unconstrained build operations Thread 2" [_thread_blocked, id=5592, stack(0x00000002c8400000,0x00000002c8500000)]
  0x00000148f362d000 JavaThread "Unconstrained build operations Thread 3" [_thread_blocked, id=10536, stack(0x00000002c8800000,0x00000002c8900000)]
  0x00000148f3630800 JavaThread "Unconstrained build operations Thread 4" [_thread_blocked, id=1060, stack(0x00000002c8a00000,0x00000002c8b00000)]
  0x00000148fc6f5800 JavaThread "Unconstrained build operations Thread 5" [_thread_blocked, id=8532, stack(0x00000002c8b00000,0x00000002c8c00000)]
  0x00000148fc6f8000 JavaThread "Unconstrained build operations Thread 6" [_thread_blocked, id=8696, stack(0x00000002c8c00000,0x00000002c8d00000)]
  0x00000148fc6f7000 JavaThread "Unconstrained build operations Thread 7" [_thread_blocked, id=1812, stack(0x00000002c8d00000,0x00000002c8e00000)]
  0x00000148fc6fb800 JavaThread "Unconstrained build operations Thread 8" [_thread_blocked, id=1008, stack(0x00000002c8e00000,0x00000002c8f00000)]
  0x00000148fc6fc000 JavaThread "Unconstrained build operations Thread 9" [_thread_blocked, id=1412, stack(0x00000002c8f00000,0x00000002c9000000)]
  0x00000148fc6fd000 JavaThread "Unconstrained build operations Thread 10" [_thread_blocked, id=4740, stack(0x00000002c9000000,0x00000002c9100000)]
  0x00000148fc6fe000 JavaThread "Unconstrained build operations Thread 11" [_thread_blocked, id=12260, stack(0x00000002c9100000,0x00000002c9200000)]
  0x00000148fc6fa800 JavaThread "Unconstrained build operations Thread 12" [_thread_blocked, id=7384, stack(0x00000002c9200000,0x00000002c9300000)]
  0x00000148fc6f9000 JavaThread "Unconstrained build operations Thread 13" [_thread_blocked, id=11340, stack(0x00000002c9300000,0x00000002c9400000)]
  0x00000148fc6fe800 JavaThread "Unconstrained build operations Thread 14" [_thread_blocked, id=4468, stack(0x00000002c9400000,0x00000002c9500000)]
  0x00000148fc6ff800 JavaThread "Unconstrained build operations Thread 15" [_thread_blocked, id=9668, stack(0x00000002c9500000,0x00000002c9600000)]
  0x00000148fc6f9800 JavaThread "Unconstrained build operations Thread 16" [_thread_blocked, id=11336, stack(0x00000002c9600000,0x00000002c9700000)]
  0x00000148fc700000 JavaThread "Unconstrained build operations Thread 17" [_thread_blocked, id=4632, stack(0x00000002c9700000,0x00000002c9800000)]
  0x00000148fc704800 JavaThread "Unconstrained build operations Thread 18" [_thread_blocked, id=11432, stack(0x00000002c9800000,0x00000002c9900000)]
  0x00000148fc703800 JavaThread "Unconstrained build operations Thread 19" [_thread_blocked, id=9464, stack(0x00000002c9900000,0x00000002c9a00000)]
  0x00000148fc701000 JavaThread "Unconstrained build operations Thread 20" [_thread_blocked, id=6428, stack(0x00000002c9a00000,0x00000002c9b00000)]
  0x00000148fc702000 JavaThread "Unconstrained build operations Thread 21" [_thread_blocked, id=10044, stack(0x00000002c9b00000,0x00000002c9c00000)]
  0x00000148fc702800 JavaThread "Unconstrained build operations Thread 22" [_thread_blocked, id=2568, stack(0x00000002c9c00000,0x00000002c9d00000)]
  0x00000148f8aff000 JavaThread "Unconstrained build operations Thread 23" [_thread_blocked, id=9292, stack(0x00000002c9d00000,0x00000002c9e00000)]
  0x00000148f8aff800 JavaThread "Unconstrained build operations Thread 24" [_thread_blocked, id=5292, stack(0x00000002c9e00000,0x00000002c9f00000)]
  0x00000148f8b02000 JavaThread "Unconstrained build operations Thread 25" [_thread_blocked, id=12224, stack(0x00000002c9f00000,0x00000002ca000000)]
  0x00000148f8b00800 JavaThread "Unconstrained build operations Thread 26" [_thread_blocked, id=6980, stack(0x00000002ca000000,0x00000002ca100000)]
  0x00000148f8b01800 JavaThread "Unconstrained build operations Thread 27" [_thread_blocked, id=3004, stack(0x00000002ca100000,0x00000002ca200000)]
  0x00000148f8b04000 JavaThread "Unconstrained build operations Thread 28" [_thread_blocked, id=1572, stack(0x00000002ca200000,0x00000002ca300000)]
  0x00000148f8b03000 JavaThread "Unconstrained build operations Thread 29" [_thread_blocked, id=5192, stack(0x00000002ca300000,0x00000002ca400000)]
  0x00000148f8afe000 JavaThread "Unconstrained build operations Thread 30" [_thread_blocked, id=4388, stack(0x00000002ca400000,0x00000002ca500000)]
  0x00000148f8b05800 JavaThread "Unconstrained build operations Thread 31" [_thread_blocked, id=2212, stack(0x00000002ca500000,0x00000002ca600000)]
  0x00000148f8b06800 JavaThread "Unconstrained build operations Thread 32" [_thread_blocked, id=2580, stack(0x00000002ca600000,0x00000002ca700000)]
  0x00000148f8b08000 JavaThread "Unconstrained build operations Thread 33" [_thread_blocked, id=11376, stack(0x00000002ca700000,0x00000002ca800000)]
  0x00000148f8b04800 JavaThread "Unconstrained build operations Thread 34" [_thread_blocked, id=2472, stack(0x00000002ca800000,0x00000002ca900000)]
  0x00000148f8b08800 JavaThread "Unconstrained build operations Thread 35" [_thread_blocked, id=5088, stack(0x00000002ca900000,0x00000002caa00000)]
  0x00000148f8b0c000 JavaThread "Unconstrained build operations Thread 36" [_thread_blocked, id=1292, stack(0x00000002caa00000,0x00000002cab00000)]
  0x00000148f8b07000 JavaThread "Unconstrained build operations Thread 37" [_thread_blocked, id=5728, stack(0x00000002cab00000,0x00000002cac00000)]
  0x00000148f8b09800 JavaThread "Unconstrained build operations Thread 38" [_thread_blocked, id=4612, stack(0x00000002cac00000,0x00000002cad00000)]
  0x00000148f8b0a800 JavaThread "Unconstrained build operations Thread 39" [_thread_blocked, id=9312, stack(0x00000002cad00000,0x00000002cae00000)]
  0x00000148f50d5800 JavaThread "Unconstrained build operations Thread 40" [_thread_blocked, id=9516, stack(0x00000002cae00000,0x00000002caf00000)]
  0x00000148f50d9000 JavaThread "Unconstrained build operations Thread 41" [_thread_blocked, id=9692, stack(0x00000002caf00000,0x00000002cb000000)]
  0x00000148f50d9800 JavaThread "Unconstrained build operations Thread 42" [_thread_blocked, id=1880, stack(0x00000002cb000000,0x00000002cb100000)]
  0x00000148f50d4000 JavaThread "Unconstrained build operations Thread 43" [_thread_blocked, id=2892, stack(0x00000002cb100000,0x00000002cb200000)]
  0x00000148f50db800 JavaThread "Unconstrained build operations Thread 44" [_thread_blocked, id=10968, stack(0x00000002cb200000,0x00000002cb300000)]
  0x00000148f50da800 JavaThread "Unconstrained build operations Thread 45" [_thread_blocked, id=8396, stack(0x00000002cb300000,0x00000002cb400000)]
  0x00000148f50df800 JavaThread "Unconstrained build operations Thread 46" [_thread_blocked, id=3696, stack(0x00000002cb400000,0x00000002cb500000)]
  0x00000148f50dc000 JavaThread "Unconstrained build operations Thread 47" [_thread_blocked, id=9548, stack(0x00000002cb500000,0x00000002cb600000)]
  0x00000148f50dd000 JavaThread "Unconstrained build operations Thread 48" [_thread_blocked, id=1944, stack(0x00000002cb600000,0x00000002cb700000)]
  0x00000148f50de800 JavaThread "Unconstrained build operations Thread 49" [_thread_blocked, id=10312, stack(0x00000002cb700000,0x00000002cb800000)]
  0x00000148f50dd800 JavaThread "Unconstrained build operations Thread 50" [_thread_blocked, id=7252, stack(0x00000002cb800000,0x00000002cb900000)]
  0x00000148f50e0000 JavaThread "Unconstrained build operations Thread 51" [_thread_blocked, id=12060, stack(0x00000002cb900000,0x00000002cba00000)]
  0x00000148f50e1000 JavaThread "Unconstrained build operations Thread 52" [_thread_blocked, id=10136, stack(0x00000002cba00000,0x00000002cbb00000)]
  0x00000148f9ad7800 JavaThread "Unconstrained build operations Thread 53" [_thread_blocked, id=5500, stack(0x00000002cbb00000,0x00000002cbc00000)]
  0x00000148f9ad6800 JavaThread "Unconstrained build operations Thread 54" [_thread_blocked, id=5748, stack(0x00000002cbc00000,0x00000002cbd00000)]
  0x00000148f9ad9000 JavaThread "Unconstrained build operations Thread 55" [_thread_blocked, id=10144, stack(0x00000002cbd00000,0x00000002cbe00000)]
  0x00000148f9ad3000 JavaThread "Unconstrained build operations Thread 56" [_thread_blocked, id=9644, stack(0x00000002cbe00000,0x00000002cbf00000)]
  0x00000148f9ad9800 JavaThread "Unconstrained build operations Thread 57" [_thread_blocked, id=11080, stack(0x00000002cbf00000,0x00000002cc000000)]
  0x00000148f9ad5000 JavaThread "Unconstrained build operations Thread 58" [_thread_blocked, id=5988, stack(0x00000002cc000000,0x00000002cc100000)]
  0x00000148f9ad4000 JavaThread "Unconstrained build operations Thread 59" [_thread_blocked, id=796, stack(0x00000002cc100000,0x00000002cc200000)]
  0x00000148f9ada800 JavaThread "Unconstrained build operations Thread 60" [_thread_blocked, id=9224, stack(0x00000002cc200000,0x00000002cc300000)]
  0x00000148f9ad5800 JavaThread "Unconstrained build operations Thread 61" [_thread_blocked, id=4044, stack(0x00000002cc300000,0x00000002cc400000)]
  0x00000148f9ae0800 JavaThread "Unconstrained build operations Thread 62" [_thread_blocked, id=9248, stack(0x00000002cc400000,0x00000002cc500000)]
  0x00000148f9adc000 JavaThread "Unconstrained build operations Thread 63" [_thread_blocked, id=6620, stack(0x00000002cc500000,0x00000002cc600000)]
  0x00000148f9adb800 JavaThread "Unconstrained build operations Thread 64" [_thread_blocked, id=4648, stack(0x00000002cc600000,0x00000002cc700000)]
  0x00000148f9add000 JavaThread "Unconstrained build operations Thread 65" [_thread_blocked, id=4676, stack(0x00000002cc700000,0x00000002cc800000)]
  0x00000148f3c94800 JavaThread "Unconstrained build operations Thread 66" [_thread_blocked, id=4232, stack(0x00000002cc800000,0x00000002cc900000)]
  0x00000148f3c97800 JavaThread "Unconstrained build operations Thread 67" [_thread_blocked, id=3484, stack(0x00000002cc900000,0x00000002cca00000)]
  0x00000148f3c98800 JavaThread "Unconstrained build operations Thread 68" [_thread_blocked, id=9700, stack(0x00000002cca00000,0x00000002ccb00000)]
  0x00000148f3c99800 JavaThread "Unconstrained build operations Thread 69" [_thread_blocked, id=10112, stack(0x00000002ccb00000,0x00000002ccc00000)]
  0x00000148f3c9a000 JavaThread "Unconstrained build operations Thread 70" [_thread_blocked, id=8040, stack(0x00000002ccc00000,0x00000002ccd00000)]
  0x00000148f3c9b000 JavaThread "Unconstrained build operations Thread 71" [_thread_blocked, id=2716, stack(0x00000002ccd00000,0x00000002cce00000)]
  0x00000148f3c96000 JavaThread "Unconstrained build operations Thread 72" [_thread_blocked, id=4480, stack(0x00000002cce00000,0x00000002ccf00000)]
  0x00000148f3c95000 JavaThread "Unconstrained build operations Thread 73" [_thread_blocked, id=10608, stack(0x00000002ccf00000,0x00000002cd000000)]
  0x00000148f3c9b800 JavaThread "Unconstrained build operations Thread 74" [_thread_blocked, id=7968, stack(0x00000002cd000000,0x00000002cd100000)]
  0x00000148f3c9c800 JavaThread "Unconstrained build operations Thread 75" [_thread_blocked, id=7308, stack(0x00000002cd100000,0x00000002cd200000)]
  0x00000148f3c97000 JavaThread "Unconstrained build operations Thread 76" [_thread_blocked, id=10512, stack(0x00000002cd200000,0x00000002cd300000)]
  0x00000148f3ca0000 JavaThread "Unconstrained build operations Thread 77" [_thread_blocked, id=4456, stack(0x00000002cd300000,0x00000002cd400000)]
  0x00000148f584f000 JavaThread "Unconstrained build operations Thread 78" [_thread_blocked, id=7704, stack(0x00000002cd400000,0x00000002cd500000)]
  0x00000148f584d800 JavaThread "Unconstrained build operations Thread 79" [_thread_blocked, id=7000, stack(0x00000002cd500000,0x00000002cd600000)]
  0x00000148f5849800 JavaThread "Unconstrained build operations Thread 80" [_thread_blocked, id=6444, stack(0x00000002cd600000,0x00000002cd700000)]
  0x00000148f5850000 JavaThread "build event listener" [_thread_blocked, id=8340, stack(0x00000002cd800000,0x00000002cd900000)]
  0x00000148f584a000 JavaThread "pool-14-thread-1" [_thread_blocked, id=9096, stack(0x00000002cda00000,0x00000002cdb00000)]
  0x00000148f584b000 JavaThread "build event listener" [_thread_blocked, id=5696, stack(0x00000002ce100000,0x00000002ce200000)]
  0x00000148f584c000 JavaThread "Execution worker for ':'" [_thread_blocked, id=10804, stack(0x00000002ce300000,0x00000002ce400000)]
  0x00000148f36e1800 JavaThread "Execution worker for ':' Thread 2" [_thread_blocked, id=436, stack(0x00000002ce400000,0x00000002ce500000)]
  0x00000148f36df000 JavaThread "Execution worker for ':' Thread 3" [_thread_blocked, id=7232, stack(0x00000002ce500000,0x00000002ce600000)]
  0x00000148f36e2000 JavaThread "Execution worker for ':' Thread 4" [_thread_blocked, id=11092, stack(0x00000002ce600000,0x00000002ce700000)]
  0x00000148f36e5800 JavaThread "Execution worker for ':' Thread 5" [_thread_blocked, id=6696, stack(0x00000002ce700000,0x00000002ce800000)]
  0x00000148f8a6c000 JavaThread "Execution worker for ':' Thread 6" [_thread_blocked, id=1208, stack(0x00000002ce800000,0x00000002ce900000)]
  0x00000148f8a66000 JavaThread "Execution worker for ':' Thread 7" [_thread_blocked, id=9180, stack(0x00000002ce900000,0x00000002cea00000)]
  0x00000148f8a67800 JavaThread "Cache worker for execution history cache (C:\Users\Lenovo15\ONE-DRIVE\Documentos\KotlinPractical\Coupons\.gradle\7.3.3\executionHistory)" [_thread_blocked, id=7144, stack(0x00000002cea00000,0x00000002ceb00000)]
  0x00000148f8a6a000 JavaThread "WorkerExecutor Queue" [_thread_blocked, id=3700, stack(0x00000002ceb00000,0x00000002cec00000)]
  0x00000148f8a69800 JavaThread "WorkerExecutor Queue Thread 2" [_thread_blocked, id=11344, stack(0x00000002ced00000,0x00000002cee00000)]
  0x00000148f8a6c800 JavaThread "WorkerExecutor Queue Thread 3" [_thread_blocked, id=11764, stack(0x00000002cee00000,0x00000002cef00000)]
  0x00000148f8a67000 JavaThread "WorkerExecutor Queue Thread 4" [_thread_blocked, id=2440, stack(0x00000002cef00000,0x00000002cf000000)]
  0x00000148f8a6b000 JavaThread "WorkerExecutor Queue Thread 5" [_thread_blocked, id=8580, stack(0x00000002cf000000,0x00000002cf100000)]
  0x00000148f8a6d800 JavaThread "WorkerExecutor Queue Thread 6" [_thread_blocked, id=10124, stack(0x00000002cf100000,0x00000002cf200000)]
  0x00000148f8a6e000 JavaThread "WorkerExecutor Queue Thread 7" [_thread_blocked, id=11856, stack(0x00000002cf200000,0x00000002cf300000)]
  0x00000148f8a70000 JavaThread "pool-15-thread-1" [_thread_blocked, id=5268, stack(0x00000002cf400000,0x00000002cf500000)]
  0x00000148f8a75000 JavaThread "stderr" [_thread_in_native, id=11904, stack(0x00000002cf700000,0x00000002cf800000)]
  0x00000148f8a70800 JavaThread "stdout" [_thread_in_native, id=4276, stack(0x00000002cf800000,0x00000002cf900000)]
  0x00000148f8a71800 JavaThread "WorkerExecutor Queue Thread 9" [_thread_blocked, id=2416, stack(0x00000002cfb00000,0x00000002cfc00000)]
  0x00000148f8a68800 JavaThread "ForkJoinPool-1-worker-3" daemon [_thread_blocked, id=1548, stack(0x00000002cf300000,0x00000002cf400000)]
  0x00000148f8a73000 JavaThread "ForkJoinPool-1-worker-5" daemon [_thread_blocked, id=9860, stack(0x00000002cfc00000,0x00000002cfd00000)]
  0x00000148f8a74000 JavaThread "ForkJoinPool-1-worker-7" daemon [_thread_blocked, id=2944, stack(0x00000002cfd00000,0x00000002cfe00000)]
  0x00000148f8a72800 JavaThread "ForkJoinPool-1-worker-9" daemon [_thread_blocked, id=2292, stack(0x00000002cfe00000,0x00000002cff00000)]
  0x00000148f8a6f000 JavaThread "ForkJoinPool-1-worker-11" daemon [_thread_blocked, id=5256, stack(0x00000002cff00000,0x00000002d0000000)]
  0x00000148fe999000 JavaThread "ForkJoinPool-1-worker-13" daemon [_thread_blocked, id=10328, stack(0x00000002d0000000,0x00000002d0100000)]
  0x00000148fe996800 JavaThread "ForkJoinPool-1-worker-15" daemon [_thread_blocked, id=10616, stack(0x00000002d0100000,0x00000002d0200000)]
  0x00000148fe998800 JavaThread "ForkJoinPool-1-worker-1" daemon [_thread_blocked, id=10168, stack(0x00000002d0200000,0x00000002d0300000)]

Other Threads:
=>0x00000148f06cf000 VMThread "VM Thread" [stack: 0x00000002c5c00000,0x00000002c5d00000] [id=10824]
  0x00000148f11c6800 WatcherThread [stack: 0x00000002c6600000,0x00000002c6700000] [id=7668]
  0x00000148d4268800 GCTaskThread "GC Thread#0" [stack: 0x00000002c5700000,0x00000002c5800000] [id=12064]
  0x00000148f1d60800 GCTaskThread "GC Thread#1" [stack: 0x00000002c6800000,0x00000002c6900000] [id=684]
  0x00000148f1c0e000 GCTaskThread "GC Thread#2" [stack: 0x00000002c6900000,0x00000002c6a00000] [id=2424]
  0x00000148f22f6800 GCTaskThread "GC Thread#3" [stack: 0x00000002c7300000,0x00000002c7400000] [id=8616]
  0x00000148f238d800 GCTaskThread "GC Thread#4" [stack: 0x00000002c7400000,0x00000002c7500000] [id=9384]
  0x00000148f26fe800 GCTaskThread "GC Thread#5" [stack: 0x00000002c7500000,0x00000002c7600000] [id=11140]
  0x00000148f3151000 GCTaskThread "GC Thread#6" [stack: 0x00000002c7600000,0x00000002c7700000] [id=6196]
  0x00000148f2390800 GCTaskThread "GC Thread#7" [stack: 0x00000002c7700000,0x00000002c7800000] [id=7936]
  0x00000148d429a800 ConcurrentGCThread "G1 Main Marker" [stack: 0x00000002c5800000,0x00000002c5900000] [id=9804]
  0x00000148d429c800 ConcurrentGCThread "G1 Conc#0" [stack: 0x00000002c5900000,0x00000002c5a00000] [id=8112]
  0x00000148f34e6800 ConcurrentGCThread "G1 Conc#1" [stack: 0x00000002c7b00000,0x00000002c7c00000] [id=8540]
  0x00000148f0520800 ConcurrentGCThread "G1 Refine#0" [stack: 0x00000002c5a00000,0x00000002c5b00000] [id=11644]
  0x00000148f0521800 ConcurrentGCThread "G1 Young RemSet Sampling" [stack: 0x00000002c5b00000,0x00000002c5c00000] [id=11672]

Threads with active compile tasks:
C2 CompilerThread02175037 24785       4       com.android.tools.r8.dex.j::m (2094 bytes)
C1 CompilerThread02175037 24876       2       com.android.tools.r8.code.y1::a (4129 bytes)

VM state:at safepoint (normal execution)

VM Mutex/Monitor currently owned by a thread:  ([mutex/lock_event])
[0x00000148d42503d0] Threads_lock - owner thread: 0x00000148f06cf000
[0x00000148d4250fa0] Heap_lock - owner thread: 0x00000148fe998800

Heap address: 0x0000000080000000, size: 2048 MB, Compressed Oops mode: 32-bit
Narrow klass base: 0x0000000000000000, Narrow klass shift: 3
Compressed class space size: 1073741824 Address: 0x0000000100000000

Heap:
 garbage-first heap   total 411648K, used 168883K [0x0000000080000000, 0x0000000100000000)
  region size 1024K, 2 young (2048K), 2 survivors (2048K)
 Metaspace       used 157361K, capacity 160805K, committed 163584K, reserved 1191936K
  class space    used 19069K, capacity 20428K, committed 21504K, reserved 1048576K
Heap Regions: E=young(eden), S=young(survivor), O=old, HS=humongous(starts), HC=humongous(continues), CS=collection set, F=free, A=archive, TAMS=top-at-mark-start (previous, next)
|   0|0x0000000080000000, 0x0000000080100000, 0x0000000080100000|100%| O|  |TAMS 0x0000000080100000, 0x0000000080000000| Untracked 
|   1|0x0000000080100000, 0x0000000080200000, 0x0000000080200000|100%| O|  |TAMS 0x0000000080200000, 0x0000000080100000| Untracked 
|   2|0x0000000080200000, 0x0000000080300000, 0x0000000080300000|100%| O|  |TAMS 0x0000000080300000, 0x0000000080200000| Untracked 
|   3|0x0000000080300000, 0x0000000080400000, 0x0000000080400000|100%|HS|  |TAMS 0x0000000080400000, 0x0000000080300000| Complete 
|   4|0x0000000080400000, 0x0000000080500000, 0x0000000080500000|100%|HC|  |TAMS 0x0000000080500000, 0x0000000080400000| Complete 
|   5|0x0000000080500000, 0x0000000080600000, 0x0000000080600000|100%|HC|  |TAMS 0x0000000080600000, 0x0000000080500000| Complete 
|   6|0x0000000080600000, 0x0000000080700000, 0x0000000080700000|100%| O|  |TAMS 0x0000000080700000, 0x0000000080600000| Untracked 
|   7|0x0000000080700000, 0x0000000080800000, 0x0000000080800000|100%| O|  |TAMS 0x0000000080800000, 0x0000000080700000| Untracked 
|   8|0x0000000080800000, 0x0000000080900000, 0x0000000080900000|100%| O|  |TAMS 0x0000000080900000, 0x0000000080800000| Untracked 
|   9|0x0000000080900000, 0x0000000080a00000, 0x0000000080a00000|100%| O|  |TAMS 0x0000000080a00000, 0x0000000080900000| Untracked 
|  10|0x0000000080a00000, 0x0000000080a00000, 0x0000000080b00000|  0%| F|  |TAMS 0x0000000080a00000, 0x0000000080a00000| Untracked 
|  11|0x0000000080b00000, 0x0000000080c00000, 0x0000000080c00000|100%| O|  |TAMS 0x0000000080c00000, 0x0000000080b00000| Untracked 
|  12|0x0000000080c00000, 0x0000000080d00000, 0x0000000080d00000|100%| O|  |TAMS 0x0000000080d00000, 0x0000000080c00000| Untracked 
|  13|0x0000000080d00000, 0x0000000080e00000, 0x0000000080e00000|100%| O|  |TAMS 0x0000000080e00000, 0x0000000080d00000| Untracked 
|  14|0x0000000080e00000, 0x0000000080f00000, 0x0000000080f00000|100%| O|  |TAMS 0x0000000080f00000, 0x0000000080e00000| Untracked 
|  15|0x0000000080f00000, 0x0000000081000000, 0x0000000081000000|100%| O|  |TAMS 0x0000000081000000, 0x0000000080f00000| Complete 
|  16|0x0000000081000000, 0x0000000081100000, 0x0000000081100000|100%|HS|  |TAMS 0x0000000081100000, 0x0000000081000000| Complete 
|  17|0x0000000081100000, 0x0000000081200000, 0x0000000081200000|100%| O|  |TAMS 0x0000000081200000, 0x0000000081100000| Complete 
|  18|0x0000000081200000, 0x0000000081300000, 0x0000000081300000|100%| O|  |TAMS 0x0000000081300000, 0x0000000081200000| Complete 
|  19|0x0000000081300000, 0x0000000081400000, 0x0000000081400000|100%| O|  |TAMS 0x0000000081400000, 0x0000000081300000| Complete 
|  20|0x0000000081400000, 0x0000000081500000, 0x0000000081500000|100%| O|  |TAMS 0x0000000081500000, 0x0000000081400000| Untracked 
|  21|0x0000000081500000, 0x0000000081600000, 0x0000000081600000|100%| O|  |TAMS 0x0000000081600000, 0x0000000081500000| Complete 
|  22|0x0000000081600000, 0x0000000081700000, 0x0000000081700000|100%| O|  |TAMS 0x0000000081700000, 0x0000000081600000| Complete 
|  23|0x0000000081700000, 0x0000000081800000, 0x0000000081800000|100%| O|  |TAMS 0x0000000081800000, 0x0000000081700000| Complete 
|  24|0x0000000081800000, 0x0000000081900000, 0x0000000081900000|100%| O|  |TAMS 0x0000000081900000, 0x0000000081800000| Untracked 
|  25|0x0000000081900000, 0x0000000081a00000, 0x0000000081a00000|100%| O|  |TAMS 0x0000000081a00000, 0x0000000081900000| Complete 
|  26|0x0000000081a00000, 0x0000000081b00000, 0x0000000081b00000|100%| O|  |TAMS 0x0000000081b00000, 0x0000000081a00000| Complete 
|  27|0x0000000081b00000, 0x0000000081c00000, 0x0000000081c00000|100%|HS|  |TAMS 0x0000000081b00000, 0x0000000081b00000| Complete 
|  28|0x0000000081c00000, 0x0000000081d00000, 0x0000000081d00000|100%|HS|  |TAMS 0x0000000081d00000, 0x0000000081c00000| Complete 
|  29|0x0000000081d00000, 0x0000000081e00000, 0x0000000081e00000|100%|HS|  |TAMS 0x0000000081e00000, 0x0000000081d00000| Complete 
|  30|0x0000000081e00000, 0x0000000081f00000, 0x0000000081f00000|100%|HS|  |TAMS 0x0000000081f00000, 0x0000000081e00000| Complete 
|  31|0x0000000081f00000, 0x0000000082000000, 0x0000000082000000|100%|HC|  |TAMS 0x0000000082000000, 0x0000000081f00000| Complete 
|  32|0x0000000082000000, 0x0000000082100000, 0x0000000082100000|100%|HC|  |TAMS 0x0000000082100000, 0x0000000082000000| Complete 
|  33|0x0000000082100000, 0x0000000082200000, 0x0000000082200000|100%|HS|  |TAMS 0x0000000082200000, 0x0000000082100000| Complete 
|  34|0x0000000082200000, 0x0000000082300000, 0x0000000082300000|100%|HC|  |TAMS 0x0000000082300000, 0x0000000082200000| Complete 
|  35|0x0000000082300000, 0x0000000082400000, 0x0000000082400000|100%| O|  |TAMS 0x0000000082400000, 0x0000000082300000| Untracked 
|  36|0x0000000082400000, 0x0000000082500000, 0x0000000082500000|100%| O|  |TAMS 0x0000000082500000, 0x0000000082400000| Untracked 
|  37|0x0000000082500000, 0x0000000082600000, 0x0000000082600000|100%| O|  |TAMS 0x0000000082600000, 0x0000000082500000| Complete 
|  38|0x0000000082600000, 0x0000000082600000, 0x0000000082700000|  0%| F|  |TAMS 0x0000000082600000, 0x0000000082600000| Untracked 
|  39|0x0000000082700000, 0x0000000082800000, 0x0000000082800000|100%| O|  |TAMS 0x0000000082800000, 0x0000000082700000| Complete 
|  40|0x0000000082800000, 0x0000000082900000, 0x0000000082900000|100%| O|  |TAMS 0x0000000082900000, 0x0000000082800000| Untracked 
|  41|0x0000000082900000, 0x0000000082a00000, 0x0000000082a00000|100%| O|  |TAMS 0x0000000082a00000, 0x0000000082900000| Untracked 
|  42|0x0000000082a00000, 0x0000000082b00000, 0x0000000082b00000|100%| O|  |TAMS 0x0000000082b00000, 0x0000000082a00000| Untracked 
|  43|0x0000000082b00000, 0x0000000082c00000, 0x0000000082c00000|100%| O|  |TAMS 0x0000000082c00000, 0x0000000082b00000| Untracked 
|  44|0x0000000082c00000, 0x0000000082d00000, 0x0000000082d00000|100%| O|  |TAMS 0x0000000082d00000, 0x0000000082c00000| Untracked 
|  45|0x0000000082d00000, 0x0000000082e00000, 0x0000000082e00000|100%| O|  |TAMS 0x0000000082e00000, 0x0000000082d00000| Untracked 
|  46|0x0000000082e00000, 0x0000000082f00000, 0x0000000082f00000|100%| O|  |TAMS 0x0000000082f00000, 0x0000000082e00000| Untracked 
|  47|0x0000000082f00000, 0x0000000083000000, 0x0000000083000000|100%| O|  |TAMS 0x0000000083000000, 0x0000000082f00000| Complete 
|  48|0x0000000083000000, 0x0000000083100000, 0x0000000083100000|100%| O|  |TAMS 0x0000000083100000, 0x0000000083000000| Complete 
|  49|0x0000000083100000, 0x0000000083200000, 0x0000000083200000|100%| O|  |TAMS 0x0000000083200000, 0x0000000083100000| Complete 
|  50|0x0000000083200000, 0x0000000083300000, 0x0000000083300000|100%| O|  |TAMS 0x0000000083300000, 0x0000000083200000| Complete 
|  51|0x0000000083300000, 0x0000000083400000, 0x0000000083400000|100%| O|  |TAMS 0x0000000083400000, 0x0000000083300000| Complete 
|  52|0x0000000083400000, 0x0000000083500000, 0x0000000083500000|100%| O|  |TAMS 0x0000000083500000, 0x0000000083400000| Complete 
|  53|0x0000000083500000, 0x0000000083600000, 0x0000000083600000|100%| O|  |TAMS 0x0000000083600000, 0x0000000083500000| Untracked 
|  54|0x0000000083600000, 0x0000000083700000, 0x0000000083700000|100%| O|  |TAMS 0x0000000083700000, 0x0000000083600000| Untracked 
|  55|0x0000000083700000, 0x0000000083800000, 0x0000000083800000|100%| O|  |TAMS 0x0000000083800000, 0x0000000083700000| Untracked 
|  56|0x0000000083800000, 0x0000000083900000, 0x0000000083900000|100%| O|  |TAMS 0x0000000083900000, 0x0000000083800000| Complete 
|  57|0x0000000083900000, 0x0000000083a00000, 0x0000000083a00000|100%| O|  |TAMS 0x0000000083a00000, 0x0000000083900000| Untracked 
|  58|0x0000000083a00000, 0x0000000083b00000, 0x0000000083b00000|100%| O|  |TAMS 0x0000000083b00000, 0x0000000083a00000| Untracked 
|  59|0x0000000083b00000, 0x0000000083c00000, 0x0000000083c00000|100%| O|  |TAMS 0x0000000083c00000, 0x0000000083b00000| Complete 
|  60|0x0000000083c00000, 0x0000000083d00000, 0x0000000083d00000|100%| O|  |TAMS 0x0000000083d00000, 0x0000000083c00000| Complete 
|  61|0x0000000083d00000, 0x0000000083e00000, 0x0000000083e00000|100%| O|  |TAMS 0x0000000083e00000, 0x0000000083d00000| Complete 
|  62|0x0000000083e00000, 0x0000000083f00000, 0x0000000083f00000|100%| O|  |TAMS 0x0000000083e3a600, 0x0000000083e00000| Untracked 
|  63|0x0000000083f00000, 0x0000000084000000, 0x0000000084000000|100%| O|  |TAMS 0x0000000084000000, 0x0000000083f00000| Complete 
|  64|0x0000000084000000, 0x0000000084100000, 0x0000000084100000|100%| O|  |TAMS 0x0000000084100000, 0x0000000084000000| Untracked 
|  65|0x0000000084100000, 0x0000000084200000, 0x0000000084200000|100%| O|  |TAMS 0x0000000084200000, 0x0000000084100000| Untracked 
|  66|0x0000000084200000, 0x0000000084300000, 0x0000000084300000|100%| O|  |TAMS 0x0000000084300000, 0x0000000084200000| Complete 
|  67|0x0000000084300000, 0x0000000084400000, 0x0000000084400000|100%| O|  |TAMS 0x0000000084400000, 0x0000000084300000| Complete 
|  68|0x0000000084400000, 0x0000000084500000, 0x0000000084500000|100%|HS|  |TAMS 0x0000000084400000, 0x0000000084400000| Complete 
|  69|0x0000000084500000, 0x0000000084600000, 0x0000000084600000|100%|HC|  |TAMS 0x0000000084500000, 0x0000000084500000| Complete 
|  70|0x0000000084600000, 0x0000000084700000, 0x0000000084700000|100%|HS|  |TAMS 0x0000000084600000, 0x0000000084600000| Complete 
|  71|0x0000000084700000, 0x0000000084800000, 0x0000000084800000|100%|HC|  |TAMS 0x0000000084700000, 0x0000000084700000| Complete 
|  72|0x0000000084800000, 0x0000000084900000, 0x0000000084900000|100%|HS|  |TAMS 0x0000000084800000, 0x0000000084800000| Complete 
|  73|0x0000000084900000, 0x0000000084a00000, 0x0000000084a00000|100%|HS|  |TAMS 0x0000000084900000, 0x0000000084900000| Complete 
|  74|0x0000000084a00000, 0x0000000084b00000, 0x0000000084b00000|100%| O|  |TAMS 0x0000000084b00000, 0x0000000084a00000| Complete 
|  75|0x0000000084b00000, 0x0000000084c00000, 0x0000000084c00000|100%| O|  |TAMS 0x0000000084b00000, 0x0000000084b00000| Untracked 
|  76|0x0000000084c00000, 0x0000000084d00000, 0x0000000084d00000|100%| O|  |TAMS 0x0000000084d00000, 0x0000000084c00000| Untracked 
|  77|0x0000000084d00000, 0x0000000084e00000, 0x0000000084e00000|100%| O|  |TAMS 0x0000000084e00000, 0x0000000084d00000| Complete 
|  78|0x0000000084e00000, 0x0000000084f00000, 0x0000000084f00000|100%| O|  |TAMS 0x0000000084f00000, 0x0000000084e00000| Untracked 
|  79|0x0000000084f00000, 0x0000000085000000, 0x0000000085000000|100%| O|  |TAMS 0x0000000085000000, 0x0000000084f00000| Complete 
|  80|0x0000000085000000, 0x0000000085100000, 0x0000000085100000|100%| O|  |TAMS 0x0000000085100000, 0x0000000085000000| Complete 
|  81|0x0000000085100000, 0x0000000085200000, 0x0000000085200000|100%| O|  |TAMS 0x0000000085200000, 0x0000000085100000| Complete 
|  82|0x0000000085200000, 0x0000000085300000, 0x0000000085300000|100%| O|  |TAMS 0x0000000085200000, 0x0000000085200000| Untracked 
|  83|0x0000000085300000, 0x0000000085400000, 0x0000000085400000|100%| O|  |TAMS 0x0000000085300000, 0x0000000085300000| Untracked 
|  84|0x0000000085400000, 0x0000000085500000, 0x0000000085500000|100%| O|  |TAMS 0x0000000085500000, 0x0000000085400000| Complete 
|  85|0x0000000085500000, 0x0000000085600000, 0x0000000085600000|100%| O|  |TAMS 0x0000000085600000, 0x0000000085500000| Complete 
|  86|0x0000000085600000, 0x0000000085700000, 0x0000000085700000|100%| O|  |TAMS 0x0000000085600000, 0x0000000085600000| Untracked 
|  87|0x0000000085700000, 0x0000000085800000, 0x0000000085800000|100%| O|  |TAMS 0x0000000085800000, 0x0000000085700000| Untracked 
|  88|0x0000000085800000, 0x0000000085900000, 0x0000000085900000|100%| O|  |TAMS 0x0000000085900000, 0x0000000085800000| Complete 
|  89|0x0000000085900000, 0x0000000085a00000, 0x0000000085a00000|100%|HS|  |TAMS 0x0000000085900000, 0x0000000085900000| Complete 
|  90|0x0000000085a00000, 0x0000000085b00000, 0x0000000085b00000|100%|HC|  |TAMS 0x0000000085a00000, 0x0000000085a00000| Complete 
|  91|0x0000000085b00000, 0x0000000085c00000, 0x0000000085c00000|100%| O|  |TAMS 0x0000000085c00000, 0x0000000085b00000| Complete 
|  92|0x0000000085c00000, 0x0000000085d00000, 0x0000000085d00000|100%| O|  |TAMS 0x0000000085c00000, 0x0000000085c00000| Untracked 
|  93|0x0000000085d00000, 0x0000000085e00000, 0x0000000085e00000|100%| O|  |TAMS 0x0000000085e00000, 0x0000000085d00000| Complete 
|  94|0x0000000085e00000, 0x0000000085f00000, 0x0000000085f00000|100%| O|  |TAMS 0x0000000085f00000, 0x0000000085e00000| Untracked 
|  95|0x0000000085f00000, 0x0000000086000000, 0x0000000086000000|100%| O|  |TAMS 0x0000000085f00000, 0x0000000085f00000| Untracked 
|  96|0x0000000086000000, 0x0000000086100000, 0x0000000086100000|100%| O|  |TAMS 0x0000000086000000, 0x0000000086000000| Untracked 
|  97|0x0000000086100000, 0x0000000086200000, 0x0000000086200000|100%| O|  |TAMS 0x0000000086200000, 0x0000000086100000| Complete 
|  98|0x0000000086200000, 0x0000000086300000, 0x0000000086300000|100%| O|  |TAMS 0x0000000086300000, 0x0000000086200000| Untracked 
|  99|0x0000000086300000, 0x0000000086400000, 0x0000000086400000|100%| O|  |TAMS 0x0000000086400000, 0x0000000086300000| Complete 
| 100|0x0000000086400000, 0x0000000086500000, 0x0000000086500000|100%| O|  |TAMS 0x0000000086500000, 0x0000000086400000| Complete 
| 101|0x0000000086500000, 0x0000000086600000, 0x0000000086600000|100%|HS|  |TAMS 0x0000000086500000, 0x0000000086500000| Complete 
| 102|0x0000000086600000, 0x0000000086700000, 0x0000000086700000|100%|HC|  |TAMS 0x0000000086600000, 0x0000000086600000| Complete 
| 103|0x0000000086700000, 0x0000000086800000, 0x0000000086800000|100%|HC|  |TAMS 0x0000000086700000, 0x0000000086700000| Complete 
| 104|0x0000000086800000, 0x0000000086900000, 0x0000000086900000|100%| O|  |TAMS 0x0000000086900000, 0x0000000086800000| Complete 
| 105|0x0000000086900000, 0x0000000086a00000, 0x0000000086a00000|100%|HS|  |TAMS 0x0000000086900000, 0x0000000086900000| Complete 
| 106|0x0000000086a00000, 0x0000000086b00000, 0x0000000086b00000|100%|HC|  |TAMS 0x0000000086a00000, 0x0000000086a00000| Complete 
| 107|0x0000000086b00000, 0x0000000086c00000, 0x0000000086c00000|100%|HS|  |TAMS 0x0000000086b00000, 0x0000000086b00000| Complete 
| 108|0x0000000086c00000, 0x0000000086d00000, 0x0000000086d00000|100%| O|  |TAMS 0x0000000086c00000, 0x0000000086c00000| Untracked 
| 109|0x0000000086d00000, 0x0000000086e00000, 0x0000000086e00000|100%|HS|  |TAMS 0x0000000086d00000, 0x0000000086d00000| Complete 
| 110|0x0000000086e00000, 0x0000000086f00000, 0x0000000086f00000|100%| O|  |TAMS 0x0000000086e00000, 0x0000000086e00000| Untracked 
| 111|0x0000000086f00000, 0x0000000087000000, 0x0000000087000000|100%|HS|  |TAMS 0x0000000086f00000, 0x0000000086f00000| Complete 
| 112|0x0000000087000000, 0x0000000087100000, 0x0000000087100000|100%| O|  |TAMS 0x0000000087000000, 0x0000000087000000| Untracked 
| 113|0x0000000087100000, 0x0000000087200000, 0x0000000087200000|100%|HS|  |TAMS 0x0000000087200000, 0x0000000087100000| Complete 
| 114|0x0000000087200000, 0x0000000087300000, 0x0000000087300000|100%|HC|  |TAMS 0x0000000087300000, 0x0000000087200000| Complete 
| 115|0x0000000087300000, 0x0000000087400000, 0x0000000087400000|100%|HC|  |TAMS 0x0000000087400000, 0x0000000087300000| Complete 
| 116|0x0000000087400000, 0x0000000087500000, 0x0000000087500000|100%| O|  |TAMS 0x0000000087500000, 0x0000000087400000| Complete 
| 117|0x0000000087500000, 0x0000000087600000, 0x0000000087600000|100%| O|  |TAMS 0x0000000087600000, 0x0000000087500000| Untracked 
| 118|0x0000000087600000, 0x0000000087700000, 0x0000000087700000|100%| O|  |TAMS 0x0000000087600000, 0x0000000087600000| Untracked 
| 119|0x0000000087700000, 0x0000000087700000, 0x0000000087800000|  0%| F|  |TAMS 0x0000000087700000, 0x0000000087700000| Untracked 
| 120|0x0000000087800000, 0x0000000087900000, 0x0000000087900000|100%| O|  |TAMS 0x0000000087900000, 0x0000000087800000| Complete 
| 121|0x0000000087900000, 0x0000000087a00000, 0x0000000087a00000|100%|HS|  |TAMS 0x0000000087900000, 0x0000000087900000| Complete 
| 122|0x0000000087a00000, 0x0000000087b00000, 0x0000000087b00000|100%| O|  |TAMS 0x0000000087b00000, 0x0000000087a00000| Complete 
| 123|0x0000000087b00000, 0x0000000087c00000, 0x0000000087c00000|100%| O|  |TAMS 0x0000000087c00000, 0x0000000087b00000| Complete 
| 124|0x0000000087c00000, 0x0000000087d00000, 0x0000000087d00000|100%| O|  |TAMS 0x0000000087d00000, 0x0000000087c00000| Complete 
| 125|0x0000000087d00000, 0x0000000087e00000, 0x0000000087e00000|100%| O|  |TAMS 0x0000000087e00000, 0x0000000087d00000| Untracked 
| 126|0x0000000087e00000, 0x0000000087f00000, 0x0000000087f00000|100%| O|  |TAMS 0x0000000087f00000, 0x0000000087e00000| Complete 
| 127|0x0000000087f00000, 0x0000000088000000, 0x0000000088000000|100%|HS|  |TAMS 0x0000000087f00000, 0x0000000087f00000| Complete 
| 128|0x0000000088000000, 0x0000000088100000, 0x0000000088100000|100%| O|  |TAMS 0x0000000088100000, 0x0000000088000000| Complete 
| 129|0x0000000088100000, 0x0000000088200000, 0x0000000088200000|100%| O|  |TAMS 0x0000000088200000, 0x0000000088100000| Untracked 
| 130|0x0000000088200000, 0x0000000088300000, 0x0000000088300000|100%| O|  |TAMS 0x0000000088300000, 0x0000000088200000| Untracked 
| 131|0x0000000088300000, 0x0000000088400000, 0x0000000088400000|100%| O|  |TAMS 0x0000000088400000, 0x0000000088300000| Complete 
| 132|0x0000000088400000, 0x0000000088500000, 0x0000000088500000|100%| O|  |TAMS 0x0000000088500000, 0x0000000088400000| Untracked 
| 133|0x0000000088500000, 0x0000000088600000, 0x0000000088600000|100%| O|  |TAMS 0x0000000088600000, 0x0000000088500000| Complete 
| 134|0x0000000088600000, 0x0000000088700000, 0x0000000088700000|100%| O|  |TAMS 0x0000000088700000, 0x0000000088600000| Untracked 
| 135|0x0000000088700000, 0x0000000088800000, 0x0000000088800000|100%| O|  |TAMS 0x0000000088800000, 0x0000000088700000| Untracked 
| 136|0x0000000088800000, 0x0000000088900000, 0x0000000088900000|100%| O|  |TAMS 0x0000000088900000, 0x0000000088800000| Untracked 
| 137|0x0000000088900000, 0x0000000088a00000, 0x0000000088a00000|100%| O|  |TAMS 0x0000000088a00000, 0x0000000088900000| Untracked 
| 138|0x0000000088a00000, 0x0000000088b00000, 0x0000000088b00000|100%| O|  |TAMS 0x0000000088b00000, 0x0000000088a00000| Complete 
| 139|0x0000000088b00000, 0x0000000088c00000, 0x0000000088c00000|100%| O|  |TAMS 0x0000000088c00000, 0x0000000088b00000| Untracked 
| 140|0x0000000088c00000, 0x0000000088d00000, 0x0000000088d00000|100%| O|  |TAMS 0x0000000088d00000, 0x0000000088c00000| Untracked 
| 141|0x0000000088d00000, 0x0000000088e00000, 0x0000000088e00000|100%| O|  |TAMS 0x0000000088d00000, 0x0000000088d00000| Untracked 
| 142|0x0000000088e00000, 0x0000000088f00000, 0x0000000088f00000|100%| O|  |TAMS 0x0000000088e00000, 0x0000000088e00000| Untracked 
| 143|0x0000000088f00000, 0x0000000088f00000, 0x0000000089000000|  0%| F|  |TAMS 0x0000000088f00000, 0x0000000088f00000| Untracked 
| 144|0x0000000089000000, 0x0000000089100000, 0x0000000089100000|100%| O|  |TAMS 0x0000000089100000, 0x0000000089000000| Complete 
| 145|0x0000000089100000, 0x0000000089200000, 0x0000000089200000|100%| O|  |TAMS 0x0000000089100000, 0x0000000089100000| Untracked 
| 146|0x0000000089200000, 0x0000000089300000, 0x0000000089300000|100%| O|  |TAMS 0x0000000089300000, 0x0000000089200000| Complete 
| 147|0x0000000089300000, 0x0000000089400000, 0x0000000089400000|100%| O|  |TAMS 0x0000000089400000, 0x0000000089300000| Complete 
| 148|0x0000000089400000, 0x0000000089500000, 0x0000000089500000|100%| O|  |TAMS 0x0000000089500000, 0x0000000089400000| Untracked 
| 149|0x0000000089500000, 0x0000000089600000, 0x0000000089600000|100%| O|  |TAMS 0x0000000089500000, 0x0000000089500000| Untracked 
| 150|0x0000000089600000, 0x0000000089700000, 0x0000000089700000|100%| O|  |TAMS 0x0000000089600000, 0x0000000089600000| Untracked 
| 151|0x0000000089700000, 0x0000000089700000, 0x0000000089800000|  0%| F|  |TAMS 0x0000000089700000, 0x0000000089700000| Untracked 
| 152|0x0000000089800000, 0x0000000089800000, 0x0000000089900000|  0%| F|  |TAMS 0x0000000089800000, 0x0000000089800000| Untracked 
| 153|0x0000000089900000, 0x0000000089900000, 0x0000000089a00000|  0%| F|  |TAMS 0x0000000089900000, 0x0000000089900000| Untracked 
| 154|0x0000000089a00000, 0x0000000089a00000, 0x0000000089b00000|  0%| F|  |TAMS 0x0000000089a00000, 0x0000000089a00000| Untracked 
| 155|0x0000000089b00000, 0x0000000089c00000, 0x0000000089c00000|100%|HS|  |TAMS 0x0000000089b00000, 0x0000000089b00000| Complete 
| 156|0x0000000089c00000, 0x0000000089d00000, 0x0000000089d00000|100%|HC|  |TAMS 0x0000000089c00000, 0x0000000089c00000| Complete 
| 157|0x0000000089d00000, 0x0000000089e00000, 0x0000000089e00000|100%|HC|  |TAMS 0x0000000089d00000, 0x0000000089d00000| Complete 
| 158|0x0000000089e00000, 0x0000000089f00000, 0x0000000089f00000|100%| O|  |TAMS 0x0000000089e00000, 0x0000000089e00000| Untracked 
| 159|0x0000000089f00000, 0x000000008a000000, 0x000000008a000000|100%| O|  |TAMS 0x0000000089f00000, 0x0000000089f00000| Untracked 
| 160|0x000000008a000000, 0x000000008a100000, 0x000000008a100000|100%| O|  |TAMS 0x000000008a000000, 0x000000008a000000| Untracked 
| 161|0x000000008a100000, 0x000000008a200000, 0x000000008a200000|100%| O|  |TAMS 0x000000008a100000, 0x000000008a100000| Untracked 
| 162|0x000000008a200000, 0x000000008a300000, 0x000000008a300000|100%| O|  |TAMS 0x000000008a200000, 0x000000008a200000| Untracked 
| 163|0x000000008a300000, 0x000000008a400000, 0x000000008a400000|100%| O|  |TAMS 0x000000008a300000, 0x000000008a300000| Untracked 
| 164|0x000000008a400000, 0x000000008a500000, 0x000000008a500000|100%| O|  |TAMS 0x000000008a400000, 0x000000008a400000| Untracked 
| 165|0x000000008a500000, 0x000000008a600000, 0x000000008a600000|100%| O|  |TAMS 0x000000008a500000, 0x000000008a500000| Untracked 
| 166|0x000000008a600000, 0x000000008a700000, 0x000000008a700000|100%| O|  |TAMS 0x000000008a600000, 0x000000008a600000| Untracked 
| 167|0x000000008a700000, 0x000000008a800000, 0x000000008a800000|100%| O|  |TAMS 0x000000008a700000, 0x000000008a700000| Untracked 
| 168|0x000000008a800000, 0x000000008a900000, 0x000000008a900000|100%| O|  |TAMS 0x000000008a800000, 0x000000008a800000| Untracked 
| 169|0x000000008a900000, 0x000000008aa00000, 0x000000008aa00000|100%| O|  |TAMS 0x000000008a900000, 0x000000008a900000| Untracked 
| 170|0x000000008aa00000, 0x000000008ab00000, 0x000000008ab00000|100%| O|  |TAMS 0x000000008aa00000, 0x000000008aa00000| Untracked 
| 171|0x000000008ab00000, 0x000000008ab00000, 0x000000008ac00000|  0%| F|  |TAMS 0x000000008ab00000, 0x000000008ab00000| Untracked 
| 172|0x000000008ac00000, 0x000000008ac00000, 0x000000008ad00000|  0%| F|  |TAMS 0x000000008ac00000, 0x000000008ac00000| Untracked 
| 173|0x000000008ad00000, 0x000000008ad00000, 0x000000008ae00000|  0%| F|  |TAMS 0x000000008ad00000, 0x000000008ad00000| Untracked 
| 174|0x000000008ae00000, 0x000000008ae00000, 0x000000008af00000|  0%| F|  |TAMS 0x000000008ae00000, 0x000000008ae00000| Untracked 
| 175|0x000000008af00000, 0x000000008af00000, 0x000000008b000000|  0%| F|  |TAMS 0x000000008af00000, 0x000000008af00000| Untracked 
| 176|0x000000008b000000, 0x000000008b000000, 0x000000008b100000|  0%| F|  |TAMS 0x000000008b000000, 0x000000008b000000| Untracked 
| 177|0x000000008b100000, 0x000000008b100000, 0x000000008b200000|  0%| F|  |TAMS 0x000000008b100000, 0x000000008b100000| Untracked 
| 178|0x000000008b200000, 0x000000008b200000, 0x000000008b300000|  0%| F|  |TAMS 0x000000008b200000, 0x000000008b200000| Untracked 
| 179|0x000000008b300000, 0x000000008b300000, 0x000000008b400000|  0%| F|  |TAMS 0x000000008b300000, 0x000000008b300000| Untracked 
| 180|0x000000008b400000, 0x000000008b400000, 0x000000008b500000|  0%| F|  |TAMS 0x000000008b400000, 0x000000008b400000| Untracked 
| 181|0x000000008b500000, 0x000000008b500000, 0x000000008b600000|  0%| F|  |TAMS 0x000000008b500000, 0x000000008b500000| Untracked 
| 182|0x000000008b600000, 0x000000008b600000, 0x000000008b700000|  0%| F|  |TAMS 0x000000008b600000, 0x000000008b600000| Untracked 
| 183|0x000000008b700000, 0x000000008b700000, 0x000000008b800000|  0%| F|  |TAMS 0x000000008b700000, 0x000000008b700000| Untracked 
| 184|0x000000008b800000, 0x000000008b800000, 0x000000008b900000|  0%| F|  |TAMS 0x000000008b800000, 0x000000008b800000| Untracked 
| 185|0x000000008b900000, 0x000000008b900000, 0x000000008ba00000|  0%| F|  |TAMS 0x000000008b900000, 0x000000008b900000| Untracked 
| 186|0x000000008ba00000, 0x000000008ba00000, 0x000000008bb00000|  0%| F|  |TAMS 0x000000008ba00000, 0x000000008ba00000| Untracked 
| 187|0x000000008bb00000, 0x000000008bb00000, 0x000000008bc00000|  0%| F|  |TAMS 0x000000008bb00000, 0x000000008bb00000| Untracked 
| 188|0x000000008bc00000, 0x000000008bc00000, 0x000000008bd00000|  0%| F|  |TAMS 0x000000008bc00000, 0x000000008bc00000| Untracked 
| 189|0x000000008bd00000, 0x000000008bd00000, 0x000000008be00000|  0%| F|  |TAMS 0x000000008bd00000, 0x000000008bd00000| Untracked 
| 190|0x000000008be00000, 0x000000008be00000, 0x000000008bf00000|  0%| F|  |TAMS 0x000000008be00000, 0x000000008be00000| Untracked 
| 191|0x000000008bf00000, 0x000000008bf00000, 0x000000008c000000|  0%| F|  |TAMS 0x000000008bf00000, 0x000000008bf00000| Untracked 
| 192|0x000000008c000000, 0x000000008c000000, 0x000000008c100000|  0%| F|  |TAMS 0x000000008c000000, 0x000000008c000000| Untracked 
| 193|0x000000008c100000, 0x000000008c100000, 0x000000008c200000|  0%| F|  |TAMS 0x000000008c100000, 0x000000008c100000| Untracked 
| 194|0x000000008c200000, 0x000000008c200000, 0x000000008c300000|  0%| F|  |TAMS 0x000000008c200000, 0x000000008c200000| Untracked 
| 195|0x000000008c300000, 0x000000008c300000, 0x000000008c400000|  0%| F|  |TAMS 0x000000008c300000, 0x000000008c300000| Untracked 
| 196|0x000000008c400000, 0x000000008c400000, 0x000000008c500000|  0%| F|  |TAMS 0x000000008c400000, 0x000000008c400000| Untracked 
| 197|0x000000008c500000, 0x000000008c500000, 0x000000008c600000|  0%| F|  |TAMS 0x000000008c500000, 0x000000008c500000| Untracked 
| 198|0x000000008c600000, 0x000000008c600000, 0x000000008c700000|  0%| F|  |TAMS 0x000000008c600000, 0x000000008c600000| Untracked 
| 199|0x000000008c700000, 0x000000008c700000, 0x000000008c800000|  0%| F|  |TAMS 0x000000008c700000, 0x000000008c700000| Untracked 
| 200|0x000000008c800000, 0x000000008c800000, 0x000000008c900000|  0%| F|  |TAMS 0x000000008c800000, 0x000000008c800000| Untracked 
| 201|0x000000008c900000, 0x000000008c900000, 0x000000008ca00000|  0%| F|  |TAMS 0x000000008c900000, 0x000000008c900000| Untracked 
| 202|0x000000008ca00000, 0x000000008ca00000, 0x000000008cb00000|  0%| F|  |TAMS 0x000000008ca00000, 0x000000008ca00000| Untracked 
| 203|0x000000008cb00000, 0x000000008cb00000, 0x000000008cc00000|  0%| F|  |TAMS 0x000000008cb00000, 0x000000008cb00000| Untracked 
| 204|0x000000008cc00000, 0x000000008cc00000, 0x000000008cd00000|  0%| F|  |TAMS 0x000000008cc00000, 0x000000008cc00000| Untracked 
| 205|0x000000008cd00000, 0x000000008cd00000, 0x000000008ce00000|  0%| F|  |TAMS 0x000000008cd00000, 0x000000008cd00000| Untracked 
| 206|0x000000008ce00000, 0x000000008ce00000, 0x000000008cf00000|  0%| F|  |TAMS 0x000000008ce00000, 0x000000008ce00000| Untracked 
| 207|0x000000008cf00000, 0x000000008cf00000, 0x000000008d000000|  0%| F|  |TAMS 0x000000008cf00000, 0x000000008cf00000| Untracked 
| 208|0x000000008d000000, 0x000000008d000000, 0x000000008d100000|  0%| F|  |TAMS 0x000000008d000000, 0x000000008d000000| Untracked 
| 209|0x000000008d100000, 0x000000008d100000, 0x000000008d200000|  0%| F|  |TAMS 0x000000008d100000, 0x000000008d100000| Untracked 
| 210|0x000000008d200000, 0x000000008d200000, 0x000000008d300000|  0%| F|  |TAMS 0x000000008d200000, 0x000000008d200000| Untracked 
| 211|0x000000008d300000, 0x000000008d300000, 0x000000008d400000|  0%| F|  |TAMS 0x000000008d300000, 0x000000008d300000| Untracked 
| 212|0x000000008d400000, 0x000000008d400000, 0x000000008d500000|  0%| F|  |TAMS 0x000000008d400000, 0x000000008d400000| Untracked 
| 213|0x000000008d500000, 0x000000008d500000, 0x000000008d600000|  0%| F|  |TAMS 0x000000008d500000, 0x000000008d500000| Untracked 
| 214|0x000000008d600000, 0x000000008d600000, 0x000000008d700000|  0%| F|  |TAMS 0x000000008d600000, 0x000000008d600000| Untracked 
| 215|0x000000008d700000, 0x000000008d700000, 0x000000008d800000|  0%| F|  |TAMS 0x000000008d700000, 0x000000008d700000| Untracked 
| 216|0x000000008d800000, 0x000000008d800000, 0x000000008d900000|  0%| F|  |TAMS 0x000000008d800000, 0x000000008d800000| Untracked 
| 217|0x000000008d900000, 0x000000008d900000, 0x000000008da00000|  0%| F|  |TAMS 0x000000008d900000, 0x000000008d900000| Untracked 
| 218|0x000000008da00000, 0x000000008da00000, 0x000000008db00000|  0%| F|  |TAMS 0x000000008da00000, 0x000000008da00000| Untracked 
| 219|0x000000008db00000, 0x000000008db00000, 0x000000008dc00000|  0%| F|  |TAMS 0x000000008db00000, 0x000000008db00000| Untracked 
| 220|0x000000008dc00000, 0x000000008dc00000, 0x000000008dd00000|  0%| F|  |TAMS 0x000000008dc00000, 0x000000008dc00000| Untracked 
| 221|0x000000008dd00000, 0x000000008dd00000, 0x000000008de00000|  0%| F|  |TAMS 0x000000008dd00000, 0x000000008dd00000| Untracked 
| 222|0x000000008de00000, 0x000000008de00000, 0x000000008df00000|  0%| F|  |TAMS 0x000000008de00000, 0x000000008de00000| Untracked 
| 223|0x000000008df00000, 0x000000008df00000, 0x000000008e000000|  0%| F|  |TAMS 0x000000008df00000, 0x000000008df00000| Untracked 
| 224|0x000000008e000000, 0x000000008e000000, 0x000000008e100000|  0%| F|  |TAMS 0x000000008e000000, 0x000000008e000000| Untracked 
| 225|0x000000008e100000, 0x000000008e100000, 0x000000008e200000|  0%| F|  |TAMS 0x000000008e100000, 0x000000008e100000| Untracked 
| 226|0x000000008e200000, 0x000000008e200000, 0x000000008e300000|  0%| F|  |TAMS 0x000000008e200000, 0x000000008e200000| Untracked 
| 227|0x000000008e300000, 0x000000008e300000, 0x000000008e400000|  0%| F|  |TAMS 0x000000008e300000, 0x000000008e300000| Untracked 
| 228|0x000000008e400000, 0x000000008e400000, 0x000000008e500000|  0%| F|  |TAMS 0x000000008e400000, 0x000000008e400000| Untracked 
| 229|0x000000008e500000, 0x000000008e500000, 0x000000008e600000|  0%| F|  |TAMS 0x000000008e500000, 0x000000008e500000| Untracked 
| 230|0x000000008e600000, 0x000000008e600000, 0x000000008e700000|  0%| F|  |TAMS 0x000000008e600000, 0x000000008e600000| Untracked 
| 231|0x000000008e700000, 0x000000008e700000, 0x000000008e800000|  0%| F|  |TAMS 0x000000008e700000, 0x000000008e700000| Untracked 
| 232|0x000000008e800000, 0x000000008e800000, 0x000000008e900000|  0%| F|  |TAMS 0x000000008e800000, 0x000000008e800000| Untracked 
| 233|0x000000008e900000, 0x000000008e900000, 0x000000008ea00000|  0%| F|  |TAMS 0x000000008e900000, 0x000000008e900000| Untracked 
| 234|0x000000008ea00000, 0x000000008ea00000, 0x000000008eb00000|  0%| F|  |TAMS 0x000000008ea00000, 0x000000008ea00000| Untracked 
| 235|0x000000008eb00000, 0x000000008eb00000, 0x000000008ec00000|  0%| F|  |TAMS 0x000000008eb00000, 0x000000008eb00000| Untracked 
| 236|0x000000008ec00000, 0x000000008ec00000, 0x000000008ed00000|  0%| F|  |TAMS 0x000000008ec00000, 0x000000008ec00000| Untracked 
| 237|0x000000008ed00000, 0x000000008ed00000, 0x000000008ee00000|  0%| F|  |TAMS 0x000000008ed00000, 0x000000008ed00000| Untracked 
| 238|0x000000008ee00000, 0x000000008ee00000, 0x000000008ef00000|  0%| F|  |TAMS 0x000000008ee00000, 0x000000008ee00000| Untracked 
| 239|0x000000008ef00000, 0x000000008ef00000, 0x000000008f000000|  0%| F|  |TAMS 0x000000008ef00000, 0x000000008ef00000| Untracked 
| 240|0x000000008f000000, 0x000000008f000000, 0x000000008f100000|  0%| F|  |TAMS 0x000000008f000000, 0x000000008f000000| Untracked 
| 241|0x000000008f100000, 0x000000008f100000, 0x000000008f200000|  0%| F|  |TAMS 0x000000008f100000, 0x000000008f100000| Untracked 
| 242|0x000000008f200000, 0x000000008f200000, 0x000000008f300000|  0%| F|  |TAMS 0x000000008f200000, 0x000000008f200000| Untracked 
| 243|0x000000008f300000, 0x000000008f300000, 0x000000008f400000|  0%| F|  |TAMS 0x000000008f300000, 0x000000008f300000| Untracked 
| 244|0x000000008f400000, 0x000000008f400000, 0x000000008f500000|  0%| F|  |TAMS 0x000000008f400000, 0x000000008f400000| Untracked 
| 245|0x000000008f500000, 0x000000008f500000, 0x000000008f600000|  0%| F|  |TAMS 0x000000008f500000, 0x000000008f500000| Untracked 
| 246|0x000000008f600000, 0x000000008f600000, 0x000000008f700000|  0%| F|  |TAMS 0x000000008f600000, 0x000000008f600000| Untracked 
| 247|0x000000008f700000, 0x000000008f700000, 0x000000008f800000|  0%| F|  |TAMS 0x000000008f700000, 0x000000008f700000| Untracked 
| 248|0x000000008f800000, 0x000000008f800000, 0x000000008f900000|  0%| F|  |TAMS 0x000000008f800000, 0x000000008f800000| Untracked 
| 249|0x000000008f900000, 0x000000008f900000, 0x000000008fa00000|  0%| F|  |TAMS 0x000000008f900000, 0x000000008f900000| Untracked 
| 250|0x000000008fa00000, 0x000000008fa00000, 0x000000008fb00000|  0%| F|  |TAMS 0x000000008fa00000, 0x000000008fa00000| Untracked 
| 251|0x000000008fb00000, 0x000000008fb00000, 0x000000008fc00000|  0%| F|  |TAMS 0x000000008fb00000, 0x000000008fb00000| Untracked 
| 252|0x000000008fc00000, 0x000000008fc00000, 0x000000008fd00000|  0%| F|  |TAMS 0x000000008fc00000, 0x000000008fc00000| Untracked 
| 253|0x000000008fd00000, 0x000000008fd00000, 0x000000008fe00000|  0%| F|  |TAMS 0x000000008fd00000, 0x000000008fd00000| Untracked 
| 254|0x000000008fe00000, 0x000000008fe00000, 0x000000008ff00000|  0%| F|  |TAMS 0x000000008fe00000, 0x000000008fe00000| Untracked 
| 255|0x000000008ff00000, 0x000000008ff00000, 0x0000000090000000|  0%| F|  |TAMS 0x000000008ff00000, 0x000000008ff00000| Untracked 
| 256|0x0000000090000000, 0x0000000090000000, 0x0000000090100000|  0%| F|  |TAMS 0x0000000090000000, 0x0000000090000000| Untracked 
| 257|0x0000000090100000, 0x0000000090100000, 0x0000000090200000|  0%| F|  |TAMS 0x0000000090100000, 0x0000000090100000| Untracked 
| 258|0x0000000090200000, 0x00000000902ecdb0, 0x0000000090300000| 92%| S|CS|TAMS 0x0000000090200000, 0x0000000090200000| Complete 
| 259|0x0000000090300000, 0x0000000090400000, 0x0000000090400000|100%| S|CS|TAMS 0x0000000090300000, 0x0000000090300000| Complete 
| 260|0x0000000090400000, 0x0000000090400000, 0x0000000090500000|  0%| F|  |TAMS 0x0000000090400000, 0x0000000090400000| Untracked 
| 261|0x0000000090500000, 0x0000000090500000, 0x0000000090600000|  0%| F|  |TAMS 0x0000000090500000, 0x0000000090500000| Untracked 
| 262|0x0000000090600000, 0x0000000090600000, 0x0000000090700000|  0%| F|  |TAMS 0x0000000090600000, 0x0000000090600000| Untracked 
| 263|0x0000000090700000, 0x0000000090700000, 0x0000000090800000|  0%| F|  |TAMS 0x0000000090700000, 0x0000000090700000| Untracked 

Card table byte_map: [0x00000148e93e0000,0x00000148e97e0000] _byte_map_base: 0x00000148e8fe0000

Marking Bits (Prev, Next): (CMBitMap*) 0x00000148d4291a38, (CMBitMap*) 0x00000148d4291a70
 Prev Bits: [0x00000148e9be0000, 0x00000148ebbe0000)
 Next Bits: [0x00000148ebbe0000, 0x00000148edbe0000)

Polling page: 0x00000148d4330000

Metaspace:

Usage:
  Non-class:    137.09 MB capacity,   135.05 MB ( 99%) used,     1.59 MB (  1%) free+waste,   454.81 KB ( <1%) overhead. 
      Class:     19.95 MB capacity,    18.62 MB ( 93%) used,     1.14 MB (  6%) free+waste,   195.00 KB ( <1%) overhead. 
       Both:    157.04 MB capacity,   153.67 MB ( 98%) used,     2.73 MB (  2%) free+waste,   649.81 KB ( <1%) overhead. 

Virtual space:
  Non-class space:      140.00 MB reserved,     138.75 MB (>99%) committed 
      Class space:        1.00 GB reserved,      21.00 MB (  2%) committed 
             Both:        1.14 GB reserved,     159.75 MB ( 14%) committed 

Chunk freelists:
   Non-Class:  1.54 MB
       Class:  1.02 MB
        Both:  2.56 MB

MaxMetaspaceSize: 17179869184.00 GB
CompressedClassSpaceSize: 1.00 GB
Initial GC threshold: 20.80 MB
Current GC threshold: 265.84 MB
CDS: off

CodeHeap 'non-profiled nmethods': size=120000Kb used=15262Kb max_used=15262Kb free=104737Kb
 bounds [0x00000148e1040000, 0x00000148e1f30000, 0x00000148e8570000]
CodeHeap 'profiled nmethods': size=120000Kb used=49768Kb max_used=49768Kb free=70231Kb
 bounds [0x00000148d9b10000, 0x00000148dcbb0000, 0x00000148e1040000]
CodeHeap 'non-nmethods': size=5760Kb used=2518Kb max_used=2572Kb free=3241Kb
 bounds [0x00000148d9570000, 0x00000148d9800000, 0x00000148d9b10000]
 total_blobs=23847 nmethods=22790 adapters=967
 compilation: enabled
              stopped_count=0, restarted_count=0
 full_count=0

Compilation events (20 events):
Event: 2174.599 Thread 0x00000148f107d000 nmethod 24838 0x00000148dcb8d690 code [0x00000148dcb8d840, 0x00000148dcb8da28]
Event: 2174.599 Thread 0x00000148f107d000 24840       2       com.android.tools.r8.internal.z::get (36 bytes)
Event: 2174.600 Thread 0x00000148f107d000 nmethod 24840 0x00000148dcb8db90 code [0x00000148dcb8dd60, 0x00000148dcb8df38]
Event: 2174.600 Thread 0x00000148f107d000 24833       2       com.android.tools.r8.dex.c::c (35 bytes)
Event: 2174.600 Thread 0x00000148f107d000 nmethod 24833 0x00000148dcb8e090 code [0x00000148dcb8e240, 0x00000148dcb8e368]
Event: 2174.600 Thread 0x00000148f107d000 24834       2       com.android.tools.r8.internal.Yb::a (12 bytes)
Event: 2174.600 Thread 0x00000148f107d000 nmethod 24834 0x00000148dcb8e490 code [0x00000148dcb8e640, 0x00000148dcb8e768]
Event: 2174.600 Thread 0x00000148f107d000 24835       2       com.android.tools.r8.graph.S0::a (27 bytes)
Event: 2174.601 Thread 0x00000148f107d000 nmethod 24835 0x00000148dcb8e890 code [0x00000148dcb8ea80, 0x00000148dcb8ec68]
Event: 2174.601 Thread 0x00000148f107d000 24842       2       com.android.tools.r8.graph.q0$a::<init> (100 bytes)
Event: 2174.601 Thread 0x00000148f107d000 nmethod 24842 0x00000148dcb8ee10 code [0x00000148dcb8f000, 0x00000148dcb8f538]
Event: 2174.601 Thread 0x00000148f107d000 24855 %     3       com.android.tools.r8.dex.j::a @ 313 (1042 bytes)
Event: 2174.613 Thread 0x00000148f107d000 nmethod 24855% 0x00000148dcb8f610 code [0x00000148dcb90040, 0x00000148dcb97108]
Event: 2174.613 Thread 0x00000148f107d000 24866       2       java.util.concurrent.ConcurrentLinkedQueue::add (6 bytes)
Event: 2174.614 Thread 0x00000148f107d000 nmethod 24866 0x00000148dcb9b810 code [0x00000148dcb9b9c0, 0x00000148dcb9bac8]
Event: 2174.614 Thread 0x00000148f107d000 24864 % !   3       com.android.tools.r8.graph.d1::h0 @ 71 (125 bytes)
Event: 2174.617 Thread 0x00000148f107d000 nmethod 24864% 0x00000148dcb9bb90 code [0x00000148dcb9bfe0, 0x00000148dcb9e058]
Event: 2174.617 Thread 0x00000148f107d000 24887       3       com.android.tools.r8.dex.j::a (1042 bytes)
Event: 2174.655 Thread 0x00000148f107d000 nmethod 24887 0x00000148dcb9ef10 code [0x00000148dcb9f920, 0x00000148dcba5ec8]
Event: 2174.655 Thread 0x00000148f107d000 24876       2       com.android.tools.r8.code.y1::a (4129 bytes)

GC Heap History (20 events):
Event: 2170.321 GC heap after
{Heap after GC invocations=86 (full 0):
 garbage-first heap   total 225280K, used 148071K [0x0000000080000000, 0x0000000100000000)
  region size 1024K, 5 young (5120K), 5 survivors (5120K)
 Metaspace       used 155884K, capacity 159277K, committed 162176K, reserved 1189888K
  class space    used 18962K, capacity 20286K, committed 21376K, reserved 1048576K
}
Event: 2170.490 GC heap before
{Heap before GC invocations=86 (full 0):
 garbage-first heap   total 225280K, used 177767K [0x0000000080000000, 0x0000000100000000)
  region size 1024K, 34 young (34816K), 5 survivors (5120K)
 Metaspace       used 155918K, capacity 159283K, committed 162176K, reserved 1189888K
  class space    used 18963K, capacity 20288K, committed 21376K, reserved 1048576K
}
Event: 2170.496 GC heap after
{Heap after GC invocations=87 (full 0):
 garbage-first heap   total 225280K, used 151465K [0x0000000080000000, 0x0000000100000000)
  region size 1024K, 3 young (3072K), 3 survivors (3072K)
 Metaspace       used 155918K, capacity 159283K, committed 162176K, reserved 1189888K
  class space    used 18963K, capacity 20288K, committed 21376K, reserved 1048576K
}
Event: 2170.695 GC heap before
{Heap before GC invocations=88 (full 0):
 garbage-first heap   total 225280K, used 181161K [0x0000000080000000, 0x0000000100000000)
  region size 1024K, 32 young (32768K), 3 survivors (3072K)
 Metaspace       used 156032K, capacity 159353K, committed 162176K, reserved 1189888K
  class space    used 18967K, capacity 20290K, committed 21376K, reserved 1048576K
}
Event: 2170.703 GC heap after
{Heap after GC invocations=89 (full 0):
 garbage-first heap   total 225280K, used 153817K [0x0000000080000000, 0x0000000100000000)
  region size 1024K, 3 young (3072K), 3 survivors (3072K)
 Metaspace       used 156032K, capacity 159353K, committed 162176K, reserved 1189888K
  class space    used 18967K, capacity 20290K, committed 21376K, reserved 1048576K
}
Event: 2170.716 GC heap before
{Heap before GC invocations=89 (full 0):
 garbage-first heap   total 225280K, used 162009K [0x0000000080000000, 0x0000000100000000)
  region size 1024K, 11 young (11264K), 3 survivors (3072K)
 Metaspace       used 156032K, capacity 159353K, committed 162176K, reserved 1189888K
  class space    used 18967K, capacity 20290K, committed 21376K, reserved 1048576K
}
Event: 2170.727 GC heap after
{Heap after GC invocations=90 (full 0):
 garbage-first heap   total 225280K, used 152435K [0x0000000080000000, 0x0000000100000000)
  region size 1024K, 2 young (2048K), 2 survivors (2048K)
 Metaspace       used 156032K, capacity 159353K, committed 162176K, reserved 1189888K
  class space    used 18967K, capacity 20290K, committed 21376K, reserved 1048576K
}
Event: 2170.916 GC heap before
{Heap before GC invocations=90 (full 0):
 garbage-first heap   total 225280K, used 182131K [0x0000000080000000, 0x0000000100000000)
  region size 1024K, 32 young (32768K), 2 survivors (2048K)
 Metaspace       used 156233K, capacity 159583K, committed 162560K, reserved 1189888K
  class space    used 18980K, capacity 20323K, committed 21504K, reserved 1048576K
}
Event: 2170.926 GC heap after
{Heap after GC invocations=91 (full 0):
 garbage-first heap   total 225280K, used 156479K [0x0000000080000000, 0x0000000100000000)
  region size 1024K, 4 young (4096K), 4 survivors (4096K)
 Metaspace       used 156233K, capacity 159583K, committed 162560K, reserved 1189888K
  class space    used 18980K, capacity 20323K, committed 21504K, reserved 1048576K
}
Event: 2171.325 GC heap before
{Heap before GC invocations=92 (full 0):
 garbage-first heap   total 225280K, used 172863K [0x0000000080000000, 0x0000000100000000)
  region size 1024K, 33 young (33792K), 4 survivors (4096K)
 Metaspace       used 156302K, capacity 159711K, committed 162816K, reserved 1189888K
  class space    used 18980K, capacity 20323K, committed 21504K, reserved 1048576K
}
Event: 2171.331 GC heap after
{Heap after GC invocations=93 (full 0):
 garbage-first heap   total 225280K, used 144326K [0x0000000080000000, 0x0000000100000000)
  region size 1024K, 3 young (3072K), 3 survivors (3072K)
 Metaspace       used 156302K, capacity 159711K, committed 162816K, reserved 1189888K
  class space    used 18980K, capacity 20323K, committed 21504K, reserved 1048576K
}
Event: 2171.490 GC heap before
{Heap before GC invocations=93 (full 0):
 garbage-first heap   total 225280K, used 152518K [0x0000000080000000, 0x0000000100000000)
  region size 1024K, 11 young (11264K), 3 survivors (3072K)
 Metaspace       used 156843K, capacity 160276K, committed 163328K, reserved 1191936K
  class space    used 19027K, capacity 20362K, committed 21504K, reserved 1048576K
}
Event: 2171.499 GC heap after
{Heap after GC invocations=94 (full 0):
 garbage-first heap   total 270336K, used 123913K [0x0000000080000000, 0x0000000100000000)
  region size 1024K, 1 young (1024K), 1 survivors (1024K)
 Metaspace       used 156843K, capacity 160276K, committed 163328K, reserved 1191936K
  class space    used 19027K, capacity 20362K, committed 21504K, reserved 1048576K
}
Event: 2171.627 GC heap before
{Heap before GC invocations=94 (full 0):
 garbage-first heap   total 270336K, used 135177K [0x0000000080000000, 0x0000000100000000)
  region size 1024K, 13 young (13312K), 1 survivors (1024K)
 Metaspace       used 156928K, capacity 160352K, committed 163328K, reserved 1191936K
  class space    used 19037K, capacity 20365K, committed 21504K, reserved 1048576K
}
Event: 2171.652 GC heap after
{Heap after GC invocations=95 (full 0):
 garbage-first heap   total 270336K, used 120020K [0x0000000080000000, 0x0000000100000000)
  region size 1024K, 1 young (1024K), 1 survivors (1024K)
 Metaspace       used 156928K, capacity 160352K, committed 163328K, reserved 1191936K
  class space    used 19037K, capacity 20365K, committed 21504K, reserved 1048576K
}
Event: 2172.363 GC heap before
{Heap before GC invocations=95 (full 0):
 garbage-first heap   total 270336K, used 159956K [0x0000000080000000, 0x0000000100000000)
  region size 1024K, 42 young (43008K), 1 survivors (1024K)
 Metaspace       used 157145K, capacity 160561K, committed 163328K, reserved 1191936K
  class space    used 19056K, capacity 20390K, committed 21504K, reserved 1048576K
}
Event: 2172.372 GC heap after
{Heap after GC invocations=96 (full 0):
 garbage-first heap   total 270336K, used 121339K [0x0000000080000000, 0x0000000100000000)
  region size 1024K, 3 young (3072K), 3 survivors (3072K)
 Metaspace       used 157145K, capacity 160561K, committed 163328K, reserved 1191936K
  class space    used 19056K, capacity 20390K, committed 21504K, reserved 1048576K
}
Event: 2174.623 GC heap before
{Heap before GC invocations=97 (full 0):
 garbage-first heap   total 270336K, used 221691K [0x0000000080000000, 0x0000000100000000)
  region size 1024K, 66 young (67584K), 3 survivors (3072K)
 Metaspace       used 157284K, capacity 160677K, committed 163328K, reserved 1191936K
  class space    used 19069K, capacity 20428K, committed 21504K, reserved 1048576K
}
Event: 2174.653 GC heap after
{Heap after GC invocations=98 (full 0):
 garbage-first heap   total 270336K, used 168472K [0x0000000080000000, 0x0000000100000000)
  region size 1024K, 9 young (9216K), 9 survivors (9216K)
 Metaspace       used 157284K, capacity 160677K, committed 163328K, reserved 1191936K
  class space    used 19069K, capacity 20428K, committed 21504K, reserved 1048576K
}
Event: 2174.670 GC heap before
{Heap before GC invocations=98 (full 0):
 garbage-first heap   total 270336K, used 172568K [0x0000000080000000, 0x0000000100000000)
  region size 1024K, 13 young (13312K), 9 survivors (9216K)
 Metaspace       used 157361K, capacity 160805K, committed 163584K, reserved 1191936K
  class space    used 19069K, capacity 20428K, committed 21504K, reserved 1048576K
}

Deoptimization events (20 events):
Event: 2174.596 Thread 0x00000148f8a73000 Uncommon trap: trap_request=0xffffffc6 fr.pc=0x00000148e1d0d71c relative=0x000000000000157c
Event: 2174.596 Thread 0x00000148f8a73000 Uncommon trap: reason=bimorphic_or_optimized_type_check action=maybe_recompile pc=0x00000148e1d0d71c method=com.android.tools.r8.graph.r0.a(Lcom/android/tools/r8/internal/jV;Lcom/android/tools/r8/internal/Yb;)I @ 6 c2
Event: 2174.596 Thread 0x00000148f8a73000 DEOPT PACKING pc=0x00000148e1d0d71c sp=0x00000002cfcfe960
Event: 2174.596 Thread 0x00000148f8a73000 DEOPT UNPACKING pc=0x00000148d95ba1af sp=0x00000002cfcfe938 mode 2
Event: 2174.597 Thread 0x00000148f8a73000 Uncommon trap: trap_request=0xffffffc6 fr.pc=0x00000148e1d0d71c relative=0x000000000000157c
Event: 2174.597 Thread 0x00000148f8a73000 Uncommon trap: reason=bimorphic_or_optimized_type_check action=maybe_recompile pc=0x00000148e1d0d71c method=com.android.tools.r8.graph.r0.a(Lcom/android/tools/r8/internal/jV;Lcom/android/tools/r8/internal/Yb;)I @ 6 c2
Event: 2174.597 Thread 0x00000148f8a73000 DEOPT PACKING pc=0x00000148e1d0d71c sp=0x00000002cfcfe960
Event: 2174.597 Thread 0x00000148f8a73000 DEOPT UNPACKING pc=0x00000148d95ba1af sp=0x00000002cfcfe938 mode 2
Event: 2174.597 Thread 0x00000148f8a73000 Uncommon trap: trap_request=0xffffffc6 fr.pc=0x00000148e1d0d71c relative=0x000000000000157c
Event: 2174.597 Thread 0x00000148f8a73000 Uncommon trap: reason=bimorphic_or_optimized_type_check action=maybe_recompile pc=0x00000148e1d0d71c method=com.android.tools.r8.graph.r0.a(Lcom/android/tools/r8/internal/jV;Lcom/android/tools/r8/internal/Yb;)I @ 6 c2
Event: 2174.597 Thread 0x00000148f8a73000 DEOPT PACKING pc=0x00000148e1d0d71c sp=0x00000002cfcfe960
Event: 2174.597 Thread 0x00000148f8a73000 DEOPT UNPACKING pc=0x00000148d95ba1af sp=0x00000002cfcfe938 mode 2
Event: 2174.600 Thread 0x00000148f8a72800 Uncommon trap: trap_request=0xffffff4d fr.pc=0x00000148e1636f10 relative=0x0000000000000350
Event: 2174.600 Thread 0x00000148f8a72800 Uncommon trap: reason=unstable_if action=reinterpret pc=0x00000148e1636f10 method=java.util.concurrent.ConcurrentLinkedQueue.offer(Ljava/lang/Object;)Z @ 42 c2
Event: 2174.600 Thread 0x00000148f8a72800 DEOPT PACKING pc=0x00000148e1636f10 sp=0x00000002cfefec10
Event: 2174.600 Thread 0x00000148f8a72800 DEOPT UNPACKING pc=0x00000148d95ba1af sp=0x00000002cfefeb58 mode 2
Event: 2174.616 Thread 0x00000148f8a68800 DEOPT PACKING pc=0x00000148dc48a725 sp=0x00000002cf3fec50
Event: 2174.616 Thread 0x00000148f8a68800 DEOPT UNPACKING pc=0x00000148d95ba95e sp=0x00000002cf3fe278 mode 0
Event: 2174.658 Thread 0x00000148fe998800 DEOPT PACKING pc=0x00000148dc48377e sp=0x00000002d02fea30
Event: 2174.658 Thread 0x00000148fe998800 DEOPT UNPACKING pc=0x00000148d95ba95e sp=0x00000002d02fdfb8 mode 0

Classes redefined (0 events):
No events

Internal exceptions (20 events):
Event: 2171.815 Thread 0x00000148f584c000 Exception <a 'sun/nio/fs/WindowsException'{0x000000008f5ba110}> (0x000000008f5ba110) thrown at [./src/hotspot/share/prims/jni.cpp, line 615]
Event: 2171.823 Thread 0x00000148f584c000 Exception <a 'sun/nio/fs/WindowsException'{0x000000008f5e3538}> (0x000000008f5e3538) thrown at [./src/hotspot/share/prims/jni.cpp, line 615]
Event: 2171.823 Thread 0x00000148f584c000 Exception <a 'sun/nio/fs/WindowsException'{0x000000008f5e4418}> (0x000000008f5e4418) thrown at [./src/hotspot/share/prims/jni.cpp, line 615]
Event: 2171.837 Thread 0x00000148f36e5800 Exception <a 'java/lang/NoSuchMethodError'{0x000000008f447568}: <clinit>> (0x000000008f447568) thrown at [./src/hotspot/share/prims/jni.cpp, line 1365]
Event: 2171.837 Thread 0x00000148f36e5800 Exception <a 'java/lang/NoSuchMethodError'{0x000000008f448ae0}: <clinit>> (0x000000008f448ae0) thrown at [./src/hotspot/share/prims/jni.cpp, line 1365]
Event: 2171.837 Thread 0x00000148f36e5800 Exception <a 'java/lang/NoSuchMethodError'{0x000000008f44b6e0}: <clinit>> (0x000000008f44b6e0) thrown at [./src/hotspot/share/prims/jni.cpp, line 1365]
Event: 2171.839 Thread 0x00000148f36e5800 Exception <a 'java/lang/NoSuchMethodError'{0x000000008f4624d8}: <clinit>> (0x000000008f4624d8) thrown at [./src/hotspot/share/prims/jni.cpp, line 1365]
Event: 2171.839 Thread 0x00000148f36e5800 Exception <a 'java/lang/NoSuchMethodError'{0x000000008f463710}: <clinit>> (0x000000008f463710) thrown at [./src/hotspot/share/prims/jni.cpp, line 1365]
Event: 2171.871 Thread 0x00000148f36e5800 Exception <a 'sun/nio/fs/WindowsException'{0x000000008ef9fa98}> (0x000000008ef9fa98) thrown at [./src/hotspot/share/prims/jni.cpp, line 615]
Event: 2171.872 Thread 0x00000148f36e5800 Exception <a 'sun/nio/fs/WindowsException'{0x000000008efa0978}> (0x000000008efa0978) thrown at [./src/hotspot/share/prims/jni.cpp, line 615]
Event: 2171.872 Thread 0x00000148f36e5800 Exception <a 'sun/nio/fs/WindowsException'{0x000000008efa0db8}> (0x000000008efa0db8) thrown at [./src/hotspot/share/prims/jni.cpp, line 615]
Event: 2171.872 Thread 0x00000148f36e5800 Exception <a 'sun/nio/fs/WindowsException'{0x000000008efa1c78}> (0x000000008efa1c78) thrown at [./src/hotspot/share/prims/jni.cpp, line 615]
Event: 2171.872 Thread 0x00000148f36e5800 Exception <a 'sun/nio/fs/WindowsException'{0x000000008efa2000}> (0x000000008efa2000) thrown at [./src/hotspot/share/prims/jni.cpp, line 615]
Event: 2171.872 Thread 0x00000148f36e5800 Exception <a 'sun/nio/fs/WindowsException'{0x000000008efa2ed8}> (0x000000008efa2ed8) thrown at [./src/hotspot/share/prims/jni.cpp, line 615]
Event: 2171.873 Thread 0x00000148f36e5800 Exception <a 'sun/nio/fs/WindowsException'{0x000000008efa3200}> (0x000000008efa3200) thrown at [./src/hotspot/share/prims/jni.cpp, line 615]
Event: 2171.873 Thread 0x00000148f36e5800 Exception <a 'sun/nio/fs/WindowsException'{0x000000008efa40a8}> (0x000000008efa40a8) thrown at [./src/hotspot/share/prims/jni.cpp, line 615]
Event: 2171.875 Thread 0x00000148f36e5800 Exception <a 'java/lang/NoSuchMethodError'{0x000000008efc9f08}: <clinit>> (0x000000008efc9f08) thrown at [./src/hotspot/share/prims/jni.cpp, line 1365]
Event: 2171.877 Thread 0x00000148f36e5800 Exception <a 'java/lang/NoSuchMethodError'{0x000000008effba28}: <clinit>> (0x000000008effba28) thrown at [./src/hotspot/share/prims/jni.cpp, line 1365]
Event: 2171.879 Thread 0x00000148f36e5800 Exception <a 'java/lang/NoSuchMethodError'{0x000000008ee18620}: <clinit>> (0x000000008ee18620) thrown at [./src/hotspot/share/prims/jni.cpp, line 1365]
Event: 2174.425 Thread 0x00000148f8a67000 Exception <a 'sun/nio/fs/WindowsException'{0x00000000905de7f8}> (0x00000000905de7f8) thrown at [./src/hotspot/share/prims/jni.cpp, line 615]

Events (20 events):
Event: 2174.608 loading class com/android/tools/r8/internal/UG done
Event: 2174.608 loading class com/android/tools/r8/internal/ZG
Event: 2174.608 loading class com/android/tools/r8/internal/ZG done
Event: 2174.622 loading class com/android/tools/r8/graph/N2
Event: 2174.622 loading class com/android/tools/r8/graph/N2 done
Event: 2174.622 loading class com/android/tools/r8/graph/N2
Event: 2174.622 loading class com/android/tools/r8/graph/N2 done
Event: 2174.622 loading class com/android/tools/r8/graph/N2
Event: 2174.622 loading class com/android/tools/r8/graph/N2 done
Event: 2174.622 loading class com/android/tools/r8/graph/N2
Event: 2174.622 loading class com/android/tools/r8/graph/N2 done
Event: 2174.622 loading class com/android/tools/r8/graph/N2
Event: 2174.622 loading class com/android/tools/r8/graph/N2 done
Event: 2174.622 loading class com/android/tools/r8/internal/XG
Event: 2174.622 loading class com/android/tools/r8/internal/XG done
Event: 2174.623 Executing VM operation: G1CollectForAllocation
Event: 2174.653 Executing VM operation: G1CollectForAllocation done
Event: 2174.653 loading class com/android/tools/r8/internal/cH
Event: 2174.653 loading class com/android/tools/r8/internal/cH done
Event: 2174.669 Executing VM operation: G1CollectForAllocation


Dynamic libraries:
0x00007ff7d15a0000 - 0x00007ff7d15aa000 	C:\Program Files\Android\Android Studio\jre\bin\java.exe
0x00007ffb07a90000 - 0x00007ffb07c85000 	C:\WINDOWS\SYSTEM32\ntdll.dll
0x00007ffb06410000 - 0x00007ffb064cd000 	C:\WINDOWS\System32\KERNEL32.DLL
0x00007ffb053b0000 - 0x00007ffb0567d000 	C:\WINDOWS\System32\KERNELBASE.dll
0x00007ffb051a0000 - 0x00007ffb052a0000 	C:\WINDOWS\System32\ucrtbase.dll
0x00007ffaf83e0000 - 0x00007ffaf83f7000 	C:\Program Files\Android\Android Studio\jre\bin\VCRUNTIME140.dll
0x00007ffaf83c0000 - 0x00007ffaf83d9000 	C:\Program Files\Android\Android Studio\jre\bin\jli.dll
0x00007ffb064d0000 - 0x00007ffb06670000 	C:\WINDOWS\System32\USER32.dll
0x00007ffb052a0000 - 0x00007ffb052c2000 	C:\WINDOWS\System32\win32u.dll
0x00007ffaedcf0000 - 0x00007ffaedf8a000 	C:\WINDOWS\WinSxS\amd64_microsoft.windows.common-controls_6595b64144ccf1df_6.0.19041.1110_none_60b5254171f9507e\COMCTL32.dll
0x00007ffb069b0000 - 0x00007ffb069da000 	C:\WINDOWS\System32\GDI32.dll
0x00007ffb068b0000 - 0x00007ffb0694e000 	C:\WINDOWS\System32\msvcrt.dll
0x00007ffb05820000 - 0x00007ffb0592b000 	C:\WINDOWS\System32\gdi32full.dll
0x00007ffb056f0000 - 0x00007ffb0578d000 	C:\WINDOWS\System32\msvcp_win.dll
0x00007ffb06ea0000 - 0x00007ffb06ed0000 	C:\WINDOWS\System32\IMM32.DLL
0x00007ffaebf50000 - 0x00007ffaebfed000 	C:\Program Files\Android\Android Studio\jre\bin\msvcp140.dll
0x00007ffac13c0000 - 0x00007ffac1ea5000 	C:\Program Files\Android\Android Studio\jre\bin\server\jvm.dll
0x00007ffb07480000 - 0x00007ffb0752e000 	C:\WINDOWS\System32\ADVAPI32.dll
0x00007ffb06f60000 - 0x00007ffb06ffc000 	C:\WINDOWS\System32\sechost.dll
0x00007ffb07660000 - 0x00007ffb07785000 	C:\WINDOWS\System32\RPCRT4.dll
0x00007ffb07890000 - 0x00007ffb07898000 	C:\WINDOWS\System32\PSAPI.DLL
0x00007ffafef10000 - 0x00007ffafef19000 	C:\WINDOWS\SYSTEM32\WSOCK32.dll
0x00007ffaeb9c0000 - 0x00007ffaeb9e7000 	C:\WINDOWS\SYSTEM32\WINMM.dll
0x00007ffb01a90000 - 0x00007ffb01a9a000 	C:\WINDOWS\SYSTEM32\VERSION.dll
0x00007ffb06dc0000 - 0x00007ffb06e2b000 	C:\WINDOWS\System32\WS2_32.dll
0x00007ffb03a80000 - 0x00007ffb03a92000 	C:\WINDOWS\SYSTEM32\kernel.appcore.dll
0x00007ffaf80a0000 - 0x00007ffaf80b1000 	C:\Program Files\Android\Android Studio\jre\bin\verify.dll
0x00007ffaee100000 - 0x00007ffaee2e4000 	C:\WINDOWS\SYSTEM32\DBGHELP.DLL
0x00007ffaedf90000 - 0x00007ffaedfbc000 	C:\WINDOWS\SYSTEM32\dbgcore.DLL
0x00007ffb05790000 - 0x00007ffb05812000 	C:\WINDOWS\System32\bcryptPrimitives.dll
0x00007ffaf1d30000 - 0x00007ffaf1d59000 	C:\Program Files\Android\Android Studio\jre\bin\java.dll
0x00007ffafeee0000 - 0x00007ffafeeeb000 	C:\Program Files\Android\Android Studio\jre\bin\jimage.dll
0x00007ffaf3ba0000 - 0x00007ffaf3bb8000 	C:\Program Files\Android\Android Studio\jre\bin\zip.dll
0x00007ffb05c10000 - 0x00007ffb06354000 	C:\WINDOWS\System32\SHELL32.dll
0x00007ffb03250000 - 0x00007ffb039e4000 	C:\WINDOWS\SYSTEM32\windows.storage.dll
0x00007ffb069e0000 - 0x00007ffb06d34000 	C:\WINDOWS\System32\combase.dll
0x00007ffb04b30000 - 0x00007ffb04b5c000 	C:\WINDOWS\SYSTEM32\Wldp.dll
0x00007ffb06670000 - 0x00007ffb0671d000 	C:\WINDOWS\System32\SHCORE.dll
0x00007ffb06950000 - 0x00007ffb069a5000 	C:\WINDOWS\System32\shlwapi.dll
0x00007ffb050e0000 - 0x00007ffb050ff000 	C:\WINDOWS\SYSTEM32\profapi.dll
0x00007ffaf1ce0000 - 0x00007ffaf1cfa000 	C:\Program Files\Android\Android Studio\jre\bin\net.dll
0x00007ffafd7b0000 - 0x00007ffafd8ba000 	C:\WINDOWS\SYSTEM32\WINHTTP.dll
0x00007ffb04890000 - 0x00007ffb048fa000 	C:\WINDOWS\system32\mswsock.dll
0x00007ffaf1cc0000 - 0x00007ffaf1cd4000 	C:\Program Files\Android\Android Studio\jre\bin\nio.dll
0x00007ffaebe90000 - 0x00007ffaebeb7000 	C:\Users\Lenovo15\.gradle\native\e1d6ef7f7dcc3fd88c89a11ec53ec762bb8ba0a96d01ffa2cd45eb1d1d8dd5c5\windows-amd64\native-platform.dll
0x00007ffad8bb0000 - 0x00007ffad8cf4000 	C:\Users\Lenovo15\.gradle\native\5664cfc778a61ccfe75a443a1ab52a65af34e5dc3c78e0209fed803814484fcb\windows-amd64\native-platform-file-events.dll
0x00007ffaf9ee0000 - 0x00007ffaf9eea000 	C:\Program Files\Android\Android Studio\jre\bin\management.dll
0x00007ffaf9e20000 - 0x00007ffaf9e2d000 	C:\Program Files\Android\Android Studio\jre\bin\management_ext.dll
0x00007ffb04a80000 - 0x00007ffb04a98000 	C:\WINDOWS\SYSTEM32\CRYPTSP.dll
0x00007ffb04210000 - 0x00007ffb04244000 	C:\WINDOWS\system32\rsaenh.dll
0x00007ffb05380000 - 0x00007ffb053a7000 	C:\WINDOWS\System32\bcrypt.dll
0x00007ffb05060000 - 0x00007ffb0508e000 	C:\WINDOWS\SYSTEM32\USERENV.dll
0x00007ffb04aa0000 - 0x00007ffb04aac000 	C:\WINDOWS\SYSTEM32\CRYPTBASE.dll
0x00007ffb04580000 - 0x00007ffb045bb000 	C:\WINDOWS\SYSTEM32\IPHLPAPI.DLL
0x00007ffb06780000 - 0x00007ffb06788000 	C:\WINDOWS\System32\NSI.dll
0x00007ffafdd70000 - 0x00007ffafdd87000 	C:\WINDOWS\SYSTEM32\dhcpcsvc6.DLL
0x00007ffafdf30000 - 0x00007ffafdf4d000 	C:\WINDOWS\SYSTEM32\dhcpcsvc.DLL
0x00007ffb04610000 - 0x00007ffb046db000 	C:\WINDOWS\SYSTEM32\DNSAPI.dll
0x00007ffb03e70000 - 0x00007ffb03ea3000 	C:\WINDOWS\SYSTEM32\ntmarta.dll
0x00007ffaf8150000 - 0x00007ffaf816e000 	C:\Users\Lenovo15\AppData\Local\Temp\native-platform5457602153540736563dir\native-platform.dll
0x00007ffb02180000 - 0x00007ffb02188000 	C:\Program Files\Android\Android Studio\jre\bin\rmi.dll
0x0000000070bc0000 - 0x0000000070c9c000 	C:\Users\Lenovo15\AppData\Local\Temp\sqlite-3.36.0-05b2800c-77c5-41d6-a789-c41075f0263c-sqlitejdbc.dll
0x00007ffae8fb0000 - 0x00007ffae8fd7000 	C:\Program Files\Android\Android Studio\jre\bin\sunec.dll

dbghelp: loaded successfully - version: 4.0.5 - missing functions: none
symbol engine: initialized successfully - sym options: 0x614 - pdb path: .;C:\Program Files\Android\Android Studio\jre\bin;C:\WINDOWS\SYSTEM32;C:\WINDOWS\WinSxS\amd64_microsoft.windows.common-controls_6595b64144ccf1df_6.0.19041.1110_none_60b5254171f9507e;C:\Program Files\Android\Android Studio\jre\bin\server;C:\Users\Lenovo15\.gradle\native\e1d6ef7f7dcc3fd88c89a11ec53ec762bb8ba0a96d01ffa2cd45eb1d1d8dd5c5\windows-amd64;C:\Users\Lenovo15\.gradle\native\5664cfc778a61ccfe75a443a1ab52a65af34e5dc3c78e0209fed803814484fcb\windows-amd64;C:\Users\Lenovo15\AppData\Local\Temp\native-platform5457602153540736563dir;C:\Users\Lenovo15\AppData\Local\Temp

VM Arguments:
jvm_args: --add-opens=java.base/java.util=ALL-UNNAMED --add-opens=java.base/java.lang=ALL-UNNAMED --add-opens=java.base/java.lang.invoke=ALL-UNNAMED --add-opens=java.base/java.util=ALL-UNNAMED --add-opens=java.prefs/java.util.prefs=ALL-UNNAMED --add-opens=java.prefs/java.util.prefs=ALL-UNNAMED --add-opens=java.base/java.nio.charset=ALL-UNNAMED --add-opens=java.base/java.net=ALL-UNNAMED --add-opens=java.base/java.util.concurrent.atomic=ALL-UNNAMED -Xmx2048m -Dfile.encoding=UTF-8 -Duser.country=SV -Duser.language=es -Duser.variant 
java_command: org.gradle.launcher.daemon.bootstrap.GradleDaemon 7.3.3
java_class_path (initial): C:\Users\Lenovo15\.gradle\wrapper\dists\gradle-7.3.3-bin\6a41zxkdtcxs8rphpq6y0069z\gradle-7.3.3\lib\gradle-launcher-7.3.3.jar
Launcher Type: SUN_STANDARD

[Global flags]
     intx CICompilerCount                          = 4                                         {product} {ergonomic}
     uint ConcGCThreads                            = 2                                         {product} {ergonomic}
     uint G1ConcRefinementThreads                  = 8                                         {product} {ergonomic}
   size_t G1HeapRegionSize                         = 1048576                                   {product} {ergonomic}
    uintx GCDrainStackTargetSize                   = 64                                        {product} {ergonomic}
   size_t InitialHeapSize                          = 132120576                                 {product} {ergonomic}
   size_t MarkStackSize                            = 4194304                                   {product} {ergonomic}
   size_t MaxHeapSize                              = 2147483648                                {product} {command line}
   size_t MaxNewSize                               = 1287651328                                {product} {ergonomic}
   size_t MinHeapDeltaBytes                        = 1048576                                   {product} {ergonomic}
    uintx NonNMethodCodeHeapSize                   = 5836300                                {pd product} {ergonomic}
    uintx NonProfiledCodeHeapSize                  = 122910970                              {pd product} {ergonomic}
    uintx ProfiledCodeHeapSize                     = 122910970                              {pd product} {ergonomic}
    uintx ReservedCodeCacheSize                    = 251658240                              {pd product} {ergonomic}
     bool SegmentedCodeCache                       = true                                      {product} {ergonomic}
     bool UseCompressedClassPointers               = true                                 {lp64_product} {ergonomic}
     bool UseCompressedOops                        = true                                 {lp64_product} {ergonomic}
     bool UseG1GC                                  = true                                      {product} {ergonomic}
     bool UseLargePagesIndividualAllocation        = false                                  {pd product} {ergonomic}

Logging:
Log output configuration:
 #0: stdout all=warning uptime,level,tags
 #1: stderr all=off uptime,level,tags

Environment Variables:
JAVA_HOME=C:\Program Files\Java\jdk1.8.0_231
PATH=C:\Program Files (x86)\Common Files\Oracle\Java\javapath;C:\ProgramData\Oracle\Java\javapath;C:\Program Files (x86)\Intel\iCLS Client\;C:\Program Files\Intel\iCLS Client\;C:\WINDOWS\system32;C:\WINDOWS;C:\WINDOWS\System32\Wbem;C:\WINDOWS\System32\WindowsPowerShell\v1.0\;C:\Program Files (x86)\Intel\Intel(R) Management Engine Components\DAL;C:\Program Files\Intel\Intel(R) Management Engine Components\DAL;C:\Program Files (x86)\Intel\Intel(R) Management Engine Components\IPT;C:\Program Files\Intel\Intel(R) Management Engine Components\IPT;C:\Program Files (x86)\Common Files\Tom Sawyer Software\8.0.0;C:\Program Files (x86)\Common Files\Win Wrap\10.25.004;C:\WINDOWS\System32\OpenSSH\;C:\xampp\php;C:\Users\Lenovo15\AppData\Local\Android\Sdk\build-tools;C:\Users\Lenovo15\AppData\Local\Android\Sdk\tools;C:\Gradle\gradle-6.0.1\bin;C:\mongodb-win32-x86_64-windows-4.4.3\bin;C:\Program Files\nodejs\;C:\ProgramData\ComposerSetup\bin;C:\Program Files\Git\cmd;C:\Users\Lenovo15\AppData\Local\Microsoft\WindowsApps;C:\Gradle\gradle-6.0.1\bin;C:\Users\Lenovo15\AppData\Local\Programs\Microsoft VS Code\bin;C:\Users\Lenovo15\AppData\Local\Microsoft\WindowsApps;C:\Users\Lenovo15\AppData\Local\GitHubDesktop\bin;C:\Users\Lenovo15\AppData\Roaming\npm;C:\Users\Lenovo15\AppData\Roaming\Composer\vendor\bin;C:\Program Files\JetBrains\IntelliJ IDEA Community Edition 2021.3.2\bin;
USERNAME=Lenovo15
OS=Windows_NT
PROCESSOR_IDENTIFIER=Intel64 Family 6 Model 94 Stepping 3, GenuineIntel



---------------  S Y S T E M  ---------------

OS: Windows 10 , 64 bit Build 19041 (10.0.19041.1706)
OS uptime: 5 days 5:41 hours

CPU:total 8 (initial active 8) (4 cores per cpu, 2 threads per core) family 6 model 94 stepping 3 microcode 0xec, cmov, cx8, fxsr, mmx, sse, sse2, sse3, ssse3, sse4.1, sse4.2, popcnt, avx, avx2, aes, clmul, erms, rtm, 3dnowpref, lzcnt, ht, tsc, tscinvbit, bmi1, bmi2, adx, fma

Memory: 4k page, system-wide physical 8014M (258M free)
TotalPageFile size 8014M (AvailPageFile size 122M)
current process WorkingSet (physical memory assigned to process): 677M, peak: 678M
current process commit charge ("private bytes"): 711M, peak: 849M

vm_info: OpenJDK 64-Bit Server VM (11.0.12+7-b1504.28-7817840) for windows-amd64 JRE (11.0.12+7-b1504.28-7817840), built on Oct 13 2021 22:12:33 by "builder" with MS VC++ 14.0 (VS2015)

END.
