#
# There is insufficient memory for the Java Runtime Environment to continue.
# Native memory allocation (malloc) failed to allocate 2188976 bytes for Chunk::new
# Possible reasons:
#   The system is out of physical RAM or swap space
#   The process is running with CompressedOops enabled, and the Java Heap may be blocking the growth of the native heap
# Possible solutions:
#   Reduce memory load on the system
#   Increase physical memory or swap space
#   Check if swap backing store is full
#   Decrease Java heap size (-Xmx/-Xms)
#   Decrease number of Java threads
#   Decrease Java thread stack sizes (-Xss)
#   Set larger code cache with -XX:ReservedCodeCacheSize=
#   JVM is running with Unscaled Compressed Oops mode in which the Java heap is
#     placed in the first 4GB address space. The Java Heap base address is the
#     maximum limit for the native heap growth. Please use -XX:HeapBaseMinAddress
#     to set the Java Heap base and to place the Java Heap above 4GB virtual address.
# This output file may be truncated or incomplete.
#
#  Out of Memory Error (./src/hotspot/share/memory/arena.cpp:197), pid=13124, tid=8780
#
# JRE version: OpenJDK Runtime Environment (11.0.12+7) (build 11.0.12+7-b1504.28-7817840)
# Java VM: OpenJDK 64-Bit Server VM (11.0.12+7-b1504.28-7817840, mixed mode, tiered, compressed oops, g1 gc, windows-amd64)
# No core dump will be written. Minidumps are not enabled by default on client versions of Windows
#

---------------  S U M M A R Y ------------

Command Line: --add-opens=java.base/java.util=ALL-UNNAMED --add-opens=java.base/java.lang=ALL-UNNAMED --add-opens=java.base/java.lang.invoke=ALL-UNNAMED --add-opens=java.base/java.util=ALL-UNNAMED --add-opens=java.prefs/java.util.prefs=ALL-UNNAMED --add-opens=java.prefs/java.util.prefs=ALL-UNNAMED --add-opens=java.base/java.nio.charset=ALL-UNNAMED --add-opens=java.base/java.net=ALL-UNNAMED --add-opens=java.base/java.util.concurrent.atomic=ALL-UNNAMED -Xmx2048m -Dfile.encoding=UTF-8 -Duser.country=SV -Duser.language=es -Duser.variant org.gradle.launcher.daemon.bootstrap.GradleDaemon 7.3.3

Host: Intel(R) Core(TM) i7-6700HQ CPU @ 2.60GHz, 8 cores, 7G,  Windows 10 , 64 bit Build 19041 (10.0.19041.1706)
Time: Tue May 31 22:07:28 2022 Hora estándar, América Central elapsed time: 119.954034 seconds (0d 0h 1m 59s)

---------------  T H R E A D  ---------------

Current thread (0x0000026e31764800):  JavaThread "C2 CompilerThread1" daemon [_thread_in_native, id=8780, stack(0x000000cfbd900000,0x000000cfbda00000)]


Current CompileTask:
C2: 119954 7938       4       org.gradle.internal.instantiation.generator.AbstractClassGenerator::inspectType (560 bytes)

Stack: [0x000000cfbd900000,0x000000cfbda00000]
Native frames: (J=compiled Java code, j=interpreted, Vv=VM code, C=native code)
V  [jvm.dll+0x5fbcea]
V  [jvm.dll+0x731905]
V  [jvm.dll+0x732f1d]
V  [jvm.dll+0x7335d3]
V  [jvm.dll+0x247bf8]
V  [jvm.dll+0xc018c]
V  [jvm.dll+0xc06cc]
V  [jvm.dll+0x35b31d]
V  [jvm.dll+0x19d0bc]
V  [jvm.dll+0x20070e]
V  [jvm.dll+0x1ff794]
V  [jvm.dll+0x18868c]
V  [jvm.dll+0x20e0d7]
V  [jvm.dll+0x20c901]
V  [jvm.dll+0x6f9b7f]
V  [jvm.dll+0x6f26a5]
V  [jvm.dll+0x5fabf6]
C  [ucrtbase.dll+0x21bb2]
C  [KERNEL32.DLL+0x17034]
C  [ntdll.dll+0x52651]


---------------  P R O C E S S  ---------------

Threads class SMR info:
_java_thread_list=0x0000026e316e39d0, length=124, elements={
0x0000026e131d0000, 0x0000026e2d688800, 0x0000026e2d696800, 0x0000026e2e025800,
0x0000026e2e026800, 0x0000026e2e02a800, 0x0000026e2e02e000, 0x0000026e2e030800,
0x0000026e2e033800, 0x0000026e2e17e000, 0x0000026e2fa63800, 0x0000026e2e22d000,
0x0000026e2e60e000, 0x0000026e2f466800, 0x0000026e2fff9800, 0x0000026e30363000,
0x0000026e30363800, 0x0000026e30366000, 0x0000026e30364800, 0x0000026e30365800,
0x0000026e30367000, 0x0000026e30362000, 0x0000026e30361800, 0x0000026e30368000,
0x0000026e30f9a800, 0x0000026e30f9d000, 0x0000026e30f9c800, 0x0000026e30f98800,
0x0000026e30f9a000, 0x0000026e30f9f000, 0x0000026e30f99000, 0x0000026e30f9e000,
0x0000026e30f9b800, 0x0000026e30fe7000, 0x0000026e30fe8800, 0x0000026e30feb000,
0x0000026e30fec000, 0x0000026e30fe9800, 0x0000026e30fe6000, 0x0000026e30fed000,
0x0000026e31827000, 0x0000026e31822000, 0x0000026e31823000, 0x0000026e31824000,
0x0000026e31828800, 0x0000026e31824800, 0x0000026e31825800, 0x0000026e31826800,
0x0000026e31828000, 0x0000026e2f41d000, 0x0000026e2f41e000, 0x0000026e2f41b800,
0x0000026e2f41f800, 0x0000026e2f41c000, 0x0000026e2f419800, 0x0000026e2f41e800,
0x0000026e2f420000, 0x0000026e2f41a800, 0x0000026e31ad6000, 0x0000026e31ad5000,
0x0000026e31ad4000, 0x0000026e31ad2800, 0x0000026e31ad6800, 0x0000026e31ad1000,
0x0000026e31ad7800, 0x0000026e31ad2000, 0x0000026e31ad8800, 0x0000026e31ad9000,
0x0000026e31ad3800, 0x0000026e31ade000, 0x0000026e31adf800, 0x0000026e31ada000,
0x0000026e31ada800, 0x0000026e31adb800, 0x0000026e31adc800, 0x0000026e31adf000,
0x0000026e31add000, 0x0000026e30d73800, 0x0000026e30d74800, 0x0000026e30d72000,
0x0000026e30d73000, 0x0000026e30d75000, 0x0000026e30d76000, 0x0000026e30d77000,
0x0000026e30d71000, 0x0000026e30d79800, 0x0000026e30d7d800, 0x0000026e30d7a000,
0x0000026e30d7b000, 0x0000026e30d7c800, 0x0000026e30d77800, 0x0000026e30d7b800,
0x0000026e30d78800, 0x0000026e30d7e000, 0x0000026e30d80000, 0x0000026e30d7f000,
0x0000026e3127c000, 0x0000026e31279800, 0x0000026e31279000, 0x0000026e3127a800,
0x0000026e31278000, 0x0000026e3127d000, 0x0000026e3127d800, 0x0000026e3127e800,
0x0000026e3127f800, 0x0000026e3127b800, 0x0000026e31284800, 0x0000026e31285000,
0x0000026e31282800, 0x0000026e31286000, 0x0000026e31283800, 0x0000026e31280000,
0x0000026e31286800, 0x0000026e31281000, 0x0000026e31282000, 0x0000026e30978800,
0x0000026e3097a000, 0x0000026e30974800, 0x0000026e30975000, 0x0000026e30977800,
0x0000026e3097b000, 0x0000026e30979800, 0x0000026e30976000, 0x0000026e31764800
}

Java Threads: ( => current thread )
  0x0000026e131d0000 JavaThread "main" [_thread_blocked, id=6280, stack(0x000000cfbbd00000,0x000000cfbbe00000)]
  0x0000026e2d688800 JavaThread "Reference Handler" daemon [_thread_blocked, id=8800, stack(0x000000cfbc400000,0x000000cfbc500000)]
  0x0000026e2d696800 JavaThread "Finalizer" daemon [_thread_blocked, id=10620, stack(0x000000cfbc500000,0x000000cfbc600000)]
  0x0000026e2e025800 JavaThread "Signal Dispatcher" daemon [_thread_blocked, id=9896, stack(0x000000cfbc600000,0x000000cfbc700000)]
  0x0000026e2e026800 JavaThread "Attach Listener" daemon [_thread_blocked, id=8108, stack(0x000000cfbc700000,0x000000cfbc800000)]
  0x0000026e2e02a800 JavaThread "Service Thread" daemon [_thread_blocked, id=7148, stack(0x000000cfbc800000,0x000000cfbc900000)]
  0x0000026e2e02e000 JavaThread "C2 CompilerThread0" daemon [_thread_in_native, id=12340, stack(0x000000cfbc900000,0x000000cfbca00000)]
  0x0000026e2e030800 JavaThread "C1 CompilerThread0" daemon [_thread_in_native, id=11400, stack(0x000000cfbca00000,0x000000cfbcb00000)]
  0x0000026e2e033800 JavaThread "Sweeper thread" daemon [_thread_blocked, id=11016, stack(0x000000cfbcb00000,0x000000cfbcc00000)]
  0x0000026e2e17e000 JavaThread "Common-Cleaner" daemon [_thread_blocked, id=6236, stack(0x000000cfbcc00000,0x000000cfbcd00000)]
  0x0000026e2fa63800 JavaThread "Daemon health stats" [_thread_blocked, id=5636, stack(0x000000cfbd200000,0x000000cfbd300000)]
  0x0000026e2e22d000 JavaThread "Incoming local TCP Connector on port 59461" [_thread_in_native, id=7280, stack(0x000000cfbce00000,0x000000cfbcf00000)]
  0x0000026e2e60e000 JavaThread "Daemon periodic checks" [_thread_blocked, id=7688, stack(0x000000cfbcf00000,0x000000cfbd000000)]
  0x0000026e2f466800 JavaThread "Daemon" [_thread_blocked, id=2000, stack(0x000000cfbd300000,0x000000cfbd400000)]
  0x0000026e2fff9800 JavaThread "Daemon worker" [_thread_in_vm, id=7872, stack(0x000000cfbd600000,0x000000cfbd700000)]
  0x0000026e30363000 JavaThread "Cache worker for journal cache (C:\Users\Lenovo15\.gradle\caches\journal-1)" [_thread_blocked, id=7832, stack(0x000000cfbdf00000,0x000000cfbe000000)]
  0x0000026e30363800 JavaThread "File lock request listener" [_thread_in_native, id=6352, stack(0x000000cfbe000000,0x000000cfbe100000)]
  0x0000026e30366000 JavaThread "Handler for socket connection from /127.0.0.1:59461 to /127.0.0.1:59542" [_thread_in_native, id=11324, stack(0x000000cfbba00000,0x000000cfbbb00000)]
  0x0000026e30364800 JavaThread "Cancel handler" [_thread_blocked, id=2532, stack(0x000000cfbbb00000,0x000000cfbbc00000)]
  0x0000026e30365800 JavaThread "Asynchronous log dispatcher for DefaultDaemonConnection: socket connection from /127.0.0.1:59461 to /127.0.0.1:59542" [_thread_blocked, id=6248, stack(0x000000cfbd400000,0x000000cfbd500000)]
  0x0000026e30367000 JavaThread "Stdin handler" [_thread_blocked, id=4220, stack(0x000000cfbd500000,0x000000cfbd600000)]
  0x0000026e30362000 JavaThread "Daemon client event forwarder" [_thread_blocked, id=11052, stack(0x000000cfbd700000,0x000000cfbd800000)]
  0x0000026e30361800 JavaThread "Cache worker for file hash cache (C:\Users\Lenovo15\.gradle\caches\7.3.3\fileHashes)" [_thread_blocked, id=11944, stack(0x000000cfbd800000,0x000000cfbd900000)]
  0x0000026e30368000 JavaThread "File lock release action executor" [_thread_blocked, id=2864, stack(0x000000cfbe300000,0x000000cfbe400000)]
  0x0000026e30f9a800 JavaThread "Cache worker for file hash cache (C:\Users\Lenovo15\ONE-DRIVE\Documentos\KotlinPractical\Coupons\.gradle\7.3.3\fileHashes)" [_thread_blocked, id=576, stack(0x000000cfbe400000,0x000000cfbe500000)]
  0x0000026e30f9d000 JavaThread "File watcher server" daemon [_thread_in_native, id=5292, stack(0x000000cfbe600000,0x000000cfbe700000)]
  0x0000026e30f9c800 JavaThread "File watcher consumer" daemon [_thread_blocked, id=4476, stack(0x000000cfbe700000,0x000000cfbe800000)]
  0x0000026e30f98800 JavaThread "Cache worker for checksums cache (C:\Users\Lenovo15\ONE-DRIVE\Documentos\KotlinPractical\Coupons\.gradle\7.3.3\checksums)" [_thread_blocked, id=13100, stack(0x000000cfbe500000,0x000000cfbe600000)]
  0x0000026e30f9a000 JavaThread "Cache worker for cache directory md-supplier (C:\Users\Lenovo15\.gradle\caches\7.3.3\md-supplier)" [_thread_blocked, id=280, stack(0x000000cfbe800000,0x000000cfbe900000)]
  0x0000026e30f9f000 JavaThread "Cache worker for cache directory md-rule (C:\Users\Lenovo15\.gradle\caches\7.3.3\md-rule)" [_thread_blocked, id=8576, stack(0x000000cfbe900000,0x000000cfbea00000)]
  0x0000026e30f99000 JavaThread "Cache worker for execution history cache (C:\Users\Lenovo15\.gradle\caches\7.3.3\executionHistory)" [_thread_blocked, id=12752, stack(0x000000cfbeb00000,0x000000cfbec00000)]
  0x0000026e30f9e000 JavaThread "jar transforms" [_thread_blocked, id=2564, stack(0x000000cfbec00000,0x000000cfbed00000)]
  0x0000026e30f9b800 JavaThread "jar transforms Thread 2" [_thread_blocked, id=12744, stack(0x000000cfbed00000,0x000000cfbee00000)]
  0x0000026e30fe7000 JavaThread "Cache worker for file content cache (C:\Users\Lenovo15\.gradle\caches\7.3.3\fileContent)" [_thread_blocked, id=8804, stack(0x000000cfbee00000,0x000000cfbef00000)]
  0x0000026e30fe8800 JavaThread "jar transforms Thread 3" [_thread_blocked, id=9004, stack(0x000000cfbef00000,0x000000cfbf000000)]
  0x0000026e30feb000 JavaThread "jar transforms Thread 4" [_thread_blocked, id=5948, stack(0x000000cfbf000000,0x000000cfbf100000)]
  0x0000026e30fec000 JavaThread "jar transforms Thread 5" [_thread_blocked, id=10848, stack(0x000000cfbf100000,0x000000cfbf200000)]
  0x0000026e30fe9800 JavaThread "jar transforms Thread 6" [_thread_blocked, id=6372, stack(0x000000cfbf200000,0x000000cfbf300000)]
  0x0000026e30fe6000 JavaThread "Cache worker for dependencies-accessors (C:\Users\Lenovo15\ONE-DRIVE\Documentos\KotlinPractical\Coupons\.gradle\7.3.3\dependencies-accessors)" [_thread_blocked, id=9824, stack(0x000000cfbf300000,0x000000cfbf400000)]
  0x0000026e30fed000 JavaThread "jar transforms Thread 7" [_thread_blocked, id=13812, stack(0x000000cfbea00000,0x000000cfbeb00000)]
  0x0000026e31827000 JavaThread "Cache worker for Build Output Cleanup Cache (C:\Users\Lenovo15\ONE-DRIVE\Documentos\KotlinPractical\Coupons\.gradle\buildOutputCleanup)" [_thread_blocked, id=9708, stack(0x000000cfbf400000,0x000000cfbf500000)]
  0x0000026e31822000 JavaThread "Unconstrained build operations" [_thread_blocked, id=11432, stack(0x000000cfbf500000,0x000000cfbf600000)]
  0x0000026e31823000 JavaThread "Unconstrained build operations Thread 2" [_thread_blocked, id=14140, stack(0x000000cfbf600000,0x000000cfbf700000)]
  0x0000026e31824000 JavaThread "Unconstrained build operations Thread 3" [_thread_blocked, id=7252, stack(0x000000cfbf700000,0x000000cfbf800000)]
  0x0000026e31828800 JavaThread "Unconstrained build operations Thread 4" [_thread_blocked, id=7824, stack(0x000000cfbf800000,0x000000cfbf900000)]
  0x0000026e31824800 JavaThread "Unconstrained build operations Thread 5" [_thread_blocked, id=10028, stack(0x000000cfbf900000,0x000000cfbfa00000)]
  0x0000026e31825800 JavaThread "Unconstrained build operations Thread 6" [_thread_blocked, id=1136, stack(0x000000cfbfa00000,0x000000cfbfb00000)]
  0x0000026e31826800 JavaThread "Unconstrained build operations Thread 7" [_thread_blocked, id=2236, stack(0x000000cfbfb00000,0x000000cfbfc00000)]
  0x0000026e31828000 JavaThread "Unconstrained build operations Thread 8" [_thread_blocked, id=9916, stack(0x000000cfbfc00000,0x000000cfbfd00000)]
  0x0000026e2f41d000 JavaThread "Unconstrained build operations Thread 9" [_thread_blocked, id=5056, stack(0x000000cfbfd00000,0x000000cfbfe00000)]
  0x0000026e2f41e000 JavaThread "Unconstrained build operations Thread 10" [_thread_blocked, id=10412, stack(0x000000cfbfe00000,0x000000cfbff00000)]
  0x0000026e2f41b800 JavaThread "Unconstrained build operations Thread 11" [_thread_blocked, id=8204, stack(0x000000cfbff00000,0x000000cfc0000000)]
  0x0000026e2f41f800 JavaThread "Unconstrained build operations Thread 12" [_thread_blocked, id=8732, stack(0x000000cfc0000000,0x000000cfc0100000)]
  0x0000026e2f41c000 JavaThread "Unconstrained build operations Thread 13" [_thread_blocked, id=4256, stack(0x000000cfc0100000,0x000000cfc0200000)]
  0x0000026e2f419800 JavaThread "Unconstrained build operations Thread 14" [_thread_blocked, id=11920, stack(0x000000cfc0200000,0x000000cfc0300000)]
  0x0000026e2f41e800 JavaThread "Unconstrained build operations Thread 15" [_thread_blocked, id=3316, stack(0x000000cfc0300000,0x000000cfc0400000)]
  0x0000026e2f420000 JavaThread "Unconstrained build operations Thread 16" [_thread_blocked, id=2444, stack(0x000000cfc0400000,0x000000cfc0500000)]
  0x0000026e2f41a800 JavaThread "Unconstrained build operations Thread 17" [_thread_blocked, id=4660, stack(0x000000cfc0500000,0x000000cfc0600000)]
  0x0000026e31ad6000 JavaThread "Unconstrained build operations Thread 18" [_thread_blocked, id=13588, stack(0x000000cfc0600000,0x000000cfc0700000)]
  0x0000026e31ad5000 JavaThread "Unconstrained build operations Thread 19" [_thread_blocked, id=8912, stack(0x000000cfc0700000,0x000000cfc0800000)]
  0x0000026e31ad4000 JavaThread "Unconstrained build operations Thread 20" [_thread_blocked, id=12356, stack(0x000000cfc0800000,0x000000cfc0900000)]
  0x0000026e31ad2800 JavaThread "Unconstrained build operations Thread 21" [_thread_blocked, id=11128, stack(0x000000cfc0900000,0x000000cfc0a00000)]
  0x0000026e31ad6800 JavaThread "Unconstrained build operations Thread 22" [_thread_blocked, id=13036, stack(0x000000cfc0a00000,0x000000cfc0b00000)]
  0x0000026e31ad1000 JavaThread "Unconstrained build operations Thread 23" [_thread_blocked, id=14080, stack(0x000000cfc0b00000,0x000000cfc0c00000)]
  0x0000026e31ad7800 JavaThread "Unconstrained build operations Thread 24" [_thread_blocked, id=7228, stack(0x000000cfc0c00000,0x000000cfc0d00000)]
  0x0000026e31ad2000 JavaThread "Unconstrained build operations Thread 25" [_thread_blocked, id=6704, stack(0x000000cfc0d00000,0x000000cfc0e00000)]
  0x0000026e31ad8800 JavaThread "Unconstrained build operations Thread 26" [_thread_blocked, id=1456, stack(0x000000cfc0e00000,0x000000cfc0f00000)]
  0x0000026e31ad9000 JavaThread "Unconstrained build operations Thread 27" [_thread_blocked, id=7892, stack(0x000000cfc0f00000,0x000000cfc1000000)]
  0x0000026e31ad3800 JavaThread "Unconstrained build operations Thread 28" [_thread_blocked, id=6320, stack(0x000000cfc1000000,0x000000cfc1100000)]
  0x0000026e31ade000 JavaThread "Unconstrained build operations Thread 29" [_thread_blocked, id=6340, stack(0x000000cfc1100000,0x000000cfc1200000)]
  0x0000026e31adf800 JavaThread "Unconstrained build operations Thread 30" [_thread_blocked, id=736, stack(0x000000cfc1200000,0x000000cfc1300000)]
  0x0000026e31ada000 JavaThread "Unconstrained build operations Thread 31" [_thread_blocked, id=5248, stack(0x000000cfc1300000,0x000000cfc1400000)]
  0x0000026e31ada800 JavaThread "Unconstrained build operations Thread 32" [_thread_blocked, id=12792, stack(0x000000cfc1400000,0x000000cfc1500000)]
  0x0000026e31adb800 JavaThread "Unconstrained build operations Thread 33" [_thread_blocked, id=12564, stack(0x000000cfc1500000,0x000000cfc1600000)]
  0x0000026e31adc800 JavaThread "Unconstrained build operations Thread 34" [_thread_blocked, id=9752, stack(0x000000cfc1600000,0x000000cfc1700000)]
  0x0000026e31adf000 JavaThread "Unconstrained build operations Thread 35" [_thread_blocked, id=13540, stack(0x000000cfc1700000,0x000000cfc1800000)]
  0x0000026e31add000 JavaThread "Unconstrained build operations Thread 36" [_thread_blocked, id=12364, stack(0x000000cfc1800000,0x000000cfc1900000)]
  0x0000026e30d73800 JavaThread "Unconstrained build operations Thread 37" [_thread_blocked, id=13484, stack(0x000000cfc1900000,0x000000cfc1a00000)]
  0x0000026e30d74800 JavaThread "Unconstrained build operations Thread 38" [_thread_blocked, id=2492, stack(0x000000cfc1a00000,0x000000cfc1b00000)]
  0x0000026e30d72000 JavaThread "Unconstrained build operations Thread 39" [_thread_blocked, id=9588, stack(0x000000cfc1b00000,0x000000cfc1c00000)]
  0x0000026e30d73000 JavaThread "Unconstrained build operations Thread 40" [_thread_blocked, id=7524, stack(0x000000cfc1c00000,0x000000cfc1d00000)]
  0x0000026e30d75000 JavaThread "Unconstrained build operations Thread 41" [_thread_blocked, id=8688, stack(0x000000cfc1d00000,0x000000cfc1e00000)]
  0x0000026e30d76000 JavaThread "Unconstrained build operations Thread 42" [_thread_blocked, id=13816, stack(0x000000cfc1e00000,0x000000cfc1f00000)]
  0x0000026e30d77000 JavaThread "Unconstrained build operations Thread 43" [_thread_blocked, id=7788, stack(0x000000cfc1f00000,0x000000cfc2000000)]
  0x0000026e30d71000 JavaThread "Unconstrained build operations Thread 44" [_thread_blocked, id=7308, stack(0x000000cfc2000000,0x000000cfc2100000)]
  0x0000026e30d79800 JavaThread "Unconstrained build operations Thread 45" [_thread_blocked, id=8080, stack(0x000000cfc2100000,0x000000cfc2200000)]
  0x0000026e30d7d800 JavaThread "Unconstrained build operations Thread 46" [_thread_blocked, id=11912, stack(0x000000cfc2200000,0x000000cfc2300000)]
  0x0000026e30d7a000 JavaThread "Unconstrained build operations Thread 47" [_thread_blocked, id=10996, stack(0x000000cfc2300000,0x000000cfc2400000)]
  0x0000026e30d7b000 JavaThread "Unconstrained build operations Thread 48" [_thread_blocked, id=10800, stack(0x000000cfc2400000,0x000000cfc2500000)]
  0x0000026e30d7c800 JavaThread "Unconstrained build operations Thread 49" [_thread_blocked, id=11076, stack(0x000000cfc2500000,0x000000cfc2600000)]
  0x0000026e30d77800 JavaThread "Unconstrained build operations Thread 50" [_thread_blocked, id=14132, stack(0x000000cfc2600000,0x000000cfc2700000)]
  0x0000026e30d7b800 JavaThread "Unconstrained build operations Thread 51" [_thread_blocked, id=10192, stack(0x000000cfc2700000,0x000000cfc2800000)]
  0x0000026e30d78800 JavaThread "Unconstrained build operations Thread 52" [_thread_blocked, id=13668, stack(0x000000cfc2800000,0x000000cfc2900000)]
  0x0000026e30d7e000 JavaThread "Unconstrained build operations Thread 53" [_thread_blocked, id=1904, stack(0x000000cfc2900000,0x000000cfc2a00000)]
  0x0000026e30d80000 JavaThread "Unconstrained build operations Thread 54" [_thread_blocked, id=10940, stack(0x000000cfc2a00000,0x000000cfc2b00000)]
  0x0000026e30d7f000 JavaThread "Unconstrained build operations Thread 55" [_thread_blocked, id=3184, stack(0x000000cfc2b00000,0x000000cfc2c00000)]
  0x0000026e3127c000 JavaThread "Unconstrained build operations Thread 56" [_thread_blocked, id=2952, stack(0x000000cfc2c00000,0x000000cfc2d00000)]
  0x0000026e31279800 JavaThread "Unconstrained build operations Thread 57" [_thread_blocked, id=13048, stack(0x000000cfc2d00000,0x000000cfc2e00000)]
  0x0000026e31279000 JavaThread "Unconstrained build operations Thread 58" [_thread_blocked, id=12932, stack(0x000000cfc2e00000,0x000000cfc2f00000)]
  0x0000026e3127a800 JavaThread "Unconstrained build operations Thread 59" [_thread_blocked, id=8744, stack(0x000000cfc2f00000,0x000000cfc3000000)]
  0x0000026e31278000 JavaThread "Unconstrained build operations Thread 60" [_thread_blocked, id=12188, stack(0x000000cfc3000000,0x000000cfc3100000)]
  0x0000026e3127d000 JavaThread "Unconstrained build operations Thread 61" [_thread_blocked, id=8268, stack(0x000000cfc3100000,0x000000cfc3200000)]
  0x0000026e3127d800 JavaThread "Unconstrained build operations Thread 62" [_thread_blocked, id=4484, stack(0x000000cfc3200000,0x000000cfc3300000)]
  0x0000026e3127e800 JavaThread "Unconstrained build operations Thread 63" [_thread_blocked, id=4900, stack(0x000000cfc3300000,0x000000cfc3400000)]
  0x0000026e3127f800 JavaThread "Unconstrained build operations Thread 64" [_thread_blocked, id=10888, stack(0x000000cfc3400000,0x000000cfc3500000)]
  0x0000026e3127b800 JavaThread "Unconstrained build operations Thread 65" [_thread_blocked, id=14240, stack(0x000000cfc3500000,0x000000cfc3600000)]
  0x0000026e31284800 JavaThread "Unconstrained build operations Thread 66" [_thread_blocked, id=9116, stack(0x000000cfc3600000,0x000000cfc3700000)]
  0x0000026e31285000 JavaThread "Unconstrained build operations Thread 67" [_thread_blocked, id=1568, stack(0x000000cfc3700000,0x000000cfc3800000)]
  0x0000026e31282800 JavaThread "Unconstrained build operations Thread 68" [_thread_blocked, id=7876, stack(0x000000cfc3800000,0x000000cfc3900000)]
  0x0000026e31286000 JavaThread "Unconstrained build operations Thread 69" [_thread_blocked, id=10116, stack(0x000000cfc3900000,0x000000cfc3a00000)]
  0x0000026e31283800 JavaThread "Unconstrained build operations Thread 70" [_thread_blocked, id=7652, stack(0x000000cfc3a00000,0x000000cfc3b00000)]
  0x0000026e31280000 JavaThread "Unconstrained build operations Thread 71" [_thread_blocked, id=9272, stack(0x000000cfc3b00000,0x000000cfc3c00000)]
  0x0000026e31286800 JavaThread "Unconstrained build operations Thread 72" [_thread_blocked, id=7936, stack(0x000000cfc3c00000,0x000000cfc3d00000)]
  0x0000026e31281000 JavaThread "Unconstrained build operations Thread 73" [_thread_blocked, id=13912, stack(0x000000cfc3d00000,0x000000cfc3e00000)]
  0x0000026e31282000 JavaThread "Unconstrained build operations Thread 74" [_thread_blocked, id=12528, stack(0x000000cfc3e00000,0x000000cfc3f00000)]
  0x0000026e30978800 JavaThread "Unconstrained build operations Thread 75" [_thread_blocked, id=4020, stack(0x000000cfc3f00000,0x000000cfc4000000)]
  0x0000026e3097a000 JavaThread "Unconstrained build operations Thread 76" [_thread_blocked, id=10980, stack(0x000000cfc4000000,0x000000cfc4100000)]
  0x0000026e30974800 JavaThread "Unconstrained build operations Thread 77" [_thread_blocked, id=9868, stack(0x000000cfc4100000,0x000000cfc4200000)]
  0x0000026e30975000 JavaThread "Unconstrained build operations Thread 78" [_thread_blocked, id=14012, stack(0x000000cfc4200000,0x000000cfc4300000)]
  0x0000026e30977800 JavaThread "Unconstrained build operations Thread 79" [_thread_blocked, id=4892, stack(0x000000cfc4300000,0x000000cfc4400000)]
  0x0000026e3097b000 JavaThread "Unconstrained build operations Thread 80" [_thread_blocked, id=9904, stack(0x000000cfc4400000,0x000000cfc4500000)]
  0x0000026e30979800 JavaThread "jar transforms Thread 8" [_thread_blocked, id=1028, stack(0x000000cfc4500000,0x000000cfc4600000)]
  0x0000026e30976000 JavaThread "Memory manager" [_thread_blocked, id=8096, stack(0x000000cfc4600000,0x000000cfc4700000)]
=>0x0000026e31764800 JavaThread "C2 CompilerThread1" daemon [_thread_in_native, id=8780, stack(0x000000cfbd900000,0x000000cfbda00000)]

Other Threads:
  0x0000026e2d682800 VMThread "VM Thread" [stack: 0x000000cfbc300000,0x000000cfbc400000] [id=6968]
  0x0000026e2e1af800 WatcherThread [stack: 0x000000cfbcd00000,0x000000cfbce00000] [id=13372]
  0x0000026e131e9000 GCTaskThread "GC Thread#0" [stack: 0x000000cfbbe00000,0x000000cfbbf00000] [id=9928]
  0x0000026e2e8f0800 GCTaskThread "GC Thread#1" [stack: 0x000000cfbd000000,0x000000cfbd100000] [id=884]
  0x0000026e2e8e6000 GCTaskThread "GC Thread#2" [stack: 0x000000cfbd100000,0x000000cfbd200000] [id=13568]
  0x0000026e30aca800 GCTaskThread "GC Thread#3" [stack: 0x000000cfbda00000,0x000000cfbdb00000] [id=4896]
  0x0000026e30ab7800 GCTaskThread "GC Thread#4" [stack: 0x000000cfbdb00000,0x000000cfbdc00000] [id=13972]
  0x0000026e306b1800 GCTaskThread "GC Thread#5" [stack: 0x000000cfbdc00000,0x000000cfbdd00000] [id=12084]
  0x0000026e306b2000 GCTaskThread "GC Thread#6" [stack: 0x000000cfbdd00000,0x000000cfbde00000] [id=3752]
  0x0000026e3031f000 GCTaskThread "GC Thread#7" [stack: 0x000000cfbde00000,0x000000cfbdf00000] [id=10324]
  0x0000026e13218800 ConcurrentGCThread "G1 Main Marker" [stack: 0x000000cfbbf00000,0x000000cfbc000000] [id=2660]
  0x0000026e1321a000 ConcurrentGCThread "G1 Conc#0" [stack: 0x000000cfbc000000,0x000000cfbc100000] [id=7808]
  0x0000026e2f998000 ConcurrentGCThread "G1 Conc#1" [stack: 0x000000cfbbc00000,0x000000cfbbd00000] [id=12696]
  0x0000026e132a8800 ConcurrentGCThread "G1 Refine#0" [stack: 0x000000cfbc100000,0x000000cfbc200000] [id=11012]
  0x0000026e2d4d0800 ConcurrentGCThread "G1 Young RemSet Sampling" [stack: 0x000000cfbc200000,0x000000cfbc300000] [id=8280]

Threads with active compile tasks:
C2 CompilerThread0 120045 8076       4       org.gradle.internal.reflect.ClassInspector::inspectClass (179 bytes)
C2 CompilerThread1 120045 7938       4       org.gradle.internal.instantiation.generator.AbstractClassGenerator::inspectType (560 bytes)

VM state:not at safepoint (normal execution)

VM Mutex/Monitor currently owned by a thread: None

Heap address: 0x0000000080000000, size: 2048 MB, Compressed Oops mode: 32-bit
Narrow klass base: 0x0000000000000000, Narrow klass shift: 3
Compressed class space size: 1073741824 Address: 0x0000000100000000

Heap:
 garbage-first heap   total 129024K, used 77098K [0x0000000080000000, 0x0000000100000000)
  region size 1024K, 15 young (15360K), 6 survivors (6144K)
 Metaspace       used 80184K, capacity 81894K, committed 81996K, reserved 1120256K
  class space    used 10349K, capacity 11003K, committed 11084K, reserved 1048576K
Heap Regions: E=young(eden), S=young(survivor), O=old, HS=humongous(starts), HC=humongous(continues), CS=collection set, F=free, A=archive, TAMS=top-at-mark-start (previous, next)
|   0|0x0000000080000000, 0x0000000080100000, 0x0000000080100000|100%| O|  |TAMS 0x0000000080100000, 0x0000000080000000| Untracked 
|   1|0x0000000080100000, 0x0000000080200000, 0x0000000080200000|100%| O|  |TAMS 0x0000000080200000, 0x0000000080100000| Untracked 
|   2|0x0000000080200000, 0x0000000080300000, 0x0000000080300000|100%| O|  |TAMS 0x0000000080300000, 0x0000000080200000| Untracked 
|   3|0x0000000080300000, 0x0000000080400000, 0x0000000080400000|100%|HS|  |TAMS 0x0000000080400000, 0x0000000080300000| Complete 
|   4|0x0000000080400000, 0x0000000080500000, 0x0000000080500000|100%|HC|  |TAMS 0x0000000080500000, 0x0000000080400000| Complete 
|   5|0x0000000080500000, 0x0000000080600000, 0x0000000080600000|100%|HC|  |TAMS 0x0000000080600000, 0x0000000080500000| Complete 
|   6|0x0000000080600000, 0x0000000080700000, 0x0000000080700000|100%| O|  |TAMS 0x0000000080700000, 0x0000000080600000| Untracked 
|   7|0x0000000080700000, 0x0000000080800000, 0x0000000080800000|100%| O|  |TAMS 0x0000000080800000, 0x0000000080700000| Untracked 
|   8|0x0000000080800000, 0x0000000080900000, 0x0000000080900000|100%| O|  |TAMS 0x0000000080900000, 0x0000000080800000| Untracked 
|   9|0x0000000080900000, 0x0000000080a00000, 0x0000000080a00000|100%| O|  |TAMS 0x0000000080a00000, 0x0000000080900000| Untracked 
|  10|0x0000000080a00000, 0x0000000080b00000, 0x0000000080b00000|100%| O|  |TAMS 0x0000000080b00000, 0x0000000080a00000| Untracked 
|  11|0x0000000080b00000, 0x0000000080c00000, 0x0000000080c00000|100%| O|  |TAMS 0x0000000080c00000, 0x0000000080b00000| Untracked 
|  12|0x0000000080c00000, 0x0000000080d00000, 0x0000000080d00000|100%| O|  |TAMS 0x0000000080d00000, 0x0000000080c00000| Untracked 
|  13|0x0000000080d00000, 0x0000000080e00000, 0x0000000080e00000|100%| O|  |TAMS 0x0000000080e00000, 0x0000000080d00000| Untracked 
|  14|0x0000000080e00000, 0x0000000080f00000, 0x0000000080f00000|100%| O|  |TAMS 0x0000000080f00000, 0x0000000080e00000| Untracked 
|  15|0x0000000080f00000, 0x0000000081000000, 0x0000000081000000|100%| O|  |TAMS 0x0000000081000000, 0x0000000080f00000| Untracked 
|  16|0x0000000081000000, 0x0000000081100000, 0x0000000081100000|100%| O|  |TAMS 0x0000000081100000, 0x0000000081000000| Untracked 
|  17|0x0000000081100000, 0x0000000081200000, 0x0000000081200000|100%| O|  |TAMS 0x0000000081200000, 0x0000000081100000| Untracked 
|  18|0x0000000081200000, 0x0000000081300000, 0x0000000081300000|100%| O|  |TAMS 0x0000000081300000, 0x0000000081200000| Untracked 
|  19|0x0000000081300000, 0x0000000081400000, 0x0000000081400000|100%|HS|  |TAMS 0x0000000081400000, 0x0000000081300000| Complete 
|  20|0x0000000081400000, 0x0000000081500000, 0x0000000081500000|100%| O|  |TAMS 0x0000000081500000, 0x0000000081400000| Untracked 
|  21|0x0000000081500000, 0x0000000081600000, 0x0000000081600000|100%| O|  |TAMS 0x0000000081600000, 0x0000000081500000| Untracked 
|  22|0x0000000081600000, 0x0000000081700000, 0x0000000081700000|100%| O|  |TAMS 0x0000000081700000, 0x0000000081600000| Untracked 
|  23|0x0000000081700000, 0x0000000081800000, 0x0000000081800000|100%| O|  |TAMS 0x0000000081800000, 0x0000000081700000| Untracked 
|  24|0x0000000081800000, 0x0000000081900000, 0x0000000081900000|100%| O|  |TAMS 0x0000000081900000, 0x0000000081800000| Untracked 
|  25|0x0000000081900000, 0x0000000081a00000, 0x0000000081a00000|100%| O|  |TAMS 0x0000000081a00000, 0x0000000081900000| Untracked 
|  26|0x0000000081a00000, 0x0000000081b00000, 0x0000000081b00000|100%| O|  |TAMS 0x0000000081b00000, 0x0000000081a00000| Untracked 
|  27|0x0000000081b00000, 0x0000000081c00000, 0x0000000081c00000|100%| O|  |TAMS 0x0000000081c00000, 0x0000000081b00000| Untracked 
|  28|0x0000000081c00000, 0x0000000081d00000, 0x0000000081d00000|100%|HS|  |TAMS 0x0000000081d00000, 0x0000000081c00000| Complete 
|  29|0x0000000081d00000, 0x0000000081e00000, 0x0000000081e00000|100%|HS|  |TAMS 0x0000000081e00000, 0x0000000081d00000| Complete 
|  30|0x0000000081e00000, 0x0000000081f00000, 0x0000000081f00000|100%|HS|  |TAMS 0x0000000081f00000, 0x0000000081e00000| Complete 
|  31|0x0000000081f00000, 0x0000000082000000, 0x0000000082000000|100%|HC|  |TAMS 0x0000000082000000, 0x0000000081f00000| Complete 
|  32|0x0000000082000000, 0x0000000082100000, 0x0000000082100000|100%|HC|  |TAMS 0x0000000082100000, 0x0000000082000000| Complete 
|  33|0x0000000082100000, 0x0000000082200000, 0x0000000082200000|100%|HS|  |TAMS 0x0000000082200000, 0x0000000082100000| Complete 
|  34|0x0000000082200000, 0x0000000082300000, 0x0000000082300000|100%|HC|  |TAMS 0x0000000082300000, 0x0000000082200000| Complete 
|  35|0x0000000082300000, 0x0000000082400000, 0x0000000082400000|100%| O|  |TAMS 0x0000000082400000, 0x0000000082300000| Untracked 
|  36|0x0000000082400000, 0x0000000082500000, 0x0000000082500000|100%| O|  |TAMS 0x0000000082500000, 0x0000000082400000| Untracked 
|  37|0x0000000082500000, 0x0000000082600000, 0x0000000082600000|100%| O|  |TAMS 0x0000000082600000, 0x0000000082500000| Untracked 
|  38|0x0000000082600000, 0x0000000082700000, 0x0000000082700000|100%| O|  |TAMS 0x0000000082700000, 0x0000000082600000| Untracked 
|  39|0x0000000082700000, 0x0000000082800000, 0x0000000082800000|100%| O|  |TAMS 0x0000000082800000, 0x0000000082700000| Untracked 
|  40|0x0000000082800000, 0x0000000082900000, 0x0000000082900000|100%| O|  |TAMS 0x0000000082900000, 0x0000000082800000| Untracked 
|  41|0x0000000082900000, 0x0000000082a00000, 0x0000000082a00000|100%| O|  |TAMS 0x0000000082a00000, 0x0000000082900000| Untracked 
|  42|0x0000000082a00000, 0x0000000082b00000, 0x0000000082b00000|100%| O|  |TAMS 0x0000000082b00000, 0x0000000082a00000| Untracked 
|  43|0x0000000082b00000, 0x0000000082c00000, 0x0000000082c00000|100%| O|  |TAMS 0x0000000082c00000, 0x0000000082b00000| Untracked 
|  44|0x0000000082c00000, 0x0000000082d00000, 0x0000000082d00000|100%| O|  |TAMS 0x0000000082d00000, 0x0000000082c00000| Untracked 
|  45|0x0000000082d00000, 0x0000000082e00000, 0x0000000082e00000|100%| O|  |TAMS 0x0000000082e00000, 0x0000000082d00000| Untracked 
|  46|0x0000000082e00000, 0x0000000082f00000, 0x0000000082f00000|100%| O|  |TAMS 0x0000000082f00000, 0x0000000082e00000| Untracked 
|  47|0x0000000082f00000, 0x0000000083000000, 0x0000000083000000|100%| O|  |TAMS 0x0000000083000000, 0x0000000082f00000| Untracked 
|  48|0x0000000083000000, 0x0000000083100000, 0x0000000083100000|100%| O|  |TAMS 0x0000000083100000, 0x0000000083000000| Untracked 
|  49|0x0000000083100000, 0x0000000083200000, 0x0000000083200000|100%| O|  |TAMS 0x0000000083200000, 0x0000000083100000| Untracked 
|  50|0x0000000083200000, 0x0000000083300000, 0x0000000083300000|100%| O|  |TAMS 0x0000000083300000, 0x0000000083200000| Untracked 
|  51|0x0000000083300000, 0x0000000083400000, 0x0000000083400000|100%| O|  |TAMS 0x0000000083400000, 0x0000000083300000| Untracked 
|  52|0x0000000083400000, 0x0000000083500000, 0x0000000083500000|100%| O|  |TAMS 0x0000000083500000, 0x0000000083400000| Untracked 
|  53|0x0000000083500000, 0x0000000083600000, 0x0000000083600000|100%| O|  |TAMS 0x0000000083600000, 0x0000000083500000| Untracked 
|  54|0x0000000083600000, 0x0000000083700000, 0x0000000083700000|100%| O|  |TAMS 0x0000000083700000, 0x0000000083600000| Untracked 
|  55|0x0000000083700000, 0x0000000083800000, 0x0000000083800000|100%| O|  |TAMS 0x0000000083800000, 0x0000000083700000| Untracked 
|  56|0x0000000083800000, 0x0000000083900000, 0x0000000083900000|100%| O|  |TAMS 0x0000000083900000, 0x0000000083800000| Untracked 
|  57|0x0000000083900000, 0x0000000083a00000, 0x0000000083a00000|100%| O|  |TAMS 0x0000000083a00000, 0x0000000083900000| Untracked 
|  58|0x0000000083a00000, 0x0000000083b00000, 0x0000000083b00000|100%| O|  |TAMS 0x0000000083b00000, 0x0000000083a00000| Untracked 
|  59|0x0000000083b00000, 0x0000000083c00000, 0x0000000083c00000|100%| O|  |TAMS 0x0000000083b6b600, 0x0000000083b00000| Untracked 
|  60|0x0000000083c00000, 0x0000000083d00000, 0x0000000083d00000|100%| O|  |TAMS 0x0000000083c00000, 0x0000000083c00000| Untracked 
|  61|0x0000000083d00000, 0x0000000083e00000, 0x0000000083e00000|100%| O|  |TAMS 0x0000000083d00000, 0x0000000083d00000| Untracked 
|  62|0x0000000083e00000, 0x0000000083e13400, 0x0000000083f00000|  7%| O|  |TAMS 0x0000000083e00000, 0x0000000083e00000| Untracked 
|  63|0x0000000083f00000, 0x0000000083f00000, 0x0000000084000000|  0%| F|  |TAMS 0x0000000083f00000, 0x0000000083f00000| Untracked 
|  64|0x0000000084000000, 0x0000000084000000, 0x0000000084100000|  0%| F|  |TAMS 0x0000000084000000, 0x0000000084000000| Untracked 
|  65|0x0000000084100000, 0x0000000084100000, 0x0000000084200000|  0%| F|  |TAMS 0x0000000084100000, 0x0000000084100000| Untracked 
|  66|0x0000000084200000, 0x0000000084200000, 0x0000000084300000|  0%| F|  |TAMS 0x0000000084200000, 0x0000000084200000| Untracked 
|  67|0x0000000084300000, 0x0000000084300000, 0x0000000084400000|  0%| F|  |TAMS 0x0000000084300000, 0x0000000084300000| Untracked 
|  68|0x0000000084400000, 0x0000000084400000, 0x0000000084500000|  0%| F|  |TAMS 0x0000000084400000, 0x0000000084400000| Untracked 
|  69|0x0000000084500000, 0x0000000084500000, 0x0000000084600000|  0%| F|  |TAMS 0x0000000084500000, 0x0000000084500000| Untracked 
|  70|0x0000000084600000, 0x0000000084600000, 0x0000000084700000|  0%| F|  |TAMS 0x0000000084600000, 0x0000000084600000| Untracked 
|  71|0x0000000084700000, 0x0000000084700000, 0x0000000084800000|  0%| F|  |TAMS 0x0000000084700000, 0x0000000084700000| Untracked 
|  72|0x0000000084800000, 0x0000000084800000, 0x0000000084900000|  0%| F|  |TAMS 0x0000000084800000, 0x0000000084800000| Untracked 
|  73|0x0000000084900000, 0x0000000084900000, 0x0000000084a00000|  0%| F|  |TAMS 0x0000000084900000, 0x0000000084900000| Untracked 
|  74|0x0000000084a00000, 0x0000000084a00000, 0x0000000084b00000|  0%| F|  |TAMS 0x0000000084a00000, 0x0000000084a00000| Untracked 
|  75|0x0000000084b00000, 0x0000000084b00000, 0x0000000084c00000|  0%| F|  |TAMS 0x0000000084b00000, 0x0000000084b00000| Untracked 
|  76|0x0000000084c00000, 0x0000000084c00000, 0x0000000084d00000|  0%| F|  |TAMS 0x0000000084c00000, 0x0000000084c00000| Untracked 
|  77|0x0000000084d00000, 0x0000000084d00000, 0x0000000084e00000|  0%| F|  |TAMS 0x0000000084d00000, 0x0000000084d00000| Untracked 
|  78|0x0000000084e00000, 0x0000000084e37500, 0x0000000084f00000| 21%| S|CS|TAMS 0x0000000084e00000, 0x0000000084e00000| Complete 
|  79|0x0000000084f00000, 0x0000000085000000, 0x0000000085000000|100%| S|CS|TAMS 0x0000000084f00000, 0x0000000084f00000| Complete 
|  80|0x0000000085000000, 0x0000000085000000, 0x0000000085100000|  0%| F|  |TAMS 0x0000000085000000, 0x0000000085000000| Untracked 
|  81|0x0000000085100000, 0x0000000085100000, 0x0000000085200000|  0%| F|  |TAMS 0x0000000085100000, 0x0000000085100000| Untracked 
|  82|0x0000000085200000, 0x0000000085200000, 0x0000000085300000|  0%| F|  |TAMS 0x0000000085200000, 0x0000000085200000| Untracked 
|  83|0x0000000085300000, 0x0000000085400000, 0x0000000085400000|100%| S|CS|TAMS 0x0000000085300000, 0x0000000085300000| Complete 
|  84|0x0000000085400000, 0x0000000085500000, 0x0000000085500000|100%| S|CS|TAMS 0x0000000085400000, 0x0000000085400000| Complete 
|  85|0x0000000085500000, 0x0000000085500000, 0x0000000085600000|  0%| F|  |TAMS 0x0000000085500000, 0x0000000085500000| Untracked 
|  86|0x0000000085600000, 0x0000000085700000, 0x0000000085700000|100%| S|CS|TAMS 0x0000000085600000, 0x0000000085600000| Complete 
|  87|0x0000000085700000, 0x0000000085700000, 0x0000000085800000|  0%| F|  |TAMS 0x0000000085700000, 0x0000000085700000| Untracked 
|  88|0x0000000085800000, 0x0000000085900000, 0x0000000085900000|100%| S|CS|TAMS 0x0000000085800000, 0x0000000085800000| Complete 
|  89|0x0000000085900000, 0x0000000085900000, 0x0000000085a00000|  0%| F|  |TAMS 0x0000000085900000, 0x0000000085900000| Untracked 
|  90|0x0000000085a00000, 0x0000000085a00000, 0x0000000085b00000|  0%| F|  |TAMS 0x0000000085a00000, 0x0000000085a00000| Untracked 
|  91|0x0000000085b00000, 0x0000000085b00000, 0x0000000085c00000|  0%| F|  |TAMS 0x0000000085b00000, 0x0000000085b00000| Untracked 
|  92|0x0000000085c00000, 0x0000000085c00000, 0x0000000085d00000|  0%| F|  |TAMS 0x0000000085c00000, 0x0000000085c00000| Untracked 
|  93|0x0000000085d00000, 0x0000000085d00000, 0x0000000085e00000|  0%| F|  |TAMS 0x0000000085d00000, 0x0000000085d00000| Untracked 
|  94|0x0000000085e00000, 0x0000000085e00000, 0x0000000085f00000|  0%| F|  |TAMS 0x0000000085e00000, 0x0000000085e00000| Untracked 
|  95|0x0000000085f00000, 0x0000000085f00000, 0x0000000086000000|  0%| F|  |TAMS 0x0000000085f00000, 0x0000000085f00000| Untracked 
|  96|0x0000000086000000, 0x0000000086000000, 0x0000000086100000|  0%| F|  |TAMS 0x0000000086000000, 0x0000000086000000| Untracked 
|  97|0x0000000086100000, 0x0000000086100000, 0x0000000086200000|  0%| F|  |TAMS 0x0000000086100000, 0x0000000086100000| Untracked 
|  98|0x0000000086200000, 0x0000000086200000, 0x0000000086300000|  0%| F|  |TAMS 0x0000000086200000, 0x0000000086200000| Untracked 
|  99|0x0000000086300000, 0x0000000086300000, 0x0000000086400000|  0%| F|  |TAMS 0x0000000086300000, 0x0000000086300000| Untracked 
| 100|0x0000000086400000, 0x0000000086400000, 0x0000000086500000|  0%| F|  |TAMS 0x0000000086400000, 0x0000000086400000| Untracked 
| 101|0x0000000086500000, 0x0000000086500000, 0x0000000086600000|  0%| F|  |TAMS 0x0000000086500000, 0x0000000086500000| Untracked 
| 102|0x0000000086600000, 0x0000000086600000, 0x0000000086700000|  0%| F|  |TAMS 0x0000000086600000, 0x0000000086600000| Untracked 
| 103|0x0000000086700000, 0x0000000086700000, 0x0000000086800000|  0%| F|  |TAMS 0x0000000086700000, 0x0000000086700000| Untracked 
| 104|0x0000000086800000, 0x0000000086800000, 0x0000000086900000|  0%| F|  |TAMS 0x0000000086800000, 0x0000000086800000| Untracked 
| 105|0x0000000086900000, 0x0000000086900000, 0x0000000086a00000|  0%| F|  |TAMS 0x0000000086900000, 0x0000000086900000| Untracked 
| 106|0x0000000086a00000, 0x0000000086a00000, 0x0000000086b00000|  0%| F|  |TAMS 0x0000000086a00000, 0x0000000086a00000| Untracked 
| 107|0x0000000086b00000, 0x0000000086b00000, 0x0000000086c00000|  0%| F|  |TAMS 0x0000000086b00000, 0x0000000086b00000| Untracked 
| 108|0x0000000086c00000, 0x0000000086c00000, 0x0000000086d00000|  0%| F|  |TAMS 0x0000000086c00000, 0x0000000086c00000| Untracked 
| 109|0x0000000086d00000, 0x0000000086d00000, 0x0000000086e00000|  0%| F|  |TAMS 0x0000000086d00000, 0x0000000086d00000| Untracked 
| 110|0x0000000086e00000, 0x0000000086e00000, 0x0000000086f00000|  0%| F|  |TAMS 0x0000000086e00000, 0x0000000086e00000| Untracked 
| 111|0x0000000086f00000, 0x0000000086f00000, 0x0000000087000000|  0%| F|  |TAMS 0x0000000086f00000, 0x0000000086f00000| Untracked 
| 112|0x0000000087000000, 0x0000000087000000, 0x0000000087100000|  0%| F|  |TAMS 0x0000000087000000, 0x0000000087000000| Untracked 
| 113|0x0000000087100000, 0x0000000087100000, 0x0000000087200000|  0%| F|  |TAMS 0x0000000087100000, 0x0000000087100000| Untracked 
| 114|0x0000000087200000, 0x0000000087200000, 0x0000000087300000|  0%| F|  |TAMS 0x0000000087200000, 0x0000000087200000| Untracked 
| 115|0x0000000087300000, 0x0000000087300000, 0x0000000087400000|  0%| F|  |TAMS 0x0000000087300000, 0x0000000087300000| Untracked 
| 116|0x0000000087400000, 0x0000000087480800, 0x0000000087500000| 50%| E|  |TAMS 0x0000000087400000, 0x0000000087400000| Complete 
| 117|0x0000000087500000, 0x0000000087600000, 0x0000000087600000|100%| E|CS|TAMS 0x0000000087500000, 0x0000000087500000| Complete 
| 118|0x0000000087600000, 0x0000000087700000, 0x0000000087700000|100%| E|CS|TAMS 0x0000000087600000, 0x0000000087600000| Complete 
| 119|0x0000000087700000, 0x0000000087800000, 0x0000000087800000|100%| E|CS|TAMS 0x0000000087700000, 0x0000000087700000| Complete 
| 120|0x0000000087800000, 0x0000000087900000, 0x0000000087900000|100%| E|CS|TAMS 0x0000000087800000, 0x0000000087800000| Complete 
| 121|0x0000000087900000, 0x0000000087a00000, 0x0000000087a00000|100%| E|CS|TAMS 0x0000000087900000, 0x0000000087900000| Complete 
| 122|0x0000000087a00000, 0x0000000087b00000, 0x0000000087b00000|100%| E|CS|TAMS 0x0000000087a00000, 0x0000000087a00000| Complete 
| 123|0x0000000087b00000, 0x0000000087c00000, 0x0000000087c00000|100%| E|CS|TAMS 0x0000000087b00000, 0x0000000087b00000| Complete 
| 124|0x0000000087c00000, 0x0000000087d00000, 0x0000000087d00000|100%| E|CS|TAMS 0x0000000087c00000, 0x0000000087c00000| Complete 
| 125|0x0000000087d00000, 0x0000000087e00000, 0x0000000087e00000|100%| E|CS|TAMS 0x0000000087d00000, 0x0000000087d00000| Complete 

Card table byte_map: [0x0000026e26410000,0x0000026e26810000] _byte_map_base: 0x0000026e26010000

Marking Bits (Prev, Next): (CMBitMap*) 0x0000026e1320fb50, (CMBitMap*) 0x0000026e1320fb18
 Prev Bits: [0x0000026e28c10000, 0x0000026e2ac10000)
 Next Bits: [0x0000026e26c10000, 0x0000026e28c10000)

Polling page: 0x0000026e111a0000

Metaspace:

Usage:
  Non-class:     69.23 MB capacity,    68.20 MB ( 99%) used,   856.76 KB (  1%) free+waste,   196.75 KB ( <1%) overhead. 
      Class:     10.75 MB capacity,    10.11 MB ( 94%) used,   562.88 KB (  5%) free+waste,    90.69 KB ( <1%) overhead. 
       Both:     79.97 MB capacity,    78.31 MB ( 98%) used,     1.39 MB (  2%) free+waste,   287.44 KB ( <1%) overhead. 

Virtual space:
  Non-class space:       70.00 MB reserved,      69.25 MB ( 99%) committed 
      Class space:        1.00 GB reserved,      10.82 MB (  1%) committed 
             Both:        1.07 GB reserved,      80.07 MB (  7%) committed 

Chunk freelists:
   Non-Class:  21.00 KB
       Class:  5.00 KB
        Both:  26.00 KB

MaxMetaspaceSize: 17179869184.00 GB
CompressedClassSpaceSize: 1.00 GB
Initial GC threshold: 20.80 MB
Current GC threshold: 127.63 MB
CDS: off

CodeHeap 'non-profiled nmethods': size=120000Kb used=5342Kb max_used=5342Kb free=114657Kb
 bounds [0x0000026e1e7b0000, 0x0000026e1ecf0000, 0x0000026e25ce0000]
CodeHeap 'profiled nmethods': size=120000Kb used=17741Kb max_used=17741Kb free=102259Kb
 bounds [0x0000026e17280000, 0x0000026e183e0000, 0x0000026e1e7b0000]
CodeHeap 'non-nmethods': size=5760Kb used=2362Kb max_used=2414Kb free=3398Kb
 bounds [0x0000026e16ce0000, 0x0000026e16f50000, 0x0000026e17280000]
 total_blobs=9081 nmethods=8207 adapters=786
 compilation: enabled
              stopped_count=0, restarted_count=0
 full_count=0

Compilation events (20 events):
Event: 119.917 Thread 0x0000026e2e030800 8163       3       org.gradle.internal.service.DefaultServiceRegistry::get (10 bytes)
Event: 119.918 Thread 0x0000026e2e030800 nmethod 8163 0x0000026e183b7290 code [0x0000026e183b7480, 0x0000026e183b7848]
Event: 119.918 Thread 0x0000026e2e030800 8164       3       org.gradle.api.internal.file.CompositeFileCollection::<init> (5 bytes)
Event: 119.918 Thread 0x0000026e2e030800 nmethod 8164 0x0000026e183b7990 code [0x0000026e183b7b60, 0x0000026e183b7dd8]
Event: 119.922 Thread 0x0000026e2e030800 8165       3       com.android.build.gradle.internal.utils.HasConfigurableValuesKt::setDisallowChanges (20 bytes)
Event: 119.923 Thread 0x0000026e2e030800 nmethod 8165 0x0000026e183b7f10 code [0x0000026e183b8200, 0x0000026e183b96b8]
Event: 119.923 Thread 0x0000026e2e030800 8166       3       org.gradle.api.internal.file.AbstractFileResolver::convertObjectToFile (55 bytes)
Event: 119.925 Thread 0x0000026e2e030800 nmethod 8166 0x0000026e183b9c10 code [0x0000026e183b9ee0, 0x0000026e183bada8]
Event: 119.925 Thread 0x0000026e2e030800 8167       3       java.util.LinkedHashMap$LinkedHashIterator::remove (75 bytes)
Event: 119.925 Thread 0x0000026e2e030800 nmethod 8167 0x0000026e183bb210 code [0x0000026e183bb400, 0x0000026e183bb7c8]
Event: 119.925 Thread 0x0000026e2e030800 8170       3       org.gradle.api.internal.artifacts.configurations.DefaultConfiguration_Decorated::getHierarchy (40 bytes)
Event: 119.926 Thread 0x0000026e2e030800 nmethod 8170 0x0000026e183bb990 code [0x0000026e183bbba0, 0x0000026e183bbf58]
Event: 119.926 Thread 0x0000026e2e030800 8171       3       org.gradle.api.internal.artifacts.configurations.DefaultConfiguration::getHierarchy (37 bytes)
Event: 119.927 Thread 0x0000026e2e030800 nmethod 8171 0x0000026e183bc090 code [0x0000026e183bc320, 0x0000026e183bce78]
Event: 119.927 Thread 0x0000026e2e030800 8172       3       org.gradle.api.internal.provider.AbstractCollectionProperty$CollectingSupplier::<init> (15 bytes)
Event: 119.927 Thread 0x0000026e2e030800 nmethod 8172 0x0000026e183bd290 code [0x0000026e183bd440, 0x0000026e183bd658]
Event: 119.927 Thread 0x0000026e2e030800 8169       1       org.gradle.api.internal.artifacts.dsl.ArtifactFile::getExtension (5 bytes)
Event: 119.927 Thread 0x0000026e2e030800 nmethod 8169 0x0000026e1ece4f90 code [0x0000026e1ece5140, 0x0000026e1ece51f8]
Event: 119.929 Thread 0x0000026e2e030800 8173       3       java.lang.invoke.DirectMethodHandle$Holder::invokeStatic (22 bytes)
Event: 119.930 Thread 0x0000026e2e030800 nmethod 8173 0x0000026e183bd710 code [0x0000026e183bd8e0, 0x0000026e183bde18]

GC Heap History (20 events):
Event: 103.365 GC heap before
{Heap before GC invocations=10 (full 0):
 garbage-first heap   total 129024K, used 83177K [0x0000000080000000, 0x0000000100000000)
  region size 1024K, 55 young (56320K), 4 survivors (4096K)
 Metaspace       used 48045K, capacity 49160K, committed 49408K, reserved 1091584K
  class space    used 6184K, capacity 6633K, committed 6656K, reserved 1048576K
}
Event: 103.372 GC heap after
{Heap after GC invocations=11 (full 0):
 garbage-first heap   total 129024K, used 32438K [0x0000000080000000, 0x0000000100000000)
  region size 1024K, 5 young (5120K), 5 survivors (5120K)
 Metaspace       used 48045K, capacity 49160K, committed 49408K, reserved 1091584K
  class space    used 6184K, capacity 6633K, committed 6656K, reserved 1048576K
}
Event: 104.866 GC heap before
{Heap before GC invocations=11 (full 0):
 garbage-first heap   total 129024K, used 93878K [0x0000000080000000, 0x0000000100000000)
  region size 1024K, 58 young (59392K), 5 survivors (5120K)
 Metaspace       used 49584K, capacity 50793K, committed 50816K, reserved 1093632K
  class space    used 6332K, capacity 6781K, committed 6784K, reserved 1048576K
}
Event: 104.876 GC heap after
{Heap after GC invocations=12 (full 0):
 garbage-first heap   total 129024K, used 49354K [0x0000000080000000, 0x0000000100000000)
  region size 1024K, 8 young (8192K), 8 survivors (8192K)
 Metaspace       used 49584K, capacity 50793K, committed 50816K, reserved 1093632K
  class space    used 6332K, capacity 6781K, committed 6784K, reserved 1048576K
}
Event: 106.149 GC heap before
{Heap before GC invocations=12 (full 0):
 garbage-first heap   total 129024K, used 92362K [0x0000000080000000, 0x0000000100000000)
  region size 1024K, 50 young (51200K), 8 survivors (8192K)
 Metaspace       used 55188K, capacity 56512K, committed 56832K, reserved 1097728K
  class space    used 7057K, capacity 7559K, committed 7680K, reserved 1048576K
}
Event: 106.158 GC heap after
{Heap after GC invocations=13 (full 0):
 garbage-first heap   total 129024K, used 51886K [0x0000000080000000, 0x0000000100000000)
  region size 1024K, 2 young (2048K), 2 survivors (2048K)
 Metaspace       used 55188K, capacity 56512K, committed 56832K, reserved 1097728K
  class space    used 7057K, capacity 7559K, committed 7680K, reserved 1048576K
}
Event: 106.756 GC heap before
{Heap before GC invocations=13 (full 0):
 garbage-first heap   total 129024K, used 73390K [0x0000000080000000, 0x0000000100000000)
  region size 1024K, 24 young (24576K), 2 survivors (2048K)
 Metaspace       used 58774K, capacity 60129K, committed 60160K, reserved 1101824K
  class space    used 7404K, capacity 7906K, committed 7936K, reserved 1048576K
}
Event: 106.760 GC heap after
{Heap after GC invocations=14 (full 0):
 garbage-first heap   total 129024K, used 52311K [0x0000000080000000, 0x0000000100000000)
  region size 1024K, 3 young (3072K), 3 survivors (3072K)
 Metaspace       used 58774K, capacity 60129K, committed 60160K, reserved 1101824K
  class space    used 7404K, capacity 7906K, committed 7936K, reserved 1048576K
}
Event: 108.808 GC heap before
{Heap before GC invocations=15 (full 0):
 garbage-first heap   total 129024K, used 93271K [0x0000000080000000, 0x0000000100000000)
  region size 1024K, 44 young (45056K), 3 survivors (3072K)
 Metaspace       used 63693K, capacity 65095K, committed 65228K, reserved 1105920K
  class space    used 8037K, capacity 8580K, committed 8652K, reserved 1048576K
}
Event: 108.819 GC heap after
{Heap after GC invocations=16 (full 0):
 garbage-first heap   total 129024K, used 55850K [0x0000000080000000, 0x0000000100000000)
  region size 1024K, 6 young (6144K), 6 survivors (6144K)
 Metaspace       used 63693K, capacity 65095K, committed 65228K, reserved 1105920K
  class space    used 8037K, capacity 8580K, committed 8652K, reserved 1048576K
}
Event: 111.220 GC heap before
{Heap before GC invocations=17 (full 0):
 garbage-first heap   total 129024K, used 97834K [0x0000000080000000, 0x0000000100000000)
  region size 1024K, 47 young (48128K), 6 survivors (6144K)
 Metaspace       used 67350K, capacity 68841K, committed 69068K, reserved 1110016K
  class space    used 8498K, capacity 9071K, committed 9164K, reserved 1048576K
}
Event: 111.230 GC heap after
{Heap after GC invocations=18 (full 0):
 garbage-first heap   total 129024K, used 58391K [0x0000000080000000, 0x0000000100000000)
  region size 1024K, 3 young (3072K), 3 survivors (3072K)
 Metaspace       used 67350K, capacity 68841K, committed 69068K, reserved 1110016K
  class space    used 8498K, capacity 9071K, committed 9164K, reserved 1048576K
}
Event: 112.759 GC heap before
{Heap before GC invocations=18 (full 0):
 garbage-first heap   total 129024K, used 99351K [0x0000000080000000, 0x0000000100000000)
  region size 1024K, 43 young (44032K), 3 survivors (3072K)
 Metaspace       used 69371K, capacity 70858K, committed 71116K, reserved 1112064K
  class space    used 8764K, capacity 9315K, committed 9420K, reserved 1048576K
}
Event: 112.765 GC heap after
{Heap after GC invocations=19 (full 0):
 garbage-first heap   total 129024K, used 61265K [0x0000000080000000, 0x0000000100000000)
  region size 1024K, 6 young (6144K), 6 survivors (6144K)
 Metaspace       used 69371K, capacity 70858K, committed 71116K, reserved 1112064K
  class space    used 8764K, capacity 9315K, committed 9420K, reserved 1048576K
}
Event: 114.070 GC heap before
{Heap before GC invocations=19 (full 0):
 garbage-first heap   total 129024K, used 101201K [0x0000000080000000, 0x0000000100000000)
  region size 1024K, 45 young (46080K), 6 survivors (6144K)
 Metaspace       used 72029K, capacity 73562K, committed 73804K, reserved 1114112K
  class space    used 9115K, capacity 9703K, committed 9804K, reserved 1048576K
}
Event: 114.097 GC heap after
{Heap after GC invocations=20 (full 0):
 garbage-first heap   total 129024K, used 63917K [0x0000000080000000, 0x0000000100000000)
  region size 1024K, 3 young (3072K), 3 survivors (3072K)
 Metaspace       used 72029K, capacity 73562K, committed 73804K, reserved 1114112K
  class space    used 9115K, capacity 9703K, committed 9804K, reserved 1048576K
}
Event: 116.790 GC heap before
{Heap before GC invocations=20 (full 0):
 garbage-first heap   total 129024K, used 102829K [0x0000000080000000, 0x0000000100000000)
  region size 1024K, 41 young (41984K), 3 survivors (3072K)
 Metaspace       used 76429K, capacity 78000K, committed 78156K, reserved 1116160K
  class space    used 9843K, capacity 10469K, committed 10572K, reserved 1048576K
}
Event: 116.799 GC heap after
{Heap after GC invocations=21 (full 0):
 garbage-first heap   total 129024K, used 65965K [0x0000000080000000, 0x0000000100000000)
  region size 1024K, 5 young (5120K), 5 survivors (5120K)
 Metaspace       used 76429K, capacity 78000K, committed 78156K, reserved 1116160K
  class space    used 9843K, capacity 10469K, committed 10572K, reserved 1048576K
}
Event: 119.507 GC heap before
{Heap before GC invocations=22 (full 0):
 garbage-first heap   total 129024K, used 103853K [0x0000000080000000, 0x0000000100000000)
  region size 1024K, 42 young (43008K), 5 survivors (5120K)
 Metaspace       used 79482K, capacity 81197K, committed 81356K, reserved 1120256K
  class space    used 10263K, capacity 10923K, committed 10956K, reserved 1048576K
}
Event: 119.518 GC heap after
{Heap after GC invocations=23 (full 0):
 garbage-first heap   total 129024K, used 68906K [0x0000000080000000, 0x0000000100000000)
  region size 1024K, 6 young (6144K), 6 survivors (6144K)
 Metaspace       used 79482K, capacity 81197K, committed 81356K, reserved 1120256K
  class space    used 10263K, capacity 10923K, committed 10956K, reserved 1048576K
}

Deoptimization events (20 events):
Event: 119.031 Thread 0x0000026e2fff9800 DEOPT PACKING pc=0x0000026e17f362d6 sp=0x000000cfbd6f7a80
Event: 119.031 Thread 0x0000026e2fff9800 DEOPT UNPACKING pc=0x0000026e16d2a95e sp=0x000000cfbd6f7020 mode 0
Event: 119.327 Thread 0x0000026e2fff9800 DEOPT PACKING pc=0x0000026e17f36373 sp=0x000000cfbd6f6da0
Event: 119.327 Thread 0x0000026e2fff9800 DEOPT UNPACKING pc=0x0000026e16d2a95e sp=0x000000cfbd6f6340 mode 0
Event: 119.505 Thread 0x0000026e2fff9800 Uncommon trap: trap_request=0xffffff4d fr.pc=0x0000026e1ecd1344 relative=0x0000000000000204
Event: 119.505 Thread 0x0000026e2fff9800 Uncommon trap: reason=unstable_if action=reinterpret pc=0x0000026e1ecd1344 method=org.gradle.internal.instantiation.generator.AbstractClassGenerator.isNameProperty(Lorg/gradle/internal/instantiation/generator/AbstractClassGenerator$PropertyMetadata;)Z @ 2
Event: 119.505 Thread 0x0000026e2fff9800 DEOPT PACKING pc=0x0000026e1ecd1344 sp=0x000000cfbd6f7510
Event: 119.505 Thread 0x0000026e2fff9800 DEOPT UNPACKING pc=0x0000026e16d2a1af sp=0x000000cfbd6f74a0 mode 2
Event: 119.630 Thread 0x0000026e2fff9800 DEOPT PACKING pc=0x0000026e182f0b3b sp=0x000000cfbd6f6f90
Event: 119.630 Thread 0x0000026e2fff9800 DEOPT UNPACKING pc=0x0000026e16d2a95e sp=0x000000cfbd6f64d0 mode 0
Event: 119.632 Thread 0x0000026e2fff9800 DEOPT PACKING pc=0x0000026e1812e167 sp=0x000000cfbd6f7500
Event: 119.632 Thread 0x0000026e2fff9800 DEOPT UNPACKING pc=0x0000026e16d2a95e sp=0x000000cfbd6f6a48 mode 0
Event: 119.634 Thread 0x0000026e2fff9800 DEOPT PACKING pc=0x0000026e1812e10e sp=0x000000cfbd6f6e30
Event: 119.634 Thread 0x0000026e2fff9800 DEOPT UNPACKING pc=0x0000026e16d2a95e sp=0x000000cfbd6f6378 mode 0
Event: 119.643 Thread 0x0000026e2fff9800 DEOPT PACKING pc=0x0000026e17f36373 sp=0x000000cfbd6f7ae0
Event: 119.643 Thread 0x0000026e2fff9800 DEOPT UNPACKING pc=0x0000026e16d2a95e sp=0x000000cfbd6f7080 mode 0
Event: 119.899 Thread 0x0000026e2fff9800 DEOPT PACKING pc=0x0000026e1812e1b2 sp=0x000000cfbd6f7e10
Event: 119.899 Thread 0x0000026e2fff9800 DEOPT UNPACKING pc=0x0000026e16d2a95e sp=0x000000cfbd6f7358 mode 0
Event: 119.917 Thread 0x0000026e2fff9800 DEOPT PACKING pc=0x0000026e18102e24 sp=0x000000cfbd6f8510
Event: 119.917 Thread 0x0000026e2fff9800 DEOPT UNPACKING pc=0x0000026e16d2a95e sp=0x000000cfbd6f7a30 mode 0

Classes redefined (0 events):
No events

Internal exceptions (20 events):
Event: 113.171 Thread 0x0000026e2fff9800 Exception <a 'java/lang/ClassNotFoundException'{0x0000000086eec378}: com/android/build/gradle/internal/dsl/ApplicationBuildFeaturesImplCustomizer> (0x0000000086eec378) thrown at [./src/hotspot/share/classfile/systemDictionary.cpp, line 231]
Event: 113.172 Thread 0x0000026e2fff9800 Exception <a 'java/lang/ClassNotFoundException'{0x0000000086d129f8}: com/android/build/gradle/internal/dsl/ApplicationBuildFeaturesImpl_DecoratedCustomizer> (0x0000000086d129f8) thrown at [./src/hotspot/share/classfile/systemDictionary.cpp, line 231]
Event: 113.181 Thread 0x0000026e2fff9800 Exception <a 'java/lang/ClassNotFoundException'{0x0000000086de6790}: org/gradle/api/internal/artifacts/dsl/dependencies/DefaultDependencyHandler_DecoratedBeanInfo> (0x0000000086de6790) thrown at [./src/hotspot/share/classfile/systemDictionary.cpp, line 231]
Event: 113.184 Thread 0x0000026e2fff9800 Exception <a 'java/lang/ClassNotFoundException'{0x0000000086c311a0}: org/gradle/api/internal/artifacts/dsl/dependencies/DefaultDependencyHandlerBeanInfo> (0x0000000086c311a0) thrown at [./src/hotspot/share/classfile/systemDictionary.cpp, line 231]
Event: 113.185 Thread 0x0000026e2fff9800 Exception <a 'java/lang/ClassNotFoundException'{0x0000000086c7b100}: org/gradle/api/internal/artifacts/dsl/dependencies/DefaultDependencyHandlerCustomizer> (0x0000000086c7b100) thrown at [./src/hotspot/share/classfile/systemDictionary.cpp, line 231]
Event: 113.188 Thread 0x0000026e2fff9800 Exception <a 'java/lang/ClassNotFoundException'{0x0000000086cec7a8}: org/gradle/api/internal/artifacts/dsl/dependencies/DefaultDependencyHandler_DecoratedCustomizer> (0x0000000086cec7a8) thrown at [./src/hotspot/share/classfile/systemDictionary.cpp, line 231]
Event: 116.086 Thread 0x0000026e2fff9800 Exception <a 'java/lang/ClassNotFoundException'{0x00000000863df7a0}: com/android/build/gradle/internal/api/ApkVariantOutputImpl_DecoratedBeanInfo> (0x00000000863df7a0) thrown at [./src/hotspot/share/classfile/systemDictionary.cpp, line 231]
Event: 116.087 Thread 0x0000026e2fff9800 Exception <a 'java/lang/ClassNotFoundException'{0x00000000863fb100}: com/android/build/gradle/internal/api/ApkVariantOutputImplBeanInfo> (0x00000000863fb100) thrown at [./src/hotspot/share/classfile/systemDictionary.cpp, line 231]
Event: 116.088 Thread 0x0000026e2fff9800 Exception <a 'java/lang/ClassNotFoundException'{0x0000000086217828}: com/android/build/gradle/internal/api/BaseVariantOutputImplBeanInfo> (0x0000000086217828) thrown at [./src/hotspot/share/classfile/systemDictionary.cpp, line 231]
Event: 116.090 Thread 0x0000026e2fff9800 Exception <a 'java/lang/ClassNotFoundException'{0x0000000086233ae0}: com/android/build/gradle/internal/api/BaseVariantOutputImplCustomizer> (0x0000000086233ae0) thrown at [./src/hotspot/share/classfile/systemDictionary.cpp, line 231]
Event: 116.091 Thread 0x0000026e2fff9800 Exception <a 'java/lang/ClassNotFoundException'{0x0000000086262410}: com/android/build/gradle/internal/api/ApkVariantOutputImplCustomizer> (0x0000000086262410) thrown at [./src/hotspot/share/classfile/systemDictionary.cpp, line 231]
Event: 116.107 Thread 0x0000026e2fff9800 Exception <a 'java/lang/ClassNotFoundException'{0x000000008628d620}: com/android/build/gradle/internal/api/ApkVariantOutputImpl_DecoratedCustomizer> (0x000000008628d620) thrown at [./src/hotspot/share/classfile/systemDictionary.cpp, line 231]
Event: 116.193 Thread 0x0000026e2fff9800 Exception <a 'java/lang/ClassNotFoundException'{0x0000000086080210}: com/android/build/gradle/internal/api/ReadOnlyBuildTypeBeanInfo> (0x0000000086080210) thrown at [./src/hotspot/share/classfile/systemDictionary.cpp, line 231]
Event: 116.194 Thread 0x0000026e2fff9800 Exception <a 'java/lang/ClassNotFoundException'{0x000000008609c4a0}: com/android/build/gradle/internal/api/ReadOnlyBaseConfigBeanInfo> (0x000000008609c4a0) thrown at [./src/hotspot/share/classfile/systemDictionary.cpp, line 231]
Event: 116.195 Thread 0x0000026e2fff9800 Exception <a 'java/lang/ClassNotFoundException'{0x00000000860b8070}: com/android/build/gradle/internal/api/ReadOnlyBaseConfigCustomizer> (0x00000000860b8070) thrown at [./src/hotspot/share/classfile/systemDictionary.cpp, line 231]
Event: 116.197 Thread 0x0000026e2fff9800 Exception <a 'java/lang/ClassNotFoundException'{0x00000000860e3788}: com/android/build/gradle/internal/api/ReadOnlyBuildTypeCustomizer> (0x00000000860e3788) thrown at [./src/hotspot/share/classfile/systemDictionary.cpp, line 231]
Event: 118.622 Thread 0x0000026e2fff9800 Implicit null exception at 0x0000026e1ec5ea5b to 0x0000026e1ec5eaf0
Event: 118.779 Thread 0x0000026e2fff9800 Implicit null exception at 0x0000026e1ea712af to 0x0000026e1ea71a20
Event: 118.779 Thread 0x0000026e2fff9800 Implicit null exception at 0x0000026e1ea72316 to 0x0000026e1ea72a90
Event: 119.374 Thread 0x0000026e2fff9800 Exception <a 'java/lang/NoSuchMethodError'{0x0000000085c3f398}: 'java.lang.Object java.lang.invoke.Invokers$Holder.linkToTargetMethod(java.lang.Object, int, java.lang.Object)'> (0x0000000085c3f398) thrown at [./src/hotspot/share/interpreter/linkResolver.cpp, line 773]

Events (20 events):
Event: 119.868 loading class com/android/build/api/variant/impl/ResourcesApkPackagingImpl
Event: 119.868 loading class com/android/build/api/variant/impl/ResourcesApkPackagingImpl done
Event: 119.869 loading class com/android/build/api/variant/impl/ResourcesApkPackagingImpl$excludes$1
Event: 119.869 loading class com/android/build/api/variant/impl/ResourcesApkPackagingImpl$excludes$1 done
Event: 119.874 loading class com/android/build/gradle/internal/core/Abi
Event: 119.874 loading class com/android/build/gradle/internal/core/Abi done
Event: 119.878 loading class com/google/common/collect/ImmutableSet
Event: 119.878 loading class com/google/common/collect/ImmutableSet done
Event: 119.878 loading class com/google/common/collect/ImmutableSet
Event: 119.878 loading class com/google/common/collect/ImmutableSet done
Event: 119.879 loading class com/google/common/collect/ImmutableSet
Event: 119.879 loading class com/google/common/collect/ImmutableSet done
Event: 119.879 loading class com/google/common/collect/ImmutableSet
Event: 119.879 loading class com/google/common/collect/ImmutableSet done
Event: 119.884 loading class com/android/build/gradle/internal/tasks/PerModuleBundleTaskKt
Event: 119.884 loading class com/android/build/gradle/internal/tasks/PerModuleBundleTaskKt done
Event: 119.885 loading class com/android/build/gradle/internal/signing/SigningConfigDataProvider$Companion
Event: 119.885 loading class com/android/build/gradle/internal/signing/SigningConfigDataProvider$Companion done
Event: 119.888 loading class com/android/build/gradle/internal/signing/SigningConfigDataProvider$Companion$create$1
Event: 119.888 loading class com/android/build/gradle/internal/signing/SigningConfigDataProvider$Companion$create$1 done


Dynamic libraries:
0x00007ff7848d0000 - 0x00007ff7848da000 	C:\Program Files\Android\Android Studio\jre\bin\java.exe
0x00007fff06610000 - 0x00007fff06805000 	C:\WINDOWS\SYSTEM32\ntdll.dll
0x00007fff06070000 - 0x00007fff0612d000 	C:\WINDOWS\System32\KERNEL32.DLL
0x00007fff041d0000 - 0x00007fff0449d000 	C:\WINDOWS\System32\KERNELBASE.dll
0x00007fff03eb0000 - 0x00007fff03fb0000 	C:\WINDOWS\System32\ucrtbase.dll
0x00007ffefd6a0000 - 0x00007ffefd6b9000 	C:\Program Files\Android\Android Studio\jre\bin\jli.dll
0x00007ffefd360000 - 0x00007ffefd377000 	C:\Program Files\Android\Android Studio\jre\bin\VCRUNTIME140.dll
0x00007fff056a0000 - 0x00007fff05840000 	C:\WINDOWS\System32\USER32.dll
0x00007fff03e80000 - 0x00007fff03ea2000 	C:\WINDOWS\System32\win32u.dll
0x00007ffeedae0000 - 0x00007ffeedd7a000 	C:\WINDOWS\WinSxS\amd64_microsoft.windows.common-controls_6595b64144ccf1df_6.0.19041.1110_none_60b5254171f9507e\COMCTL32.dll
0x00007fff05030000 - 0x00007fff0505a000 	C:\WINDOWS\System32\GDI32.dll
0x00007fff05200000 - 0x00007fff0529e000 	C:\WINDOWS\System32\msvcrt.dll
0x00007fff040c0000 - 0x00007fff041cb000 	C:\WINDOWS\System32\gdi32full.dll
0x00007fff03fb0000 - 0x00007fff0404d000 	C:\WINDOWS\System32\msvcp_win.dll
0x00007fff05060000 - 0x00007fff05090000 	C:\WINDOWS\System32\IMM32.DLL
0x00007ffee1460000 - 0x00007ffee14fd000 	C:\Program Files\Android\Android Studio\jre\bin\msvcp140.dll
0x00007ffec8420000 - 0x00007ffec8f05000 	C:\Program Files\Android\Android Studio\jre\bin\server\jvm.dll
0x00007fff052a0000 - 0x00007fff0534e000 	C:\WINDOWS\System32\ADVAPI32.dll
0x00007fff05350000 - 0x00007fff053ec000 	C:\WINDOWS\System32\sechost.dll
0x00007fff04d50000 - 0x00007fff04e75000 	C:\WINDOWS\System32\RPCRT4.dll
0x00007fff058b0000 - 0x00007fff058b8000 	C:\WINDOWS\System32\PSAPI.DLL
0x00007ffefb5c0000 - 0x00007ffefb5c9000 	C:\WINDOWS\SYSTEM32\WSOCK32.dll
0x00007ffeec9f0000 - 0x00007ffeeca17000 	C:\WINDOWS\SYSTEM32\WINMM.dll
0x00007ffefde60000 - 0x00007ffefde6a000 	C:\WINDOWS\SYSTEM32\VERSION.dll
0x00007fff05840000 - 0x00007fff058ab000 	C:\WINDOWS\System32\WS2_32.dll
0x00007fff01c90000 - 0x00007fff01ca2000 	C:\WINDOWS\SYSTEM32\kernel.appcore.dll
0x00007ffee96a0000 - 0x00007ffee96b1000 	C:\Program Files\Android\Android Studio\jre\bin\verify.dll
0x00007ffeedde0000 - 0x00007ffeedfc4000 	C:\WINDOWS\SYSTEM32\DBGHELP.DLL
0x00007ffeeddb0000 - 0x00007ffeedddc000 	C:\WINDOWS\SYSTEM32\dbgcore.DLL
0x00007fff045d0000 - 0x00007fff04652000 	C:\WINDOWS\System32\bcryptPrimitives.dll
0x00007ffee87b0000 - 0x00007ffee87d9000 	C:\Program Files\Android\Android Studio\jre\bin\java.dll
0x00007ffefb5b0000 - 0x00007ffefb5bb000 	C:\Program Files\Android\Android Studio\jre\bin\jimage.dll
0x00007ffee5850000 - 0x00007ffee5868000 	C:\Program Files\Android\Android Studio\jre\bin\zip.dll
0x00007fff058c0000 - 0x00007fff06004000 	C:\WINDOWS\System32\SHELL32.dll
0x00007fff01e20000 - 0x00007fff025b4000 	C:\WINDOWS\SYSTEM32\windows.storage.dll
0x00007fff06270000 - 0x00007fff065c4000 	C:\WINDOWS\System32\combase.dll
0x00007fff03780000 - 0x00007fff037ac000 	C:\WINDOWS\SYSTEM32\Wldp.dll
0x00007fff05150000 - 0x00007fff051fd000 	C:\WINDOWS\System32\SHCORE.dll
0x00007fff06010000 - 0x00007fff06065000 	C:\WINDOWS\System32\shlwapi.dll
0x00007fff03c60000 - 0x00007fff03c7f000 	C:\WINDOWS\SYSTEM32\profapi.dll
0x00007ffee1410000 - 0x00007ffee142a000 	C:\Program Files\Android\Android Studio\jre\bin\net.dll
0x00007ffef4630000 - 0x00007ffef473a000 	C:\WINDOWS\SYSTEM32\WINHTTP.dll
0x00007fff034e0000 - 0x00007fff0354a000 	C:\WINDOWS\system32\mswsock.dll
0x00007ffee1390000 - 0x00007ffee13a4000 	C:\Program Files\Android\Android Studio\jre\bin\nio.dll
0x00007ffefd380000 - 0x00007ffefd3a7000 	C:\Users\Lenovo15\.gradle\native\e1d6ef7f7dcc3fd88c89a11ec53ec762bb8ba0a96d01ffa2cd45eb1d1d8dd5c5\windows-amd64\native-platform.dll
0x00007ffed8d30000 - 0x00007ffed8e74000 	C:\Users\Lenovo15\.gradle\native\5664cfc778a61ccfe75a443a1ab52a65af34e5dc3c78e0209fed803814484fcb\windows-amd64\native-platform-file-events.dll
0x00007ffeedfe0000 - 0x00007ffeedfea000 	C:\Program Files\Android\Android Studio\jre\bin\management.dll
0x00007ffeeaa70000 - 0x00007ffeeaa7d000 	C:\Program Files\Android\Android Studio\jre\bin\management_ext.dll
0x00007fff036d0000 - 0x00007fff036e8000 	C:\WINDOWS\SYSTEM32\CRYPTSP.dll
0x00007fff02df0000 - 0x00007fff02e24000 	C:\WINDOWS\system32\rsaenh.dll
0x00007fff044a0000 - 0x00007fff044c7000 	C:\WINDOWS\System32\bcrypt.dll
0x00007fff03c20000 - 0x00007fff03c4e000 	C:\WINDOWS\SYSTEM32\USERENV.dll
0x00007fff036f0000 - 0x00007fff036fc000 	C:\WINDOWS\SYSTEM32\CRYPTBASE.dll
0x00007fff03180000 - 0x00007fff031bb000 	C:\WINDOWS\SYSTEM32\IPHLPAPI.DLL
0x00007fff06130000 - 0x00007fff06138000 	C:\WINDOWS\System32\NSI.dll
0x00007ffef6660000 - 0x00007ffef6677000 	C:\WINDOWS\SYSTEM32\dhcpcsvc6.DLL
0x00007ffef6960000 - 0x00007ffef697d000 	C:\WINDOWS\SYSTEM32\dhcpcsvc.DLL
0x00007fff031d0000 - 0x00007fff0329b000 	C:\WINDOWS\SYSTEM32\DNSAPI.dll

dbghelp: loaded successfully - version: 4.0.5 - missing functions: none
symbol engine: initialized successfully - sym options: 0x614 - pdb path: .;C:\Program Files\Android\Android Studio\jre\bin;C:\WINDOWS\SYSTEM32;C:\WINDOWS\WinSxS\amd64_microsoft.windows.common-controls_6595b64144ccf1df_6.0.19041.1110_none_60b5254171f9507e;C:\Program Files\Android\Android Studio\jre\bin\server;C:\Users\Lenovo15\.gradle\native\e1d6ef7f7dcc3fd88c89a11ec53ec762bb8ba0a96d01ffa2cd45eb1d1d8dd5c5\windows-amd64;C:\Users\Lenovo15\.gradle\native\5664cfc778a61ccfe75a443a1ab52a65af34e5dc3c78e0209fed803814484fcb\windows-amd64

VM Arguments:
jvm_args: --add-opens=java.base/java.util=ALL-UNNAMED --add-opens=java.base/java.lang=ALL-UNNAMED --add-opens=java.base/java.lang.invoke=ALL-UNNAMED --add-opens=java.base/java.util=ALL-UNNAMED --add-opens=java.prefs/java.util.prefs=ALL-UNNAMED --add-opens=java.prefs/java.util.prefs=ALL-UNNAMED --add-opens=java.base/java.nio.charset=ALL-UNNAMED --add-opens=java.base/java.net=ALL-UNNAMED --add-opens=java.base/java.util.concurrent.atomic=ALL-UNNAMED -Xmx2048m -Dfile.encoding=UTF-8 -Duser.country=SV -Duser.language=es -Duser.variant 
java_command: org.gradle.launcher.daemon.bootstrap.GradleDaemon 7.3.3
java_class_path (initial): C:\Users\Lenovo15\.gradle\wrapper\dists\gradle-7.3.3-bin\6a41zxkdtcxs8rphpq6y0069z\gradle-7.3.3\lib\gradle-launcher-7.3.3.jar
Launcher Type: SUN_STANDARD

[Global flags]
     intx CICompilerCount                          = 4                                         {product} {ergonomic}
     uint ConcGCThreads                            = 2                                         {product} {ergonomic}
     uint G1ConcRefinementThreads                  = 8                                         {product} {ergonomic}
   size_t G1HeapRegionSize                         = 1048576                                   {product} {ergonomic}
    uintx GCDrainStackTargetSize                   = 64                                        {product} {ergonomic}
   size_t InitialHeapSize                          = 132120576                                 {product} {ergonomic}
   size_t MarkStackSize                            = 4194304                                   {product} {ergonomic}
   size_t MaxHeapSize                              = 2147483648                                {product} {command line}
   size_t MaxNewSize                               = 1287651328                                {product} {ergonomic}
   size_t MinHeapDeltaBytes                        = 1048576                                   {product} {ergonomic}
    uintx NonNMethodCodeHeapSize                   = 5836300                                {pd product} {ergonomic}
    uintx NonProfiledCodeHeapSize                  = 122910970                              {pd product} {ergonomic}
    uintx ProfiledCodeHeapSize                     = 122910970                              {pd product} {ergonomic}
    uintx ReservedCodeCacheSize                    = 251658240                              {pd product} {ergonomic}
     bool SegmentedCodeCache                       = true                                      {product} {ergonomic}
     bool UseCompressedClassPointers               = true                                 {lp64_product} {ergonomic}
     bool UseCompressedOops                        = true                                 {lp64_product} {ergonomic}
     bool UseG1GC                                  = true                                      {product} {ergonomic}
     bool UseLargePagesIndividualAllocation        = false                                  {pd product} {ergonomic}

Logging:
Log output configuration:
 #0: stdout all=warning uptime,level,tags
 #1: stderr all=off uptime,level,tags

Environment Variables:
JAVA_HOME=C:\Program Files\Java\jdk1.8.0_231
PATH=C:\Program Files (x86)\Common Files\Oracle\Java\javapath;C:\ProgramData\Oracle\Java\javapath;C:\Program Files (x86)\Intel\iCLS Client\;C:\Program Files\Intel\iCLS Client\;C:\WINDOWS\system32;C:\WINDOWS;C:\WINDOWS\System32\Wbem;C:\WINDOWS\System32\WindowsPowerShell\v1.0\;C:\Program Files (x86)\Intel\Intel(R) Management Engine Components\DAL;C:\Program Files\Intel\Intel(R) Management Engine Components\DAL;C:\Program Files (x86)\Intel\Intel(R) Management Engine Components\IPT;C:\Program Files\Intel\Intel(R) Management Engine Components\IPT;C:\Program Files (x86)\Common Files\Tom Sawyer Software\8.0.0;C:\Program Files (x86)\Common Files\Win Wrap\10.25.004;C:\WINDOWS\System32\OpenSSH\;C:\xampp\php;C:\Users\Lenovo15\AppData\Local\Android\Sdk\build-tools;C:\Users\Lenovo15\AppData\Local\Android\Sdk\tools;C:\Gradle\gradle-6.0.1\bin;C:\mongodb-win32-x86_64-windows-4.4.3\bin;C:\Program Files\nodejs\;C:\ProgramData\ComposerSetup\bin;C:\Program Files\Git\cmd;C:\Users\Lenovo15\AppData\Local\Microsoft\WindowsApps;C:\Gradle\gradle-6.0.1\bin;C:\Users\Lenovo15\AppData\Local\Programs\Microsoft VS Code\bin;C:\Users\Lenovo15\AppData\Local\Microsoft\WindowsApps;C:\Users\Lenovo15\AppData\Local\GitHubDesktop\bin;C:\Users\Lenovo15\AppData\Roaming\npm;C:\Users\Lenovo15\AppData\Roaming\Composer\vendor\bin;C:\Program Files\JetBrains\IntelliJ IDEA Community Edition 2021.3.2\bin;
USERNAME=Lenovo15
OS=Windows_NT
PROCESSOR_IDENTIFIER=Intel64 Family 6 Model 94 Stepping 3, GenuineIntel



---------------  S Y S T E M  ---------------

OS: Windows 10 , 64 bit Build 19041 (10.0.19041.1706)
OS uptime: 0 days 12:23 hours

CPU:total 8 (initial active 8) (4 cores per cpu, 2 threads per core) family 6 model 94 stepping 3 microcode 0xec, cmov, cx8, fxsr, mmx, sse, sse2, sse3, ssse3, sse4.1, sse4.2, popcnt, avx, avx2, aes, clmul, erms, rtm, 3dnowpref, lzcnt, ht, tsc, tscinvbit, bmi1, bmi2, adx, fma

Memory: 4k page, system-wide physical 8014M (446M free)
TotalPageFile size 8014M (AvailPageFile size 5M)
current process WorkingSet (physical memory assigned to process): 367M, peak: 370M
current process commit charge ("private bytes"): 406M, peak: 408M

vm_info: OpenJDK 64-Bit Server VM (11.0.12+7-b1504.28-7817840) for windows-amd64 JRE (11.0.12+7-b1504.28-7817840), built on Oct 13 2021 22:12:33 by "builder" with MS VC++ 14.0 (VS2015)

END.
