#
# There is insufficient memory for the Java Runtime Environment to continue.
# Native memory allocation (malloc) failed to allocate 792656 bytes for Chunk::new
# Possible reasons:
#   The system is out of physical RAM or swap space
#   The process is running with CompressedOops enabled, and the Java Heap may be blocking the growth of the native heap
# Possible solutions:
#   Reduce memory load on the system
#   Increase physical memory or swap space
#   Check if swap backing store is full
#   Decrease Java heap size (-Xmx/-Xms)
#   Decrease number of Java threads
#   Decrease Java thread stack sizes (-Xss)
#   Set larger code cache with -XX:ReservedCodeCacheSize=
#   JVM is running with Unscaled Compressed Oops mode in which the Java heap is
#     placed in the first 4GB address space. The Java Heap base address is the
#     maximum limit for the native heap growth. Please use -XX:HeapBaseMinAddress
#     to set the Java Heap base and to place the Java Heap above 4GB virtual address.
# This output file may be truncated or incomplete.
#
#  Out of Memory Error (./src/hotspot/share/memory/arena.cpp:197), pid=14320, tid=3056
#
# JRE version: OpenJDK Runtime Environment (11.0.12+7) (build 11.0.12+7-b1504.28-7817840)
# Java VM: OpenJDK 64-Bit Server VM (11.0.12+7-b1504.28-7817840, mixed mode, tiered, compressed oops, g1 gc, windows-amd64)
# No core dump will be written. Minidumps are not enabled by default on client versions of Windows
#

---------------  S U M M A R Y ------------

Command Line: --add-opens=java.base/java.util=ALL-UNNAMED --add-opens=java.base/java.lang=ALL-UNNAMED --add-opens=java.base/java.lang.invoke=ALL-UNNAMED --add-opens=java.base/java.util=ALL-UNNAMED --add-opens=java.prefs/java.util.prefs=ALL-UNNAMED --add-opens=java.prefs/java.util.prefs=ALL-UNNAMED --add-opens=java.base/java.nio.charset=ALL-UNNAMED --add-opens=java.base/java.net=ALL-UNNAMED --add-opens=java.base/java.util.concurrent.atomic=ALL-UNNAMED -Xmx2048m -Dfile.encoding=UTF-8 -Duser.country=SV -Duser.language=es -Duser.variant org.gradle.launcher.daemon.bootstrap.GradleDaemon 7.3.3

Host: Intel(R) Core(TM) i7-6700HQ CPU @ 2.60GHz, 8 cores, 7G,  Windows 10 , 64 bit Build 19041 (10.0.19041.1706)
Time: Tue May 31 22:05:06 2022 Hora estándar, América Central elapsed time: 28.623534 seconds (0d 0h 0m 28s)

---------------  T H R E A D  ---------------

Current thread (0x000001329abc5800):  JavaThread "C2 CompilerThread0" daemon [_thread_in_native, id=3056, stack(0x0000001b5a200000,0x0000001b5a300000)]


Current CompileTask:
C2:  28623 13269       4       com.google.common.collect.MapMakerInternalMap$Segment::expand (276 bytes)

Stack: [0x0000001b5a200000,0x0000001b5a300000]
Native frames: (J=compiled Java code, j=interpreted, Vv=VM code, C=native code)
V  [jvm.dll+0x5fbcea]
V  [jvm.dll+0x731905]
V  [jvm.dll+0x732f1d]
V  [jvm.dll+0x7335d3]
V  [jvm.dll+0x247bf8]
V  [jvm.dll+0xc018c]
V  [jvm.dll+0xc06cc]
V  [jvm.dll+0x35b2db]
V  [jvm.dll+0x328803]
V  [jvm.dll+0x327cfa]
V  [jvm.dll+0x200602]
V  [jvm.dll+0x1ff794]
V  [jvm.dll+0x18868c]
V  [jvm.dll+0x20e0d7]
V  [jvm.dll+0x20c901]
V  [jvm.dll+0x6f9b7f]
V  [jvm.dll+0x6f26a5]
V  [jvm.dll+0x5fabf6]
C  [ucrtbase.dll+0x21bb2]
C  [KERNEL32.DLL+0x17034]
C  [ntdll.dll+0x52651]


---------------  P R O C E S S  ---------------

Threads class SMR info:
_java_thread_list=0x000001329ded9710, length=137, elements={
0x00000132fe80e000, 0x000001329aba2000, 0x000001329aba3000, 0x000001329abbd000,
0x000001329abbe800, 0x000001329abc0000, 0x000001329abc5800, 0x000001329abcb000,
0x000001329abcf000, 0x000001329b6a0000, 0x000001329da02000, 0x000001329b7a4000,
0x000001329cf91800, 0x000001329b7b1800, 0x000001329cb22800, 0x000001329e615800,
0x000001329d43f800, 0x000001329cc4c800, 0x000001329de2a000, 0x000001329ddb2800,
0x000001329ddb4000, 0x000001329ddb5000, 0x000001329ddb8800, 0x000001329ddb6800,
0x000001329ddb7800, 0x000001329ddb3800, 0x000001329ddb9000, 0x000001329ddb6000,
0x000001329eb07000, 0x000001329eb0b000, 0x000001329eb08800, 0x000001329eb09000,
0x000001329eb0a000, 0x000001329eb05000, 0x000001329eb11800, 0x000001329eb0c800,
0x000001329eb10000, 0x000001329eb0f000, 0x000001329eb0b800, 0x000001329eb10800,
0x000001329eb12000, 0x000001329eb13000, 0x000001329eb0d800, 0x000001329eb14000,
0x000001329eb0e000, 0x000001329dbbf800, 0x000001329dbbc000, 0x000001329dbbe800,
0x000001329dbc2800, 0x000001329dbc0000, 0x000001329dbbd000, 0x000001329dbc1000,
0x000001329dbc2000, 0x000001329dbc3800, 0x000001329dbbe000, 0x000001329dbc5000,
0x000001329dbc7800, 0x000001329dbc8800, 0x000001329dbc6000, 0x000001329dbc9000,
0x000001329dbca000, 0x000001329dbc7000, 0x000001329dbc4800, 0x000001329dbcb000,
0x00000132a1e16800, 0x00000132a1e18800, 0x00000132a1e1d000, 0x00000132a1e17800,
0x00000132a1e1a800, 0x00000132a1e1e000, 0x00000132a1e1f000, 0x00000132a1e19000,
0x00000132a1e1f800, 0x00000132a1e1a000, 0x00000132a1e21800, 0x00000132a1e1b800,
0x00000132a1e20800, 0x00000132a1e22000, 0x00000132a1e1c800, 0x00000132a1e23000,
0x00000132a1e23800, 0x00000132a1e24800, 0x00000132a1e25800, 0x000001329cd8f800,
0x000001329cd92800, 0x000001329cd90000, 0x000001329cd93800, 0x000001329cd8e000,
0x000001329cd91000, 0x000001329cd92000, 0x000001329cd94800, 0x000001329cd8e800,
0x000001329cd9b000, 0x000001329cd9a000, 0x000001329cd95000, 0x000001329cd98800,
0x000001329cd9b800, 0x000001329cd97800, 0x000001329cd96000, 0x000001329cd9c800,
0x000001329cd99000, 0x000001329cd96800, 0x00000132a1d3c800, 0x00000132a1d3a000,
0x00000132a1d40800, 0x00000132a1d3e000, 0x00000132a1d3d800, 0x00000132a1d3f000,
0x00000132a1d3f800, 0x00000132a1d3b000, 0x00000132a1d3b800, 0x00000132a1d44000,
0x00000132a1d46800, 0x00000132a1d41800, 0x00000132a1d42000, 0x00000132a1d48000,
0x00000132a1d44800, 0x00000132a1d47000, 0x00000132a1d45800, 0x00000132a1d48800,
0x00000132a1d43000, 0x00000132a2346800, 0x00000132a2342800, 0x00000132a2347000,
0x00000132a2349000, 0x00000132a2344000, 0x00000132a2348000, 0x00000132a2343000,
0x00000132a2349800, 0x00000132a2344800, 0x00000132a234b800, 0x00000132a234d800,
0x00000132a234c000, 0x00000132a234e800, 0x00000132a234a800, 0x00000132a234f800,
0x00000132a2350000
}

Java Threads: ( => current thread )
  0x00000132fe80e000 JavaThread "main" [_thread_blocked, id=13716, stack(0x0000001b59600000,0x0000001b59700000)]
  0x000001329aba2000 JavaThread "Reference Handler" daemon [_thread_blocked, id=8344, stack(0x0000001b59d00000,0x0000001b59e00000)]
  0x000001329aba3000 JavaThread "Finalizer" daemon [_thread_blocked, id=8548, stack(0x0000001b59e00000,0x0000001b59f00000)]
  0x000001329abbd000 JavaThread "Signal Dispatcher" daemon [_thread_blocked, id=2356, stack(0x0000001b59f00000,0x0000001b5a000000)]
  0x000001329abbe800 JavaThread "Attach Listener" daemon [_thread_blocked, id=13592, stack(0x0000001b5a000000,0x0000001b5a100000)]
  0x000001329abc0000 JavaThread "Service Thread" daemon [_thread_blocked, id=8284, stack(0x0000001b5a100000,0x0000001b5a200000)]
=>0x000001329abc5800 JavaThread "C2 CompilerThread0" daemon [_thread_in_native, id=3056, stack(0x0000001b5a200000,0x0000001b5a300000)]
  0x000001329abcb000 JavaThread "C1 CompilerThread0" daemon [_thread_blocked, id=3980, stack(0x0000001b5a300000,0x0000001b5a400000)]
  0x000001329abcf000 JavaThread "Sweeper thread" daemon [_thread_blocked, id=12048, stack(0x0000001b5a400000,0x0000001b5a500000)]
  0x000001329b6a0000 JavaThread "Common-Cleaner" daemon [_thread_blocked, id=6896, stack(0x0000001b5a500000,0x0000001b5a600000)]
  0x000001329da02000 JavaThread "Daemon health stats" [_thread_blocked, id=12392, stack(0x0000001b5ab00000,0x0000001b5ac00000)]
  0x000001329b7a4000 JavaThread "Incoming local TCP Connector on port 59410" [_thread_in_native, id=2200, stack(0x0000001b5a700000,0x0000001b5a800000)]
  0x000001329cf91800 JavaThread "Daemon periodic checks" [_thread_blocked, id=6344, stack(0x0000001b5a800000,0x0000001b5a900000)]
  0x000001329b7b1800 JavaThread "Daemon" [_thread_blocked, id=11776, stack(0x0000001b5ac00000,0x0000001b5ad00000)]
  0x000001329cb22800 JavaThread "Handler for socket connection from /127.0.0.1:59410 to /127.0.0.1:59411" [_thread_in_native, id=10816, stack(0x0000001b5ad00000,0x0000001b5ae00000)]
  0x000001329e615800 JavaThread "Cancel handler" [_thread_blocked, id=12060, stack(0x0000001b5ae00000,0x0000001b5af00000)]
  0x000001329d43f800 JavaThread "Daemon worker" [_thread_blocked, id=9724, stack(0x0000001b5af00000,0x0000001b5b000000)]
  0x000001329cc4c800 JavaThread "Asynchronous log dispatcher for DefaultDaemonConnection: socket connection from /127.0.0.1:59410 to /127.0.0.1:59411" [_thread_blocked, id=10228, stack(0x0000001b5b000000,0x0000001b5b100000)]
  0x000001329de2a000 JavaThread "Stdin handler" [_thread_blocked, id=7584, stack(0x0000001b5b100000,0x0000001b5b200000)]
  0x000001329ddb2800 JavaThread "Daemon client event forwarder" [_thread_blocked, id=12876, stack(0x0000001b5b200000,0x0000001b5b300000)]
  0x000001329ddb4000 JavaThread "Cache worker for journal cache (C:\Users\Lenovo15\.gradle\caches\journal-1)" [_thread_blocked, id=13940, stack(0x0000001b5b800000,0x0000001b5b900000)]
  0x000001329ddb5000 JavaThread "File lock request listener" [_thread_in_native, id=10768, stack(0x0000001b5b900000,0x0000001b5ba00000)]
  0x000001329ddb8800 JavaThread "Cache worker for file hash cache (C:\Users\Lenovo15\.gradle\caches\7.3.3\fileHashes)" [_thread_blocked, id=11352, stack(0x0000001b5ba00000,0x0000001b5bb00000)]
  0x000001329ddb6800 JavaThread "Cache worker for file hash cache (C:\Users\Lenovo15\ONE-DRIVE\Documentos\KotlinPractical\Coupons\.gradle\7.3.3\fileHashes)" [_thread_blocked, id=3028, stack(0x0000001b5bc00000,0x0000001b5bd00000)]
  0x000001329ddb7800 JavaThread "File watcher server" daemon [_thread_in_native, id=13724, stack(0x0000001b5be00000,0x0000001b5bf00000)]
  0x000001329ddb3800 JavaThread "File watcher consumer" daemon [_thread_blocked, id=12608, stack(0x0000001b5bf00000,0x0000001b5c000000)]
  0x000001329ddb9000 JavaThread "Cache worker for checksums cache (C:\Users\Lenovo15\ONE-DRIVE\Documentos\KotlinPractical\Coupons\.gradle\7.3.3\checksums)" [_thread_blocked, id=8780, stack(0x0000001b5c000000,0x0000001b5c100000)]
  0x000001329ddb6000 JavaThread "Cache worker for cache directory md-supplier (C:\Users\Lenovo15\.gradle\caches\7.3.3\md-supplier)" [_thread_blocked, id=13824, stack(0x0000001b5c100000,0x0000001b5c200000)]
  0x000001329eb07000 JavaThread "Cache worker for cache directory md-rule (C:\Users\Lenovo15\.gradle\caches\7.3.3\md-rule)" [_thread_blocked, id=5608, stack(0x0000001b5c200000,0x0000001b5c300000)]
  0x000001329eb0b000 JavaThread "Cache worker for execution history cache (C:\Users\Lenovo15\.gradle\caches\7.3.3\executionHistory)" [_thread_blocked, id=9476, stack(0x0000001b5c300000,0x0000001b5c400000)]
  0x000001329eb08800 JavaThread "jar transforms" [_thread_blocked, id=10040, stack(0x0000001b5c400000,0x0000001b5c500000)]
  0x000001329eb09000 JavaThread "jar transforms Thread 2" [_thread_blocked, id=10900, stack(0x0000001b5c500000,0x0000001b5c600000)]
  0x000001329eb0a000 JavaThread "Cache worker for file content cache (C:\Users\Lenovo15\.gradle\caches\7.3.3\fileContent)" [_thread_blocked, id=10720, stack(0x0000001b5c700000,0x0000001b5c800000)]
  0x000001329eb05000 JavaThread "jar transforms Thread 3" [_thread_blocked, id=4904, stack(0x0000001b5c800000,0x0000001b5c900000)]
  0x000001329eb11800 JavaThread "jar transforms Thread 4" [_thread_blocked, id=10296, stack(0x0000001b5c900000,0x0000001b5ca00000)]
  0x000001329eb0c800 JavaThread "jar transforms Thread 5" [_thread_blocked, id=10508, stack(0x0000001b5ca00000,0x0000001b5cb00000)]
  0x000001329eb10000 JavaThread "jar transforms Thread 6" [_thread_blocked, id=7156, stack(0x0000001b5cb00000,0x0000001b5cc00000)]
  0x000001329eb0f000 JavaThread "Cache worker for dependencies-accessors (C:\Users\Lenovo15\ONE-DRIVE\Documentos\KotlinPractical\Coupons\.gradle\7.3.3\dependencies-accessors)" [_thread_blocked, id=12444, stack(0x0000001b5cc00000,0x0000001b5cd00000)]
  0x000001329eb0b800 JavaThread "jar transforms Thread 7" [_thread_blocked, id=9512, stack(0x0000001b5cd00000,0x0000001b5ce00000)]
  0x000001329eb10800 JavaThread "Cache worker for Build Output Cleanup Cache (C:\Users\Lenovo15\ONE-DRIVE\Documentos\KotlinPractical\Coupons\.gradle\buildOutputCleanup)" [_thread_blocked, id=5960, stack(0x0000001b5c600000,0x0000001b5c700000)]
  0x000001329eb12000 JavaThread "Unconstrained build operations" [_thread_blocked, id=3408, stack(0x0000001b5cf00000,0x0000001b5d000000)]
  0x000001329eb13000 JavaThread "Unconstrained build operations Thread 2" [_thread_blocked, id=12900, stack(0x0000001b5d000000,0x0000001b5d100000)]
  0x000001329eb0d800 JavaThread "Unconstrained build operations Thread 3" [_thread_blocked, id=11440, stack(0x0000001b5d100000,0x0000001b5d200000)]
  0x000001329eb14000 JavaThread "Unconstrained build operations Thread 4" [_thread_blocked, id=7004, stack(0x0000001b5d200000,0x0000001b5d300000)]
  0x000001329eb0e000 JavaThread "Unconstrained build operations Thread 5" [_thread_blocked, id=12452, stack(0x0000001b5d300000,0x0000001b5d400000)]
  0x000001329dbbf800 JavaThread "Unconstrained build operations Thread 6" [_thread_blocked, id=5596, stack(0x0000001b5d400000,0x0000001b5d500000)]
  0x000001329dbbc000 JavaThread "Unconstrained build operations Thread 7" [_thread_blocked, id=2872, stack(0x0000001b5d500000,0x0000001b5d600000)]
  0x000001329dbbe800 JavaThread "Unconstrained build operations Thread 8" [_thread_blocked, id=7012, stack(0x0000001b5d600000,0x0000001b5d700000)]
  0x000001329dbc2800 JavaThread "Unconstrained build operations Thread 9" [_thread_blocked, id=3036, stack(0x0000001b5d700000,0x0000001b5d800000)]
  0x000001329dbc0000 JavaThread "Unconstrained build operations Thread 10" [_thread_blocked, id=8088, stack(0x0000001b5d800000,0x0000001b5d900000)]
  0x000001329dbbd000 JavaThread "Unconstrained build operations Thread 11" [_thread_blocked, id=13232, stack(0x0000001b5d900000,0x0000001b5da00000)]
  0x000001329dbc1000 JavaThread "Unconstrained build operations Thread 12" [_thread_blocked, id=8568, stack(0x0000001b5da00000,0x0000001b5db00000)]
  0x000001329dbc2000 JavaThread "Unconstrained build operations Thread 13" [_thread_blocked, id=6928, stack(0x0000001b5db00000,0x0000001b5dc00000)]
  0x000001329dbc3800 JavaThread "Unconstrained build operations Thread 14" [_thread_blocked, id=12988, stack(0x0000001b5dc00000,0x0000001b5dd00000)]
  0x000001329dbbe000 JavaThread "Unconstrained build operations Thread 15" [_thread_blocked, id=7920, stack(0x0000001b5dd00000,0x0000001b5de00000)]
  0x000001329dbc5000 JavaThread "Unconstrained build operations Thread 16" [_thread_blocked, id=2832, stack(0x0000001b5de00000,0x0000001b5df00000)]
  0x000001329dbc7800 JavaThread "Unconstrained build operations Thread 17" [_thread_blocked, id=6308, stack(0x0000001b5df00000,0x0000001b5e000000)]
  0x000001329dbc8800 JavaThread "Unconstrained build operations Thread 18" [_thread_blocked, id=8528, stack(0x0000001b5e000000,0x0000001b5e100000)]
  0x000001329dbc6000 JavaThread "Unconstrained build operations Thread 19" [_thread_blocked, id=3332, stack(0x0000001b5e100000,0x0000001b5e200000)]
  0x000001329dbc9000 JavaThread "Unconstrained build operations Thread 20" [_thread_blocked, id=8916, stack(0x0000001b5e200000,0x0000001b5e300000)]
  0x000001329dbca000 JavaThread "Unconstrained build operations Thread 21" [_thread_blocked, id=8000, stack(0x0000001b5e300000,0x0000001b5e400000)]
  0x000001329dbc7000 JavaThread "Unconstrained build operations Thread 22" [_thread_blocked, id=9944, stack(0x0000001b5e400000,0x0000001b5e500000)]
  0x000001329dbc4800 JavaThread "Unconstrained build operations Thread 23" [_thread_blocked, id=9052, stack(0x0000001b5e500000,0x0000001b5e600000)]
  0x000001329dbcb000 JavaThread "Unconstrained build operations Thread 24" [_thread_blocked, id=8212, stack(0x0000001b5e600000,0x0000001b5e700000)]
  0x00000132a1e16800 JavaThread "Unconstrained build operations Thread 25" [_thread_blocked, id=7304, stack(0x0000001b5e700000,0x0000001b5e800000)]
  0x00000132a1e18800 JavaThread "Unconstrained build operations Thread 26" [_thread_blocked, id=776, stack(0x0000001b5e800000,0x0000001b5e900000)]
  0x00000132a1e1d000 JavaThread "Unconstrained build operations Thread 27" [_thread_blocked, id=10308, stack(0x0000001b5e900000,0x0000001b5ea00000)]
  0x00000132a1e17800 JavaThread "Unconstrained build operations Thread 28" [_thread_blocked, id=10636, stack(0x0000001b5ea00000,0x0000001b5eb00000)]
  0x00000132a1e1a800 JavaThread "Unconstrained build operations Thread 29" [_thread_blocked, id=5168, stack(0x0000001b5eb00000,0x0000001b5ec00000)]
  0x00000132a1e1e000 JavaThread "Unconstrained build operations Thread 30" [_thread_blocked, id=12376, stack(0x0000001b5ec00000,0x0000001b5ed00000)]
  0x00000132a1e1f000 JavaThread "Unconstrained build operations Thread 31" [_thread_blocked, id=2304, stack(0x0000001b5ed00000,0x0000001b5ee00000)]
  0x00000132a1e19000 JavaThread "Unconstrained build operations Thread 32" [_thread_blocked, id=2176, stack(0x0000001b5ee00000,0x0000001b5ef00000)]
  0x00000132a1e1f800 JavaThread "Unconstrained build operations Thread 33" [_thread_blocked, id=10076, stack(0x0000001b5ef00000,0x0000001b5f000000)]
  0x00000132a1e1a000 JavaThread "Unconstrained build operations Thread 34" [_thread_blocked, id=816, stack(0x0000001b5f000000,0x0000001b5f100000)]
  0x00000132a1e21800 JavaThread "Unconstrained build operations Thread 35" [_thread_blocked, id=11212, stack(0x0000001b5f100000,0x0000001b5f200000)]
  0x00000132a1e1b800 JavaThread "Unconstrained build operations Thread 36" [_thread_blocked, id=8172, stack(0x0000001b5f200000,0x0000001b5f300000)]
  0x00000132a1e20800 JavaThread "Unconstrained build operations Thread 37" [_thread_blocked, id=1548, stack(0x0000001b5f300000,0x0000001b5f400000)]
  0x00000132a1e22000 JavaThread "Unconstrained build operations Thread 38" [_thread_blocked, id=11720, stack(0x0000001b5f400000,0x0000001b5f500000)]
  0x00000132a1e1c800 JavaThread "Unconstrained build operations Thread 39" [_thread_blocked, id=6184, stack(0x0000001b5f500000,0x0000001b5f600000)]
  0x00000132a1e23000 JavaThread "Unconstrained build operations Thread 40" [_thread_blocked, id=6080, stack(0x0000001b5f600000,0x0000001b5f700000)]
  0x00000132a1e23800 JavaThread "Unconstrained build operations Thread 41" [_thread_blocked, id=11532, stack(0x0000001b5f700000,0x0000001b5f800000)]
  0x00000132a1e24800 JavaThread "Unconstrained build operations Thread 42" [_thread_blocked, id=10968, stack(0x0000001b5f800000,0x0000001b5f900000)]
  0x00000132a1e25800 JavaThread "Unconstrained build operations Thread 43" [_thread_blocked, id=3944, stack(0x0000001b5f900000,0x0000001b5fa00000)]
  0x000001329cd8f800 JavaThread "Unconstrained build operations Thread 44" [_thread_blocked, id=13996, stack(0x0000001b5fa00000,0x0000001b5fb00000)]
  0x000001329cd92800 JavaThread "Unconstrained build operations Thread 45" [_thread_blocked, id=7468, stack(0x0000001b5fb00000,0x0000001b5fc00000)]
  0x000001329cd90000 JavaThread "Unconstrained build operations Thread 46" [_thread_blocked, id=2484, stack(0x0000001b5fc00000,0x0000001b5fd00000)]
  0x000001329cd93800 JavaThread "Unconstrained build operations Thread 47" [_thread_blocked, id=3472, stack(0x0000001b5fd00000,0x0000001b5fe00000)]
  0x000001329cd8e000 JavaThread "Unconstrained build operations Thread 48" [_thread_blocked, id=10136, stack(0x0000001b5fe00000,0x0000001b5ff00000)]
  0x000001329cd91000 JavaThread "Unconstrained build operations Thread 49" [_thread_blocked, id=5392, stack(0x0000001b5ff00000,0x0000001b60000000)]
  0x000001329cd92000 JavaThread "Unconstrained build operations Thread 50" [_thread_blocked, id=7352, stack(0x0000001b60000000,0x0000001b60100000)]
  0x000001329cd94800 JavaThread "Unconstrained build operations Thread 51" [_thread_blocked, id=3340, stack(0x0000001b60100000,0x0000001b60200000)]
  0x000001329cd8e800 JavaThread "Unconstrained build operations Thread 52" [_thread_blocked, id=12156, stack(0x0000001b60200000,0x0000001b60300000)]
  0x000001329cd9b000 JavaThread "Unconstrained build operations Thread 53" [_thread_blocked, id=8988, stack(0x0000001b60300000,0x0000001b60400000)]
  0x000001329cd9a000 JavaThread "Unconstrained build operations Thread 54" [_thread_blocked, id=700, stack(0x0000001b60400000,0x0000001b60500000)]
  0x000001329cd95000 JavaThread "Unconstrained build operations Thread 55" [_thread_blocked, id=1240, stack(0x0000001b60500000,0x0000001b60600000)]
  0x000001329cd98800 JavaThread "Unconstrained build operations Thread 56" [_thread_blocked, id=3324, stack(0x0000001b60600000,0x0000001b60700000)]
  0x000001329cd9b800 JavaThread "Unconstrained build operations Thread 57" [_thread_blocked, id=6456, stack(0x0000001b60700000,0x0000001b60800000)]
  0x000001329cd97800 JavaThread "Unconstrained build operations Thread 58" [_thread_blocked, id=7028, stack(0x0000001b60800000,0x0000001b60900000)]
  0x000001329cd96000 JavaThread "Unconstrained build operations Thread 59" [_thread_blocked, id=14196, stack(0x0000001b60900000,0x0000001b60a00000)]
  0x000001329cd9c800 JavaThread "Unconstrained build operations Thread 60" [_thread_blocked, id=11248, stack(0x0000001b60a00000,0x0000001b60b00000)]
  0x000001329cd99000 JavaThread "Unconstrained build operations Thread 61" [_thread_blocked, id=9352, stack(0x0000001b60b00000,0x0000001b60c00000)]
  0x000001329cd96800 JavaThread "Unconstrained build operations Thread 62" [_thread_blocked, id=4984, stack(0x0000001b60c00000,0x0000001b60d00000)]
  0x00000132a1d3c800 JavaThread "Unconstrained build operations Thread 63" [_thread_blocked, id=3192, stack(0x0000001b60d00000,0x0000001b60e00000)]
  0x00000132a1d3a000 JavaThread "Unconstrained build operations Thread 64" [_thread_blocked, id=2668, stack(0x0000001b60e00000,0x0000001b60f00000)]
  0x00000132a1d40800 JavaThread "Unconstrained build operations Thread 65" [_thread_blocked, id=10932, stack(0x0000001b60f00000,0x0000001b61000000)]
  0x00000132a1d3e000 JavaThread "Unconstrained build operations Thread 66" [_thread_blocked, id=3304, stack(0x0000001b61000000,0x0000001b61100000)]
  0x00000132a1d3d800 JavaThread "Unconstrained build operations Thread 67" [_thread_blocked, id=13740, stack(0x0000001b61100000,0x0000001b61200000)]
  0x00000132a1d3f000 JavaThread "Unconstrained build operations Thread 68" [_thread_blocked, id=9736, stack(0x0000001b61200000,0x0000001b61300000)]
  0x00000132a1d3f800 JavaThread "Unconstrained build operations Thread 69" [_thread_blocked, id=8432, stack(0x0000001b61300000,0x0000001b61400000)]
  0x00000132a1d3b000 JavaThread "Unconstrained build operations Thread 70" [_thread_blocked, id=7852, stack(0x0000001b61400000,0x0000001b61500000)]
  0x00000132a1d3b800 JavaThread "Unconstrained build operations Thread 71" [_thread_blocked, id=7060, stack(0x0000001b61500000,0x0000001b61600000)]
  0x00000132a1d44000 JavaThread "Unconstrained build operations Thread 72" [_thread_blocked, id=3928, stack(0x0000001b61600000,0x0000001b61700000)]
  0x00000132a1d46800 JavaThread "Unconstrained build operations Thread 73" [_thread_blocked, id=13344, stack(0x0000001b61700000,0x0000001b61800000)]
  0x00000132a1d41800 JavaThread "Unconstrained build operations Thread 74" [_thread_blocked, id=11636, stack(0x0000001b61800000,0x0000001b61900000)]
  0x00000132a1d42000 JavaThread "Unconstrained build operations Thread 75" [_thread_blocked, id=5376, stack(0x0000001b61900000,0x0000001b61a00000)]
  0x00000132a1d48000 JavaThread "Unconstrained build operations Thread 76" [_thread_blocked, id=7480, stack(0x0000001b61a00000,0x0000001b61b00000)]
  0x00000132a1d44800 JavaThread "Unconstrained build operations Thread 77" [_thread_blocked, id=7432, stack(0x0000001b61b00000,0x0000001b61c00000)]
  0x00000132a1d47000 JavaThread "Unconstrained build operations Thread 78" [_thread_blocked, id=10248, stack(0x0000001b61c00000,0x0000001b61d00000)]
  0x00000132a1d45800 JavaThread "Unconstrained build operations Thread 79" [_thread_blocked, id=13476, stack(0x0000001b61d00000,0x0000001b61e00000)]
  0x00000132a1d48800 JavaThread "Unconstrained build operations Thread 80" [_thread_blocked, id=7604, stack(0x0000001b61e00000,0x0000001b61f00000)]
  0x00000132a1d43000 JavaThread "jar transforms Thread 8" [_thread_blocked, id=10524, stack(0x0000001b61f00000,0x0000001b62000000)]
  0x00000132a2346800 JavaThread "File lock release action executor" [_thread_blocked, id=8196, stack(0x0000001b5ce00000,0x0000001b5cf00000)]
  0x00000132a2342800 JavaThread "Memory manager" [_thread_blocked, id=5012, stack(0x0000001b62100000,0x0000001b62200000)]
  0x00000132a2347000 JavaThread "pool-3-thread-1" [_thread_blocked, id=10872, stack(0x0000001b62200000,0x0000001b62300000)]
  0x00000132a2349000 JavaThread "build event listener" [_thread_blocked, id=13624, stack(0x0000001b62300000,0x0000001b62400000)]
  0x00000132a2344000 JavaThread "Execution worker for ':'" [_thread_blocked, id=2420, stack(0x0000001b62400000,0x0000001b62500000)]
  0x00000132a2348000 JavaThread "Execution worker for ':' Thread 2" [_thread_blocked, id=8364, stack(0x0000001b62500000,0x0000001b62600000)]
  0x00000132a2343000 JavaThread "Execution worker for ':' Thread 3" [_thread_in_vm, id=13144, stack(0x0000001b62600000,0x0000001b62700000)]
  0x00000132a2349800 JavaThread "Execution worker for ':' Thread 4" [_thread_blocked, id=8704, stack(0x0000001b62700000,0x0000001b62800000)]
  0x00000132a2344800 JavaThread "Execution worker for ':' Thread 5" [_thread_blocked, id=7764, stack(0x0000001b62800000,0x0000001b62900000)]
  0x00000132a234b800 JavaThread "Execution worker for ':' Thread 6" [_thread_blocked, id=7348, stack(0x0000001b62900000,0x0000001b62a00000)]
  0x00000132a234d800 JavaThread "Execution worker for ':' Thread 7" [_thread_blocked, id=12836, stack(0x0000001b62a00000,0x0000001b62b00000)]
  0x00000132a234c000 JavaThread "Cache worker for execution history cache (C:\Users\Lenovo15\ONE-DRIVE\Documentos\KotlinPractical\Coupons\.gradle\7.3.3\executionHistory)" [_thread_blocked, id=1688, stack(0x0000001b62b00000,0x0000001b62c00000)]
  0x00000132a234e800 JavaThread "Monitor" [_thread_in_native, id=5348, stack(0x0000001b62000000,0x0000001b62100000)]
  0x00000132a234a800 JavaThread "JdwpProxyConnection" [_thread_in_native, id=13756, stack(0x0000001b5bd00000,0x0000001b5be00000)]
  0x00000132a234f800 JavaThread "Device List Monitor" [_thread_in_native, id=5324, stack(0x0000001b62c00000,0x0000001b62d00000)]
  0x00000132a2350000 JavaThread "C2 CompilerThread1" daemon [_thread_in_native, id=12788, stack(0x0000001b62d00000,0x0000001b62e00000)]

Other Threads:
  0x000001329ab9b800 VMThread "VM Thread" [stack: 0x0000001b59c00000,0x0000001b59d00000] [id=12168]
  0x000001329b6c2000 WatcherThread [stack: 0x0000001b5a600000,0x0000001b5a700000] [id=12096]
  0x00000132fe825800 GCTaskThread "GC Thread#0" [stack: 0x0000001b59700000,0x0000001b59800000] [id=10548]
  0x000001329ca04800 GCTaskThread "GC Thread#1" [stack: 0x0000001b5a900000,0x0000001b5aa00000] [id=6396]
  0x000001329c1e5000 GCTaskThread "GC Thread#2" [stack: 0x0000001b5aa00000,0x0000001b5ab00000] [id=3008]
  0x000001329de3d800 GCTaskThread "GC Thread#3" [stack: 0x0000001b5b300000,0x0000001b5b400000] [id=13684]
  0x000001329df96000 GCTaskThread "GC Thread#4" [stack: 0x0000001b5b400000,0x0000001b5b500000] [id=9688]
  0x000001329deb9800 GCTaskThread "GC Thread#5" [stack: 0x0000001b5b500000,0x0000001b5b600000] [id=3868]
  0x000001329e172800 GCTaskThread "GC Thread#6" [stack: 0x0000001b5b600000,0x0000001b5b700000] [id=14252]
  0x00000132fc6d1000 GCTaskThread "GC Thread#7" [stack: 0x0000001b5b700000,0x0000001b5b800000] [id=6904]
  0x00000132fe857800 ConcurrentGCThread "G1 Main Marker" [stack: 0x0000001b59800000,0x0000001b59900000] [id=12996]
  0x00000132fe858800 ConcurrentGCThread "G1 Conc#0" [stack: 0x0000001b59900000,0x0000001b59a00000] [id=6128]
  0x000001329d95a800 ConcurrentGCThread "G1 Conc#1" [stack: 0x0000001b5bb00000,0x0000001b5bc00000] [id=4112]
  0x00000132fe8e8800 ConcurrentGCThread "G1 Refine#0" [stack: 0x0000001b59a00000,0x0000001b59b00000] [id=14324]
  0x000001329a9f0800 ConcurrentGCThread "G1 Young RemSet Sampling" [stack: 0x0000001b59b00000,0x0000001b59c00000] [id=10488]

Threads with active compile tasks:
C2 CompilerThread0  28659 13269       4       com.google.common.collect.MapMakerInternalMap$Segment::expand (276 bytes)
C2 CompilerThread1  28660 13286   !   4       java.util.concurrent.ConcurrentHashMap::putVal (432 bytes)

VM state:not at safepoint (normal execution)

VM Mutex/Monitor currently owned by a thread: None

Heap address: 0x0000000080000000, size: 2048 MB, Compressed Oops mode: 32-bit
Narrow klass base: 0x0000000000000000, Narrow klass shift: 3
Compressed class space size: 1073741824 Address: 0x0000000100000000

Heap:
 garbage-first heap   total 225280K, used 161111K [0x0000000080000000, 0x0000000100000000)
  region size 1024K, 46 young (47104K), 7 survivors (7168K)
 Metaspace       used 100807K, capacity 103036K, committed 103160K, reserved 1138688K
  class space    used 12872K, capacity 13719K, committed 13824K, reserved 1048576K
Heap Regions: E=young(eden), S=young(survivor), O=old, HS=humongous(starts), HC=humongous(continues), CS=collection set, F=free, A=archive, TAMS=top-at-mark-start (previous, next)
|   0|0x0000000080000000, 0x0000000080100000, 0x0000000080100000|100%| O|  |TAMS 0x0000000080100000, 0x0000000080000000| Untracked 
|   1|0x0000000080100000, 0x0000000080200000, 0x0000000080200000|100%| O|  |TAMS 0x0000000080200000, 0x0000000080100000| Untracked 
|   2|0x0000000080200000, 0x0000000080300000, 0x0000000080300000|100%| O|  |TAMS 0x0000000080300000, 0x0000000080200000| Untracked 
|   3|0x0000000080300000, 0x0000000080400000, 0x0000000080400000|100%|HS|  |TAMS 0x0000000080400000, 0x0000000080300000| Complete 
|   4|0x0000000080400000, 0x0000000080500000, 0x0000000080500000|100%|HC|  |TAMS 0x0000000080500000, 0x0000000080400000| Complete 
|   5|0x0000000080500000, 0x0000000080600000, 0x0000000080600000|100%|HC|  |TAMS 0x0000000080600000, 0x0000000080500000| Complete 
|   6|0x0000000080600000, 0x0000000080700000, 0x0000000080700000|100%| O|  |TAMS 0x0000000080700000, 0x0000000080600000| Untracked 
|   7|0x0000000080700000, 0x0000000080800000, 0x0000000080800000|100%| O|  |TAMS 0x0000000080800000, 0x0000000080700000| Untracked 
|   8|0x0000000080800000, 0x0000000080900000, 0x0000000080900000|100%| O|  |TAMS 0x0000000080900000, 0x0000000080800000| Untracked 
|   9|0x0000000080900000, 0x0000000080a00000, 0x0000000080a00000|100%| O|  |TAMS 0x0000000080a00000, 0x0000000080900000| Untracked 
|  10|0x0000000080a00000, 0x0000000080b00000, 0x0000000080b00000|100%| O|  |TAMS 0x0000000080b00000, 0x0000000080a00000| Untracked 
|  11|0x0000000080b00000, 0x0000000080c00000, 0x0000000080c00000|100%| O|  |TAMS 0x0000000080c00000, 0x0000000080b00000| Untracked 
|  12|0x0000000080c00000, 0x0000000080d00000, 0x0000000080d00000|100%| O|  |TAMS 0x0000000080d00000, 0x0000000080c00000| Untracked 
|  13|0x0000000080d00000, 0x0000000080e00000, 0x0000000080e00000|100%| O|  |TAMS 0x0000000080e00000, 0x0000000080d00000| Untracked 
|  14|0x0000000080e00000, 0x0000000080f00000, 0x0000000080f00000|100%| O|  |TAMS 0x0000000080f00000, 0x0000000080e00000| Untracked 
|  15|0x0000000080f00000, 0x0000000081000000, 0x0000000081000000|100%| O|  |TAMS 0x0000000081000000, 0x0000000080f00000| Untracked 
|  16|0x0000000081000000, 0x0000000081100000, 0x0000000081100000|100%|HS|  |TAMS 0x0000000081100000, 0x0000000081000000| Complete 
|  17|0x0000000081100000, 0x0000000081200000, 0x0000000081200000|100%| O|  |TAMS 0x0000000081200000, 0x0000000081100000| Untracked 
|  18|0x0000000081200000, 0x0000000081300000, 0x0000000081300000|100%| O|  |TAMS 0x0000000081300000, 0x0000000081200000| Untracked 
|  19|0x0000000081300000, 0x0000000081400000, 0x0000000081400000|100%| O|  |TAMS 0x0000000081400000, 0x0000000081300000| Untracked 
|  20|0x0000000081400000, 0x0000000081500000, 0x0000000081500000|100%| O|  |TAMS 0x0000000081500000, 0x0000000081400000| Untracked 
|  21|0x0000000081500000, 0x0000000081600000, 0x0000000081600000|100%| O|  |TAMS 0x0000000081600000, 0x0000000081500000| Untracked 
|  22|0x0000000081600000, 0x0000000081700000, 0x0000000081700000|100%| O|  |TAMS 0x0000000081700000, 0x0000000081600000| Untracked 
|  23|0x0000000081700000, 0x0000000081800000, 0x0000000081800000|100%| O|  |TAMS 0x0000000081800000, 0x0000000081700000| Untracked 
|  24|0x0000000081800000, 0x0000000081900000, 0x0000000081900000|100%|HS|  |TAMS 0x0000000081900000, 0x0000000081800000| Complete 
|  25|0x0000000081900000, 0x0000000081a00000, 0x0000000081a00000|100%|HS|  |TAMS 0x0000000081a00000, 0x0000000081900000| Complete 
|  26|0x0000000081a00000, 0x0000000081b00000, 0x0000000081b00000|100%|HS|  |TAMS 0x0000000081b00000, 0x0000000081a00000| Complete 
|  27|0x0000000081b00000, 0x0000000081c00000, 0x0000000081c00000|100%|HC|  |TAMS 0x0000000081c00000, 0x0000000081b00000| Complete 
|  28|0x0000000081c00000, 0x0000000081d00000, 0x0000000081d00000|100%|HC|  |TAMS 0x0000000081d00000, 0x0000000081c00000| Complete 
|  29|0x0000000081d00000, 0x0000000081e00000, 0x0000000081e00000|100%|HS|  |TAMS 0x0000000081e00000, 0x0000000081d00000| Complete 
|  30|0x0000000081e00000, 0x0000000081f00000, 0x0000000081f00000|100%|HC|  |TAMS 0x0000000081f00000, 0x0000000081e00000| Complete 
|  31|0x0000000081f00000, 0x0000000082000000, 0x0000000082000000|100%| O|  |TAMS 0x0000000082000000, 0x0000000081f00000| Untracked 
|  32|0x0000000082000000, 0x0000000082100000, 0x0000000082100000|100%| O|  |TAMS 0x0000000082100000, 0x0000000082000000| Untracked 
|  33|0x0000000082100000, 0x0000000082200000, 0x0000000082200000|100%| O|  |TAMS 0x0000000082200000, 0x0000000082100000| Untracked 
|  34|0x0000000082200000, 0x0000000082300000, 0x0000000082300000|100%| O|  |TAMS 0x0000000082300000, 0x0000000082200000| Untracked 
|  35|0x0000000082300000, 0x0000000082400000, 0x0000000082400000|100%| O|  |TAMS 0x0000000082400000, 0x0000000082300000| Untracked 
|  36|0x0000000082400000, 0x0000000082500000, 0x0000000082500000|100%| O|  |TAMS 0x0000000082500000, 0x0000000082400000| Untracked 
|  37|0x0000000082500000, 0x0000000082600000, 0x0000000082600000|100%| O|  |TAMS 0x0000000082600000, 0x0000000082500000| Untracked 
|  38|0x0000000082600000, 0x0000000082700000, 0x0000000082700000|100%| O|  |TAMS 0x0000000082700000, 0x0000000082600000| Untracked 
|  39|0x0000000082700000, 0x0000000082800000, 0x0000000082800000|100%| O|  |TAMS 0x0000000082800000, 0x0000000082700000| Untracked 
|  40|0x0000000082800000, 0x0000000082900000, 0x0000000082900000|100%| O|  |TAMS 0x0000000082900000, 0x0000000082800000| Untracked 
|  41|0x0000000082900000, 0x0000000082a00000, 0x0000000082a00000|100%| O|  |TAMS 0x0000000082a00000, 0x0000000082900000| Untracked 
|  42|0x0000000082a00000, 0x0000000082b00000, 0x0000000082b00000|100%| O|  |TAMS 0x0000000082b00000, 0x0000000082a00000| Untracked 
|  43|0x0000000082b00000, 0x0000000082c00000, 0x0000000082c00000|100%| O|  |TAMS 0x0000000082c00000, 0x0000000082b00000| Untracked 
|  44|0x0000000082c00000, 0x0000000082d00000, 0x0000000082d00000|100%| O|  |TAMS 0x0000000082d00000, 0x0000000082c00000| Untracked 
|  45|0x0000000082d00000, 0x0000000082e00000, 0x0000000082e00000|100%| O|  |TAMS 0x0000000082e00000, 0x0000000082d00000| Untracked 
|  46|0x0000000082e00000, 0x0000000082f00000, 0x0000000082f00000|100%| O|  |TAMS 0x0000000082f00000, 0x0000000082e00000| Untracked 
|  47|0x0000000082f00000, 0x0000000083000000, 0x0000000083000000|100%| O|  |TAMS 0x0000000083000000, 0x0000000082f00000| Untracked 
|  48|0x0000000083000000, 0x0000000083100000, 0x0000000083100000|100%| O|  |TAMS 0x0000000083100000, 0x0000000083000000| Untracked 
|  49|0x0000000083100000, 0x0000000083200000, 0x0000000083200000|100%| O|  |TAMS 0x0000000083200000, 0x0000000083100000| Untracked 
|  50|0x0000000083200000, 0x0000000083300000, 0x0000000083300000|100%| O|  |TAMS 0x0000000083300000, 0x0000000083200000| Untracked 
|  51|0x0000000083300000, 0x0000000083400000, 0x0000000083400000|100%| O|  |TAMS 0x0000000083400000, 0x0000000083300000| Untracked 
|  52|0x0000000083400000, 0x0000000083500000, 0x0000000083500000|100%| O|  |TAMS 0x0000000083500000, 0x0000000083400000| Untracked 
|  53|0x0000000083500000, 0x0000000083600000, 0x0000000083600000|100%| O|  |TAMS 0x0000000083600000, 0x0000000083500000| Untracked 
|  54|0x0000000083600000, 0x0000000083700000, 0x0000000083700000|100%| O|  |TAMS 0x0000000083700000, 0x0000000083600000| Untracked 
|  55|0x0000000083700000, 0x0000000083800000, 0x0000000083800000|100%| O|  |TAMS 0x0000000083800000, 0x0000000083700000| Untracked 
|  56|0x0000000083800000, 0x0000000083900000, 0x0000000083900000|100%| O|  |TAMS 0x0000000083900000, 0x0000000083800000| Untracked 
|  57|0x0000000083900000, 0x0000000083a00000, 0x0000000083a00000|100%| O|  |TAMS 0x0000000083a00000, 0x0000000083900000| Untracked 
|  58|0x0000000083a00000, 0x0000000083b00000, 0x0000000083b00000|100%| O|  |TAMS 0x0000000083b00000, 0x0000000083a00000| Untracked 
|  59|0x0000000083b00000, 0x0000000083c00000, 0x0000000083c00000|100%| O|  |TAMS 0x0000000083c00000, 0x0000000083b00000| Untracked 
|  60|0x0000000083c00000, 0x0000000083d00000, 0x0000000083d00000|100%| O|  |TAMS 0x0000000083d00000, 0x0000000083c00000| Untracked 
|  61|0x0000000083d00000, 0x0000000083e00000, 0x0000000083e00000|100%| O|  |TAMS 0x0000000083e00000, 0x0000000083d00000| Untracked 
|  62|0x0000000083e00000, 0x0000000083f00000, 0x0000000083f00000|100%| O|  |TAMS 0x0000000083f00000, 0x0000000083e00000| Untracked 
|  63|0x0000000083f00000, 0x0000000084000000, 0x0000000084000000|100%| O|  |TAMS 0x0000000084000000, 0x0000000083f00000| Untracked 
|  64|0x0000000084000000, 0x0000000084100000, 0x0000000084100000|100%| O|  |TAMS 0x0000000084100000, 0x0000000084000000| Untracked 
|  65|0x0000000084100000, 0x0000000084200000, 0x0000000084200000|100%| O|  |TAMS 0x0000000084200000, 0x0000000084100000| Untracked 
|  66|0x0000000084200000, 0x0000000084300000, 0x0000000084300000|100%| O|  |TAMS 0x0000000084300000, 0x0000000084200000| Untracked 
|  67|0x0000000084300000, 0x0000000084400000, 0x0000000084400000|100%| O|  |TAMS 0x0000000084400000, 0x0000000084300000| Untracked 
|  68|0x0000000084400000, 0x0000000084500000, 0x0000000084500000|100%| O|  |TAMS 0x0000000084500000, 0x0000000084400000| Untracked 
|  69|0x0000000084500000, 0x0000000084600000, 0x0000000084600000|100%| O|  |TAMS 0x0000000084600000, 0x0000000084500000| Untracked 
|  70|0x0000000084600000, 0x0000000084700000, 0x0000000084700000|100%| O|  |TAMS 0x0000000084700000, 0x0000000084600000| Untracked 
|  71|0x0000000084700000, 0x0000000084800000, 0x0000000084800000|100%| O|  |TAMS 0x0000000084800000, 0x0000000084700000| Untracked 
|  72|0x0000000084800000, 0x0000000084900000, 0x0000000084900000|100%| O|  |TAMS 0x0000000084900000, 0x0000000084800000| Untracked 
|  73|0x0000000084900000, 0x0000000084a00000, 0x0000000084a00000|100%| O|  |TAMS 0x0000000084a00000, 0x0000000084900000| Untracked 
|  74|0x0000000084a00000, 0x0000000084b00000, 0x0000000084b00000|100%| O|  |TAMS 0x0000000084b00000, 0x0000000084a00000| Untracked 
|  75|0x0000000084b00000, 0x0000000084c00000, 0x0000000084c00000|100%| O|  |TAMS 0x0000000084c00000, 0x0000000084b00000| Untracked 
|  76|0x0000000084c00000, 0x0000000084d00000, 0x0000000084d00000|100%| O|  |TAMS 0x0000000084d00000, 0x0000000084c00000| Untracked 
|  77|0x0000000084d00000, 0x0000000084e00000, 0x0000000084e00000|100%| O|  |TAMS 0x0000000084e00000, 0x0000000084d00000| Untracked 
|  78|0x0000000084e00000, 0x0000000084f00000, 0x0000000084f00000|100%| O|  |TAMS 0x0000000084f00000, 0x0000000084e00000| Untracked 
|  79|0x0000000084f00000, 0x0000000085000000, 0x0000000085000000|100%| O|  |TAMS 0x0000000085000000, 0x0000000084f00000| Untracked 
|  80|0x0000000085000000, 0x0000000085100000, 0x0000000085100000|100%| O|  |TAMS 0x0000000085100000, 0x0000000085000000| Untracked 
|  81|0x0000000085100000, 0x0000000085200000, 0x0000000085200000|100%| O|  |TAMS 0x0000000085200000, 0x0000000085100000| Untracked 
|  82|0x0000000085200000, 0x0000000085300000, 0x0000000085300000|100%| O|  |TAMS 0x0000000085300000, 0x0000000085200000| Untracked 
|  83|0x0000000085300000, 0x0000000085400000, 0x0000000085400000|100%| O|  |TAMS 0x0000000085400000, 0x0000000085300000| Untracked 
|  84|0x0000000085400000, 0x0000000085500000, 0x0000000085500000|100%| O|  |TAMS 0x0000000085500000, 0x0000000085400000| Untracked 
|  85|0x0000000085500000, 0x0000000085600000, 0x0000000085600000|100%| O|  |TAMS 0x0000000085600000, 0x0000000085500000| Untracked 
|  86|0x0000000085600000, 0x0000000085700000, 0x0000000085700000|100%| O|  |TAMS 0x0000000085700000, 0x0000000085600000| Untracked 
|  87|0x0000000085700000, 0x0000000085800000, 0x0000000085800000|100%| O|  |TAMS 0x0000000085800000, 0x0000000085700000| Untracked 
|  88|0x0000000085800000, 0x0000000085900000, 0x0000000085900000|100%| O|  |TAMS 0x0000000085900000, 0x0000000085800000| Untracked 
|  89|0x0000000085900000, 0x0000000085a00000, 0x0000000085a00000|100%| O|  |TAMS 0x0000000085a00000, 0x0000000085900000| Untracked 
|  90|0x0000000085a00000, 0x0000000085b00000, 0x0000000085b00000|100%| O|  |TAMS 0x0000000085b00000, 0x0000000085a00000| Untracked 
|  91|0x0000000085b00000, 0x0000000085c00000, 0x0000000085c00000|100%| O|  |TAMS 0x0000000085c00000, 0x0000000085b00000| Untracked 
|  92|0x0000000085c00000, 0x0000000085d00000, 0x0000000085d00000|100%| O|  |TAMS 0x0000000085d00000, 0x0000000085c00000| Untracked 
|  93|0x0000000085d00000, 0x0000000085e00000, 0x0000000085e00000|100%| O|  |TAMS 0x0000000085e00000, 0x0000000085d00000| Untracked 
|  94|0x0000000085e00000, 0x0000000085f00000, 0x0000000085f00000|100%| O|  |TAMS 0x0000000085f00000, 0x0000000085e00000| Untracked 
|  95|0x0000000085f00000, 0x0000000086000000, 0x0000000086000000|100%| O|  |TAMS 0x0000000086000000, 0x0000000085f00000| Untracked 
|  96|0x0000000086000000, 0x0000000086100000, 0x0000000086100000|100%| O|  |TAMS 0x0000000086100000, 0x0000000086000000| Untracked 
|  97|0x0000000086100000, 0x0000000086200000, 0x0000000086200000|100%| O|  |TAMS 0x0000000086200000, 0x0000000086100000| Untracked 
|  98|0x0000000086200000, 0x0000000086300000, 0x0000000086300000|100%| O|  |TAMS 0x0000000086300000, 0x0000000086200000| Untracked 
|  99|0x0000000086300000, 0x0000000086400000, 0x0000000086400000|100%| O|  |TAMS 0x0000000086400000, 0x0000000086300000| Untracked 
| 100|0x0000000086400000, 0x0000000086500000, 0x0000000086500000|100%| O|  |TAMS 0x0000000086500000, 0x0000000086400000| Untracked 
| 101|0x0000000086500000, 0x0000000086600000, 0x0000000086600000|100%| O|  |TAMS 0x0000000086600000, 0x0000000086500000| Untracked 
| 102|0x0000000086600000, 0x0000000086700000, 0x0000000086700000|100%| O|  |TAMS 0x0000000086700000, 0x0000000086600000| Untracked 
| 103|0x0000000086700000, 0x0000000086800000, 0x0000000086800000|100%| O|  |TAMS 0x0000000086800000, 0x0000000086700000| Untracked 
| 104|0x0000000086800000, 0x0000000086900000, 0x0000000086900000|100%| O|  |TAMS 0x0000000086900000, 0x0000000086800000| Untracked 
| 105|0x0000000086900000, 0x0000000086a00000, 0x0000000086a00000|100%| O|  |TAMS 0x0000000086a00000, 0x0000000086900000| Untracked 
| 106|0x0000000086a00000, 0x0000000086b00000, 0x0000000086b00000|100%| O|  |TAMS 0x0000000086b00000, 0x0000000086a00000| Untracked 
| 107|0x0000000086b00000, 0x0000000086c00000, 0x0000000086c00000|100%| O|  |TAMS 0x0000000086c00000, 0x0000000086b00000| Untracked 
| 108|0x0000000086c00000, 0x0000000086d00000, 0x0000000086d00000|100%| O|  |TAMS 0x0000000086d00000, 0x0000000086c00000| Untracked 
| 109|0x0000000086d00000, 0x0000000086e00000, 0x0000000086e00000|100%| O|  |TAMS 0x0000000086e00000, 0x0000000086d00000| Untracked 
| 110|0x0000000086e00000, 0x0000000086f00000, 0x0000000086f00000|100%| O|  |TAMS 0x0000000086e87000, 0x0000000086e00000| Untracked 
| 111|0x0000000086f00000, 0x0000000087000000, 0x0000000087000000|100%| O|  |TAMS 0x0000000086f00000, 0x0000000086f00000| Untracked 
| 112|0x0000000087000000, 0x0000000087100000, 0x0000000087100000|100%| O|  |TAMS 0x0000000087000000, 0x0000000087000000| Untracked 
| 113|0x0000000087100000, 0x0000000087168a00, 0x0000000087200000| 40%| O|  |TAMS 0x0000000087100000, 0x0000000087100000| Untracked 
| 114|0x0000000087200000, 0x0000000087200000, 0x0000000087300000|  0%| F|  |TAMS 0x0000000087200000, 0x0000000087200000| Untracked 
| 115|0x0000000087300000, 0x0000000087300000, 0x0000000087400000|  0%| F|  |TAMS 0x0000000087300000, 0x0000000087300000| Untracked 
| 116|0x0000000087400000, 0x0000000087400000, 0x0000000087500000|  0%| F|  |TAMS 0x0000000087400000, 0x0000000087400000| Untracked 
| 117|0x0000000087500000, 0x0000000087500000, 0x0000000087600000|  0%| F|  |TAMS 0x0000000087500000, 0x0000000087500000| Untracked 
| 118|0x0000000087600000, 0x0000000087600000, 0x0000000087700000|  0%| F|  |TAMS 0x0000000087600000, 0x0000000087600000| Untracked 
| 119|0x0000000087700000, 0x0000000087700000, 0x0000000087800000|  0%| F|  |TAMS 0x0000000087700000, 0x0000000087700000| Untracked 
| 120|0x0000000087800000, 0x0000000087800000, 0x0000000087900000|  0%| F|  |TAMS 0x0000000087800000, 0x0000000087800000| Untracked 
| 121|0x0000000087900000, 0x0000000087900000, 0x0000000087a00000|  0%| F|  |TAMS 0x0000000087900000, 0x0000000087900000| Untracked 
| 122|0x0000000087a00000, 0x0000000087a00000, 0x0000000087b00000|  0%| F|  |TAMS 0x0000000087a00000, 0x0000000087a00000| Untracked 
| 123|0x0000000087b00000, 0x0000000087b00000, 0x0000000087c00000|  0%| F|  |TAMS 0x0000000087b00000, 0x0000000087b00000| Untracked 
| 124|0x0000000087c00000, 0x0000000087c00000, 0x0000000087d00000|  0%| F|  |TAMS 0x0000000087c00000, 0x0000000087c00000| Untracked 
| 125|0x0000000087d00000, 0x0000000087d00000, 0x0000000087e00000|  0%| F|  |TAMS 0x0000000087d00000, 0x0000000087d00000| Untracked 
| 126|0x0000000087e00000, 0x0000000087e00000, 0x0000000087f00000|  0%| F|  |TAMS 0x0000000087e00000, 0x0000000087e00000| Untracked 
| 127|0x0000000087f00000, 0x0000000087f00000, 0x0000000088000000|  0%| F|  |TAMS 0x0000000087f00000, 0x0000000087f00000| Untracked 
| 128|0x0000000088000000, 0x0000000088000000, 0x0000000088100000|  0%| F|  |TAMS 0x0000000088000000, 0x0000000088000000| Untracked 
| 129|0x0000000088100000, 0x0000000088100000, 0x0000000088200000|  0%| F|  |TAMS 0x0000000088100000, 0x0000000088100000| Untracked 
| 130|0x0000000088200000, 0x0000000088200000, 0x0000000088300000|  0%| F|  |TAMS 0x0000000088200000, 0x0000000088200000| Untracked 
| 131|0x0000000088300000, 0x0000000088300000, 0x0000000088400000|  0%| F|  |TAMS 0x0000000088300000, 0x0000000088300000| Untracked 
| 132|0x0000000088400000, 0x0000000088400000, 0x0000000088500000|  0%| F|  |TAMS 0x0000000088400000, 0x0000000088400000| Untracked 
| 133|0x0000000088500000, 0x0000000088500000, 0x0000000088600000|  0%| F|  |TAMS 0x0000000088500000, 0x0000000088500000| Untracked 
| 134|0x0000000088600000, 0x0000000088600000, 0x0000000088700000|  0%| F|  |TAMS 0x0000000088600000, 0x0000000088600000| Untracked 
| 135|0x0000000088700000, 0x0000000088700000, 0x0000000088800000|  0%| F|  |TAMS 0x0000000088700000, 0x0000000088700000| Untracked 
| 136|0x0000000088800000, 0x0000000088800000, 0x0000000088900000|  0%| F|  |TAMS 0x0000000088800000, 0x0000000088800000| Untracked 
| 137|0x0000000088900000, 0x0000000088900000, 0x0000000088a00000|  0%| F|  |TAMS 0x0000000088900000, 0x0000000088900000| Untracked 
| 138|0x0000000088a00000, 0x0000000088a00000, 0x0000000088b00000|  0%| F|  |TAMS 0x0000000088a00000, 0x0000000088a00000| Untracked 
| 139|0x0000000088b00000, 0x0000000088b00000, 0x0000000088c00000|  0%| F|  |TAMS 0x0000000088b00000, 0x0000000088b00000| Untracked 
| 140|0x0000000088c00000, 0x0000000088c00000, 0x0000000088d00000|  0%| F|  |TAMS 0x0000000088c00000, 0x0000000088c00000| Untracked 
| 141|0x0000000088d00000, 0x0000000088d00000, 0x0000000088e00000|  0%| F|  |TAMS 0x0000000088d00000, 0x0000000088d00000| Untracked 
| 142|0x0000000088e00000, 0x0000000088e00000, 0x0000000088f00000|  0%| F|  |TAMS 0x0000000088e00000, 0x0000000088e00000| Untracked 
| 143|0x0000000088f00000, 0x0000000088f00000, 0x0000000089000000|  0%| F|  |TAMS 0x0000000088f00000, 0x0000000088f00000| Untracked 
| 144|0x0000000089000000, 0x0000000089000000, 0x0000000089100000|  0%| F|  |TAMS 0x0000000089000000, 0x0000000089000000| Untracked 
| 145|0x0000000089100000, 0x0000000089100000, 0x0000000089200000|  0%| F|  |TAMS 0x0000000089100000, 0x0000000089100000| Untracked 
| 146|0x0000000089200000, 0x0000000089200000, 0x0000000089300000|  0%| F|  |TAMS 0x0000000089200000, 0x0000000089200000| Untracked 
| 147|0x0000000089300000, 0x0000000089300000, 0x0000000089400000|  0%| F|  |TAMS 0x0000000089300000, 0x0000000089300000| Untracked 
| 148|0x0000000089400000, 0x0000000089400000, 0x0000000089500000|  0%| F|  |TAMS 0x0000000089400000, 0x0000000089400000| Untracked 
| 149|0x0000000089500000, 0x0000000089500000, 0x0000000089600000|  0%| F|  |TAMS 0x0000000089500000, 0x0000000089500000| Untracked 
| 150|0x0000000089600000, 0x00000000896ed4b8, 0x0000000089700000| 92%| S|CS|TAMS 0x0000000089600000, 0x0000000089600000| Complete 
| 151|0x0000000089700000, 0x0000000089800000, 0x0000000089800000|100%| S|CS|TAMS 0x0000000089700000, 0x0000000089700000| Complete 
| 152|0x0000000089800000, 0x0000000089900000, 0x0000000089900000|100%| S|CS|TAMS 0x0000000089800000, 0x0000000089800000| Complete 
| 153|0x0000000089900000, 0x0000000089a00000, 0x0000000089a00000|100%| S|CS|TAMS 0x0000000089900000, 0x0000000089900000| Complete 
| 154|0x0000000089a00000, 0x0000000089b00000, 0x0000000089b00000|100%| S|CS|TAMS 0x0000000089a00000, 0x0000000089a00000| Complete 
| 155|0x0000000089b00000, 0x0000000089c00000, 0x0000000089c00000|100%| S|CS|TAMS 0x0000000089b00000, 0x0000000089b00000| Complete 
| 156|0x0000000089c00000, 0x0000000089d00000, 0x0000000089d00000|100%| S|CS|TAMS 0x0000000089c00000, 0x0000000089c00000| Complete 
| 157|0x0000000089d00000, 0x0000000089d00000, 0x0000000089e00000|  0%| F|  |TAMS 0x0000000089d00000, 0x0000000089d00000| Untracked 
| 158|0x0000000089e00000, 0x0000000089e00000, 0x0000000089f00000|  0%| F|  |TAMS 0x0000000089e00000, 0x0000000089e00000| Untracked 
| 159|0x0000000089f00000, 0x0000000089f00000, 0x000000008a000000|  0%| F|  |TAMS 0x0000000089f00000, 0x0000000089f00000| Untracked 
| 160|0x000000008a000000, 0x000000008a000000, 0x000000008a100000|  0%| F|  |TAMS 0x000000008a000000, 0x000000008a000000| Untracked 
| 161|0x000000008a100000, 0x000000008a100000, 0x000000008a200000|  0%| F|  |TAMS 0x000000008a100000, 0x000000008a100000| Untracked 
| 162|0x000000008a200000, 0x000000008a200000, 0x000000008a300000|  0%| F|  |TAMS 0x000000008a200000, 0x000000008a200000| Untracked 
| 163|0x000000008a300000, 0x000000008a300000, 0x000000008a400000|  0%| F|  |TAMS 0x000000008a300000, 0x000000008a300000| Untracked 
| 164|0x000000008a400000, 0x000000008a400000, 0x000000008a500000|  0%| F|  |TAMS 0x000000008a400000, 0x000000008a400000| Untracked 
| 165|0x000000008a500000, 0x000000008a500000, 0x000000008a600000|  0%| F|  |TAMS 0x000000008a500000, 0x000000008a500000| Untracked 
| 166|0x000000008a600000, 0x000000008a600000, 0x000000008a700000|  0%| F|  |TAMS 0x000000008a600000, 0x000000008a600000| Untracked 
| 167|0x000000008a700000, 0x000000008a700000, 0x000000008a800000|  0%| F|  |TAMS 0x000000008a700000, 0x000000008a700000| Untracked 
| 168|0x000000008a800000, 0x000000008a800000, 0x000000008a900000|  0%| F|  |TAMS 0x000000008a800000, 0x000000008a800000| Untracked 
| 169|0x000000008a900000, 0x000000008a900000, 0x000000008aa00000|  0%| F|  |TAMS 0x000000008a900000, 0x000000008a900000| Untracked 
| 170|0x000000008aa00000, 0x000000008aa00000, 0x000000008ab00000|  0%| F|  |TAMS 0x000000008aa00000, 0x000000008aa00000| Untracked 
| 171|0x000000008ab00000, 0x000000008ab00000, 0x000000008ac00000|  0%| F|  |TAMS 0x000000008ab00000, 0x000000008ab00000| Untracked 
| 172|0x000000008ac00000, 0x000000008ac00000, 0x000000008ad00000|  0%| F|  |TAMS 0x000000008ac00000, 0x000000008ac00000| Untracked 
| 173|0x000000008ad00000, 0x000000008ad00000, 0x000000008ae00000|  0%| F|  |TAMS 0x000000008ad00000, 0x000000008ad00000| Untracked 
| 174|0x000000008ae00000, 0x000000008ae00000, 0x000000008af00000|  0%| F|  |TAMS 0x000000008ae00000, 0x000000008ae00000| Untracked 
| 175|0x000000008af00000, 0x000000008af00000, 0x000000008b000000|  0%| F|  |TAMS 0x000000008af00000, 0x000000008af00000| Untracked 
| 176|0x000000008b000000, 0x000000008b000000, 0x000000008b100000|  0%| F|  |TAMS 0x000000008b000000, 0x000000008b000000| Untracked 
| 177|0x000000008b100000, 0x000000008b100000, 0x000000008b200000|  0%| F|  |TAMS 0x000000008b100000, 0x000000008b100000| Untracked 
| 178|0x000000008b200000, 0x000000008b200000, 0x000000008b300000|  0%| F|  |TAMS 0x000000008b200000, 0x000000008b200000| Untracked 
| 179|0x000000008b300000, 0x000000008b300000, 0x000000008b400000|  0%| F|  |TAMS 0x000000008b300000, 0x000000008b300000| Untracked 
| 180|0x000000008b400000, 0x000000008b400000, 0x000000008b500000|  0%| F|  |TAMS 0x000000008b400000, 0x000000008b400000| Untracked 
| 181|0x000000008b500000, 0x000000008b5f7ab0, 0x000000008b600000| 96%| E|  |TAMS 0x000000008b500000, 0x000000008b500000| Complete 
| 182|0x000000008b600000, 0x000000008b700000, 0x000000008b700000|100%| E|CS|TAMS 0x000000008b600000, 0x000000008b600000| Complete 
| 183|0x000000008b700000, 0x000000008b800000, 0x000000008b800000|100%| E|  |TAMS 0x000000008b700000, 0x000000008b700000| Complete 
| 184|0x000000008b800000, 0x000000008b900000, 0x000000008b900000|100%| E|CS|TAMS 0x000000008b800000, 0x000000008b800000| Complete 
| 185|0x000000008b900000, 0x000000008ba00000, 0x000000008ba00000|100%| E|CS|TAMS 0x000000008b900000, 0x000000008b900000| Complete 
| 186|0x000000008ba00000, 0x000000008bb00000, 0x000000008bb00000|100%| E|CS|TAMS 0x000000008ba00000, 0x000000008ba00000| Complete 
| 187|0x000000008bb00000, 0x000000008bc00000, 0x000000008bc00000|100%| E|CS|TAMS 0x000000008bb00000, 0x000000008bb00000| Complete 
| 188|0x000000008bc00000, 0x000000008bd00000, 0x000000008bd00000|100%| E|CS|TAMS 0x000000008bc00000, 0x000000008bc00000| Complete 
| 189|0x000000008bd00000, 0x000000008be00000, 0x000000008be00000|100%| E|CS|TAMS 0x000000008bd00000, 0x000000008bd00000| Complete 
| 190|0x000000008be00000, 0x000000008bf00000, 0x000000008bf00000|100%| E|CS|TAMS 0x000000008be00000, 0x000000008be00000| Complete 
| 191|0x000000008bf00000, 0x000000008c000000, 0x000000008c000000|100%| E|CS|TAMS 0x000000008bf00000, 0x000000008bf00000| Complete 
| 192|0x000000008c000000, 0x000000008c100000, 0x000000008c100000|100%| E|CS|TAMS 0x000000008c000000, 0x000000008c000000| Complete 
| 193|0x000000008c100000, 0x000000008c200000, 0x000000008c200000|100%| E|CS|TAMS 0x000000008c100000, 0x000000008c100000| Complete 
| 194|0x000000008c200000, 0x000000008c300000, 0x000000008c300000|100%| E|CS|TAMS 0x000000008c200000, 0x000000008c200000| Complete 
| 195|0x000000008c300000, 0x000000008c400000, 0x000000008c400000|100%| E|CS|TAMS 0x000000008c300000, 0x000000008c300000| Complete 
| 196|0x000000008c400000, 0x000000008c500000, 0x000000008c500000|100%| E|CS|TAMS 0x000000008c400000, 0x000000008c400000| Complete 
| 197|0x000000008c500000, 0x000000008c600000, 0x000000008c600000|100%| E|CS|TAMS 0x000000008c500000, 0x000000008c500000| Complete 
| 198|0x000000008c600000, 0x000000008c700000, 0x000000008c700000|100%| E|CS|TAMS 0x000000008c600000, 0x000000008c600000| Complete 
| 199|0x000000008c700000, 0x000000008c800000, 0x000000008c800000|100%| E|CS|TAMS 0x000000008c700000, 0x000000008c700000| Complete 
| 200|0x000000008c800000, 0x000000008c900000, 0x000000008c900000|100%| E|CS|TAMS 0x000000008c800000, 0x000000008c800000| Complete 
| 201|0x000000008c900000, 0x000000008ca00000, 0x000000008ca00000|100%| E|CS|TAMS 0x000000008c900000, 0x000000008c900000| Complete 
| 202|0x000000008ca00000, 0x000000008cb00000, 0x000000008cb00000|100%| E|CS|TAMS 0x000000008ca00000, 0x000000008ca00000| Complete 
| 203|0x000000008cb00000, 0x000000008cc00000, 0x000000008cc00000|100%| E|CS|TAMS 0x000000008cb00000, 0x000000008cb00000| Complete 
| 204|0x000000008cc00000, 0x000000008cd00000, 0x000000008cd00000|100%| E|CS|TAMS 0x000000008cc00000, 0x000000008cc00000| Complete 
| 205|0x000000008cd00000, 0x000000008ce00000, 0x000000008ce00000|100%| E|CS|TAMS 0x000000008cd00000, 0x000000008cd00000| Complete 
| 206|0x000000008ce00000, 0x000000008cf00000, 0x000000008cf00000|100%| E|CS|TAMS 0x000000008ce00000, 0x000000008ce00000| Complete 
| 207|0x000000008cf00000, 0x000000008d000000, 0x000000008d000000|100%| E|CS|TAMS 0x000000008cf00000, 0x000000008cf00000| Complete 
| 208|0x000000008d000000, 0x000000008d100000, 0x000000008d100000|100%| E|CS|TAMS 0x000000008d000000, 0x000000008d000000| Complete 
| 209|0x000000008d100000, 0x000000008d200000, 0x000000008d200000|100%| E|CS|TAMS 0x000000008d100000, 0x000000008d100000| Complete 
| 210|0x000000008d200000, 0x000000008d300000, 0x000000008d300000|100%| E|CS|TAMS 0x000000008d200000, 0x000000008d200000| Complete 
| 211|0x000000008d300000, 0x000000008d400000, 0x000000008d400000|100%| E|CS|TAMS 0x000000008d300000, 0x000000008d300000| Complete 
| 212|0x000000008d400000, 0x000000008d500000, 0x000000008d500000|100%| E|CS|TAMS 0x000000008d400000, 0x000000008d400000| Complete 
| 213|0x000000008d500000, 0x000000008d600000, 0x000000008d600000|100%| E|CS|TAMS 0x000000008d500000, 0x000000008d500000| Complete 
| 214|0x000000008d600000, 0x000000008d700000, 0x000000008d700000|100%| E|CS|TAMS 0x000000008d600000, 0x000000008d600000| Complete 
| 215|0x000000008d700000, 0x000000008d800000, 0x000000008d800000|100%| E|CS|TAMS 0x000000008d700000, 0x000000008d700000| Complete 
| 216|0x000000008d800000, 0x000000008d900000, 0x000000008d900000|100%| E|CS|TAMS 0x000000008d800000, 0x000000008d800000| Complete 
| 217|0x000000008d900000, 0x000000008da00000, 0x000000008da00000|100%| E|CS|TAMS 0x000000008d900000, 0x000000008d900000| Complete 
| 218|0x000000008da00000, 0x000000008db00000, 0x000000008db00000|100%| E|CS|TAMS 0x000000008da00000, 0x000000008da00000| Complete 
| 219|0x000000008db00000, 0x000000008dc00000, 0x000000008dc00000|100%| E|CS|TAMS 0x000000008db00000, 0x000000008db00000| Complete 

Card table byte_map: [0x00000132938c0000,0x0000013293cc0000] _byte_map_base: 0x00000132934c0000

Marking Bits (Prev, Next): (CMBitMap*) 0x00000132fe84e910, (CMBitMap*) 0x00000132fe84e8d8
 Prev Bits: [0x00000132960c0000, 0x00000132980c0000)
 Next Bits: [0x00000132940c0000, 0x00000132960c0000)

Polling page: 0x0000013280000000

Metaspace:

Usage:
  Non-class:     87.22 MB capacity,    85.88 MB ( 98%) used,     1.08 MB (  1%) free+waste,   271.19 KB ( <1%) overhead. 
      Class:     13.40 MB capacity,    12.57 MB ( 94%) used,   727.95 KB (  5%) free+waste,   118.63 KB ( <1%) overhead. 
       Both:    100.62 MB capacity,    98.45 MB ( 98%) used,     1.79 MB (  2%) free+waste,   389.81 KB ( <1%) overhead. 

Virtual space:
  Non-class space:       88.00 MB reserved,      87.24 MB (>99%) committed 
      Class space:        1.00 GB reserved,      13.50 MB (  1%) committed 
             Both:        1.09 GB reserved,     100.74 MB (  9%) committed 

Chunk freelists:
   Non-Class:  19.00 KB
       Class:  9.00 KB
        Both:  28.00 KB

MaxMetaspaceSize: 17179869184.00 GB
CompressedClassSpaceSize: 1.00 GB
Initial GC threshold: 20.80 MB
Current GC threshold: 162.49 MB
CDS: off

CodeHeap 'non-profiled nmethods': size=120000Kb used=8492Kb max_used=8492Kb free=111508Kb
 bounds [0x000001328b520000, 0x000001328bd70000, 0x0000013292a50000]
CodeHeap 'profiled nmethods': size=120000Kb used=29128Kb max_used=29128Kb free=90871Kb
 bounds [0x0000013283ff0000, 0x0000013285c70000, 0x000001328b520000]
CodeHeap 'non-nmethods': size=5760Kb used=2415Kb max_used=2463Kb free=3344Kb
 bounds [0x0000013283a50000, 0x0000013283cc0000, 0x0000013283ff0000]
 total_blobs=14143 nmethods=13205 adapters=850
 compilation: enabled
              stopped_count=0, restarted_count=0
 full_count=0

Compilation events (20 events):
Event: 28.601 Thread 0x000001329abcb000 13272       1       java.security.Provider$UString::toString (5 bytes)
Event: 28.601 Thread 0x000001329abcb000 nmethod 13272 0x000001328bd69510 code [0x000001328bd696c0, 0x000001328bd69778]
Event: 28.601 Thread 0x000001329abcb000 13273       1       java.security.Provider$Service::getClassName (5 bytes)
Event: 28.602 Thread 0x000001329abcb000 nmethod 13273 0x000001328bd69810 code [0x000001328bd699c0, 0x000001328bd69a78]
Event: 28.603 Thread 0x000001329abcb000 13274       3       java.security.Provider::getEngineName (49 bytes)
Event: 28.603 Thread 0x000001329abcb000 nmethod 13274 0x0000013285c47e10 code [0x0000013285c48080, 0x0000013285c48b78]
Event: 28.603 Thread 0x000001329abcb000 13275       3       java.security.Provider::parseLegacyPut (482 bytes)
Event: 28.604 Thread 0x00000132a2350000 13278       4       java.util.concurrent.ConcurrentHashMap::addCount (289 bytes)
Event: 28.605 Thread 0x000001329abcb000 nmethod 13275 0x0000013285c48e90 code [0x0000013285c49400, 0x0000013285c4bce8]
Event: 28.605 Thread 0x000001329abcb000 13276       3       java.security.Provider::getTypeAndAlgorithm (73 bytes)
Event: 28.606 Thread 0x000001329abcb000 nmethod 13276 0x0000013285c4cc10 code [0x0000013285c4ce40, 0x0000013285c4d618]
Event: 28.606 Thread 0x000001329abcb000 13277       3       java.security.Provider$Service::addAlias (36 bytes)
Event: 28.606 Thread 0x000001329abcb000 nmethod 13277 0x0000013285c4d890 code [0x0000013285c4da80, 0x0000013285c4de48]
Event: 28.606 Thread 0x000001329abcb000 13279       3       java.security.Provider$Service::<init> (24 bytes)
Event: 28.606 Thread 0x000001329abcb000 nmethod 13279 0x0000013285c4df90 code [0x0000013285c4e160, 0x0000013285c4e4b8]
Event: 28.609 Thread 0x000001329abcb000 13281       3       java.security.Provider$Service::isValid (27 bytes)
Event: 28.609 Thread 0x000001329abcb000 nmethod 13281 0x0000013285c4e610 code [0x0000013285c4e7c0, 0x0000013285c4e998]
Event: 28.613 Thread 0x00000132a2350000 nmethod 13278 0x000001328bd69b10 code [0x000001328bd69ce0, 0x000001328bd6a0c8]
Event: 28.613 Thread 0x00000132a2350000 13280       4       java.util.concurrent.ConcurrentHashMap::get (162 bytes)
Event: 28.618 Thread 0x00000132a2350000 nmethod 13280 0x000001328bd6a490 code [0x000001328bd6a640, 0x000001328bd6a918]

GC Heap History (20 events):
Event: 16.580 GC heap before
{Heap before GC invocations=20 (full 0):
 garbage-first heap   total 187392K, used 144759K [0x0000000080000000, 0x0000000100000000)
  region size 1024K, 76 young (77824K), 8 survivors (8192K)
 Metaspace       used 85527K, capacity 87327K, committed 87544K, reserved 1124352K
  class space    used 11088K, capacity 11757K, committed 11776K, reserved 1048576K
}
Event: 16.597 GC heap after
{Heap after GC invocations=21 (full 0):
 garbage-first heap   total 187392K, used 84138K [0x0000000080000000, 0x0000000100000000)
  region size 1024K, 10 young (10240K), 10 survivors (10240K)
 Metaspace       used 85527K, capacity 87327K, committed 87544K, reserved 1124352K
  class space    used 11088K, capacity 11757K, committed 11776K, reserved 1048576K
}
Event: 18.004 GC heap before
{Heap before GC invocations=21 (full 0):
 garbage-first heap   total 187392K, used 146602K [0x0000000080000000, 0x0000000100000000)
  region size 1024K, 72 young (73728K), 10 survivors (10240K)
 Metaspace       used 89461K, capacity 91634K, committed 91768K, reserved 1128448K
  class space    used 11578K, capacity 12377K, committed 12416K, reserved 1048576K
}
Event: 18.030 GC heap after
{Heap after GC invocations=22 (full 0):
 garbage-first heap   total 187392K, used 94208K [0x0000000080000000, 0x0000000100000000)
  region size 1024K, 9 young (9216K), 9 survivors (9216K)
 Metaspace       used 89461K, capacity 91634K, committed 91768K, reserved 1128448K
  class space    used 11578K, capacity 12377K, committed 12416K, reserved 1048576K
}
Event: 18.863 GC heap before
{Heap before GC invocations=22 (full 0):
 garbage-first heap   total 187392K, used 149504K [0x0000000080000000, 0x0000000100000000)
  region size 1024K, 64 young (65536K), 9 survivors (9216K)
 Metaspace       used 90105K, capacity 92280K, committed 92408K, reserved 1128448K
  class space    used 11605K, capacity 12428K, committed 12544K, reserved 1048576K
}
Event: 18.878 GC heap after
{Heap after GC invocations=23 (full 0):
 garbage-first heap   total 187392K, used 99670K [0x0000000080000000, 0x0000000100000000)
  region size 1024K, 5 young (5120K), 5 survivors (5120K)
 Metaspace       used 90105K, capacity 92280K, committed 92408K, reserved 1128448K
  class space    used 11605K, capacity 12428K, committed 12544K, reserved 1048576K
}
Event: 19.819 GC heap before
{Heap before GC invocations=24 (full 0):
 garbage-first heap   total 187392K, used 150870K [0x0000000080000000, 0x0000000100000000)
  region size 1024K, 56 young (57344K), 5 survivors (5120K)
 Metaspace       used 90634K, capacity 92816K, committed 92920K, reserved 1130496K
  class space    used 11648K, capacity 12452K, committed 12544K, reserved 1048576K
}
Event: 19.829 GC heap after
{Heap after GC invocations=25 (full 0):
 garbage-first heap   total 187392K, used 104316K [0x0000000080000000, 0x0000000100000000)
  region size 1024K, 5 young (5120K), 5 survivors (5120K)
 Metaspace       used 90634K, capacity 92816K, committed 92920K, reserved 1130496K
  class space    used 11648K, capacity 12452K, committed 12544K, reserved 1048576K
}
Event: 20.430 GC heap before
{Heap before GC invocations=25 (full 0):
 garbage-first heap   total 187392K, used 152444K [0x0000000080000000, 0x0000000100000000)
  region size 1024K, 53 young (54272K), 5 survivors (5120K)
 Metaspace       used 92475K, capacity 94576K, committed 94712K, reserved 1130496K
  class space    used 11896K, capacity 12710K, committed 12800K, reserved 1048576K
}
Event: 20.439 GC heap after
{Heap after GC invocations=26 (full 0):
 garbage-first heap   total 187392K, used 106532K [0x0000000080000000, 0x0000000100000000)
  region size 1024K, 3 young (3072K), 3 survivors (3072K)
 Metaspace       used 92475K, capacity 94576K, committed 94712K, reserved 1130496K
  class space    used 11896K, capacity 12710K, committed 12800K, reserved 1048576K
}
Event: 21.214 GC heap before
{Heap before GC invocations=27 (full 0):
 garbage-first heap   total 187392K, used 155684K [0x0000000080000000, 0x0000000100000000)
  region size 1024K, 51 young (52224K), 3 survivors (3072K)
 Metaspace       used 96049K, capacity 98124K, committed 98424K, reserved 1134592K
  class space    used 12300K, capacity 13081K, committed 13184K, reserved 1048576K
}
Event: 21.223 GC heap after
{Heap after GC invocations=28 (full 0):
 garbage-first heap   total 187392K, used 108172K [0x0000000080000000, 0x0000000100000000)
  region size 1024K, 5 young (5120K), 5 survivors (5120K)
 Metaspace       used 96049K, capacity 98124K, committed 98424K, reserved 1134592K
  class space    used 12300K, capacity 13081K, committed 13184K, reserved 1048576K
}
Event: 21.919 GC heap before
{Heap before GC invocations=28 (full 0):
 garbage-first heap   total 187392K, used 155276K [0x0000000080000000, 0x0000000100000000)
  region size 1024K, 52 young (53248K), 5 survivors (5120K)
 Metaspace       used 97145K, capacity 99272K, committed 99576K, reserved 1136640K
  class space    used 12410K, capacity 13177K, committed 13312K, reserved 1048576K
}
Event: 21.935 GC heap after
{Heap after GC invocations=29 (full 0):
 garbage-first heap   total 187392K, used 113300K [0x0000000080000000, 0x0000000100000000)
  region size 1024K, 7 young (7168K), 7 survivors (7168K)
 Metaspace       used 97145K, capacity 99272K, committed 99576K, reserved 1136640K
  class space    used 12410K, capacity 13177K, committed 13312K, reserved 1048576K
}
Event: 22.636 GC heap before
{Heap before GC invocations=30 (full 0):
 garbage-first heap   total 187392K, used 156308K [0x0000000080000000, 0x0000000100000000)
  region size 1024K, 50 young (51200K), 7 survivors (7168K)
 Metaspace       used 97334K, capacity 99481K, committed 99832K, reserved 1136640K
  class space    used 12412K, capacity 13178K, committed 13312K, reserved 1048576K
}
Event: 22.652 GC heap after
{Heap after GC invocations=31 (full 0):
 garbage-first heap   total 225280K, used 116566K [0x0000000080000000, 0x0000000100000000)
  region size 1024K, 4 young (4096K), 4 survivors (4096K)
 Metaspace       used 97334K, capacity 99481K, committed 99832K, reserved 1136640K
  class space    used 12412K, capacity 13178K, committed 13312K, reserved 1048576K
}
Event: 23.123 GC heap before
{Heap before GC invocations=31 (full 0):
 garbage-first heap   total 225280K, used 172886K [0x0000000080000000, 0x0000000100000000)
  region size 1024K, 60 young (61440K), 4 survivors (4096K)
 Metaspace       used 97541K, capacity 99662K, committed 99832K, reserved 1136640K
  class space    used 12433K, capacity 13215K, committed 13312K, reserved 1048576K
}
Event: 23.131 GC heap after
{Heap after GC invocations=32 (full 0):
 garbage-first heap   total 225280K, used 119152K [0x0000000080000000, 0x0000000100000000)
  region size 1024K, 6 young (6144K), 6 survivors (6144K)
 Metaspace       used 97541K, capacity 99662K, committed 99832K, reserved 1136640K
  class space    used 12433K, capacity 13215K, committed 13312K, reserved 1048576K
}
Event: 27.833 GC heap before
{Heap before GC invocations=33 (full 0):
 garbage-first heap   total 225280K, used 176496K [0x0000000080000000, 0x0000000100000000)
  region size 1024K, 63 young (64512K), 6 survivors (6144K)
 Metaspace       used 99356K, capacity 101494K, committed 101624K, reserved 1136640K
  class space    used 12636K, capacity 13462K, committed 13568K, reserved 1048576K
}
Event: 27.847 GC heap after
{Heap after GC invocations=34 (full 0):
 garbage-first heap   total 225280K, used 123223K [0x0000000080000000, 0x0000000100000000)
  region size 1024K, 7 young (7168K), 7 survivors (7168K)
 Metaspace       used 99356K, capacity 101494K, committed 101624K, reserved 1136640K
  class space    used 12636K, capacity 13462K, committed 13568K, reserved 1048576K
}

Deoptimization events (20 events):
Event: 28.422 Thread 0x00000132a2343000 Uncommon trap: trap_request=0xffffff4d fr.pc=0x000001328bd4f10c relative=0x000000000000070c
Event: 28.422 Thread 0x00000132a2343000 Uncommon trap: reason=unstable_if action=reinterpret pc=0x000001328bd4f10c method=java.math.BigInteger.remainder(Ljava/math/BigInteger;)Ljava/math/BigInteger; @ 7 c2
Event: 28.422 Thread 0x00000132a2343000 DEOPT PACKING pc=0x000001328bd4f10c sp=0x0000001b626f9870
Event: 28.422 Thread 0x00000132a2343000 DEOPT UNPACKING pc=0x0000013283a9a1af sp=0x0000001b626f9858 mode 2
Event: 28.422 Thread 0x00000132a2343000 DEOPT PACKING pc=0x0000013285be48b2 sp=0x0000001b626f94c0
Event: 28.422 Thread 0x00000132a2343000 DEOPT UNPACKING pc=0x0000013283a9a95e sp=0x0000001b626f8980 mode 0
Event: 28.519 Thread 0x00000132a2343000 DEOPT PACKING pc=0x0000013285c24bea sp=0x0000001b626f6b50
Event: 28.519 Thread 0x00000132a2343000 DEOPT UNPACKING pc=0x0000013283a9a95e sp=0x0000001b626f6040 mode 0
Event: 28.570 Thread 0x00000132a2343000 DEOPT PACKING pc=0x0000013285c25118 sp=0x0000001b626f6c60
Event: 28.570 Thread 0x00000132a2343000 DEOPT UNPACKING pc=0x0000013283a9a95e sp=0x0000001b626f6160 mode 0
Event: 28.593 Thread 0x00000132a2343000 Uncommon trap: trap_request=0xffffffbe fr.pc=0x000001328bd64a48 relative=0x0000000000001aa8
Event: 28.593 Thread 0x00000132a2343000 Uncommon trap: reason=profile_predicate action=maybe_recompile pc=0x000001328bd64a48 method=com.google.common.collect.MapMakerInternalMap$Segment.expand()V @ 56 c2
Event: 28.594 Thread 0x00000132a2343000 DEOPT PACKING pc=0x000001328bd64a48 sp=0x0000001b626f7730
Event: 28.594 Thread 0x00000132a2343000 DEOPT UNPACKING pc=0x0000013283a9a1af sp=0x0000001b626f7708 mode 2
Event: 28.594 Thread 0x00000132a2343000 Uncommon trap: trap_request=0xffffffbe fr.pc=0x000001328bd64a48 relative=0x0000000000001aa8
Event: 28.594 Thread 0x00000132a2343000 Uncommon trap: reason=profile_predicate action=maybe_recompile pc=0x000001328bd64a48 method=com.google.common.collect.MapMakerInternalMap$Segment.expand()V @ 56 c2
Event: 28.594 Thread 0x00000132a2343000 DEOPT PACKING pc=0x000001328bd64a48 sp=0x0000001b626f7730
Event: 28.594 Thread 0x00000132a2343000 DEOPT UNPACKING pc=0x0000013283a9a1af sp=0x0000001b626f7708 mode 2
Event: 28.613 Thread 0x00000132a2343000 DEOPT PACKING pc=0x000001328bc182d8 sp=0x0000001b626f61e0
Event: 28.613 Thread 0x00000132a2343000 DEOPT UNPACKING pc=0x0000013283a9a95e sp=0x0000001b626f5550 mode 0

Classes redefined (0 events):
No events

Internal exceptions (20 events):
Event: 18.135 Thread 0x00000132a1e16800 Implicit null exception at 0x000001328bb29c18 to 0x000001328bb2a46c
Event: 18.135 Thread 0x00000132a1e1d000 Implicit null exception at 0x000001328bb29c18 to 0x000001328bb2a46c
Event: 19.600 Thread 0x00000132a2343000 Exception <a 'java/lang/NoSuchMethodError'{0x00000000891ef998}: <clinit>> (0x00000000891ef998) thrown at [./src/hotspot/share/prims/jni.cpp, line 1365]
Event: 19.600 Thread 0x00000132a2343000 Exception <a 'java/lang/NoSuchMethodError'{0x00000000891f0fa0}: <clinit>> (0x00000000891f0fa0) thrown at [./src/hotspot/share/prims/jni.cpp, line 1365]
Event: 19.601 Thread 0x00000132a2343000 Exception <a 'java/lang/NoSuchMethodError'{0x00000000891f3ba0}: <clinit>> (0x00000000891f3ba0) thrown at [./src/hotspot/share/prims/jni.cpp, line 1365]
Event: 19.608 Thread 0x00000132a2343000 Exception <a 'java/lang/NoSuchMethodError'{0x000000008900b300}: <clinit>> (0x000000008900b300) thrown at [./src/hotspot/share/prims/jni.cpp, line 1365]
Event: 19.608 Thread 0x00000132a2343000 Exception <a 'java/lang/NoSuchMethodError'{0x000000008900c538}: <clinit>> (0x000000008900c538) thrown at [./src/hotspot/share/prims/jni.cpp, line 1365]
Event: 21.358 Thread 0x00000132a2343000 Implicit null exception at 0x000001328b7770ac to 0x000001328b7770eb
Event: 21.391 Thread 0x00000132a2343000 Exception <a 'java/lang/NoSuchMethodError'{0x000000008acb4b00}: 'int java.lang.invoke.DirectMethodHandle$Holder.invokeSpecial(java.lang.Object, java.lang.Object, java.lang.Object, java.lang.Object, java.lang.Object)'> (0x000000008acb4b00) thrown at [./src/hotspot/share/interpreter/linkResolver.cpp, line 773]
Event: 23.477 Thread 0x00000132a2343000 Exception <a 'java/lang/NoSuchMethodError'{0x000000008d2c8f58}: <clinit>> (0x000000008d2c8f58) thrown at [./src/hotspot/share/prims/jni.cpp, line 1365]
Event: 23.680 Thread 0x00000132a2343000 Exception <a 'java/lang/NoSuchMethodError'{0x000000008c9edd58}: 'void java.lang.invoke.DirectMethodHandle$Holder.invokeVirtual(java.lang.Object, java.lang.Object)'> (0x000000008c9edd58) thrown at [./src/hotspot/share/interpreter/linkResolver.cpp, line 773]
Event: 23.735 Thread 0x00000132a2343000 Exception <a 'java/lang/NoSuchMethodError'{0x000000008c6414c8}: 'int java.lang.invoke.DirectMethodHandle$Holder.invokeSpecialIFC(java.lang.Object, java.lang.Object, java.lang.Object)'> (0x000000008c6414c8) thrown at [./src/hotspot/share/interpreter/linkResolver.cpp, line 773]
Event: 23.799 Thread 0x00000132a234f800 Exception <a 'java/lang/NoSuchMethodError'{0x000000008c482d08}: 'void java.lang.invoke.DirectMethodHandle$Holder.invokeStatic(java.lang.Object, long)'> (0x000000008c482d08) thrown at [./src/hotspot/share/interpreter/linkResolver.cpp, line 773]
Event: 23.799 Thread 0x00000132a234f800 Exception <a 'java/lang/NoSuchMethodError'{0x000000008c487ed0}: 'java.lang.Object java.lang.invoke.DirectMethodHandle$Holder.invokeStatic(java.lang.Object, long)'> (0x000000008c487ed0) thrown at [./src/hotspot/share/interpreter/linkResolver.cpp, line 773]
Event: 23.802 Thread 0x00000132a234f800 Exception <a 'java/lang/NoSuchMethodError'{0x000000008c496868}: 'java.lang.Object java.lang.invoke.DirectMethodHandle$Holder.invokeStaticInit(java.lang.Object, java.lang.Object, long, java.lang.Object)'> (0x000000008c496868) thrown at [./src/hotspot/share/interpreter/linkResolver.cpp, line 773]
Event: 23.803 Thread 0x00000132a234f800 Exception <a 'java/lang/NoSuchMethodError'{0x000000008c49c700}: 'java.lang.Object java.lang.invoke.DirectMethodHandle$Holder.invokeStatic(java.lang.Object, java.lang.Object, long)'> (0x000000008c49c700) thrown at [./src/hotspot/share/interpreter/linkResolver.cpp, line 773]
Event: 23.803 Thread 0x00000132a234f800 Exception <a 'java/lang/NoSuchMethodError'{0x000000008c4a2bb8}: 'java.lang.Object java.lang.invoke.Invokers$Holder.linkToTargetMethod(java.lang.Object, long, java.lang.Object)'> (0x000000008c4a2bb8) thrown at [./src/hotspot/share/interpreter/linkResolver.cpp, line 773]
Event: 24.157 Thread 0x00000132a2343000 Exception <a 'java/lang/NoSuchMethodError'{0x000000008c477420}: 'java.lang.Object java.lang.invoke.DirectMethodHandle$Holder.invokeInterface(java.lang.Object, java.lang.Object, java.lang.Object, java.lang.Object)'> (0x000000008c477420) thrown at [./src/hotspot/share/interpreter/linkResolver.cpp, line 773]
Event: 24.428 Thread 0x00000132a2343000 Exception <a 'java/net/BindException'{0x000000008c31cec8}: Address already in use: bind> (0x000000008c31cec8) thrown at [./src/hotspot/share/prims/jni.cpp, line 636]
Event: 27.719 Thread 0x00000132a2343000 Implicit null exception at 0x000001328bd2b55f to 0x000001328bd2b760

Events (20 events):
Event: 28.615 Executing VM operation: Deoptimize done
Event: 28.616 loading class org/bouncycastle/jcajce/provider/asymmetric/x509/CertificateFactory$ExCertificateException
Event: 28.616 loading class org/bouncycastle/jcajce/provider/asymmetric/x509/CertificateFactory$ExCertificateException done
Event: 28.616 loading class java/security/cert/CRL
Event: 28.616 loading class java/security/cert/CRL done
Event: 28.616 loading class org/bouncycastle/jcajce/provider/asymmetric/x509/X509CRLObject
Event: 28.616 loading class org/bouncycastle/jcajce/provider/asymmetric/x509/X509CRLObject done
Event: 28.617 loading class java/security/cert/X509CRL
Event: 28.617 loading class java/security/cert/X509CRL done
Event: 28.617 loading class org/bouncycastle/jcajce/provider/asymmetric/x509/PEMUtil
Event: 28.617 loading class org/bouncycastle/jcajce/provider/asymmetric/x509/PEMUtil done
Event: 28.618 loading class org/bouncycastle/jcajce/util/BCJcaJceHelper
Event: 28.618 loading class org/bouncycastle/jcajce/util/BCJcaJceHelper done
Event: 28.618 loading class org/bouncycastle/jcajce/util/ProviderJcaJceHelper
Event: 28.618 loading class org/bouncycastle/jcajce/util/ProviderJcaJceHelper done
Event: 28.619 loading class sun/security/jca/ProviderConfig$3
Event: 28.619 loading class sun/security/jca/ProviderConfig$3 done
Event: 28.619 loading class sun/security/jca/ProviderConfig$ProviderLoader
Event: 28.620 loading class sun/security/jca/ProviderConfig$ProviderLoader done
Event: 28.621 Executing VM operation: Deoptimize


Dynamic libraries:
0x00007ff7848d0000 - 0x00007ff7848da000 	C:\Program Files\Android\Android Studio\jre\bin\java.exe
0x00007fff06610000 - 0x00007fff06805000 	C:\WINDOWS\SYSTEM32\ntdll.dll
0x00007fff06070000 - 0x00007fff0612d000 	C:\WINDOWS\System32\KERNEL32.DLL
0x00007fff041d0000 - 0x00007fff0449d000 	C:\WINDOWS\System32\KERNELBASE.dll
0x00007fff03eb0000 - 0x00007fff03fb0000 	C:\WINDOWS\System32\ucrtbase.dll
0x00007ffefd6a0000 - 0x00007ffefd6b9000 	C:\Program Files\Android\Android Studio\jre\bin\jli.dll
0x00007ffefd360000 - 0x00007ffefd377000 	C:\Program Files\Android\Android Studio\jre\bin\VCRUNTIME140.dll
0x00007fff056a0000 - 0x00007fff05840000 	C:\WINDOWS\System32\USER32.dll
0x00007ffeedae0000 - 0x00007ffeedd7a000 	C:\WINDOWS\WinSxS\amd64_microsoft.windows.common-controls_6595b64144ccf1df_6.0.19041.1110_none_60b5254171f9507e\COMCTL32.dll
0x00007fff03e80000 - 0x00007fff03ea2000 	C:\WINDOWS\System32\win32u.dll
0x00007fff05030000 - 0x00007fff0505a000 	C:\WINDOWS\System32\GDI32.dll
0x00007fff05200000 - 0x00007fff0529e000 	C:\WINDOWS\System32\msvcrt.dll
0x00007fff040c0000 - 0x00007fff041cb000 	C:\WINDOWS\System32\gdi32full.dll
0x00007fff03fb0000 - 0x00007fff0404d000 	C:\WINDOWS\System32\msvcp_win.dll
0x00007fff05060000 - 0x00007fff05090000 	C:\WINDOWS\System32\IMM32.DLL
0x00007ffee1460000 - 0x00007ffee14fd000 	C:\Program Files\Android\Android Studio\jre\bin\msvcp140.dll
0x00007ffec8420000 - 0x00007ffec8f05000 	C:\Program Files\Android\Android Studio\jre\bin\server\jvm.dll
0x00007fff052a0000 - 0x00007fff0534e000 	C:\WINDOWS\System32\ADVAPI32.dll
0x00007fff05350000 - 0x00007fff053ec000 	C:\WINDOWS\System32\sechost.dll
0x00007fff04d50000 - 0x00007fff04e75000 	C:\WINDOWS\System32\RPCRT4.dll
0x00007fff058b0000 - 0x00007fff058b8000 	C:\WINDOWS\System32\PSAPI.DLL
0x00007ffeec9f0000 - 0x00007ffeeca17000 	C:\WINDOWS\SYSTEM32\WINMM.dll
0x00007ffefb5c0000 - 0x00007ffefb5c9000 	C:\WINDOWS\SYSTEM32\WSOCK32.dll
0x00007ffefde60000 - 0x00007ffefde6a000 	C:\WINDOWS\SYSTEM32\VERSION.dll
0x00007fff05840000 - 0x00007fff058ab000 	C:\WINDOWS\System32\WS2_32.dll
0x00007fff01c90000 - 0x00007fff01ca2000 	C:\WINDOWS\SYSTEM32\kernel.appcore.dll
0x00007ffee96a0000 - 0x00007ffee96b1000 	C:\Program Files\Android\Android Studio\jre\bin\verify.dll
0x00007ffeedde0000 - 0x00007ffeedfc4000 	C:\WINDOWS\SYSTEM32\DBGHELP.DLL
0x00007ffeeddb0000 - 0x00007ffeedddc000 	C:\WINDOWS\SYSTEM32\dbgcore.DLL
0x00007fff045d0000 - 0x00007fff04652000 	C:\WINDOWS\System32\bcryptPrimitives.dll
0x00007ffee87b0000 - 0x00007ffee87d9000 	C:\Program Files\Android\Android Studio\jre\bin\java.dll
0x00007ffefb5b0000 - 0x00007ffefb5bb000 	C:\Program Files\Android\Android Studio\jre\bin\jimage.dll
0x00007ffee5850000 - 0x00007ffee5868000 	C:\Program Files\Android\Android Studio\jre\bin\zip.dll
0x00007fff058c0000 - 0x00007fff06004000 	C:\WINDOWS\System32\SHELL32.dll
0x00007fff01e20000 - 0x00007fff025b4000 	C:\WINDOWS\SYSTEM32\windows.storage.dll
0x00007fff06270000 - 0x00007fff065c4000 	C:\WINDOWS\System32\combase.dll
0x00007fff03780000 - 0x00007fff037ac000 	C:\WINDOWS\SYSTEM32\Wldp.dll
0x00007fff05150000 - 0x00007fff051fd000 	C:\WINDOWS\System32\SHCORE.dll
0x00007fff06010000 - 0x00007fff06065000 	C:\WINDOWS\System32\shlwapi.dll
0x00007fff03c60000 - 0x00007fff03c7f000 	C:\WINDOWS\SYSTEM32\profapi.dll
0x00007ffee1410000 - 0x00007ffee142a000 	C:\Program Files\Android\Android Studio\jre\bin\net.dll
0x00007ffef4630000 - 0x00007ffef473a000 	C:\WINDOWS\SYSTEM32\WINHTTP.dll
0x00007fff034e0000 - 0x00007fff0354a000 	C:\WINDOWS\system32\mswsock.dll
0x00007ffee1390000 - 0x00007ffee13a4000 	C:\Program Files\Android\Android Studio\jre\bin\nio.dll
0x00007ffefd380000 - 0x00007ffefd3a7000 	C:\Users\Lenovo15\.gradle\native\e1d6ef7f7dcc3fd88c89a11ec53ec762bb8ba0a96d01ffa2cd45eb1d1d8dd5c5\windows-amd64\native-platform.dll
0x00007ffed8d30000 - 0x00007ffed8e74000 	C:\Users\Lenovo15\.gradle\native\5664cfc778a61ccfe75a443a1ab52a65af34e5dc3c78e0209fed803814484fcb\windows-amd64\native-platform-file-events.dll
0x00007ffeedfe0000 - 0x00007ffeedfea000 	C:\Program Files\Android\Android Studio\jre\bin\management.dll
0x00007ffeeaa70000 - 0x00007ffeeaa7d000 	C:\Program Files\Android\Android Studio\jre\bin\management_ext.dll
0x00007fff036d0000 - 0x00007fff036e8000 	C:\WINDOWS\SYSTEM32\CRYPTSP.dll
0x00007fff02df0000 - 0x00007fff02e24000 	C:\WINDOWS\system32\rsaenh.dll
0x00007fff044a0000 - 0x00007fff044c7000 	C:\WINDOWS\System32\bcrypt.dll
0x00007fff03c20000 - 0x00007fff03c4e000 	C:\WINDOWS\SYSTEM32\USERENV.dll
0x00007fff036f0000 - 0x00007fff036fc000 	C:\WINDOWS\SYSTEM32\CRYPTBASE.dll
0x00007fff03180000 - 0x00007fff031bb000 	C:\WINDOWS\SYSTEM32\IPHLPAPI.DLL
0x00007fff06130000 - 0x00007fff06138000 	C:\WINDOWS\System32\NSI.dll
0x00007ffef6660000 - 0x00007ffef6677000 	C:\WINDOWS\SYSTEM32\dhcpcsvc6.DLL
0x00007ffef6960000 - 0x00007ffef697d000 	C:\WINDOWS\SYSTEM32\dhcpcsvc.DLL
0x00007fff031d0000 - 0x00007fff0329b000 	C:\WINDOWS\SYSTEM32\DNSAPI.dll
0x00007ffef7250000 - 0x00007ffef725a000 	C:\Windows\System32\rasadhlp.dll
0x00007ffef45b0000 - 0x00007ffef4630000 	C:\WINDOWS\System32\fwpuclnt.dll
0x00007ffee8a30000 - 0x00007ffee8a57000 	C:\Program Files\Android\Android Studio\jre\bin\sunec.dll

dbghelp: loaded successfully - version: 4.0.5 - missing functions: none
symbol engine: initialized successfully - sym options: 0x614 - pdb path: .;C:\Program Files\Android\Android Studio\jre\bin;C:\WINDOWS\SYSTEM32;C:\WINDOWS\WinSxS\amd64_microsoft.windows.common-controls_6595b64144ccf1df_6.0.19041.1110_none_60b5254171f9507e;C:\Program Files\Android\Android Studio\jre\bin\server;C:\Users\Lenovo15\.gradle\native\e1d6ef7f7dcc3fd88c89a11ec53ec762bb8ba0a96d01ffa2cd45eb1d1d8dd5c5\windows-amd64;C:\Users\Lenovo15\.gradle\native\5664cfc778a61ccfe75a443a1ab52a65af34e5dc3c78e0209fed803814484fcb\windows-amd64

VM Arguments:
jvm_args: --add-opens=java.base/java.util=ALL-UNNAMED --add-opens=java.base/java.lang=ALL-UNNAMED --add-opens=java.base/java.lang.invoke=ALL-UNNAMED --add-opens=java.base/java.util=ALL-UNNAMED --add-opens=java.prefs/java.util.prefs=ALL-UNNAMED --add-opens=java.prefs/java.util.prefs=ALL-UNNAMED --add-opens=java.base/java.nio.charset=ALL-UNNAMED --add-opens=java.base/java.net=ALL-UNNAMED --add-opens=java.base/java.util.concurrent.atomic=ALL-UNNAMED -Xmx2048m -Dfile.encoding=UTF-8 -Duser.country=SV -Duser.language=es -Duser.variant 
java_command: org.gradle.launcher.daemon.bootstrap.GradleDaemon 7.3.3
java_class_path (initial): C:\Users\Lenovo15\.gradle\wrapper\dists\gradle-7.3.3-bin\6a41zxkdtcxs8rphpq6y0069z\gradle-7.3.3\lib\gradle-launcher-7.3.3.jar
Launcher Type: SUN_STANDARD

[Global flags]
     intx CICompilerCount                          = 4                                         {product} {ergonomic}
     uint ConcGCThreads                            = 2                                         {product} {ergonomic}
     uint G1ConcRefinementThreads                  = 8                                         {product} {ergonomic}
   size_t G1HeapRegionSize                         = 1048576                                   {product} {ergonomic}
    uintx GCDrainStackTargetSize                   = 64                                        {product} {ergonomic}
   size_t InitialHeapSize                          = 132120576                                 {product} {ergonomic}
   size_t MarkStackSize                            = 4194304                                   {product} {ergonomic}
   size_t MaxHeapSize                              = 2147483648                                {product} {command line}
   size_t MaxNewSize                               = 1287651328                                {product} {ergonomic}
   size_t MinHeapDeltaBytes                        = 1048576                                   {product} {ergonomic}
    uintx NonNMethodCodeHeapSize                   = 5836300                                {pd product} {ergonomic}
    uintx NonProfiledCodeHeapSize                  = 122910970                              {pd product} {ergonomic}
    uintx ProfiledCodeHeapSize                     = 122910970                              {pd product} {ergonomic}
    uintx ReservedCodeCacheSize                    = 251658240                              {pd product} {ergonomic}
     bool SegmentedCodeCache                       = true                                      {product} {ergonomic}
     bool UseCompressedClassPointers               = true                                 {lp64_product} {ergonomic}
     bool UseCompressedOops                        = true                                 {lp64_product} {ergonomic}
     bool UseG1GC                                  = true                                      {product} {ergonomic}
     bool UseLargePagesIndividualAllocation        = false                                  {pd product} {ergonomic}

Logging:
Log output configuration:
 #0: stdout all=warning uptime,level,tags
 #1: stderr all=off uptime,level,tags

Environment Variables:
JAVA_HOME=C:\Program Files\Java\jdk1.8.0_231
PATH=C:\Program Files (x86)\Common Files\Oracle\Java\javapath;C:\ProgramData\Oracle\Java\javapath;C:\Program Files (x86)\Intel\iCLS Client\;C:\Program Files\Intel\iCLS Client\;C:\WINDOWS\system32;C:\WINDOWS;C:\WINDOWS\System32\Wbem;C:\WINDOWS\System32\WindowsPowerShell\v1.0\;C:\Program Files (x86)\Intel\Intel(R) Management Engine Components\DAL;C:\Program Files\Intel\Intel(R) Management Engine Components\DAL;C:\Program Files (x86)\Intel\Intel(R) Management Engine Components\IPT;C:\Program Files\Intel\Intel(R) Management Engine Components\IPT;C:\Program Files (x86)\Common Files\Tom Sawyer Software\8.0.0;C:\Program Files (x86)\Common Files\Win Wrap\10.25.004;C:\WINDOWS\System32\OpenSSH\;C:\xampp\php;C:\Users\Lenovo15\AppData\Local\Android\Sdk\build-tools;C:\Users\Lenovo15\AppData\Local\Android\Sdk\tools;C:\Gradle\gradle-6.0.1\bin;C:\mongodb-win32-x86_64-windows-4.4.3\bin;C:\Program Files\nodejs\;C:\ProgramData\ComposerSetup\bin;C:\Program Files\Git\cmd;C:\Users\Lenovo15\AppData\Local\Microsoft\WindowsApps;C:\Gradle\gradle-6.0.1\bin;C:\Users\Lenovo15\AppData\Local\Programs\Microsoft VS Code\bin;C:\Users\Lenovo15\AppData\Local\Microsoft\WindowsApps;C:\Users\Lenovo15\AppData\Local\GitHubDesktop\bin;C:\Users\Lenovo15\AppData\Roaming\npm;C:\Users\Lenovo15\AppData\Roaming\Composer\vendor\bin;C:\Program Files\JetBrains\IntelliJ IDEA Community Edition 2021.3.2\bin;
USERNAME=Lenovo15
OS=Windows_NT
PROCESSOR_IDENTIFIER=Intel64 Family 6 Model 94 Stepping 3, GenuineIntel



---------------  S Y S T E M  ---------------

OS: Windows 10 , 64 bit Build 19041 (10.0.19041.1706)
OS uptime: 0 days 12:20 hours

CPU:total 8 (initial active 8) (4 cores per cpu, 2 threads per core) family 6 model 94 stepping 3 microcode 0xec, cmov, cx8, fxsr, mmx, sse, sse2, sse3, ssse3, sse4.1, sse4.2, popcnt, avx, avx2, aes, clmul, erms, rtm, 3dnowpref, lzcnt, ht, tsc, tscinvbit, bmi1, bmi2, adx, fma

Memory: 4k page, system-wide physical 8014M (500M free)
TotalPageFile size 8014M (AvailPageFile size 1M)
current process WorkingSet (physical memory assigned to process): 517M, peak: 530M
current process commit charge ("private bytes"): 554M, peak: 568M

vm_info: OpenJDK 64-Bit Server VM (11.0.12+7-b1504.28-7817840) for windows-amd64 JRE (11.0.12+7-b1504.28-7817840), built on Oct 13 2021 22:12:33 by "builder" with MS VC++ 14.0 (VS2015)

END.
